Log file open, 05/06/21 18:01:43
LogWindows: Failed to load 'aqProf.dll' (GetLastError=126)
LogWindows: File 'aqProf.dll' does not exist
LogWindows: Failed to load 'VtuneApi.dll' (GetLastError=126)
LogWindows: File 'VtuneApi.dll' does not exist
LogWindows: Failed to load 'VtuneApi32e.dll' (GetLastError=126)
LogWindows: File 'VtuneApi32e.dll' does not exist
LogConsoleResponse: Display: Failed to find resolution value strings in scalability ini. Falling back to default.
LogInit: Display: Running engine for game: Phosphorous
LogPlatformFile: Not using cached read wrapper
LogTaskGraph: Started task graph with 5 named threads and 35 total threads with 3 sets of task threads.
LogStats: Stats thread started at 0.074828
LogD3D11RHI: Loaded GFSDK_Aftermath_Lib.x64.dll
LogICUInternationalization: ICU TimeZone Detection - Raw Offset: -8:00, Platform Override: ''
LogPluginManager: Mounting plugin Paper2D
LogPluginManager: Mounting plugin AISupport
LogPluginManager: Mounting plugin LightPropagationVolume
LogPluginManager: Mounting plugin ActorLayerUtilities
LogPluginManager: Mounting plugin AnimationSharing
LogPluginManager: Mounting plugin CLionSourceCodeAccess
LogPluginManager: Mounting plugin CodeLiteSourceCodeAccess
LogPluginManager: Mounting plugin GitSourceControl
LogPluginManager: Mounting plugin KDevelopSourceCodeAccess
LogPluginManager: Mounting plugin NullSourceCodeAccess
LogPluginManager: Mounting plugin PerforceSourceControl
LogPluginManager: Mounting plugin PlasticSourceControl
LogPluginManager: Mounting plugin SubversionSourceControl
LogPluginManager: Mounting plugin UObjectPlugin
LogPluginManager: Mounting plugin VisualStudioCodeSourceCodeAccess
LogPluginManager: Mounting plugin VisualStudioSourceCodeAccess
LogPluginManager: Mounting plugin XCodeSourceCodeAccess
LogPluginManager: Mounting plugin AssetManagerEditor
LogPluginManager: Mounting plugin CryptoKeys
LogPluginManager: Mounting plugin CurveEditorTools
LogPluginManager: Mounting plugin DataValidation
LogPluginManager: Mounting plugin FacialAnimation
LogPluginManager: Mounting plugin GameplayTagsEditor
LogPluginManager: Mounting plugin MacGraphicsSwitching
LogPluginManager: Mounting plugin MaterialAnalyzer
LogPluginManager: Mounting plugin MobileLauncherProfileWizard
LogPluginManager: Mounting plugin PluginBrowser
LogPluginManager: Mounting plugin SpeedTreeImporter
LogPluginManager: Mounting plugin DatasmithContent
LogPluginManager: Mounting plugin VariantManagerContent
LogPluginManager: Mounting plugin AlembicImporter
LogPluginManager: Mounting plugin AutomationUtils
LogPluginManager: Mounting plugin BackChannel
LogPluginManager: Mounting plugin CharacterAI
LogPluginManager: Mounting plugin GeometryCache
LogPluginManager: Mounting plugin PlatformCrypto
LogPluginManager: Mounting plugin ProxyLODPlugin
LogPluginManager: Mounting plugin SkeletalReduction
LogPluginManager: Mounting plugin MagicLeap
LogPluginManager: Mounting plugin MagicLeapMedia
LogPluginManager: Mounting plugin MLSDK
LogPluginManager: Mounting plugin AndroidMedia
LogPluginManager: Mounting plugin AvfMedia
LogPluginManager: Mounting plugin ImgMedia
LogPluginManager: Mounting plugin MediaCompositing
LogPluginManager: Mounting plugin MediaPlayerEditor
LogPluginManager: Mounting plugin WebMMedia
LogPluginManager: Mounting plugin WmfMedia
LogPluginManager: Mounting plugin TcpMessaging
LogPluginManager: Mounting plugin UdpMessaging
LogPluginManager: Mounting plugin ActorSequence
LogPluginManager: Mounting plugin LevelSequenceEditor
LogPluginManager: Mounting plugin MatineeToLevelSequence
LogPluginManager: Mounting plugin NetcodeUnitTest
LogPluginManager: Mounting plugin NUTUnrealEngine4
LogPluginManager: Mounting plugin OnlineSubsystemGooglePlay
LogPluginManager: Mounting plugin OnlineSubsystemIOS
LogPluginManager: Mounting plugin OnlineSubsystem
LogPluginManager: Mounting plugin OnlineSubsystemNull
LogPluginManager: Mounting plugin OnlineSubsystemUtils
LogPluginManager: Mounting plugin LauncherChunkInstaller
LogPluginManager: Mounting plugin AndroidDeviceProfileSelector
LogPluginManager: Mounting plugin AndroidMoviePlayer
LogPluginManager: Mounting plugin AndroidPermission
LogPluginManager: Mounting plugin AppleImageUtils
LogPluginManager: Mounting plugin AppleMoviePlayer
LogPluginManager: Mounting plugin ArchVisCharacter
LogPluginManager: Mounting plugin AssetTags
LogPluginManager: Mounting plugin AudioCapture
LogPluginManager: Mounting plugin CableComponent
LogPluginManager: Mounting plugin CustomMeshComponent
LogPluginManager: Mounting plugin EditableMesh
LogPluginManager: Mounting plugin ExampleDeviceProfileSelector
LogPluginManager: Mounting plugin GoogleCloudMessaging
LogPluginManager: Mounting plugin IOSDeviceProfileSelector
LogPluginManager: Mounting plugin LinuxDeviceProfileSelector
LogPluginManager: Mounting plugin LocationServicesBPLibrary
LogPluginManager: Mounting plugin MobilePatchingUtils
LogPluginManager: Mounting plugin PhysXVehicles
LogPluginManager: Mounting plugin PostSplashScreen
LogPluginManager: Mounting plugin ProceduralMeshComponent
LogPluginManager: Mounting plugin RuntimePhysXCooking
LogPluginManager: Mounting plugin SignificanceManager
LogPluginManager: Mounting plugin WebMMoviePlayer
LogPluginManager: Mounting plugin WindowsMoviePlayer
LogPluginManager: Mounting plugin ScreenshotTools
LogInit: Using libcurl 7.55.1-DEV
LogInit:  - built for x86_64-pc-win32
LogInit:  - supports SSL with OpenSSL/1.1.1
LogInit:  - supports HTTP deflate (compression) using libz 1.2.8
LogInit:  - other features:
LogInit:      CURL_VERSION_SSL
LogInit:      CURL_VERSION_LIBZ
LogInit:      CURL_VERSION_IPV6
LogInit:      CURL_VERSION_ASYNCHDNS
LogInit:      CURL_VERSION_LARGEFILE
LogInit:      CURL_VERSION_IDN
LogInit:  CurlRequestOptions (configurable via config and command line):
LogInit:  - bVerifyPeer = true  - Libcurl will verify peer certificate
LogInit:  - bUseHttpProxy = false  - Libcurl will NOT use HTTP proxy
LogInit:  - bDontReuseConnections = false  - Libcurl will reuse connections
LogInit:  - MaxHostConnections = 16  - Libcurl will limit the number of connections to a host
LogInit:  - LocalHostAddr = Default
LogInit:  - BufferSize = 65536
LogOnline: OSS: Creating online subsystem instance for: NULL
LogInit: WinSock: version 1.1 (2.2), MaxSocks=32767, MaxUdp=65467
LogOnline: OSS: TryLoadSubsystemAndSetDefault: Loaded subsystem for module [NULL]
LogInit: Build: ++UE4+Release-4.24-CL-11590370
LogInit: Engine Version: 4.24.3-11590370+++UE4+Release-4.24
LogInit: Compatible Engine Version: 4.24.0-10570792+++UE4+Release-4.24
LogInit: Net CL: 10570792
LogInit: OS: Windows 10 (Release 2004) (), CPU: Intel(R) Core(TM) i7-8700K CPU @ 3.70GHz, GPU: NVIDIA GeForce GTX 1080 Ti
LogInit: Compiled (64-bit): Feb 24 2020 15:39:18
LogInit: Compiled with Visual C++: 19.16.27032.01
LogInit: Build Configuration: Development
LogInit: Branch Name: ++UE4+Release-4.24
LogInit: Command Line: 
LogInit: Base Directory: D:/APPS/UE_4.24/Engine/Binaries/Win64/
LogInit: Installed Engine Build: 1
LogDevObjectVersion: Number of dev versions registered: 25
LogDevObjectVersion:   Dev-Blueprints (B0D832E4-1F89-4F0D-ACCF-7EB736FD4AA2): 10
LogDevObjectVersion:   Dev-Build (E1C64328-A22C-4D53-A36C-8E866417BD8C): 0
LogDevObjectVersion:   Dev-Core (375EC13C-06E4-48FB-B500-84F0262A717E): 3
LogDevObjectVersion:   Dev-Editor (E4B068ED-F494-42E9-A231-DA0B2E46BB41): 37
LogDevObjectVersion:   Dev-Framework (CFFC743F-43B0-4480-9391-14DF171D2073): 36
LogDevObjectVersion:   Dev-Mobile (B02B49B5-BB20-44E9-A304-32B752E40360): 2
LogDevObjectVersion:   Dev-Networking (A4E4105C-59A1-49B5-A7C5-40C4547EDFEE): 0
LogDevObjectVersion:   Dev-Online (39C831C9-5AE6-47DC-9A44-9C173E1C8E7C): 0
LogDevObjectVersion:   Dev-Physics (78F01B33-EBEA-4F98-B9B4-84EACCB95AA2): 2
LogDevObjectVersion:   Dev-Platform (6631380F-2D4D-43E0-8009-CF276956A95A): 0
LogDevObjectVersion:   Dev-Rendering (12F88B9F-8875-4AFC-A67C-D90C383ABD29): 36
LogDevObjectVersion:   Dev-Sequencer (7B5AE74C-D270-4C10-A958-57980B212A5A): 11
LogDevObjectVersion:   Dev-VR (D7296918-1DD6-4BDD-9DE2-64A83CC13884): 2
LogDevObjectVersion:   Dev-LoadTimes (C2A15278-BFE7-4AFE-6C17-90FF531DF755): 1
LogDevObjectVersion:   Private-Geometry (6EACA3D4-40EC-4CC1-B786-8BED09428FC5): 3
LogDevObjectVersion:   Dev-AnimPhys (29E575DD-E0A3-4627-9D10-D276232CDCEA): 17
LogDevObjectVersion:   Dev-Anim (AF43A65D-7FD3-4947-9873-3E8ED9C1BB05): 2
LogDevObjectVersion:   Dev-ReflectionCapture (6B266CEC-1EC7-4B8F-A30B-E4D90942FC07): 1
LogDevObjectVersion:   Dev-Automation (0DF73D61-A23F-47EA-B727-89E90C41499A): 1
LogDevObjectVersion:   FortniteMain (601D1886-AC64-4F84-AA16-D3DE0DEAC7D6): 31
LogDevObjectVersion:   Dev-Enterprise (9DFFBCD6-494F-0158-E221-12823C92A888): 8
LogDevObjectVersion:   Dev-Niagara (F2AED0AC-9AFE-416F-8664-AA7FFA26D6FC): 1
LogDevObjectVersion:   Dev-Destruction (174F1F0B-B4C6-45A5-B13F-2EE8D0FB917D): 9
LogDevObjectVersion:   Dev-Physics-Ext (35F94A83-E258-406C-A318-09F59610247C): 8
LogDevObjectVersion:   Dev-CineCamera (B2E18506-4273-CFC2-A54E-F4BB758BBA07): 1
LogInit: Presizing for max 25165824 objects, including 0 objects not considered by GC, pre-allocating 0 bytes for permanent pool.
LogInit: Object subsystem initialized
LogConfig: Setting CVar [[con.DebugEarlyDefault:1]]
LogConfig: Setting CVar [[r.setres:1280x720]]
[2021.05.07-01.01.43:580][  0]LogConfig: Setting CVar [[r.VSync:0]]
[2021.05.07-01.01.43:580][  0]LogConfig: Setting CVar [[r.RHICmdBypass:0]]
[2021.05.07-01.01.43:580][  0]LogConfig: Applying CVar settings from Section [/Script/Engine.RendererSettings] File [E:/UNREAL TRIALS/Phosphorous_BP_repo/Phosphorous/Phosphorous/Saved/Config/Windows/Engine.ini]
[2021.05.07-01.01.43:580][  0]LogConfig: Setting CVar [[r.GPUCrashDebugging:0]]
[2021.05.07-01.01.43:580][  0]LogConfig: Applying CVar settings from Section [/Script/Engine.RendererOverrideSettings] File [E:/UNREAL TRIALS/Phosphorous_BP_repo/Phosphorous/Phosphorous/Saved/Config/Windows/Engine.ini]
[2021.05.07-01.01.43:581][  0]LogConfig: Applying CVar settings from Section [/Script/Engine.StreamingSettings] File [E:/UNREAL TRIALS/Phosphorous_BP_repo/Phosphorous/Phosphorous/Saved/Config/Windows/Engine.ini]
[2021.05.07-01.01.43:581][  0]LogConfig: Setting CVar [[s.MinBulkDataSizeForAsyncLoading:131072]]
[2021.05.07-01.01.43:581][  0]LogConfig: Setting CVar [[s.AsyncLoadingThreadEnabled:0]]
[2021.05.07-01.01.43:581][  0]LogConfig: Setting CVar [[s.EventDrivenLoaderEnabled:1]]
[2021.05.07-01.01.43:581][  0]LogConfig: Setting CVar [[s.WarnIfTimeLimitExceeded:0]]
[2021.05.07-01.01.43:581][  0]LogConfig: Setting CVar [[s.TimeLimitExceededMultiplier:1.5]]
[2021.05.07-01.01.43:581][  0]LogConfig: Setting CVar [[s.TimeLimitExceededMinTime:0.005]]
[2021.05.07-01.01.43:581][  0]LogConfig: Setting CVar [[s.UseBackgroundLevelStreaming:1]]
[2021.05.07-01.01.43:581][  0]LogConfig: Setting CVar [[s.PriorityAsyncLoadingExtraTime:15.0]]
[2021.05.07-01.01.43:581][  0]LogConfig: Setting CVar [[s.LevelStreamingActorsUpdateTimeLimit:5.0]]
[2021.05.07-01.01.43:581][  0]LogConfig: Setting CVar [[s.PriorityLevelStreamingActorsUpdateExtraTime:5.0]]
[2021.05.07-01.01.43:581][  0]LogConfig: Setting CVar [[s.LevelStreamingComponentsRegistrationGranularity:10]]
[2021.05.07-01.01.43:581][  0]LogConfig: Setting CVar [[s.UnregisterComponentsTimeLimit:1.0]]
[2021.05.07-01.01.43:581][  0]LogConfig: Setting CVar [[s.LevelStreamingComponentsUnregistrationGranularity:5]]
[2021.05.07-01.01.43:581][  0]LogConfig: Setting CVar [[s.FlushStreamingOnExit:1]]
[2021.05.07-01.01.43:581][  0]LogConfig: Applying CVar settings from Section [/Script/Engine.GarbageCollectionSettings] File [E:/UNREAL TRIALS/Phosphorous_BP_repo/Phosphorous/Phosphorous/Saved/Config/Windows/Engine.ini]
[2021.05.07-01.01.43:581][  0]LogConfig: Setting CVar [[gc.MaxObjectsNotConsideredByGC:1]]
[2021.05.07-01.01.43:581][  0]LogConfig: Setting CVar [[gc.SizeOfPermanentObjectPool:0]]
[2021.05.07-01.01.43:581][  0]LogConfig: Setting CVar [[gc.FlushStreamingOnGC:0]]
[2021.05.07-01.01.43:581][  0]LogConfig: Setting CVar [[gc.NumRetriesBeforeForcingGC:10]]
[2021.05.07-01.01.43:581][  0]LogConfig: Setting CVar [[gc.AllowParallelGC:1]]
[2021.05.07-01.01.43:581][  0]LogConfig: Setting CVar [[gc.TimeBetweenPurgingPendingKillObjects:61.1]]
[2021.05.07-01.01.43:581][  0]LogConfig: Setting CVar [[gc.MaxObjectsInEditor:25165824]]
[2021.05.07-01.01.43:581][  0]LogConfig: Setting CVar [[gc.IncrementalBeginDestroyEnabled:1]]
[2021.05.07-01.01.43:581][  0]LogConfig: Setting CVar [[gc.CreateGCClusters:1]]
[2021.05.07-01.01.43:581][  0]LogConfig: Setting CVar [[gc.MinGCClusterSize:5]]
[2021.05.07-01.01.43:581][  0]LogConfig: Setting CVar [[gc.ActorClusteringEnabled:0]]
[2021.05.07-01.01.43:581][  0]LogConfig: Setting CVar [[gc.BlueprintClusteringEnabled:0]]
[2021.05.07-01.01.43:581][  0]LogConfig: Setting CVar [[gc.UseDisregardForGCOnDedicatedServers:0]]
[2021.05.07-01.01.43:581][  0]LogConfig: Applying CVar settings from Section [/Script/Engine.NetworkSettings] File [E:/UNREAL TRIALS/Phosphorous_BP_repo/Phosphorous/Phosphorous/Saved/Config/Windows/Engine.ini]
[2021.05.07-01.01.43:581][  0]LogConfig: Applying CVar settings from Section [/Script/UnrealEd.CookerSettings] File [E:/UNREAL TRIALS/Phosphorous_BP_repo/Phosphorous/Phosphorous/Saved/Config/Windows/Engine.ini]
[2021.05.07-01.01.43:603][  0]LogConfig: Applying CVar settings from Section [ViewDistanceQuality@3] File [E:/UNREAL TRIALS/Phosphorous_BP_repo/Phosphorous/Phosphorous/Saved/Config/Windows/Scalability.ini]
[2021.05.07-01.01.43:603][  0]LogConfig: Setting CVar [[r.SkeletalMeshLODBias:0]]
[2021.05.07-01.01.43:603][  0]LogConfig: Setting CVar [[r.ViewDistanceScale:1.0]]
[2021.05.07-01.01.43:603][  0]LogConfig: Applying CVar settings from Section [AntiAliasingQuality@3] File [E:/UNREAL TRIALS/Phosphorous_BP_repo/Phosphorous/Phosphorous/Saved/Config/Windows/Scalability.ini]
[2021.05.07-01.01.43:603][  0]LogConfig: Setting CVar [[r.PostProcessAAQuality:4]]
[2021.05.07-01.01.43:603][  0]LogConfig: Applying CVar settings from Section [ShadowQuality@3] File [E:/UNREAL TRIALS/Phosphorous_BP_repo/Phosphorous/Phosphorous/Saved/Config/Windows/Scalability.ini]
[2021.05.07-01.01.43:603][  0]LogConfig: Setting CVar [[r.LightFunctionQuality:1]]
[2021.05.07-01.01.43:603][  0]LogConfig: Setting CVar [[r.ShadowQuality:5]]
[2021.05.07-01.01.43:603][  0]LogConfig: Setting CVar [[r.Shadow.CSM.MaxCascades:10]]
[2021.05.07-01.01.43:603][  0]LogConfig: Setting CVar [[r.Shadow.MaxResolution:2048]]
[2021.05.07-01.01.43:603][  0]LogConfig: Setting CVar [[r.Shadow.MaxCSMResolution:2048]]
[2021.05.07-01.01.43:603][  0]LogConfig: Setting CVar [[r.Shadow.RadiusThreshold:0.01]]
[2021.05.07-01.01.43:603][  0]LogConfig: Setting CVar [[r.Shadow.DistanceScale:1.0]]
[2021.05.07-01.01.43:603][  0]LogConfig: Setting CVar [[r.Shadow.CSM.TransitionScale:1.0]]
[2021.05.07-01.01.43:603][  0]LogConfig: Setting CVar [[r.Shadow.PreShadowResolutionFactor:1.0]]
[2021.05.07-01.01.43:603][  0]LogConfig: Setting CVar [[r.DistanceFieldShadowing:1]]
[2021.05.07-01.01.43:603][  0]LogConfig: Setting CVar [[r.DistanceFieldAO:1]]
[2021.05.07-01.01.43:603][  0]LogConfig: Setting CVar [[r.AOQuality:2]]
[2021.05.07-01.01.43:603][  0]LogConfig: Setting CVar [[r.VolumetricFog:1]]
[2021.05.07-01.01.43:603][  0]LogConfig: Setting CVar [[r.VolumetricFog.GridPixelSize:8]]
[2021.05.07-01.01.43:603][  0]LogConfig: Setting CVar [[r.VolumetricFog.GridSizeZ:128]]
[2021.05.07-01.01.43:603][  0]LogConfig: Setting CVar [[r.VolumetricFog.HistoryMissSupersampleCount:4]]
[2021.05.07-01.01.43:603][  0]LogConfig: Setting CVar [[r.LightMaxDrawDistanceScale:1]]
[2021.05.07-01.01.43:603][  0]LogConfig: Setting CVar [[r.CapsuleShadows:1]]
[2021.05.07-01.01.43:603][  0]LogConfig: Applying CVar settings from Section [PostProcessQuality@3] File [E:/UNREAL TRIALS/Phosphorous_BP_repo/Phosphorous/Phosphorous/Saved/Config/Windows/Scalability.ini]
[2021.05.07-01.01.43:604][  0]LogConfig: Setting CVar [[r.MotionBlurQuality:4]]
[2021.05.07-01.01.43:604][  0]LogConfig: Setting CVar [[r.AmbientOcclusionMipLevelFactor:0.4]]
[2021.05.07-01.01.43:604][  0]LogConfig: Setting CVar [[r.AmbientOcclusionMaxQuality:100]]
[2021.05.07-01.01.43:604][  0]LogConfig: Setting CVar [[r.AmbientOcclusionLevels:-1]]
[2021.05.07-01.01.43:604][  0]LogConfig: Setting CVar [[r.AmbientOcclusionRadiusScale:1.0]]
[2021.05.07-01.01.43:604][  0]LogConfig: Setting CVar [[r.DepthOfFieldQuality:2]]
[2021.05.07-01.01.43:604][  0]LogConfig: Setting CVar [[r.RenderTargetPoolMin:400]]
[2021.05.07-01.01.43:604][  0]LogConfig: Setting CVar [[r.LensFlareQuality:2]]
[2021.05.07-01.01.43:604][  0]LogConfig: Setting CVar [[r.SceneColorFringeQuality:1]]
[2021.05.07-01.01.43:604][  0]LogConfig: Setting CVar [[r.EyeAdaptationQuality:2]]
[2021.05.07-01.01.43:604][  0]LogConfig: Setting CVar [[r.BloomQuality:5]]
[2021.05.07-01.01.43:604][  0]LogConfig: Setting CVar [[r.FastBlurThreshold:100]]
[2021.05.07-01.01.43:604][  0]LogConfig: Setting CVar [[r.Upscale.Quality:3]]
[2021.05.07-01.01.43:604][  0]LogConfig: Setting CVar [[r.Tonemapper.GrainQuantization:1]]
[2021.05.07-01.01.43:604][  0]LogConfig: Setting CVar [[r.LightShaftQuality:1]]
[2021.05.07-01.01.43:604][  0]LogConfig: Setting CVar [[r.Filter.SizeScale:1]]
[2021.05.07-01.01.43:604][  0]LogConfig: Setting CVar [[r.Tonemapper.Quality:5]]
[2021.05.07-01.01.43:604][  0]LogConfig: Setting CVar [[r.DOF.Gather.AccumulatorQuality:1        ; higher gathering accumulator quality]]
[2021.05.07-01.01.43:604][  0]LogConfig: Setting CVar [[r.DOF.Gather.PostfilterMethod:1          ; Median3x3 postfilering method]]
[2021.05.07-01.01.43:604][  0]LogConfig: Setting CVar [[r.DOF.Gather.EnableBokehSettings:0       ; no bokeh simulation when gathering]]
[2021.05.07-01.01.43:604][  0]LogConfig: Setting CVar [[r.DOF.Gather.RingCount:4                 ; medium number of samples when gathering]]
[2021.05.07-01.01.43:604][  0]LogConfig: Setting CVar [[r.DOF.Scatter.ForegroundCompositing:1    ; additive foreground scattering]]
[2021.05.07-01.01.43:604][  0]LogConfig: Setting CVar [[r.DOF.Scatter.BackgroundCompositing:2    ; additive background scattering]]
[2021.05.07-01.01.43:604][  0]LogConfig: Setting CVar [[r.DOF.Scatter.EnableBokehSettings:1      ; bokeh simulation when scattering]]
[2021.05.07-01.01.43:604][  0]LogConfig: Setting CVar [[r.DOF.Scatter.MaxSpriteRatio:0.1         ; only a maximum of 10% of scattered bokeh]]
[2021.05.07-01.01.43:604][  0]LogConfig: Setting CVar [[r.DOF.Recombine.Quality:1                ; cheap slight out of focus]]
[2021.05.07-01.01.43:604][  0]LogConfig: Setting CVar [[r.DOF.Recombine.EnableBokehSettings:0    ; no bokeh simulation on slight out of focus]]
[2021.05.07-01.01.43:604][  0]LogConfig: Setting CVar [[r.DOF.TemporalAAQuality:1                ; more stable temporal accumulation]]
[2021.05.07-01.01.43:604][  0]LogConfig: Setting CVar [[r.DOF.Kernel.MaxForegroundRadius:0.025]]
[2021.05.07-01.01.43:604][  0]LogConfig: Setting CVar [[r.DOF.Kernel.MaxBackgroundRadius:0.025]]
[2021.05.07-01.01.43:604][  0]LogConfig: Applying CVar settings from Section [TextureQuality@3] File [E:/UNREAL TRIALS/Phosphorous_BP_repo/Phosphorous/Phosphorous/Saved/Config/Windows/Scalability.ini]
[2021.05.07-01.01.43:604][  0]LogConfig: Setting CVar [[r.Streaming.MipBias:0]]
[2021.05.07-01.01.43:604][  0]LogConfig: Setting CVar [[r.Streaming.AmortizeCPUToGPUCopy:0]]
[2021.05.07-01.01.43:604][  0]LogConfig: Setting CVar [[r.Streaming.MaxNumTexturesToStreamPerFrame:0]]
[2021.05.07-01.01.43:604][  0]LogConfig: Setting CVar [[r.Streaming.Boost:1]]
[2021.05.07-01.01.43:604][  0]LogConfig: Setting CVar [[r.MaxAnisotropy:8]]
[2021.05.07-01.01.43:604][  0]LogConfig: Setting CVar [[r.VT.MaxAnisotropy:8]]
[2021.05.07-01.01.43:604][  0]LogConfig: Setting CVar [[r.Streaming.LimitPoolSizeToVRAM:0]]
[2021.05.07-01.01.43:604][  0]LogConfig: Setting CVar [[r.Streaming.PoolSize:1000]]
[2021.05.07-01.01.43:604][  0]LogConfig: Setting CVar [[r.Streaming.MaxEffectiveScreenSize:0]]
[2021.05.07-01.01.43:604][  0]LogConfig: Applying CVar settings from Section [EffectsQuality@3] File [E:/UNREAL TRIALS/Phosphorous_BP_repo/Phosphorous/Phosphorous/Saved/Config/Windows/Scalability.ini]
[2021.05.07-01.01.43:604][  0]LogConfig: Setting CVar [[r.TranslucencyLightingVolumeDim:64]]
[2021.05.07-01.01.43:604][  0]LogConfig: Setting CVar [[r.RefractionQuality:2]]
[2021.05.07-01.01.43:604][  0]LogConfig: Setting CVar [[r.SSR.Quality:3]]
[2021.05.07-01.01.43:604][  0]LogConfig: Setting CVar [[r.SSR.HalfResSceneColor:0]]
[2021.05.07-01.01.43:604][  0]LogConfig: Setting CVar [[r.SceneColorFormat:4]]
[2021.05.07-01.01.43:604][  0]LogConfig: Setting CVar [[r.DetailMode:2]]
[2021.05.07-01.01.43:604][  0]LogConfig: Setting CVar [[r.TranslucencyVolumeBlur:1]]
[2021.05.07-01.01.43:604][  0]LogConfig: Setting CVar [[r.MaterialQualityLevel:1 ; High quality]]
[2021.05.07-01.01.43:604][  0]LogConfig: Setting CVar [[r.SSS.Scale:1]]
[2021.05.07-01.01.43:604][  0]LogConfig: Setting CVar [[r.SSS.SampleSet:2]]
[2021.05.07-01.01.43:604][  0]LogConfig: Setting CVar [[r.SSS.Quality:1]]
[2021.05.07-01.01.43:604][  0]LogConfig: Setting CVar [[r.SSS.HalfRes:1]]
[2021.05.07-01.01.43:604][  0]LogConfig: Setting CVar [[r.SSGI.Quality:3]]
[2021.05.07-01.01.43:604][  0]LogConfig: Setting CVar [[r.EmitterSpawnRateScale:1.0]]
[2021.05.07-01.01.43:604][  0]LogConfig: Setting CVar [[r.ParticleLightQuality:2]]
[2021.05.07-01.01.43:604][  0]LogConfig: Setting CVar [[r.SkyAtmosphere.AerialPerspectiveLUT.FastApplyOnOpaque:1 ; Always have FastSkyLUT 1 in this case to avoid wrong sky]]
[2021.05.07-01.01.43:604][  0]LogConfig: Setting CVar [[r.SkyAtmosphere.AerialPerspectiveLUT.SampleCountPerSlice:1]]
[2021.05.07-01.01.43:604][  0]LogConfig: Setting CVar [[r.SkyAtmosphere.AerialPerspectiveLUT.DepthResolution:16.0]]
[2021.05.07-01.01.43:604][  0]LogConfig: Setting CVar [[r.SkyAtmosphere.FastSkyLUT:1]]
[2021.05.07-01.01.43:604][  0]LogConfig: Setting CVar [[r.SkyAtmosphere.FastSkyLUT.SampleCountMin:4.0]]
[2021.05.07-01.01.43:604][  0]LogConfig: Setting CVar [[r.SkyAtmosphere.FastSkyLUT.SampleCountMax:32.0]]
[2021.05.07-01.01.43:605][  0]LogConfig: Setting CVar [[r.SkyAtmosphere.SampleCountMin:4.0]]
[2021.05.07-01.01.43:605][  0]LogConfig: Setting CVar [[r.SkyAtmosphere.SampleCountMax:32.0]]
[2021.05.07-01.01.43:605][  0]LogConfig: Setting CVar [[r.SkyAtmosphere.TransmittanceLUT.UseSmallFormat:0]]
[2021.05.07-01.01.43:605][  0]LogConfig: Setting CVar [[r.SkyAtmosphere.TransmittanceLUT.SampleCount:10.0]]
[2021.05.07-01.01.43:605][  0]LogConfig: Setting CVar [[r.SkyAtmosphere.MultiScatteringLUT.SampleCount:15.0]]
[2021.05.07-01.01.43:605][  0]LogConfig: Applying CVar settings from Section [FoliageQuality@3] File [E:/UNREAL TRIALS/Phosphorous_BP_repo/Phosphorous/Phosphorous/Saved/Config/Windows/Scalability.ini]
[2021.05.07-01.01.43:605][  0]LogConfig: Setting CVar [[foliage.DensityScale:1.0]]
[2021.05.07-01.01.43:605][  0]LogConfig: Setting CVar [[grass.DensityScale:1.0]]
[2021.05.07-01.01.43:605][  0]LogConfig: Applying CVar settings from Section [ShadingQuality@3] File [E:/UNREAL TRIALS/Phosphorous_BP_repo/Phosphorous/Phosphorous/Saved/Config/Windows/Scalability.ini]
[2021.05.07-01.01.43:605][  0]LogConfig: Setting CVar [[r.HairStrands.SkyLighting.SampleCount:16]]
[2021.05.07-01.01.43:605][  0]LogConfig: Setting CVar [[r.HairStrands.SkyLighting.JitterIntegration:0]]
[2021.05.07-01.01.43:605][  0]LogConfig: Setting CVar [[r.HairStrands.SkyAO.SampleCount:16]]
[2021.05.07-01.01.43:605][  0]LogInit: Selected Device Profile: [Windows]
[2021.05.07-01.01.43:605][  0]LogInit: Applying CVar settings loaded from the selected device profile: [Windows]
[2021.05.07-01.01.43:607][  0]LogHAL: Display: Platform has ~ 32 GB [34312470528 / 34359738368 / 32], which maps to Largest [LargestMinGB=32, LargerMinGB=12, DefaultMinGB=8, SmallerMinGB=6, SmallestMinGB=0)
[2021.05.07-01.01.43:607][  0]LogInit: Going up to parent DeviceProfile []
[2021.05.07-01.01.43:607][  0]LogConfig: Applying CVar settings from Section [ViewDistanceQuality@3] File [E:/UNREAL TRIALS/Phosphorous_BP_repo/Phosphorous/Phosphorous/Saved/Config/Windows/Scalability.ini]
[2021.05.07-01.01.43:607][  0]LogConfig: Setting CVar [[r.SkeletalMeshLODBias:0]]
[2021.05.07-01.01.43:607][  0]LogConfig: Setting CVar [[r.ViewDistanceScale:1.0]]
[2021.05.07-01.01.43:607][  0]LogConfig: Applying CVar settings from Section [AntiAliasingQuality@3] File [E:/UNREAL TRIALS/Phosphorous_BP_repo/Phosphorous/Phosphorous/Saved/Config/Windows/Scalability.ini]
[2021.05.07-01.01.43:607][  0]LogConfig: Setting CVar [[r.PostProcessAAQuality:4]]
[2021.05.07-01.01.43:607][  0]LogConfig: Applying CVar settings from Section [ShadowQuality@3] File [E:/UNREAL TRIALS/Phosphorous_BP_repo/Phosphorous/Phosphorous/Saved/Config/Windows/Scalability.ini]
[2021.05.07-01.01.43:607][  0]LogConfig: Setting CVar [[r.LightFunctionQuality:1]]
[2021.05.07-01.01.43:607][  0]LogConfig: Setting CVar [[r.ShadowQuality:5]]
[2021.05.07-01.01.43:607][  0]LogConfig: Setting CVar [[r.Shadow.CSM.MaxCascades:10]]
[2021.05.07-01.01.43:607][  0]LogConfig: Setting CVar [[r.Shadow.MaxResolution:2048]]
[2021.05.07-01.01.43:607][  0]LogConfig: Setting CVar [[r.Shadow.MaxCSMResolution:2048]]
[2021.05.07-01.01.43:607][  0]LogConfig: Setting CVar [[r.Shadow.RadiusThreshold:0.01]]
[2021.05.07-01.01.43:607][  0]LogConfig: Setting CVar [[r.Shadow.DistanceScale:1.0]]
[2021.05.07-01.01.43:607][  0]LogConfig: Setting CVar [[r.Shadow.CSM.TransitionScale:1.0]]
[2021.05.07-01.01.43:607][  0]LogConfig: Setting CVar [[r.Shadow.PreShadowResolutionFactor:1.0]]
[2021.05.07-01.01.43:607][  0]LogConfig: Setting CVar [[r.DistanceFieldShadowing:1]]
[2021.05.07-01.01.43:607][  0]LogConfig: Setting CVar [[r.DistanceFieldAO:1]]
[2021.05.07-01.01.43:607][  0]LogConfig: Setting CVar [[r.AOQuality:2]]
[2021.05.07-01.01.43:607][  0]LogConfig: Setting CVar [[r.VolumetricFog:1]]
[2021.05.07-01.01.43:607][  0]LogConfig: Setting CVar [[r.VolumetricFog.GridPixelSize:8]]
[2021.05.07-01.01.43:608][  0]LogConfig: Setting CVar [[r.VolumetricFog.GridSizeZ:128]]
[2021.05.07-01.01.43:608][  0]LogConfig: Setting CVar [[r.VolumetricFog.HistoryMissSupersampleCount:4]]
[2021.05.07-01.01.43:608][  0]LogConfig: Setting CVar [[r.LightMaxDrawDistanceScale:1]]
[2021.05.07-01.01.43:608][  0]LogConfig: Setting CVar [[r.CapsuleShadows:1]]
[2021.05.07-01.01.43:608][  0]LogConfig: Applying CVar settings from Section [PostProcessQuality@3] File [E:/UNREAL TRIALS/Phosphorous_BP_repo/Phosphorous/Phosphorous/Saved/Config/Windows/Scalability.ini]
[2021.05.07-01.01.43:608][  0]LogConfig: Setting CVar [[r.MotionBlurQuality:4]]
[2021.05.07-01.01.43:608][  0]LogConfig: Setting CVar [[r.AmbientOcclusionMipLevelFactor:0.4]]
[2021.05.07-01.01.43:608][  0]LogConfig: Setting CVar [[r.AmbientOcclusionMaxQuality:100]]
[2021.05.07-01.01.43:608][  0]LogConfig: Setting CVar [[r.AmbientOcclusionLevels:-1]]
[2021.05.07-01.01.43:608][  0]LogConfig: Setting CVar [[r.AmbientOcclusionRadiusScale:1.0]]
[2021.05.07-01.01.43:608][  0]LogConfig: Setting CVar [[r.DepthOfFieldQuality:2]]
[2021.05.07-01.01.43:608][  0]LogConfig: Setting CVar [[r.RenderTargetPoolMin:400]]
[2021.05.07-01.01.43:608][  0]LogConfig: Setting CVar [[r.LensFlareQuality:2]]
[2021.05.07-01.01.43:608][  0]LogConfig: Setting CVar [[r.SceneColorFringeQuality:1]]
[2021.05.07-01.01.43:608][  0]LogConfig: Setting CVar [[r.EyeAdaptationQuality:2]]
[2021.05.07-01.01.43:608][  0]LogConfig: Setting CVar [[r.BloomQuality:5]]
[2021.05.07-01.01.43:608][  0]LogConfig: Setting CVar [[r.FastBlurThreshold:100]]
[2021.05.07-01.01.43:608][  0]LogConfig: Setting CVar [[r.Upscale.Quality:3]]
[2021.05.07-01.01.43:608][  0]LogConfig: Setting CVar [[r.Tonemapper.GrainQuantization:1]]
[2021.05.07-01.01.43:608][  0]LogConfig: Setting CVar [[r.LightShaftQuality:1]]
[2021.05.07-01.01.43:608][  0]LogConfig: Setting CVar [[r.Filter.SizeScale:1]]
[2021.05.07-01.01.43:608][  0]LogConfig: Setting CVar [[r.Tonemapper.Quality:5]]
[2021.05.07-01.01.43:608][  0]LogConfig: Setting CVar [[r.DOF.Gather.AccumulatorQuality:1        ; higher gathering accumulator quality]]
[2021.05.07-01.01.43:608][  0]LogConfig: Setting CVar [[r.DOF.Gather.PostfilterMethod:1          ; Median3x3 postfilering method]]
[2021.05.07-01.01.43:608][  0]LogConfig: Setting CVar [[r.DOF.Gather.EnableBokehSettings:0       ; no bokeh simulation when gathering]]
[2021.05.07-01.01.43:608][  0]LogConfig: Setting CVar [[r.DOF.Gather.RingCount:4                 ; medium number of samples when gathering]]
[2021.05.07-01.01.43:608][  0]LogConfig: Setting CVar [[r.DOF.Scatter.ForegroundCompositing:1    ; additive foreground scattering]]
[2021.05.07-01.01.43:608][  0]LogConfig: Setting CVar [[r.DOF.Scatter.BackgroundCompositing:2    ; additive background scattering]]
[2021.05.07-01.01.43:608][  0]LogConfig: Setting CVar [[r.DOF.Scatter.EnableBokehSettings:1      ; bokeh simulation when scattering]]
[2021.05.07-01.01.43:608][  0]LogConfig: Setting CVar [[r.DOF.Scatter.MaxSpriteRatio:0.1         ; only a maximum of 10% of scattered bokeh]]
[2021.05.07-01.01.43:608][  0]LogConfig: Setting CVar [[r.DOF.Recombine.Quality:1                ; cheap slight out of focus]]
[2021.05.07-01.01.43:608][  0]LogConfig: Setting CVar [[r.DOF.Recombine.EnableBokehSettings:0    ; no bokeh simulation on slight out of focus]]
[2021.05.07-01.01.43:608][  0]LogConfig: Setting CVar [[r.DOF.TemporalAAQuality:1                ; more stable temporal accumulation]]
[2021.05.07-01.01.43:608][  0]LogConfig: Setting CVar [[r.DOF.Kernel.MaxForegroundRadius:0.025]]
[2021.05.07-01.01.43:608][  0]LogConfig: Setting CVar [[r.DOF.Kernel.MaxBackgroundRadius:0.025]]
[2021.05.07-01.01.43:608][  0]LogConfig: Applying CVar settings from Section [TextureQuality@3] File [E:/UNREAL TRIALS/Phosphorous_BP_repo/Phosphorous/Phosphorous/Saved/Config/Windows/Scalability.ini]
[2021.05.07-01.01.43:608][  0]LogConfig: Setting CVar [[r.Streaming.MipBias:0]]
[2021.05.07-01.01.43:608][  0]LogConfig: Setting CVar [[r.Streaming.AmortizeCPUToGPUCopy:0]]
[2021.05.07-01.01.43:608][  0]LogConfig: Setting CVar [[r.Streaming.MaxNumTexturesToStreamPerFrame:0]]
[2021.05.07-01.01.43:608][  0]LogConfig: Setting CVar [[r.Streaming.Boost:1]]
[2021.05.07-01.01.43:608][  0]LogConfig: Setting CVar [[r.MaxAnisotropy:8]]
[2021.05.07-01.01.43:608][  0]LogConfig: Setting CVar [[r.VT.MaxAnisotropy:8]]
[2021.05.07-01.01.43:608][  0]LogConfig: Setting CVar [[r.Streaming.LimitPoolSizeToVRAM:0]]
[2021.05.07-01.01.43:608][  0]LogConfig: Setting CVar [[r.Streaming.PoolSize:1000]]
[2021.05.07-01.01.43:608][  0]LogConfig: Setting CVar [[r.Streaming.MaxEffectiveScreenSize:0]]
[2021.05.07-01.01.43:608][  0]LogConfig: Applying CVar settings from Section [EffectsQuality@3] File [E:/UNREAL TRIALS/Phosphorous_BP_repo/Phosphorous/Phosphorous/Saved/Config/Windows/Scalability.ini]
[2021.05.07-01.01.43:608][  0]LogConfig: Setting CVar [[r.TranslucencyLightingVolumeDim:64]]
[2021.05.07-01.01.43:608][  0]LogConfig: Setting CVar [[r.RefractionQuality:2]]
[2021.05.07-01.01.43:608][  0]LogConfig: Setting CVar [[r.SSR.Quality:3]]
[2021.05.07-01.01.43:608][  0]LogConfig: Setting CVar [[r.SSR.HalfResSceneColor:0]]
[2021.05.07-01.01.43:608][  0]LogConfig: Setting CVar [[r.SceneColorFormat:4]]
[2021.05.07-01.01.43:608][  0]LogConfig: Setting CVar [[r.DetailMode:2]]
[2021.05.07-01.01.43:608][  0]LogConfig: Setting CVar [[r.TranslucencyVolumeBlur:1]]
[2021.05.07-01.01.43:608][  0]LogConfig: Setting CVar [[r.MaterialQualityLevel:1 ; High quality]]
[2021.05.07-01.01.43:608][  0]LogConfig: Setting CVar [[r.SSS.Scale:1]]
[2021.05.07-01.01.43:608][  0]LogConfig: Setting CVar [[r.SSS.SampleSet:2]]
[2021.05.07-01.01.43:608][  0]LogConfig: Setting CVar [[r.SSS.Quality:1]]
[2021.05.07-01.01.43:608][  0]LogConfig: Setting CVar [[r.SSS.HalfRes:1]]
[2021.05.07-01.01.43:608][  0]LogConfig: Setting CVar [[r.SSGI.Quality:3]]
[2021.05.07-01.01.43:608][  0]LogConfig: Setting CVar [[r.EmitterSpawnRateScale:1.0]]
[2021.05.07-01.01.43:608][  0]LogConfig: Setting CVar [[r.ParticleLightQuality:2]]
[2021.05.07-01.01.43:608][  0]LogConfig: Setting CVar [[r.SkyAtmosphere.AerialPerspectiveLUT.FastApplyOnOpaque:1 ; Always have FastSkyLUT 1 in this case to avoid wrong sky]]
[2021.05.07-01.01.43:608][  0]LogConfig: Setting CVar [[r.SkyAtmosphere.AerialPerspectiveLUT.SampleCountPerSlice:1]]
[2021.05.07-01.01.43:608][  0]LogConfig: Setting CVar [[r.SkyAtmosphere.AerialPerspectiveLUT.DepthResolution:16.0]]
[2021.05.07-01.01.43:608][  0]LogConfig: Setting CVar [[r.SkyAtmosphere.FastSkyLUT:1]]
[2021.05.07-01.01.43:608][  0]LogConfig: Setting CVar [[r.SkyAtmosphere.FastSkyLUT.SampleCountMin:4.0]]
[2021.05.07-01.01.43:608][  0]LogConfig: Setting CVar [[r.SkyAtmosphere.FastSkyLUT.SampleCountMax:32.0]]
[2021.05.07-01.01.43:608][  0]LogConfig: Setting CVar [[r.SkyAtmosphere.SampleCountMin:4.0]]
[2021.05.07-01.01.43:609][  0]LogConfig: Setting CVar [[r.SkyAtmosphere.SampleCountMax:32.0]]
[2021.05.07-01.01.43:609][  0]LogConfig: Setting CVar [[r.SkyAtmosphere.TransmittanceLUT.UseSmallFormat:0]]
[2021.05.07-01.01.43:609][  0]LogConfig: Setting CVar [[r.SkyAtmosphere.TransmittanceLUT.SampleCount:10.0]]
[2021.05.07-01.01.43:609][  0]LogConfig: Setting CVar [[r.SkyAtmosphere.MultiScatteringLUT.SampleCount:15.0]]
[2021.05.07-01.01.43:609][  0]LogConfig: Applying CVar settings from Section [FoliageQuality@3] File [E:/UNREAL TRIALS/Phosphorous_BP_repo/Phosphorous/Phosphorous/Saved/Config/Windows/Scalability.ini]
[2021.05.07-01.01.43:609][  0]LogConfig: Setting CVar [[foliage.DensityScale:1.0]]
[2021.05.07-01.01.43:609][  0]LogConfig: Setting CVar [[grass.DensityScale:1.0]]
[2021.05.07-01.01.43:609][  0]LogConfig: Applying CVar settings from Section [ShadingQuality@3] File [E:/UNREAL TRIALS/Phosphorous_BP_repo/Phosphorous/Phosphorous/Saved/Config/Windows/Scalability.ini]
[2021.05.07-01.01.43:609][  0]LogConfig: Setting CVar [[r.HairStrands.SkyLighting.SampleCount:16]]
[2021.05.07-01.01.43:609][  0]LogConfig: Setting CVar [[r.HairStrands.SkyLighting.JitterIntegration:0]]
[2021.05.07-01.01.43:609][  0]LogConfig: Setting CVar [[r.HairStrands.SkyAO.SampleCount:16]]
[2021.05.07-01.01.43:609][  0]LogConfig: Applying CVar settings from Section [Startup] File [../../../Engine/Config/ConsoleVariables.ini]
[2021.05.07-01.01.43:609][  0]LogConfig: Setting CVar [[net.UseAdaptiveNetUpdateFrequency:0]]
[2021.05.07-01.01.43:609][  0]LogConfig: Setting CVar [[p.chaos.AllowCreatePhysxBodies:1]]
[2021.05.07-01.01.43:609][  0]LogConfig: Applying CVar settings from Section [ConsoleVariables] File [E:/UNREAL TRIALS/Phosphorous_BP_repo/Phosphorous/Phosphorous/Saved/Config/Windows/Engine.ini]
[2021.05.07-01.01.43:609][  0]LogInit: Computer: DESKTOP-H5JS6CP
[2021.05.07-01.01.43:609][  0]LogInit: User: IanMichaelJesu
[2021.05.07-01.01.43:609][  0]LogInit: CPU Page size=4096, Cores=6
[2021.05.07-01.01.43:609][  0]LogInit: High frequency timer resolution =10.000000 MHz
[2021.05.07-01.01.43:609][  0]LogMemory: Memory total: Physical=32.0GB (32GB approx)
[2021.05.07-01.01.43:610][  0]LogMemory: Platform Memory Stats for Windows
[2021.05.07-01.01.43:610][  0]LogMemory: Process Physical Memory: 108.99 MB used, 108.99 MB peak
[2021.05.07-01.01.43:610][  0]LogMemory: Process Virtual Memory: 105.29 MB used, 105.29 MB peak
[2021.05.07-01.01.43:610][  0]LogMemory: Physical Memory: 14726.83 MB used,  17996.09 MB free, 32722.92 MB total
[2021.05.07-01.01.43:610][  0]LogMemory: Virtual Memory: 5162.26 MB used,  134212568.00 MB free, 134217728.00 MB total
[2021.05.07-01.01.44:086][  0]LogWindows: WindowsPlatformFeatures enabled
[2021.05.07-01.01.44:136][  0]LogInit: Using OS detected language (en-US).
[2021.05.07-01.01.44:136][  0]LogInit: Using OS detected locale (en-US).
[2021.05.07-01.01.44:137][  0]LogTextLocalizationManager: No specific localization for 'en-US' exists, so the 'en' localization will be used.
[2021.05.07-01.01.44:286][  0]LogInit: Setting process to per monitor DPI aware
[2021.05.07-01.01.44:362][  0]LogSlate: New Slate User Created.  User Index 0, Is Virtual User: 0
[2021.05.07-01.01.44:362][  0]LogSlate: Slate User Registered.  User Index 0, Is Virtual User: 0
[2021.05.07-01.01.44:649][  0]LogD3D11RHI: D3D11 min allowed feature level: 11_0
[2021.05.07-01.01.44:649][  0]LogD3D11RHI: D3D11 max allowed feature level: 11_0
[2021.05.07-01.01.44:649][  0]LogD3D11RHI: D3D11 adapters:
[2021.05.07-01.01.44:756][  0]LogD3D11RHI:    0. 'NVIDIA GeForce GTX 1080 Ti' (Feature Level 11_0)
[2021.05.07-01.01.44:756][  0]LogD3D11RHI:       11127/0/16361 MB DedicatedVideo/DedicatedSystem/SharedSystem, Outputs:4, VendorId:0x10de
[2021.05.07-01.01.44:759][  0]LogD3D11RHI:    1. 'Microsoft Basic Render Driver' (Feature Level 11_0)
[2021.05.07-01.01.44:759][  0]LogD3D11RHI:       0/0/16361 MB DedicatedVideo/DedicatedSystem/SharedSystem, Outputs:0, VendorId:0x1414
[2021.05.07-01.01.44:759][  0]LogD3D11RHI: Chosen D3D11 Adapter: 0
[2021.05.07-01.01.44:769][  0]LogD3D11RHI: Creating new Direct3DDevice
[2021.05.07-01.01.44:769][  0]LogD3D11RHI:     GPU DeviceId: 0x1b06 (for the marketing name, search the web for "GPU Device Id")
[2021.05.07-01.01.44:769][  0]LogWindows: EnumDisplayDevices:
[2021.05.07-01.01.44:770][  0]LogWindows:    0. 'NVIDIA GeForce GTX 1080 Ti' (P:1 D:1)
[2021.05.07-01.01.44:770][  0]LogWindows:    1. 'NVIDIA GeForce GTX 1080 Ti' (P:0 D:1)
[2021.05.07-01.01.44:770][  0]LogWindows:    2. 'NVIDIA GeForce GTX 1080 Ti' (P:0 D:1)
[2021.05.07-01.01.44:771][  0]LogWindows:    3. 'NVIDIA GeForce GTX 1080 Ti' (P:0 D:1)
[2021.05.07-01.01.44:771][  0]LogWindows: DebugString: FoundDriverCount:4 
[2021.05.07-01.01.44:771][  0]LogD3D11RHI:     Adapter Name: NVIDIA GeForce GTX 1080 Ti
[2021.05.07-01.01.44:771][  0]LogD3D11RHI:   Driver Version: 466.27 (internal:27.21.14.6627, unified:466.27)
[2021.05.07-01.01.44:771][  0]LogD3D11RHI:      Driver Date: 4-23-2021
[2021.05.07-01.01.44:771][  0]LogRHI: Texture pool is 7788 MB (70% of 11127 MB)
[2021.05.07-01.01.44:846][  0]LogD3D11RHI: RHI has support for 64 bit atomics
[2021.05.07-01.01.44:846][  0]LogD3D11RHI: Async texture creation enabled
[2021.05.07-01.01.44:864][  0]LogD3D11RHI: GPU Timing Frequency: 1000.000000 (Debug: 2 1)
[2021.05.07-01.01.45:197][  0]LogTargetPlatformManager: Display: Loaded TargetPlatform 'AllDesktop'
[2021.05.07-01.01.45:223][  0]LogTargetPlatformManager: Display: Loaded TargetPlatform 'Android'
[2021.05.07-01.01.45:223][  0]LogTargetPlatformManager: Display: Loaded TargetPlatform 'Android_ASTC'
[2021.05.07-01.01.45:224][  0]LogTargetPlatformManager: Display: Loaded TargetPlatform 'Android_ATC'
[2021.05.07-01.01.45:224][  0]LogTargetPlatformManager: Display: Loaded TargetPlatform 'Android_DXT'
[2021.05.07-01.01.45:224][  0]LogTargetPlatformManager: Display: Loaded TargetPlatform 'Android_ETC1'
[2021.05.07-01.01.45:224][  0]LogTargetPlatformManager: Display: Loaded TargetPlatform 'Android_ETC1a'
[2021.05.07-01.01.45:224][  0]LogTargetPlatformManager: Display: Loaded TargetPlatform 'Android_ETC2'
[2021.05.07-01.01.45:224][  0]LogTargetPlatformManager: Display: Loaded TargetPlatform 'Android_PVRTC'
[2021.05.07-01.01.45:224][  0]LogTargetPlatformManager: Display: Loaded TargetPlatform 'AndroidClient'
[2021.05.07-01.01.45:224][  0]LogTargetPlatformManager: Display: Loaded TargetPlatform 'Android_ASTCClient'
[2021.05.07-01.01.45:224][  0]LogTargetPlatformManager: Display: Loaded TargetPlatform 'Android_ATCClient'
[2021.05.07-01.01.45:224][  0]LogTargetPlatformManager: Display: Loaded TargetPlatform 'Android_DXTClient'
[2021.05.07-01.01.45:224][  0]LogTargetPlatformManager: Display: Loaded TargetPlatform 'Android_ETC1Client'
[2021.05.07-01.01.45:224][  0]LogTargetPlatformManager: Display: Loaded TargetPlatform 'Android_ETC1aClient'
[2021.05.07-01.01.45:224][  0]LogTargetPlatformManager: Display: Loaded TargetPlatform 'Android_ETC2Client'
[2021.05.07-01.01.45:224][  0]LogTargetPlatformManager: Display: Loaded TargetPlatform 'Android_PVRTCClient'
[2021.05.07-01.01.45:224][  0]LogTargetPlatformManager: Display: Loaded TargetPlatform 'Android_Multi'
[2021.05.07-01.01.45:224][  0]LogTargetPlatformManager: Display: Loaded TargetPlatform 'Android_MultiClient'
[2021.05.07-01.01.45:243][  0]LogTargetPlatformManager: Display: Loaded TargetPlatform 'IOSClient'
[2021.05.07-01.01.45:243][  0]LogTargetPlatformManager: Display: Loaded TargetPlatform 'IOS'
[2021.05.07-01.01.45:250][  0]LogTargetPlatformManager: Display: Loaded TargetPlatform 'LinuxNoEditor'
[2021.05.07-01.01.45:257][  0]LogTargetPlatformManager: Display: Loaded TargetPlatform 'LinuxClient'
[2021.05.07-01.01.45:264][  0]LogTargetPlatformManager: Display: Loaded TargetPlatform 'LinuxServer'
[2021.05.07-01.01.45:271][  0]LogTargetPlatformManager: Display: Loaded TargetPlatform 'LinuxAArch64NoEditor'
[2021.05.07-01.01.45:278][  0]LogTargetPlatformManager: Display: Loaded TargetPlatform 'LinuxAArch64Client'
[2021.05.07-01.01.45:284][  0]LogTargetPlatformManager: Display: Loaded TargetPlatform 'LinuxAArch64Server'
[2021.05.07-01.01.45:307][  0]LogTargetPlatformManager: Display: Loaded TargetPlatform 'Lumin'
[2021.05.07-01.01.45:307][  0]LogTargetPlatformManager: Display: Loaded TargetPlatform 'LuminClient'
[2021.05.07-01.01.45:319][  0]LogTargetPlatformManager: Display: Loaded TargetPlatform 'TVOSClient'
[2021.05.07-01.01.45:319][  0]LogTargetPlatformManager: Display: Loaded TargetPlatform 'TVOS'
[2021.05.07-01.01.45:326][  0]LogTargetPlatformManager: Display: Loaded TargetPlatform 'WindowsNoEditor'
[2021.05.07-01.01.45:333][  0]LogTargetPlatformManager: Display: Loaded TargetPlatform 'Windows'
[2021.05.07-01.01.45:340][  0]LogTargetPlatformManager: Display: Loaded TargetPlatform 'WindowsClient'
[2021.05.07-01.01.45:347][  0]LogTargetPlatformManager: Display: Loaded TargetPlatform 'WindowsServer'
[2021.05.07-01.01.45:347][  0]LogTargetPlatformManager: Display: Building Assets For Windows
[2021.05.07-01.01.45:351][  0]LogAudioDebug: Display: Lib vorbis DLL was dynamically loaded.
[2021.05.07-01.01.45:374][  0]LogShaderCompilers: Guid format shader working directory is -4 characters bigger than the processId version (E:/UNREAL TRIALS/Phosphorous_BP_repo/Phosphorous/Phosphorous/Intermediate/Shaders/WorkingDirectory/29444/).
[2021.05.07-01.01.45:375][  0]LogShaderCompilers: Cleaned the shader compiler working directory 'C:/Users/Ian Michael Jesu/AppData/Local/Temp/UnrealShaderWorkingDir/A5F956974ACEA54F10D743935779124B/'.
[2021.05.07-01.01.45:375][  0]LogXGEController: Cleaning working directory: C:/Users/Ian Michael Jesu/AppData/Local/Temp/UnrealXGEWorkingDir/
[2021.05.07-01.01.45:375][  0]LogXGEController: Cannot use XGE Controller as Incredibuild is not installed on this machine.
[2021.05.07-01.01.45:376][  0]LogShaderCompilers: Cannot use XGE Shader Compiler as Incredibuild is not installed on this machine.
[2021.05.07-01.01.45:376][  0]LogShaderCompilers: Display: Using Local Shader Compiler.
[2021.05.07-01.01.46:003][  0]LogDerivedDataCache: Display: Max Cache Size: 512 MB
[2021.05.07-01.01.46:052][  0]LogDerivedDataCache: Loaded boot cache 0.05s 78MB C:/Users/Ian Michael Jesu/AppData/Local/UnrealEngine/4.24/DerivedDataCache/Boot.ddc.
[2021.05.07-01.01.46:052][  0]LogDerivedDataCache: Display: Loaded Boot cache: C:/Users/Ian Michael Jesu/AppData/Local/UnrealEngine/4.24/DerivedDataCache/Boot.ddc
[2021.05.07-01.01.46:052][  0]LogDerivedDataCache: FDerivedDataBackendGraph:  Pak pak cache file E:/UNREAL TRIALS/Phosphorous_BP_repo/Phosphorous/Phosphorous/DerivedDataCache/DDC.ddp not found, will not use a pak cache.
[2021.05.07-01.01.46:052][  0]LogDerivedDataCache: Unable to find inner node Pak for hierarchical cache Hierarchy.
[2021.05.07-01.01.46:052][  0]LogDerivedDataCache: FDerivedDataBackendGraph:  CompressedPak pak cache file E:/UNREAL TRIALS/Phosphorous_BP_repo/Phosphorous/Phosphorous/DerivedDataCache/Compressed.ddp not found, will not use a pak cache.
[2021.05.07-01.01.46:052][  0]LogDerivedDataCache: Unable to find inner node CompressedPak for hierarchical cache Hierarchy.
[2021.05.07-01.01.46:060][  0]LogDerivedDataCache: Display: Pak cache opened for reading ../../../Engine/DerivedDataCache/Compressed.ddp.
[2021.05.07-01.01.46:060][  0]LogDerivedDataCache: FDerivedDataBackendGraph:  EnterprisePak pak cache file ../../../Enterprise/DerivedDataCache/Compressed.ddp not found, will not use a pak cache.
[2021.05.07-01.01.46:060][  0]LogDerivedDataCache: Unable to find inner node EnterprisePak for hierarchical cache Hierarchy.
[2021.05.07-01.01.46:062][  0]LogDerivedDataCache: Using Local data cache path C:/Users/Ian Michael Jesu/AppData/Local/UnrealEngine/Common/DerivedDataCache: Writable
[2021.05.07-01.01.46:062][  0]LogDerivedDataCache: Shared data cache path not found in *engine.ini, will not use an Shared cache.
[2021.05.07-01.01.46:062][  0]LogDerivedDataCache: Unable to find inner node Shared for hierarchical cache Hierarchy.
[2021.05.07-01.01.46:083][  0]LogMaterial: Verifying Global Shaders for PCD3D_SM5
[2021.05.07-01.01.46:085][  0]LogSlate: Using FreeType 2.10.0
[2021.05.07-01.01.46:086][  0]LogSlate: SlateFontServices - WITH_FREETYPE: 1, WITH_HARFBUZZ: 1
[2021.05.07-01.01.46:149][  0]LogAssetRegistry: FAssetRegistry took 0.0020 seconds to start up
[2021.05.07-01.01.46:393][  0]LogInit: Selected Device Profile: [Windows]
[2021.05.07-01.01.46:538][  0]LogMeshReduction: Using QuadricMeshReduction for automatic static mesh reduction
[2021.05.07-01.01.46:538][  0]LogMeshReduction: Using SimplygonMeshReduction for automatic skeletal mesh reduction
[2021.05.07-01.01.46:538][  0]LogMeshReduction: Using ProxyLODMeshReduction for automatic mesh merging
[2021.05.07-01.01.46:538][  0]LogMeshReduction: No distributed automatic mesh merging module available
[2021.05.07-01.01.46:538][  0]LogMeshMerging: No distributed automatic mesh merging module available
[2021.05.07-01.01.46:566][  0]LogNetVersion: Phosphorous 1.0.0, NetCL: 10570792, EngineNetVer: 13, GameNetVer: 0 (Checksum: 1239860017)
[2021.05.07-01.01.47:634][  0]LogPackageLocalizationCache: Processed 8 localized package path(s) for 1 prioritized culture(s) in 0.021087 seconds
[2021.05.07-01.01.47:641][  0]LogUObjectArray: 46099 objects as part of root set at end of initial load.
[2021.05.07-01.01.47:641][  0]LogUObjectAllocator: 8030904 out of 0 bytes used by permanent object pool.
[2021.05.07-01.01.47:641][  0]LogUObjectArray: CloseDisregardForGC: 0/0 objects in disregard for GC pool
[2021.05.07-01.01.48:005][  0]LogTcpMessaging: Initializing TcpMessaging bridge
[2021.05.07-01.01.48:009][  0]LogUdpMessaging: Initializing bridge on interface 0.0.0.0:0 to multicast group 230.0.0.1:6666.
[2021.05.07-01.01.48:055][  0]SourceControl: Source control is disabled
[2021.05.07-01.01.48:055][  0]SourceControl: Source control is disabled
[2021.05.07-01.01.48:056][  0]SourceControl: Source control is disabled
[2021.05.07-01.01.48:058][  0]SourceControl: Source control is disabled
[2021.05.07-01.01.48:059][  0]SourceControl: Source control is disabled
[2021.05.07-01.01.48:138][  0]LogAndroidPermission: UAndroidPermissionCallbackProxy::GetInstance
[2021.05.07-01.01.48:148][  0]LogAudioCaptureCore: Display: No Audio Capture implementations found. Audio input will be silent.
[2021.05.07-01.01.48:148][  0]LogAudioCaptureCore: Display: No Audio Capture implementations found. Audio input will be silent.
[2021.05.07-01.01.48:234][  0]LogEngine: Initializing Engine...
[2021.05.07-01.01.48:235][  0]LogStats: UGameplayTagsManager::InitializeManager -  0.000 s
[2021.05.07-01.01.48:513][  0]LogInit: Initializing FReadOnlyCVARCache
[2021.05.07-01.01.48:518][  0]LogAIModule: Creating AISystem for world Untitled
[2021.05.07-01.01.48:538][  0]LogAudioMixer: Display: Audio Mixer Platform Settings:
[2021.05.07-01.01.48:538][  0]LogAudioMixer: Display: 	Sample Rate:						  48000
[2021.05.07-01.01.48:538][  0]LogAudioMixer: Display: 	Callback Buffer Frame Size Requested: 1024
[2021.05.07-01.01.48:538][  0]LogAudioMixer: Display: 	Callback Buffer Frame Size To Use:	  1024
[2021.05.07-01.01.48:538][  0]LogAudioMixer: Display: 	Number of buffers to queue:			  2
[2021.05.07-01.01.48:538][  0]LogAudioMixer: Display: 	Max Channels (voices):				  32
[2021.05.07-01.01.48:538][  0]LogAudioMixer: Display: 	Number of Async Source Workers:		  0
[2021.05.07-01.01.48:538][  0]LogAudio: Display: AudioDevice MaxSources: 32
[2021.05.07-01.01.48:539][  0]LogAudio: Display: Using built-in audio occlusion.
[2021.05.07-01.01.48:539][  0]LogAudioMixer: Display: Initializing audio mixer.
[2021.05.07-01.01.48:644][  0]LogAudioMixer: Display: Audio Device Output Speaker Info:
[2021.05.07-01.01.48:644][  0]LogAudioMixer: Display: Name: SAMSUNG (NVIDIA High Definition Audio)
[2021.05.07-01.01.48:644][  0]LogAudioMixer: Display: Is Default: Yes
[2021.05.07-01.01.48:644][  0]LogAudioMixer: Display: Sample Rate: 48000
[2021.05.07-01.01.48:644][  0]LogAudioMixer: Display: Channel Count Used: 2
[2021.05.07-01.01.48:644][  0]LogAudioMixer: Display: Device Channel Count: 2
[2021.05.07-01.01.48:644][  0]LogAudioMixer: Display: Channel Order:
[2021.05.07-01.01.48:644][  0]LogAudioMixer: Display: 0: FrontLeft
[2021.05.07-01.01.48:644][  0]LogAudioMixer: Display: 1: FrontRight
[2021.05.07-01.01.48:671][  0]LogAudioMixer: Display: Using Audio Device SAMSUNG (NVIDIA High Definition Audio)
[2021.05.07-01.01.48:675][  0]LogInit: FAudioDevice initialized.
[2021.05.07-01.01.48:675][  0]LogNetVersion: Set ProjectVersion to 1.0.0.0. Version Checksum will be recalculated on next use.
[2021.05.07-01.01.48:757][  0]LogDerivedDataCache: Saved boot cache 0.08s 78MB C:/Users/Ian Michael Jesu/AppData/Local/UnrealEngine/4.24/DerivedDataCache/Boot.ddc.
[2021.05.07-01.01.48:758][  0]LogInit: Texture streaming: Enabled
[2021.05.07-01.01.48:769][  0]LogEngineSessionManager: EngineSessionManager initialized
[2021.05.07-01.01.48:769][  0]LogEditorSessionSummary: Verbose: Initializing EditorSessionSummaryWriter for editor session tracking
[2021.05.07-01.01.48:777][  0]LogEditorSessionSummary: EditorSessionSummaryWriter initialized
[2021.05.07-01.01.48:819][  0]LogInit: Transaction tracking system initialized
[2021.05.07-01.01.48:828][  0]BlueprintLog: New page: Editor Load
[2021.05.07-01.01.48:857][  0]LocalizationService: Localization service is disabled
[2021.05.07-01.01.48:892][  0]LogLinker: Warning: Failed to load '/Game/ThirdPersonBP/ThirdPersonOverview': Can't find file.
[2021.05.07-01.01.48:892][  0]LogLinker: Warning: Failed to load '/Game/ThirdPersonBP/ThirdPersonOverview': Can't find file.
[2021.05.07-01.01.48:892][  0]LogUObjectGlobals: Warning: Failed to find object 'Class /Game/ThirdPersonBP/ThirdPersonOverview.ThirdPersonOverview_C'
[2021.05.07-01.01.49:087][  0]LogAutoReimportManager: Warning: Unable to watch directory E:/UNREAL TRIALS/Phosphorous_BP_repo/Phosphorous/Phosphorous/Content/ as it will conflict with another watching E:/UNREAL TRIALS/Phosphorous_BP_repo/Phosphorous/Phosphorous/Content/.
[2021.05.07-01.01.49:093][  0]LogCook: Display: Max memory allowance for cook 16384mb min free memory 0mb
[2021.05.07-01.01.49:093][  0]LogCook: Display: Mobile HDR setting 1
[2021.05.07-01.01.49:201][  0]LogFileCache: Scanning file cache for directory 'E:/UNREAL TRIALS/Phosphorous_BP_repo/Phosphorous/Phosphorous/Content/' took 0.01s
[2021.05.07-01.01.49:201][  0]SourceControl: Source control is disabled
[2021.05.07-01.01.49:201][  0]Cmd: MAP LOAD FILE="E:/UNREAL TRIALS/Phosphorous_BP_repo/Phosphorous/Phosphorous/Content/MannyTest/Menu/MenuLevel.umap" TEMPLATE=0 SHOWPROGRESS=1 FEATURELEVEL=3
[2021.05.07-01.01.49:201][  0]LightingResults: New page: Lighting Build
[2021.05.07-01.01.49:202][  0]LogWorld: UWorld::CleanupWorld for Untitled, bSessionEnded=true, bCleanupResources=true
[2021.05.07-01.01.49:202][  0]LogSlate: InvalidateAllWidgets triggered.  All widgets were invalidated
[2021.05.07-01.01.49:202][  0]MapCheck: New page: Map Check
[2021.05.07-01.01.49:202][  0]LightingResults: New page: Lighting Build
[2021.05.07-01.01.49:231][  0]LogUObjectHash: Compacting FUObjectHashTables data took   1.75ms
[2021.05.07-01.01.49:259][  0]LogAIModule: Creating AISystem for world MenuLevel
[2021.05.07-01.01.49:260][  0]LogEditorServer: Finished looking for orphan Actors (0.000 secs)
[2021.05.07-01.01.49:286][  0]LogUObjectHash: Compacting FUObjectHashTables data took   1.72ms
[2021.05.07-01.01.49:286][  0]Cmd: MAP CHECKDEP NOCLEARLOG
[2021.05.07-01.01.49:286][  0]MapCheck: Map check complete: 0 Error(s), 0 Warning(s), took 0.072ms to complete.
[2021.05.07-01.01.49:286][  0]LogFileHelpers: Loading map 'MenuLevel' took 0.085
[2021.05.07-01.01.49:447][  0]LogSlate: Updating window title bar state: overlay mode, drag disabled, window buttons hidden, title bar hidden
[2021.05.07-01.01.49:453][  0]LogSlate: Updating window title bar state: overlay mode, drag disabled, window buttons hidden, title bar hidden
[2021.05.07-01.01.49:459][  0]LogSlate: Updating window title bar state: overlay mode, drag disabled, window buttons hidden, title bar hidden
[2021.05.07-01.01.49:464][  0]LogSlate: Updating window title bar state: overlay mode, drag disabled, window buttons hidden, title bar hidden
[2021.05.07-01.01.49:472][  0]LogCollectionManager: Loaded 0 collections in 0.000749 seconds
[2021.05.07-01.01.49:483][  0]LogFileCache: Scanning file cache for directory 'E:/UNREAL TRIALS/Phosphorous_BP_repo/Phosphorous/Phosphorous/Saved/Collections/' took 0.00s
[2021.05.07-01.01.49:483][  0]LogFileCache: Scanning file cache for directory 'E:/UNREAL TRIALS/Phosphorous_BP_repo/Phosphorous/Phosphorous/Content/Developers/IanMichaelJesu/Collections/' took 0.00s
[2021.05.07-01.01.49:483][  0]LogFileCache: Scanning file cache for directory 'E:/UNREAL TRIALS/Phosphorous_BP_repo/Phosphorous/Phosphorous/Content/Collections/' took 0.00s
[2021.05.07-01.01.49:483][  0]LogContentBrowser: Native class hierarchy populated in 0.0071 seconds. Added 2997 classes and 701 folders.
[2021.05.07-01.01.49:488][  0]LogContentBrowser: Native class hierarchy updated for 'WidgetCarousel' in 0.0002 seconds. Added 0 classes and 0 folders.
[2021.05.07-01.01.49:568][  0]LogContentBrowser: Native class hierarchy updated for 'AddContentDialog' in 0.0002 seconds. Added 0 classes and 0 folders.
[2021.05.07-01.01.49:573][  0]LogContentBrowser: Native class hierarchy updated for 'SceneOutliner' in 0.0002 seconds. Added 2 classes and 3 folders.
[2021.05.07-01.01.50:541][  0]LogSlate: Took 0.000306 seconds to synchronously load lazily loaded font '../../../Engine/Content/Slate/Fonts/Roboto-Regular.ttf' (155K)
[2021.05.07-01.01.50:542][  0]LogSlate: Took 0.000283 seconds to synchronously load lazily loaded font '../../../Engine/Content/Slate/Fonts/Roboto-Bold.ttf' (160K)
[2021.05.07-01.01.50:547][  0]LogSlate: Took 0.000366 seconds to synchronously load lazily loaded font '../../../Engine/Content/Editor/Slate/Fonts/FontAwesome.ttf' (139K)
[2021.05.07-01.01.50:655][  0]LogRenderer: Reallocating scene render targets to support 1212x608 Format 10 NumSamples 1 (Frame:1).
[2021.05.07-01.01.50:747][  0]LogContentBrowser: Native class hierarchy updated for 'HierarchicalLODOutliner' in 0.0003 seconds. Added 0 classes and 0 folders.
[2021.05.07-01.01.50:747][  0]LogLoad: (Engine Initialization) Total time: 9.08 seconds
[2021.05.07-01.01.50:747][  0]LogLoad: (Engine Initialization) Total Blueprint compile time: 0.00 seconds
[2021.05.07-01.01.50:812][  0]LogContentStreaming: Texture pool size now 1000 MB
[2021.05.07-01.01.50:892][  1]LogAssetRegistry: Asset discovery search completed in 4.7441 seconds
[2021.05.07-01.01.50:896][  1]LogCollectionManager: Fixed up redirectors for 0 collections in 0.000007 seconds (updated 0 objects)
[2021.05.07-01.01.56:122][ 75]LogFileCache: Retrieving MD5 hashes for directory 'E:/UNREAL TRIALS/Phosphorous_BP_repo/Phosphorous/Phosphorous/Content/' took 5.36s
[2021.05.07-01.05.39:200][ 18]LogSlate: Took 0.000271 seconds to synchronously load lazily loaded font '../../../Engine/Content/Slate/Fonts/Roboto-Light.ttf' (167K)
[2021.05.07-01.05.41:602][ 33]AssetReimport: New page: Outstanding source content changes 11:05:41 AM
[2021.05.07-01.05.41:628][ 33]LogFactory: FactoryCreateFile: Texture with ReimportTextureFactory (0 0 E:/UNREAL TRIALS/Phosphorous_BP_repo/Phosphorous/Phosphorous/Content/MyAssets/MatchArtAssets/Textures/matchPickup.png)
[2021.05.07-01.05.41:690][ 34]LogFactory: FactoryCreateFile: Texture with ReimportTextureFactory (0 0 E:/UNREAL TRIALS/Phosphorous_BP_repo/Phosphorous/Phosphorous/Content/MyAssets/MatchArtAssets/Textures/matchInventory1.png)
[2021.05.07-01.05.41:794][ 34]LogSavePackage: Moving 'E:/UNREAL TRIALS/Phosphorous_BP_repo/Phosphorous/Phosphorous/Saved/matchPickup4AFCF37C4B7190BD95F5B3899282EC7E.tmp' to 'E:/UNREAL TRIALS/Phosphorous_BP_repo/Phosphorous/Phosphorous/Content/MyAssets/MatchArtAssets/Textures/matchPickup.uasset'
[2021.05.07-01.05.41:812][ 34]LogSavePackage: Moving 'E:/UNREAL TRIALS/Phosphorous_BP_repo/Phosphorous/Phosphorous/Saved/matchInventory1049168854ADDCA5AF691F29A8DD1CCCF.tmp' to 'E:/UNREAL TRIALS/Phosphorous_BP_repo/Phosphorous/Phosphorous/Content/MyAssets/MatchArtAssets/Textures/matchInventory1.uasset'
[2021.05.07-01.05.41:890][ 35]AssetCheck: New page: Asset Save: multiple assets
[2021.05.07-01.05.41:890][ 35]LogContentValidation: Display: Validating Texture2D /Game/MyAssets/MatchArtAssets/Textures/matchPickup.matchPickup
[2021.05.07-01.05.41:890][ 35]LogContentValidation: Display: Validating Texture2D /Game/MyAssets/MatchArtAssets/Textures/matchInventory1.matchInventory1
[2021.05.07-01.05.45:043][309]AssetReimport: Importing new asset /Game/MyAssets/MatchArtAssets/Textures/matchPickup.
[2021.05.07-01.05.45:043][309]AssetReimport: Importing new asset /Game/MyAssets/MatchArtAssets/Textures/matchInventory1.
[2021.05.07-01.06.24:864][888]AssetReimport: New page: Outstanding source content changes 11:06:24 AM
[2021.05.07-01.06.24:865][888]LogFactory: FactoryCreateFile: FontFace with FontFileImportFactory (0 0 E:/UNREAL TRIALS/Phosphorous_BP_repo/Phosphorous/Phosphorous/Content/MyAssets/Fonts/willow__.ttf)
[2021.05.07-01.06.27:400][888]LogSlate: Window 'Font Face Import Options' being destroyed
[2021.05.07-01.06.27:412][888]LogSlate: FontCache flush requested. Reason: UFontFace::PostEditChangeProperty
[2021.05.07-01.06.27:427][888]LogSlate: InvalidateAllWidgets triggered.  All widgets were invalidated
[2021.05.07-01.06.27:431][889]LogSlate: Took 0.000372 seconds to synchronously load lazily loaded font '../../../Engine/Content/Slate/Fonts/Roboto-Regular.ttf' (155K)
[2021.05.07-01.06.27:432][889]LogFactory: FactoryCreateFile: FontFace with FontFileImportFactory (0 0 E:/UNREAL TRIALS/Phosphorous_BP_repo/Phosphorous/Phosphorous/Content/MyAssets/Fonts/P22 FLLW TERRACOTTA REGULAR.TTF)
[2021.05.07-01.06.27:520][889]LogSlate: Took 0.000278 seconds to synchronously load lazily loaded font '../../../Engine/Content/Slate/Fonts/Roboto-Light.ttf' (167K)
[2021.05.07-01.06.29:005][889]LogSlate: Window 'Font Face Import Options' being destroyed
[2021.05.07-01.06.29:015][889]LogSlate: FontCache flush requested. Reason: UFontFace::PostEditChangeProperty
[2021.05.07-01.06.29:022][889]LogSlate: Took 0.000378 seconds to synchronously load lazily loaded font '../../../Engine/Content/Slate/Fonts/Roboto-Bold.ttf' (160K)
[2021.05.07-01.06.29:026][889]LogSlate: Took 0.000294 seconds to synchronously load lazily loaded font '../../../Engine/Content/Editor/Slate/Fonts/FontAwesome.ttf' (139K)
[2021.05.07-01.06.29:033][889]LogSlate: InvalidateAllWidgets triggered.  All widgets were invalidated
[2021.05.07-01.06.29:038][890]LogSlate: Took 0.000306 seconds to synchronously load lazily loaded font '../../../Engine/Content/Slate/Fonts/Roboto-Regular.ttf' (155K)
[2021.05.07-01.06.29:040][890]LogFactory: FactoryCreateFile: FontFace with FontFileImportFactory (0 0 E:/UNREAL TRIALS/Phosphorous_BP_repo/Phosphorous/Phosphorous/Content/MyAssets/Fonts/NothingYouCouldDo-Regular.ttf)
[2021.05.07-01.06.29:131][890]LogSlate: Took 0.000430 seconds to synchronously load lazily loaded font '../../../Engine/Content/Slate/Fonts/Roboto-Light.ttf' (167K)
[2021.05.07-01.06.29:953][890]LogSlate: Window 'Font Face Import Options' being destroyed
[2021.05.07-01.06.29:963][890]LogSlate: FontCache flush requested. Reason: UFontFace::PostEditChangeProperty
[2021.05.07-01.06.29:968][890]LogSlate: Took 0.000232 seconds to synchronously load lazily loaded font '../../../Engine/Content/Slate/Fonts/Roboto-Bold.ttf' (160K)
[2021.05.07-01.06.29:972][890]LogSlate: Took 0.000293 seconds to synchronously load lazily loaded font '../../../Engine/Content/Editor/Slate/Fonts/FontAwesome.ttf' (139K)
[2021.05.07-01.06.29:980][890]LogSlate: InvalidateAllWidgets triggered.  All widgets were invalidated
[2021.05.07-01.06.29:984][891]LogSlate: Took 0.000233 seconds to synchronously load lazily loaded font '../../../Engine/Content/Slate/Fonts/Roboto-Regular.ttf' (155K)
[2021.05.07-01.06.29:985][891]LogFactory: FactoryCreateFile: FontFace with FontFileImportFactory (0 0 E:/UNREAL TRIALS/Phosphorous_BP_repo/Phosphorous/Phosphorous/Content/MyAssets/Fonts/NOOVO_ITC_BOLD.TTF)
[2021.05.07-01.06.30:061][891]LogSlate: Took 0.000322 seconds to synchronously load lazily loaded font '../../../Engine/Content/Slate/Fonts/Roboto-Light.ttf' (167K)
[2021.05.07-01.06.30:462][891]LogSlate: Window 'Font Face Import Options' being destroyed
[2021.05.07-01.06.30:470][891]LogSlate: FontCache flush requested. Reason: UFontFace::PostEditChangeProperty
[2021.05.07-01.06.30:475][891]LogSlate: Took 0.000267 seconds to synchronously load lazily loaded font '../../../Engine/Content/Slate/Fonts/Roboto-Bold.ttf' (160K)
[2021.05.07-01.06.30:479][891]LogSlate: Took 0.000265 seconds to synchronously load lazily loaded font '../../../Engine/Content/Editor/Slate/Fonts/FontAwesome.ttf' (139K)
[2021.05.07-01.06.30:485][891]LogSlate: InvalidateAllWidgets triggered.  All widgets were invalidated
[2021.05.07-01.06.30:490][892]LogSlate: Took 0.000274 seconds to synchronously load lazily loaded font '../../../Engine/Content/Slate/Fonts/Roboto-Regular.ttf' (155K)
[2021.05.07-01.06.30:504][892]LogFactory: FactoryCreateFile: FontFace with FontFileImportFactory (0 0 E:/UNREAL TRIALS/Phosphorous_BP_repo/Phosphorous/Phosphorous/Content/MyAssets/Fonts/LongCang-Regular.ttf)
[2021.05.07-01.06.30:575][892]LogSlate: Took 0.000272 seconds to synchronously load lazily loaded font '../../../Engine/Content/Slate/Fonts/Roboto-Light.ttf' (167K)
[2021.05.07-01.06.30:954][892]LogSlate: Window 'Font Face Import Options' being destroyed
[2021.05.07-01.06.30:966][892]LogSlate: FontCache flush requested. Reason: UFontFace::PostEditChangeProperty
[2021.05.07-01.06.30:972][892]LogSlate: Took 0.000257 seconds to synchronously load lazily loaded font '../../../Engine/Content/Slate/Fonts/Roboto-Bold.ttf' (160K)
[2021.05.07-01.06.30:976][892]LogSlate: Took 0.000309 seconds to synchronously load lazily loaded font '../../../Engine/Content/Editor/Slate/Fonts/FontAwesome.ttf' (139K)
[2021.05.07-01.06.30:983][892]LogSlate: InvalidateAllWidgets triggered.  All widgets were invalidated
[2021.05.07-01.06.30:989][893]LogSlate: Took 0.000369 seconds to synchronously load lazily loaded font '../../../Engine/Content/Slate/Fonts/Roboto-Regular.ttf' (155K)
[2021.05.07-01.06.30:991][893]LogFactory: FactoryCreateFile: FontFace with FontFileImportFactory (0 0 E:/UNREAL TRIALS/Phosphorous_BP_repo/Phosphorous/Phosphorous/Content/MyAssets/Fonts/Impact Label Reversed.ttf)
[2021.05.07-01.06.31:068][893]LogSlate: Took 0.000319 seconds to synchronously load lazily loaded font '../../../Engine/Content/Slate/Fonts/Roboto-Light.ttf' (167K)
[2021.05.07-01.06.31:479][893]LogSlate: Window 'Font Face Import Options' being destroyed
[2021.05.07-01.06.31:490][893]LogSlate: FontCache flush requested. Reason: UFontFace::PostEditChangeProperty
[2021.05.07-01.06.31:498][893]LogSlate: Took 0.000360 seconds to synchronously load lazily loaded font '../../../Engine/Content/Slate/Fonts/Roboto-Bold.ttf' (160K)
[2021.05.07-01.06.31:502][893]LogSlate: Took 0.000256 seconds to synchronously load lazily loaded font '../../../Engine/Content/Editor/Slate/Fonts/FontAwesome.ttf' (139K)
[2021.05.07-01.06.31:510][893]LogSlate: InvalidateAllWidgets triggered.  All widgets were invalidated
[2021.05.07-01.06.31:515][894]LogSlate: Took 0.000296 seconds to synchronously load lazily loaded font '../../../Engine/Content/Slate/Fonts/Roboto-Regular.ttf' (155K)
[2021.05.07-01.06.31:517][894]LogFactory: FactoryCreateFile: FontFace with FontFileImportFactory (0 0 E:/UNREAL TRIALS/Phosphorous_BP_repo/Phosphorous/Phosphorous/Content/MyAssets/Fonts/IBMPlexSans-Medium.ttf)
[2021.05.07-01.06.31:590][894]LogSlate: Took 0.000357 seconds to synchronously load lazily loaded font '../../../Engine/Content/Slate/Fonts/Roboto-Light.ttf' (167K)
[2021.05.07-01.06.31:974][894]LogSlate: Window 'Font Face Import Options' being destroyed
[2021.05.07-01.06.31:983][894]LogSlate: FontCache flush requested. Reason: UFontFace::PostEditChangeProperty
[2021.05.07-01.06.31:989][894]LogSlate: Took 0.000350 seconds to synchronously load lazily loaded font '../../../Engine/Content/Slate/Fonts/Roboto-Bold.ttf' (160K)
[2021.05.07-01.06.31:992][894]LogSlate: Took 0.000260 seconds to synchronously load lazily loaded font '../../../Engine/Content/Editor/Slate/Fonts/FontAwesome.ttf' (139K)
[2021.05.07-01.06.31:999][894]LogSlate: InvalidateAllWidgets triggered.  All widgets were invalidated
[2021.05.07-01.06.32:004][895]LogSlate: Took 0.000219 seconds to synchronously load lazily loaded font '../../../Engine/Content/Slate/Fonts/Roboto-Regular.ttf' (155K)
[2021.05.07-01.06.32:006][895]LogFactory: FactoryCreateFile: FontFace with FontFileImportFactory (0 0 E:/UNREAL TRIALS/Phosphorous_BP_repo/Phosphorous/Phosphorous/Content/MyAssets/Fonts/Antonio-VariableFont_wght.ttf)
[2021.05.07-01.06.32:075][895]LogSlate: Took 0.000271 seconds to synchronously load lazily loaded font '../../../Engine/Content/Slate/Fonts/Roboto-Light.ttf' (167K)
[2021.05.07-01.06.32:477][895]LogSlate: Window 'Font Face Import Options' being destroyed
[2021.05.07-01.06.32:485][895]LogSlate: FontCache flush requested. Reason: UFontFace::PostEditChangeProperty
[2021.05.07-01.06.32:490][895]LogSlate: Took 0.000424 seconds to synchronously load lazily loaded font '../../../Engine/Content/Slate/Fonts/Roboto-Bold.ttf' (160K)
[2021.05.07-01.06.32:495][895]LogSlate: Took 0.000522 seconds to synchronously load lazily loaded font '../../../Engine/Content/Editor/Slate/Fonts/FontAwesome.ttf' (139K)
[2021.05.07-01.06.32:504][895]LogSlate: InvalidateAllWidgets triggered.  All widgets were invalidated
[2021.05.07-01.06.32:516][896]LogSlate: Took 0.000259 seconds to synchronously load lazily loaded font '../../../Engine/Content/Slate/Fonts/Roboto-Light.ttf' (167K)
[2021.05.07-01.06.32:525][896]LogSlate: Took 0.000249 seconds to synchronously load lazily loaded font '../../../Engine/Content/Slate/Fonts/Roboto-Regular.ttf' (155K)
[2021.05.07-01.06.32:537][896]Cmd: OBJ SAVEPACKAGE PACKAGE="/Game/MyAssets/Fonts/willow__" FILE="E:/UNREAL TRIALS/Phosphorous_BP_repo/Phosphorous/Phosphorous/Content/MyAssets/Fonts/willow__.uasset" SILENT=true
[2021.05.07-01.06.32:539][896]LogSavePackage: Moving 'E:/UNREAL TRIALS/Phosphorous_BP_repo/Phosphorous/Phosphorous/Saved/willow__A92F3CC54A5969AC6F0CC2A9DFB4B2AB.tmp' to 'E:/UNREAL TRIALS/Phosphorous_BP_repo/Phosphorous/Phosphorous/Content/MyAssets/Fonts/willow__.uasset'
[2021.05.07-01.06.32:541][896]LogSavePackage: Moving 'E:/UNREAL TRIALS/Phosphorous_BP_repo/Phosphorous/Phosphorous/Saved/P22_FLLW_TERRACOTTA_REGULARB5474C9D45D1EACE6367EDAE787A84DD.tmp' to 'E:/UNREAL TRIALS/Phosphorous_BP_repo/Phosphorous/Phosphorous/Content/MyAssets/Fonts/P22_FLLW_TERRACOTTA_REGULAR.uasset'
[2021.05.07-01.06.32:544][896]LogSavePackage: Moving 'E:/UNREAL TRIALS/Phosphorous_BP_repo/Phosphorous/Phosphorous/Saved/NothingYouCouldDo-RegularEAF7F98C4479738541B75D8D90E39E6A.tmp' to 'E:/UNREAL TRIALS/Phosphorous_BP_repo/Phosphorous/Phosphorous/Content/MyAssets/Fonts/NothingYouCouldDo-Regular.uasset'
[2021.05.07-01.06.32:545][896]Cmd: OBJ SAVEPACKAGE PACKAGE="/Game/MyAssets/Fonts/NOOVO_ITC_BOLD" FILE="E:/UNREAL TRIALS/Phosphorous_BP_repo/Phosphorous/Phosphorous/Content/MyAssets/Fonts/NOOVO_ITC_BOLD.uasset" SILENT=true
[2021.05.07-01.06.32:547][896]LogSavePackage: Moving 'E:/UNREAL TRIALS/Phosphorous_BP_repo/Phosphorous/Phosphorous/Saved/NOOVO_ITC_BOLDF96CC250402F915AF5B2AE92A2004328.tmp' to 'E:/UNREAL TRIALS/Phosphorous_BP_repo/Phosphorous/Phosphorous/Content/MyAssets/Fonts/NOOVO_ITC_BOLD.uasset'
[2021.05.07-01.06.32:548][896]Cmd: OBJ SAVEPACKAGE PACKAGE="/Game/MyAssets/Fonts/LongCang-Regular" FILE="E:/UNREAL TRIALS/Phosphorous_BP_repo/Phosphorous/Phosphorous/Content/MyAssets/Fonts/LongCang-Regular.uasset" SILENT=true
[2021.05.07-01.06.32:551][896]LogSavePackage: Moving 'E:/UNREAL TRIALS/Phosphorous_BP_repo/Phosphorous/Phosphorous/Saved/LongCang-Regular630B1EB4433822A6D9DF3A8CAD9BF416.tmp' to 'E:/UNREAL TRIALS/Phosphorous_BP_repo/Phosphorous/Phosphorous/Content/MyAssets/Fonts/LongCang-Regular.uasset'
[2021.05.07-01.06.32:555][896]LogSavePackage: Moving 'E:/UNREAL TRIALS/Phosphorous_BP_repo/Phosphorous/Phosphorous/Saved/Impact_Label_ReversedE5955EBB4159BCC5A2E4D2AAF934218C.tmp' to 'E:/UNREAL TRIALS/Phosphorous_BP_repo/Phosphorous/Phosphorous/Content/MyAssets/Fonts/Impact_Label_Reversed.uasset'
[2021.05.07-01.06.32:556][896]Cmd: OBJ SAVEPACKAGE PACKAGE="/Game/MyAssets/Fonts/IBMPlexSans-Medium" FILE="E:/UNREAL TRIALS/Phosphorous_BP_repo/Phosphorous/Phosphorous/Content/MyAssets/Fonts/IBMPlexSans-Medium.uasset" SILENT=true
[2021.05.07-01.06.32:557][896]LogSavePackage: Moving 'E:/UNREAL TRIALS/Phosphorous_BP_repo/Phosphorous/Phosphorous/Saved/IBMPlexSans-Medium6EC00C1A40843F7F575598902A3B7582.tmp' to 'E:/UNREAL TRIALS/Phosphorous_BP_repo/Phosphorous/Phosphorous/Content/MyAssets/Fonts/IBMPlexSans-Medium.uasset'
[2021.05.07-01.06.32:560][896]LogSavePackage: Moving 'E:/UNREAL TRIALS/Phosphorous_BP_repo/Phosphorous/Phosphorous/Saved/Antonio-VariableFont_wghtDE57FFCA4E1A3B7AD4314EA5D10FD768.tmp' to 'E:/UNREAL TRIALS/Phosphorous_BP_repo/Phosphorous/Phosphorous/Content/MyAssets/Fonts/Antonio-VariableFont_wght.uasset'
[2021.05.07-01.06.32:584][896]LogSlate: Took 0.000421 seconds to synchronously load lazily loaded font '../../../Engine/Content/Slate/Fonts/Roboto-Bold.ttf' (160K)
[2021.05.07-01.06.32:588][896]LogSlate: Took 0.000450 seconds to synchronously load lazily loaded font '../../../Engine/Content/Editor/Slate/Fonts/FontAwesome.ttf' (139K)
[2021.05.07-01.06.32:621][897]AssetCheck: New page: Asset Save: multiple assets
[2021.05.07-01.06.32:621][897]LogContentValidation: Display: Validating FontFace /Game/MyAssets/Fonts/willow__.willow__
[2021.05.07-01.06.32:621][897]LogContentValidation: Display: Validating FontFace /Game/MyAssets/Fonts/P22_FLLW_TERRACOTTA_REGULAR.P22_FLLW_TERRACOTTA_REGULAR
[2021.05.07-01.06.32:621][897]LogContentValidation: Display: Validating FontFace /Game/MyAssets/Fonts/NothingYouCouldDo-Regular.NothingYouCouldDo-Regular
[2021.05.07-01.06.32:621][897]LogContentValidation: Display: Validating FontFace /Game/MyAssets/Fonts/NOOVO_ITC_BOLD.NOOVO_ITC_BOLD
[2021.05.07-01.06.32:621][897]LogContentValidation: Display: Validating FontFace /Game/MyAssets/Fonts/LongCang-Regular.LongCang-Regular
[2021.05.07-01.06.32:621][897]LogContentValidation: Display: Validating FontFace /Game/MyAssets/Fonts/Impact_Label_Reversed.Impact_Label_Reversed
[2021.05.07-01.06.32:621][897]LogContentValidation: Display: Validating FontFace /Game/MyAssets/Fonts/IBMPlexSans-Medium.IBMPlexSans-Medium
[2021.05.07-01.06.32:621][897]LogContentValidation: Display: Validating FontFace /Game/MyAssets/Fonts/Antonio-VariableFont_wght.Antonio-VariableFont_wght
[2021.05.07-01.06.35:892][ 79]AssetReimport: Importing new asset /Game/MyAssets/Fonts/willow__.
[2021.05.07-01.06.35:892][ 79]AssetReimport: Importing new asset /Game/MyAssets/Fonts/P22_FLLW_TERRACOTTA_REGULAR.
[2021.05.07-01.06.35:892][ 79]AssetReimport: Importing new asset /Game/MyAssets/Fonts/NothingYouCouldDo-Regular.
[2021.05.07-01.06.35:892][ 79]AssetReimport: Importing new asset /Game/MyAssets/Fonts/NOOVO_ITC_BOLD.
[2021.05.07-01.06.35:892][ 79]AssetReimport: Importing new asset /Game/MyAssets/Fonts/LongCang-Regular.
[2021.05.07-01.06.35:892][ 79]AssetReimport: Importing new asset /Game/MyAssets/Fonts/Impact_Label_Reversed.
[2021.05.07-01.06.35:892][ 79]AssetReimport: Importing new asset /Game/MyAssets/Fonts/IBMPlexSans-Medium.
[2021.05.07-01.06.35:892][ 79]AssetReimport: Importing new asset /Game/MyAssets/Fonts/Antonio-VariableFont_wght.
[2021.05.07-01.11.51:589][208]LogUObjectHash: Compacting FUObjectHashTables data took   1.38ms
[2021.05.07-01.11.51:591][208]LogFileHelpers: Editor autosave (incl. sublevels) for '/Game/MannyTest/Menu/MenuLevel' took 0.027
[2021.05.07-01.11.51:591][208]OBJ SavePackage: Generating thumbnails for [1] asset(s) in package [/Game/MyAssets/Fonts/willow___Font] ([1] browsable assets)...
[2021.05.07-01.11.51:598][208]OBJ SavePackage:     Rendered thumbnail for [Font /Game/MyAssets/Fonts/willow___Font.willow___Font]
[2021.05.07-01.11.51:598][208]OBJ SavePackage: Finished generating thumbnails for package [/Game/MyAssets/Fonts/willow___Font]
[2021.05.07-01.11.51:605][208]LogSavePackage: Moving 'E:/UNREAL TRIALS/Phosphorous_BP_repo/Phosphorous/Phosphorous/Saved/willow___Font_Auto18094A92B475A3C3831486E859A8D11EA.tmp' to 'E:/UNREAL TRIALS/Phosphorous_BP_repo/Phosphorous/Phosphorous/Saved/Autosaves/Game/MyAssets/Fonts/willow___Font_Auto1.uasset'
[2021.05.07-01.11.51:605][208]OBJ SavePackage: Generating thumbnails for [1] asset(s) in package [/Game/MyAssets/Fonts/P22_FLLW_TERRACOTTA_REGULAR_Font] ([1] browsable assets)...
[2021.05.07-01.11.51:612][208]OBJ SavePackage:     Rendered thumbnail for [Font /Game/MyAssets/Fonts/P22_FLLW_TERRACOTTA_REGULAR_Font.P22_FLLW_TERRACOTTA_REGULAR_Font]
[2021.05.07-01.11.51:612][208]OBJ SavePackage: Finished generating thumbnails for package [/Game/MyAssets/Fonts/P22_FLLW_TERRACOTTA_REGULAR_Font]
[2021.05.07-01.11.51:618][208]LogSavePackage: Moving 'E:/UNREAL TRIALS/Phosphorous_BP_repo/Phosphorous/Phosphorous/Saved/P22_FLLW_TERRACOTTA_REGULAR_FontE556F2454588721AFD53A89B2E5E5005.tmp' to 'E:/UNREAL TRIALS/Phosphorous_BP_repo/Phosphorous/Phosphorous/Saved/Autosaves/Game/MyAssets/Fonts/P22_FLLW_TERRACOTTA_REGULAR_Font_Auto1.uasset'
[2021.05.07-01.11.51:619][208]OBJ SavePackage: Generating thumbnails for [1] asset(s) in package [/Game/MyAssets/Fonts/NothingYouCouldDo-Regular_Font] ([1] browsable assets)...
[2021.05.07-01.11.51:623][208]OBJ SavePackage:     Rendered thumbnail for [Font /Game/MyAssets/Fonts/NothingYouCouldDo-Regular_Font.NothingYouCouldDo-Regular_Font]
[2021.05.07-01.11.51:623][208]OBJ SavePackage: Finished generating thumbnails for package [/Game/MyAssets/Fonts/NothingYouCouldDo-Regular_Font]
[2021.05.07-01.11.51:628][208]LogSavePackage: Moving 'E:/UNREAL TRIALS/Phosphorous_BP_repo/Phosphorous/Phosphorous/Saved/NothingYouCouldDo-Regular_Font_A7885676F4787A261A8C4BAAFC759F136.tmp' to 'E:/UNREAL TRIALS/Phosphorous_BP_repo/Phosphorous/Phosphorous/Saved/Autosaves/Game/MyAssets/Fonts/NothingYouCouldDo-Regular_Font_Auto1.uasset'
[2021.05.07-01.11.51:629][208]OBJ SavePackage: Generating thumbnails for [1] asset(s) in package [/Game/MyAssets/Fonts/NOOVO_ITC_BOLD_Font] ([1] browsable assets)...
[2021.05.07-01.11.51:640][208]OBJ SavePackage:     Rendered thumbnail for [Font /Game/MyAssets/Fonts/NOOVO_ITC_BOLD_Font.NOOVO_ITC_BOLD_Font]
[2021.05.07-01.11.51:640][208]OBJ SavePackage: Finished generating thumbnails for package [/Game/MyAssets/Fonts/NOOVO_ITC_BOLD_Font]
[2021.05.07-01.11.51:646][208]LogSavePackage: Moving 'E:/UNREAL TRIALS/Phosphorous_BP_repo/Phosphorous/Phosphorous/Saved/NOOVO_ITC_BOLD_Font_Auto1B0B269F94948923E1B363389FB5BA4FB.tmp' to 'E:/UNREAL TRIALS/Phosphorous_BP_repo/Phosphorous/Phosphorous/Saved/Autosaves/Game/MyAssets/Fonts/NOOVO_ITC_BOLD_Font_Auto1.uasset'
[2021.05.07-01.11.51:647][208]OBJ SavePackage: Generating thumbnails for [1] asset(s) in package [/Game/MyAssets/Fonts/LongCang-Regular_Font] ([1] browsable assets)...
[2021.05.07-01.11.51:656][208]OBJ SavePackage:     Rendered thumbnail for [Font /Game/MyAssets/Fonts/LongCang-Regular_Font.LongCang-Regular_Font]
[2021.05.07-01.11.51:656][208]OBJ SavePackage: Finished generating thumbnails for package [/Game/MyAssets/Fonts/LongCang-Regular_Font]
[2021.05.07-01.11.51:662][208]LogSavePackage: Moving 'E:/UNREAL TRIALS/Phosphorous_BP_repo/Phosphorous/Phosphorous/Saved/LongCang-Regular_Font_Auto16B583D7845D4CFD59DDDCAB5930F5676.tmp' to 'E:/UNREAL TRIALS/Phosphorous_BP_repo/Phosphorous/Phosphorous/Saved/Autosaves/Game/MyAssets/Fonts/LongCang-Regular_Font_Auto1.uasset'
[2021.05.07-01.11.51:663][208]OBJ SavePackage: Generating thumbnails for [1] asset(s) in package [/Game/MyAssets/Fonts/Impact_Label_Reversed_Font] ([1] browsable assets)...
[2021.05.07-01.11.51:673][208]OBJ SavePackage:     Rendered thumbnail for [Font /Game/MyAssets/Fonts/Impact_Label_Reversed_Font.Impact_Label_Reversed_Font]
[2021.05.07-01.11.51:673][208]OBJ SavePackage: Finished generating thumbnails for package [/Game/MyAssets/Fonts/Impact_Label_Reversed_Font]
[2021.05.07-01.11.51:679][208]LogSavePackage: Moving 'E:/UNREAL TRIALS/Phosphorous_BP_repo/Phosphorous/Phosphorous/Saved/Impact_Label_Reversed_Font_Auto1B3152D9E455FB0FFF33E9F82B7AD8868.tmp' to 'E:/UNREAL TRIALS/Phosphorous_BP_repo/Phosphorous/Phosphorous/Saved/Autosaves/Game/MyAssets/Fonts/Impact_Label_Reversed_Font_Auto1.uasset'
[2021.05.07-01.11.51:680][208]OBJ SavePackage: Generating thumbnails for [1] asset(s) in package [/Game/MyAssets/Fonts/IBMPlexSans-Medium_Font] ([1] browsable assets)...
[2021.05.07-01.11.51:690][208]OBJ SavePackage:     Rendered thumbnail for [Font /Game/MyAssets/Fonts/IBMPlexSans-Medium_Font.IBMPlexSans-Medium_Font]
[2021.05.07-01.11.51:690][208]OBJ SavePackage: Finished generating thumbnails for package [/Game/MyAssets/Fonts/IBMPlexSans-Medium_Font]
[2021.05.07-01.11.51:697][208]LogSavePackage: Moving 'E:/UNREAL TRIALS/Phosphorous_BP_repo/Phosphorous/Phosphorous/Saved/IBMPlexSans-Medium_Font_Auto1A4B97AA847DD4046270AC1B488C4E1F0.tmp' to 'E:/UNREAL TRIALS/Phosphorous_BP_repo/Phosphorous/Phosphorous/Saved/Autosaves/Game/MyAssets/Fonts/IBMPlexSans-Medium_Font_Auto1.uasset'
[2021.05.07-01.11.51:698][208]OBJ SavePackage: Generating thumbnails for [1] asset(s) in package [/Game/MyAssets/Fonts/Antonio-VariableFont_wght_Font] ([1] browsable assets)...
[2021.05.07-01.11.51:707][208]OBJ SavePackage:     Rendered thumbnail for [Font /Game/MyAssets/Fonts/Antonio-VariableFont_wght_Font.Antonio-VariableFont_wght_Font]
[2021.05.07-01.11.51:707][208]OBJ SavePackage: Finished generating thumbnails for package [/Game/MyAssets/Fonts/Antonio-VariableFont_wght_Font]
[2021.05.07-01.11.51:713][208]LogSavePackage: Moving 'E:/UNREAL TRIALS/Phosphorous_BP_repo/Phosphorous/Phosphorous/Saved/Antonio-VariableFont_wght_Font_A52A91FD24D4B2A070172BABC83E60886.tmp' to 'E:/UNREAL TRIALS/Phosphorous_BP_repo/Phosphorous/Phosphorous/Saved/Autosaves/Game/MyAssets/Fonts/Antonio-VariableFont_wght_Font_Auto1.uasset'
[2021.05.07-01.11.51:713][208]LogFileHelpers: Auto-saving content packages took 0.122
[2021.05.07-01.36.58:160][679]LogAudioMixer: Display: Audio Buffer Underrun detected.
