Log file open, 04/11/21 13:02:10
LogWindows: Failed to load 'aqProf.dll' (GetLastError=126)
LogWindows: File 'aqProf.dll' does not exist
LogWindows: Failed to load 'VtuneApi.dll' (GetLastError=126)
LogWindows: File 'VtuneApi.dll' does not exist
LogWindows: Failed to load 'VtuneApi32e.dll' (GetLastError=126)
LogWindows: File 'VtuneApi32e.dll' does not exist
LogConsoleResponse: Display: Failed to find resolution value strings in scalability ini. Falling back to default.
LogInit: Display: Running engine for game: Phosphorous
LogPlatformFile: Not using cached read wrapper
LogTaskGraph: Started task graph with 5 named threads and 14 total threads with 3 sets of task threads.
LogStats: Stats thread started at 0.129859
LogD3D11RHI: Loaded GFSDK_Aftermath_Lib.x64.dll
LogICUInternationalization: ICU TimeZone Detection - Raw Offset: -8:00, Platform Override: ''
LogPluginManager: Mounting plugin Paper2D
LogPluginManager: Mounting plugin AISupport
LogPluginManager: Mounting plugin LightPropagationVolume
LogPluginManager: Mounting plugin ActorLayerUtilities
LogPluginManager: Mounting plugin AnimationSharing
LogPluginManager: Mounting plugin CLionSourceCodeAccess
LogPluginManager: Mounting plugin CodeLiteSourceCodeAccess
LogPluginManager: Mounting plugin GitSourceControl
LogPluginManager: Mounting plugin KDevelopSourceCodeAccess
LogPluginManager: Mounting plugin NullSourceCodeAccess
LogPluginManager: Mounting plugin PerforceSourceControl
LogPluginManager: Mounting plugin PlasticSourceControl
LogPluginManager: Mounting plugin SubversionSourceControl
LogPluginManager: Mounting plugin UObjectPlugin
LogPluginManager: Mounting plugin VisualStudioCodeSourceCodeAccess
LogPluginManager: Mounting plugin VisualStudioSourceCodeAccess
LogPluginManager: Mounting plugin XCodeSourceCodeAccess
LogPluginManager: Mounting plugin AssetManagerEditor
LogPluginManager: Mounting plugin CryptoKeys
LogPluginManager: Mounting plugin CurveEditorTools
LogPluginManager: Mounting plugin DataValidation
LogPluginManager: Mounting plugin FacialAnimation
LogPluginManager: Mounting plugin GameplayTagsEditor
LogPluginManager: Mounting plugin MacGraphicsSwitching
LogPluginManager: Mounting plugin MaterialAnalyzer
LogPluginManager: Mounting plugin MobileLauncherProfileWizard
LogPluginManager: Mounting plugin PluginBrowser
LogPluginManager: Mounting plugin SpeedTreeImporter
LogPluginManager: Mounting plugin DatasmithContent
LogPluginManager: Mounting plugin VariantManagerContent
LogPluginManager: Mounting plugin AlembicImporter
LogPluginManager: Mounting plugin AutomationUtils
LogPluginManager: Mounting plugin BackChannel
LogPluginManager: Mounting plugin CharacterAI
LogPluginManager: Mounting plugin GeometryCache
LogPluginManager: Mounting plugin PlatformCrypto
LogPluginManager: Mounting plugin ProxyLODPlugin
LogPluginManager: Mounting plugin SkeletalReduction
LogPluginManager: Mounting plugin MagicLeap
LogPluginManager: Mounting plugin MagicLeapMedia
LogPluginManager: Mounting plugin MLSDK
LogPluginManager: Mounting plugin AndroidMedia
LogPluginManager: Mounting plugin AvfMedia
LogPluginManager: Mounting plugin ImgMedia
LogPluginManager: Mounting plugin MediaCompositing
LogPluginManager: Mounting plugin MediaPlayerEditor
LogPluginManager: Mounting plugin WebMMedia
LogPluginManager: Mounting plugin WmfMedia
LogPluginManager: Mounting plugin TcpMessaging
LogPluginManager: Mounting plugin UdpMessaging
LogPluginManager: Mounting plugin ActorSequence
LogPluginManager: Mounting plugin LevelSequenceEditor
LogPluginManager: Mounting plugin MatineeToLevelSequence
LogPluginManager: Mounting plugin NetcodeUnitTest
LogPluginManager: Mounting plugin NUTUnrealEngine4
LogPluginManager: Mounting plugin OnlineSubsystemGooglePlay
LogPluginManager: Mounting plugin OnlineSubsystemIOS
LogPluginManager: Mounting plugin OnlineSubsystem
LogPluginManager: Mounting plugin OnlineSubsystemNull
LogPluginManager: Mounting plugin OnlineSubsystemUtils
LogPluginManager: Mounting plugin LauncherChunkInstaller
LogPluginManager: Mounting plugin AndroidDeviceProfileSelector
LogPluginManager: Mounting plugin AndroidMoviePlayer
LogPluginManager: Mounting plugin AndroidPermission
LogPluginManager: Mounting plugin AppleImageUtils
LogPluginManager: Mounting plugin AppleMoviePlayer
LogPluginManager: Mounting plugin ArchVisCharacter
LogPluginManager: Mounting plugin AssetTags
LogPluginManager: Mounting plugin AudioCapture
LogPluginManager: Mounting plugin CableComponent
LogPluginManager: Mounting plugin CustomMeshComponent
LogPluginManager: Mounting plugin EditableMesh
LogPluginManager: Mounting plugin ExampleDeviceProfileSelector
LogPluginManager: Mounting plugin GoogleCloudMessaging
LogPluginManager: Mounting plugin IOSDeviceProfileSelector
LogPluginManager: Mounting plugin LinuxDeviceProfileSelector
LogPluginManager: Mounting plugin LocationServicesBPLibrary
LogPluginManager: Mounting plugin MobilePatchingUtils
LogPluginManager: Mounting plugin PhysXVehicles
LogPluginManager: Mounting plugin PostSplashScreen
LogPluginManager: Mounting plugin ProceduralMeshComponent
LogPluginManager: Mounting plugin RuntimePhysXCooking
LogPluginManager: Mounting plugin SignificanceManager
LogPluginManager: Mounting plugin WebMMoviePlayer
LogPluginManager: Mounting plugin WindowsMoviePlayer
LogPluginManager: Mounting plugin ScreenshotTools
LogInit: Using libcurl 7.55.1-DEV
LogInit:  - built for x86_64-pc-win32
LogInit:  - supports SSL with OpenSSL/1.1.1
LogInit:  - supports HTTP deflate (compression) using libz 1.2.8
LogInit:  - other features:
LogInit:      CURL_VERSION_SSL
LogInit:      CURL_VERSION_LIBZ
LogInit:      CURL_VERSION_IPV6
LogInit:      CURL_VERSION_ASYNCHDNS
LogInit:      CURL_VERSION_LARGEFILE
LogInit:      CURL_VERSION_IDN
LogInit:  CurlRequestOptions (configurable via config and command line):
LogInit:  - bVerifyPeer = true  - Libcurl will verify peer certificate
LogInit:  - bUseHttpProxy = false  - Libcurl will NOT use HTTP proxy
LogInit:  - bDontReuseConnections = false  - Libcurl will reuse connections
LogInit:  - MaxHostConnections = 16  - Libcurl will limit the number of connections to a host
LogInit:  - LocalHostAddr = Default
LogInit:  - BufferSize = 65536
LogOnline: OSS: Creating online subsystem instance for: NULL
LogInit: WinSock: version 1.1 (2.2), MaxSocks=32767, MaxUdp=65467
LogOnline: OSS: TryLoadSubsystemAndSetDefault: Loaded subsystem for module [NULL]
LogInit: Build: ++UE4+Release-4.24-CL-11590370
LogInit: Engine Version: 4.24.3-11590370+++UE4+Release-4.24
LogInit: Compatible Engine Version: 4.24.0-10570792+++UE4+Release-4.24
LogInit: Net CL: 10570792
LogInit: OS: Windows 10 (Release 2004) (), CPU:         Intel(R) Core(TM) i5-3450 CPU @ 3.10GHz, GPU: NVIDIA GeForce GTX 650 Ti
LogInit: Compiled (64-bit): Feb 24 2020 15:39:18
LogInit: Compiled with Visual C++: 19.16.27032.01
LogInit: Build Configuration: Development
LogInit: Branch Name: ++UE4+Release-4.24
LogInit: Command Line: 
LogInit: Base Directory: C:/Program Files/Epic Games/UE_4.24/Engine/Binaries/Win64/
LogInit: Installed Engine Build: 1
LogDevObjectVersion: Number of dev versions registered: 25
LogDevObjectVersion:   Dev-Blueprints (B0D832E4-1F89-4F0D-ACCF-7EB736FD4AA2): 10
LogDevObjectVersion:   Dev-Build (E1C64328-A22C-4D53-A36C-8E866417BD8C): 0
LogDevObjectVersion:   Dev-Core (375EC13C-06E4-48FB-B500-84F0262A717E): 3
LogDevObjectVersion:   Dev-Editor (E4B068ED-F494-42E9-A231-DA0B2E46BB41): 37
LogDevObjectVersion:   Dev-Framework (CFFC743F-43B0-4480-9391-14DF171D2073): 36
LogDevObjectVersion:   Dev-Mobile (B02B49B5-BB20-44E9-A304-32B752E40360): 2
LogDevObjectVersion:   Dev-Networking (A4E4105C-59A1-49B5-A7C5-40C4547EDFEE): 0
LogDevObjectVersion:   Dev-Online (39C831C9-5AE6-47DC-9A44-9C173E1C8E7C): 0
LogDevObjectVersion:   Dev-Physics (78F01B33-EBEA-4F98-B9B4-84EACCB95AA2): 2
LogDevObjectVersion:   Dev-Platform (6631380F-2D4D-43E0-8009-CF276956A95A): 0
LogDevObjectVersion:   Dev-Rendering (12F88B9F-8875-4AFC-A67C-D90C383ABD29): 36
LogDevObjectVersion:   Dev-Sequencer (7B5AE74C-D270-4C10-A958-57980B212A5A): 11
LogDevObjectVersion:   Dev-VR (D7296918-1DD6-4BDD-9DE2-64A83CC13884): 2
LogDevObjectVersion:   Dev-LoadTimes (C2A15278-BFE7-4AFE-6C17-90FF531DF755): 1
LogDevObjectVersion:   Private-Geometry (6EACA3D4-40EC-4CC1-B786-8BED09428FC5): 3
LogDevObjectVersion:   Dev-AnimPhys (29E575DD-E0A3-4627-9D10-D276232CDCEA): 17
LogDevObjectVersion:   Dev-Anim (AF43A65D-7FD3-4947-9873-3E8ED9C1BB05): 2
LogDevObjectVersion:   Dev-ReflectionCapture (6B266CEC-1EC7-4B8F-A30B-E4D90942FC07): 1
LogDevObjectVersion:   Dev-Automation (0DF73D61-A23F-47EA-B727-89E90C41499A): 1
LogDevObjectVersion:   FortniteMain (601D1886-AC64-4F84-AA16-D3DE0DEAC7D6): 31
LogDevObjectVersion:   Dev-Enterprise (9DFFBCD6-494F-0158-E221-12823C92A888): 8
LogDevObjectVersion:   Dev-Niagara (F2AED0AC-9AFE-416F-8664-AA7FFA26D6FC): 1
LogDevObjectVersion:   Dev-Destruction (174F1F0B-B4C6-45A5-B13F-2EE8D0FB917D): 9
LogDevObjectVersion:   Dev-Physics-Ext (35F94A83-E258-406C-A318-09F59610247C): 8
LogDevObjectVersion:   Dev-CineCamera (B2E18506-4273-CFC2-A54E-F4BB758BBA07): 1
LogInit: Presizing for max 25165824 objects, including 0 objects not considered by GC, pre-allocating 0 bytes for permanent pool.
LogInit: Object subsystem initialized
LogConfig: Setting CVar [[con.DebugEarlyDefault:1]]
LogConfig: Setting CVar [[r.setres:1280x720]]
[2021.04.11-20.02.11:184][  0]LogConfig: Setting CVar [[r.VSync:0]]
[2021.04.11-20.02.11:184][  0]LogConfig: Setting CVar [[r.RHICmdBypass:0]]
[2021.04.11-20.02.11:184][  0]LogConfig: Applying CVar settings from Section [/Script/Engine.RendererSettings] File [C:/Users/Emmanuel/Desktop/Phosphorus/Phosphorous/Phosphorous/Saved/Config/Windows/Engine.ini]
[2021.04.11-20.02.11:184][  0]LogConfig: Setting CVar [[r.GPUCrashDebugging:0]]
[2021.04.11-20.02.11:184][  0]LogConfig: Applying CVar settings from Section [/Script/Engine.RendererOverrideSettings] File [C:/Users/Emmanuel/Desktop/Phosphorus/Phosphorous/Phosphorous/Saved/Config/Windows/Engine.ini]
[2021.04.11-20.02.11:184][  0]LogConfig: Applying CVar settings from Section [/Script/Engine.StreamingSettings] File [C:/Users/Emmanuel/Desktop/Phosphorus/Phosphorous/Phosphorous/Saved/Config/Windows/Engine.ini]
[2021.04.11-20.02.11:184][  0]LogConfig: Setting CVar [[s.MinBulkDataSizeForAsyncLoading:131072]]
[2021.04.11-20.02.11:184][  0]LogConfig: Setting CVar [[s.AsyncLoadingThreadEnabled:0]]
[2021.04.11-20.02.11:184][  0]LogConfig: Setting CVar [[s.EventDrivenLoaderEnabled:1]]
[2021.04.11-20.02.11:184][  0]LogConfig: Setting CVar [[s.WarnIfTimeLimitExceeded:0]]
[2021.04.11-20.02.11:184][  0]LogConfig: Setting CVar [[s.TimeLimitExceededMultiplier:1.5]]
[2021.04.11-20.02.11:184][  0]LogConfig: Setting CVar [[s.TimeLimitExceededMinTime:0.005]]
[2021.04.11-20.02.11:184][  0]LogConfig: Setting CVar [[s.UseBackgroundLevelStreaming:1]]
[2021.04.11-20.02.11:184][  0]LogConfig: Setting CVar [[s.PriorityAsyncLoadingExtraTime:15.0]]
[2021.04.11-20.02.11:184][  0]LogConfig: Setting CVar [[s.LevelStreamingActorsUpdateTimeLimit:5.0]]
[2021.04.11-20.02.11:184][  0]LogConfig: Setting CVar [[s.PriorityLevelStreamingActorsUpdateExtraTime:5.0]]
[2021.04.11-20.02.11:184][  0]LogConfig: Setting CVar [[s.LevelStreamingComponentsRegistrationGranularity:10]]
[2021.04.11-20.02.11:184][  0]LogConfig: Setting CVar [[s.UnregisterComponentsTimeLimit:1.0]]
[2021.04.11-20.02.11:184][  0]LogConfig: Setting CVar [[s.LevelStreamingComponentsUnregistrationGranularity:5]]
[2021.04.11-20.02.11:184][  0]LogConfig: Setting CVar [[s.FlushStreamingOnExit:1]]
[2021.04.11-20.02.11:184][  0]LogConfig: Applying CVar settings from Section [/Script/Engine.GarbageCollectionSettings] File [C:/Users/Emmanuel/Desktop/Phosphorus/Phosphorous/Phosphorous/Saved/Config/Windows/Engine.ini]
[2021.04.11-20.02.11:184][  0]LogConfig: Setting CVar [[gc.MaxObjectsNotConsideredByGC:1]]
[2021.04.11-20.02.11:184][  0]LogConfig: Setting CVar [[gc.SizeOfPermanentObjectPool:0]]
[2021.04.11-20.02.11:184][  0]LogConfig: Setting CVar [[gc.FlushStreamingOnGC:0]]
[2021.04.11-20.02.11:184][  0]LogConfig: Setting CVar [[gc.NumRetriesBeforeForcingGC:10]]
[2021.04.11-20.02.11:184][  0]LogConfig: Setting CVar [[gc.AllowParallelGC:1]]
[2021.04.11-20.02.11:184][  0]LogConfig: Setting CVar [[gc.TimeBetweenPurgingPendingKillObjects:61.1]]
[2021.04.11-20.02.11:184][  0]LogConfig: Setting CVar [[gc.MaxObjectsInEditor:25165824]]
[2021.04.11-20.02.11:184][  0]LogConfig: Setting CVar [[gc.IncrementalBeginDestroyEnabled:1]]
[2021.04.11-20.02.11:184][  0]LogConfig: Setting CVar [[gc.CreateGCClusters:1]]
[2021.04.11-20.02.11:184][  0]LogConfig: Setting CVar [[gc.MinGCClusterSize:5]]
[2021.04.11-20.02.11:184][  0]LogConfig: Setting CVar [[gc.ActorClusteringEnabled:0]]
[2021.04.11-20.02.11:184][  0]LogConfig: Setting CVar [[gc.BlueprintClusteringEnabled:0]]
[2021.04.11-20.02.11:184][  0]LogConfig: Setting CVar [[gc.UseDisregardForGCOnDedicatedServers:0]]
[2021.04.11-20.02.11:185][  0]LogConfig: Applying CVar settings from Section [/Script/Engine.NetworkSettings] File [C:/Users/Emmanuel/Desktop/Phosphorus/Phosphorous/Phosphorous/Saved/Config/Windows/Engine.ini]
[2021.04.11-20.02.11:185][  0]LogConfig: Applying CVar settings from Section [/Script/UnrealEd.CookerSettings] File [C:/Users/Emmanuel/Desktop/Phosphorus/Phosphorous/Phosphorous/Saved/Config/Windows/Engine.ini]
[2021.04.11-20.02.11:187][  0]LogConfig: Applying CVar settings from Section [ViewDistanceQuality@3] File [C:/Users/Emmanuel/Desktop/Phosphorus/Phosphorous/Phosphorous/Saved/Config/Windows/Scalability.ini]
[2021.04.11-20.02.11:187][  0]LogConfig: Setting CVar [[r.SkeletalMeshLODBias:0]]
[2021.04.11-20.02.11:187][  0]LogConfig: Setting CVar [[r.ViewDistanceScale:1.0]]
[2021.04.11-20.02.11:187][  0]LogConfig: Applying CVar settings from Section [AntiAliasingQuality@3] File [C:/Users/Emmanuel/Desktop/Phosphorus/Phosphorous/Phosphorous/Saved/Config/Windows/Scalability.ini]
[2021.04.11-20.02.11:188][  0]LogConfig: Setting CVar [[r.PostProcessAAQuality:4]]
[2021.04.11-20.02.11:188][  0]LogConfig: Applying CVar settings from Section [ShadowQuality@3] File [C:/Users/Emmanuel/Desktop/Phosphorus/Phosphorous/Phosphorous/Saved/Config/Windows/Scalability.ini]
[2021.04.11-20.02.11:188][  0]LogConfig: Setting CVar [[r.LightFunctionQuality:1]]
[2021.04.11-20.02.11:188][  0]LogConfig: Setting CVar [[r.ShadowQuality:5]]
[2021.04.11-20.02.11:188][  0]LogConfig: Setting CVar [[r.Shadow.CSM.MaxCascades:10]]
[2021.04.11-20.02.11:188][  0]LogConfig: Setting CVar [[r.Shadow.MaxResolution:2048]]
[2021.04.11-20.02.11:188][  0]LogConfig: Setting CVar [[r.Shadow.MaxCSMResolution:2048]]
[2021.04.11-20.02.11:188][  0]LogConfig: Setting CVar [[r.Shadow.RadiusThreshold:0.01]]
[2021.04.11-20.02.11:188][  0]LogConfig: Setting CVar [[r.Shadow.DistanceScale:1.0]]
[2021.04.11-20.02.11:188][  0]LogConfig: Setting CVar [[r.Shadow.CSM.TransitionScale:1.0]]
[2021.04.11-20.02.11:188][  0]LogConfig: Setting CVar [[r.Shadow.PreShadowResolutionFactor:1.0]]
[2021.04.11-20.02.11:188][  0]LogConfig: Setting CVar [[r.DistanceFieldShadowing:1]]
[2021.04.11-20.02.11:188][  0]LogConfig: Setting CVar [[r.DistanceFieldAO:1]]
[2021.04.11-20.02.11:188][  0]LogConfig: Setting CVar [[r.AOQuality:2]]
[2021.04.11-20.02.11:188][  0]LogConfig: Setting CVar [[r.VolumetricFog:1]]
[2021.04.11-20.02.11:188][  0]LogConfig: Setting CVar [[r.VolumetricFog.GridPixelSize:8]]
[2021.04.11-20.02.11:188][  0]LogConfig: Setting CVar [[r.VolumetricFog.GridSizeZ:128]]
[2021.04.11-20.02.11:188][  0]LogConfig: Setting CVar [[r.VolumetricFog.HistoryMissSupersampleCount:4]]
[2021.04.11-20.02.11:188][  0]LogConfig: Setting CVar [[r.LightMaxDrawDistanceScale:1]]
[2021.04.11-20.02.11:188][  0]LogConfig: Setting CVar [[r.CapsuleShadows:1]]
[2021.04.11-20.02.11:188][  0]LogConfig: Applying CVar settings from Section [PostProcessQuality@3] File [C:/Users/Emmanuel/Desktop/Phosphorus/Phosphorous/Phosphorous/Saved/Config/Windows/Scalability.ini]
[2021.04.11-20.02.11:188][  0]LogConfig: Setting CVar [[r.MotionBlurQuality:4]]
[2021.04.11-20.02.11:188][  0]LogConfig: Setting CVar [[r.AmbientOcclusionMipLevelFactor:0.4]]
[2021.04.11-20.02.11:188][  0]LogConfig: Setting CVar [[r.AmbientOcclusionMaxQuality:100]]
[2021.04.11-20.02.11:188][  0]LogConfig: Setting CVar [[r.AmbientOcclusionLevels:-1]]
[2021.04.11-20.02.11:188][  0]LogConfig: Setting CVar [[r.AmbientOcclusionRadiusScale:1.0]]
[2021.04.11-20.02.11:188][  0]LogConfig: Setting CVar [[r.DepthOfFieldQuality:2]]
[2021.04.11-20.02.11:188][  0]LogConfig: Setting CVar [[r.RenderTargetPoolMin:400]]
[2021.04.11-20.02.11:188][  0]LogConfig: Setting CVar [[r.LensFlareQuality:2]]
[2021.04.11-20.02.11:188][  0]LogConfig: Setting CVar [[r.SceneColorFringeQuality:1]]
[2021.04.11-20.02.11:188][  0]LogConfig: Setting CVar [[r.EyeAdaptationQuality:2]]
[2021.04.11-20.02.11:188][  0]LogConfig: Setting CVar [[r.BloomQuality:5]]
[2021.04.11-20.02.11:188][  0]LogConfig: Setting CVar [[r.FastBlurThreshold:100]]
[2021.04.11-20.02.11:188][  0]LogConfig: Setting CVar [[r.Upscale.Quality:3]]
[2021.04.11-20.02.11:188][  0]LogConfig: Setting CVar [[r.Tonemapper.GrainQuantization:1]]
[2021.04.11-20.02.11:188][  0]LogConfig: Setting CVar [[r.LightShaftQuality:1]]
[2021.04.11-20.02.11:188][  0]LogConfig: Setting CVar [[r.Filter.SizeScale:1]]
[2021.04.11-20.02.11:188][  0]LogConfig: Setting CVar [[r.Tonemapper.Quality:5]]
[2021.04.11-20.02.11:188][  0]LogConfig: Setting CVar [[r.DOF.Gather.AccumulatorQuality:1        ; higher gathering accumulator quality]]
[2021.04.11-20.02.11:188][  0]LogConfig: Setting CVar [[r.DOF.Gather.PostfilterMethod:1          ; Median3x3 postfilering method]]
[2021.04.11-20.02.11:188][  0]LogConfig: Setting CVar [[r.DOF.Gather.EnableBokehSettings:0       ; no bokeh simulation when gathering]]
[2021.04.11-20.02.11:188][  0]LogConfig: Setting CVar [[r.DOF.Gather.RingCount:4                 ; medium number of samples when gathering]]
[2021.04.11-20.02.11:188][  0]LogConfig: Setting CVar [[r.DOF.Scatter.ForegroundCompositing:1    ; additive foreground scattering]]
[2021.04.11-20.02.11:188][  0]LogConfig: Setting CVar [[r.DOF.Scatter.BackgroundCompositing:2    ; additive background scattering]]
[2021.04.11-20.02.11:188][  0]LogConfig: Setting CVar [[r.DOF.Scatter.EnableBokehSettings:1      ; bokeh simulation when scattering]]
[2021.04.11-20.02.11:188][  0]LogConfig: Setting CVar [[r.DOF.Scatter.MaxSpriteRatio:0.1         ; only a maximum of 10% of scattered bokeh]]
[2021.04.11-20.02.11:188][  0]LogConfig: Setting CVar [[r.DOF.Recombine.Quality:1                ; cheap slight out of focus]]
[2021.04.11-20.02.11:188][  0]LogConfig: Setting CVar [[r.DOF.Recombine.EnableBokehSettings:0    ; no bokeh simulation on slight out of focus]]
[2021.04.11-20.02.11:188][  0]LogConfig: Setting CVar [[r.DOF.TemporalAAQuality:1                ; more stable temporal accumulation]]
[2021.04.11-20.02.11:188][  0]LogConfig: Setting CVar [[r.DOF.Kernel.MaxForegroundRadius:0.025]]
[2021.04.11-20.02.11:188][  0]LogConfig: Setting CVar [[r.DOF.Kernel.MaxBackgroundRadius:0.025]]
[2021.04.11-20.02.11:188][  0]LogConfig: Applying CVar settings from Section [TextureQuality@3] File [C:/Users/Emmanuel/Desktop/Phosphorus/Phosphorous/Phosphorous/Saved/Config/Windows/Scalability.ini]
[2021.04.11-20.02.11:188][  0]LogConfig: Setting CVar [[r.Streaming.MipBias:0]]
[2021.04.11-20.02.11:188][  0]LogConfig: Setting CVar [[r.Streaming.AmortizeCPUToGPUCopy:0]]
[2021.04.11-20.02.11:189][  0]LogConfig: Setting CVar [[r.Streaming.MaxNumTexturesToStreamPerFrame:0]]
[2021.04.11-20.02.11:189][  0]LogConfig: Setting CVar [[r.Streaming.Boost:1]]
[2021.04.11-20.02.11:189][  0]LogConfig: Setting CVar [[r.MaxAnisotropy:8]]
[2021.04.11-20.02.11:189][  0]LogConfig: Setting CVar [[r.VT.MaxAnisotropy:8]]
[2021.04.11-20.02.11:189][  0]LogConfig: Setting CVar [[r.Streaming.LimitPoolSizeToVRAM:0]]
[2021.04.11-20.02.11:189][  0]LogConfig: Setting CVar [[r.Streaming.PoolSize:1000]]
[2021.04.11-20.02.11:189][  0]LogConfig: Setting CVar [[r.Streaming.MaxEffectiveScreenSize:0]]
[2021.04.11-20.02.11:189][  0]LogConfig: Applying CVar settings from Section [EffectsQuality@3] File [C:/Users/Emmanuel/Desktop/Phosphorus/Phosphorous/Phosphorous/Saved/Config/Windows/Scalability.ini]
[2021.04.11-20.02.11:189][  0]LogConfig: Setting CVar [[r.TranslucencyLightingVolumeDim:64]]
[2021.04.11-20.02.11:189][  0]LogConfig: Setting CVar [[r.RefractionQuality:2]]
[2021.04.11-20.02.11:189][  0]LogConfig: Setting CVar [[r.SSR.Quality:3]]
[2021.04.11-20.02.11:189][  0]LogConfig: Setting CVar [[r.SSR.HalfResSceneColor:0]]
[2021.04.11-20.02.11:189][  0]LogConfig: Setting CVar [[r.SceneColorFormat:4]]
[2021.04.11-20.02.11:189][  0]LogConfig: Setting CVar [[r.DetailMode:2]]
[2021.04.11-20.02.11:189][  0]LogConfig: Setting CVar [[r.TranslucencyVolumeBlur:1]]
[2021.04.11-20.02.11:189][  0]LogConfig: Setting CVar [[r.MaterialQualityLevel:1 ; High quality]]
[2021.04.11-20.02.11:189][  0]LogConfig: Setting CVar [[r.SSS.Scale:1]]
[2021.04.11-20.02.11:189][  0]LogConfig: Setting CVar [[r.SSS.SampleSet:2]]
[2021.04.11-20.02.11:189][  0]LogConfig: Setting CVar [[r.SSS.Quality:1]]
[2021.04.11-20.02.11:189][  0]LogConfig: Setting CVar [[r.SSS.HalfRes:1]]
[2021.04.11-20.02.11:189][  0]LogConfig: Setting CVar [[r.SSGI.Quality:3]]
[2021.04.11-20.02.11:189][  0]LogConfig: Setting CVar [[r.EmitterSpawnRateScale:1.0]]
[2021.04.11-20.02.11:189][  0]LogConfig: Setting CVar [[r.ParticleLightQuality:2]]
[2021.04.11-20.02.11:189][  0]LogConfig: Setting CVar [[r.SkyAtmosphere.AerialPerspectiveLUT.FastApplyOnOpaque:1 ; Always have FastSkyLUT 1 in this case to avoid wrong sky]]
[2021.04.11-20.02.11:189][  0]LogConfig: Setting CVar [[r.SkyAtmosphere.AerialPerspectiveLUT.SampleCountPerSlice:1]]
[2021.04.11-20.02.11:189][  0]LogConfig: Setting CVar [[r.SkyAtmosphere.AerialPerspectiveLUT.DepthResolution:16.0]]
[2021.04.11-20.02.11:189][  0]LogConfig: Setting CVar [[r.SkyAtmosphere.FastSkyLUT:1]]
[2021.04.11-20.02.11:189][  0]LogConfig: Setting CVar [[r.SkyAtmosphere.FastSkyLUT.SampleCountMin:4.0]]
[2021.04.11-20.02.11:189][  0]LogConfig: Setting CVar [[r.SkyAtmosphere.FastSkyLUT.SampleCountMax:32.0]]
[2021.04.11-20.02.11:189][  0]LogConfig: Setting CVar [[r.SkyAtmosphere.SampleCountMin:4.0]]
[2021.04.11-20.02.11:189][  0]LogConfig: Setting CVar [[r.SkyAtmosphere.SampleCountMax:32.0]]
[2021.04.11-20.02.11:189][  0]LogConfig: Setting CVar [[r.SkyAtmosphere.TransmittanceLUT.UseSmallFormat:0]]
[2021.04.11-20.02.11:189][  0]LogConfig: Setting CVar [[r.SkyAtmosphere.TransmittanceLUT.SampleCount:10.0]]
[2021.04.11-20.02.11:189][  0]LogConfig: Setting CVar [[r.SkyAtmosphere.MultiScatteringLUT.SampleCount:15.0]]
[2021.04.11-20.02.11:189][  0]LogConfig: Applying CVar settings from Section [FoliageQuality@3] File [C:/Users/Emmanuel/Desktop/Phosphorus/Phosphorous/Phosphorous/Saved/Config/Windows/Scalability.ini]
[2021.04.11-20.02.11:189][  0]LogConfig: Setting CVar [[foliage.DensityScale:1.0]]
[2021.04.11-20.02.11:189][  0]LogConfig: Setting CVar [[grass.DensityScale:1.0]]
[2021.04.11-20.02.11:189][  0]LogConfig: Applying CVar settings from Section [ShadingQuality@3] File [C:/Users/Emmanuel/Desktop/Phosphorus/Phosphorous/Phosphorous/Saved/Config/Windows/Scalability.ini]
[2021.04.11-20.02.11:189][  0]LogConfig: Setting CVar [[r.HairStrands.SkyLighting.SampleCount:16]]
[2021.04.11-20.02.11:189][  0]LogConfig: Setting CVar [[r.HairStrands.SkyLighting.JitterIntegration:0]]
[2021.04.11-20.02.11:189][  0]LogConfig: Setting CVar [[r.HairStrands.SkyAO.SampleCount:16]]
[2021.04.11-20.02.11:189][  0]LogInit: Selected Device Profile: [Windows]
[2021.04.11-20.02.11:189][  0]LogInit: Applying CVar settings loaded from the selected device profile: [Windows]
[2021.04.11-20.02.11:195][  0]LogHAL: Display: Platform has ~ 8 GB [8543133696 / 8589934592 / 8], which maps to Default [LargestMinGB=32, LargerMinGB=12, DefaultMinGB=8, SmallerMinGB=6, SmallestMinGB=0)
[2021.04.11-20.02.11:195][  0]LogInit: Going up to parent DeviceProfile []
[2021.04.11-20.02.11:195][  0]LogConfig: Applying CVar settings from Section [ViewDistanceQuality@3] File [C:/Users/Emmanuel/Desktop/Phosphorus/Phosphorous/Phosphorous/Saved/Config/Windows/Scalability.ini]
[2021.04.11-20.02.11:195][  0]LogConfig: Setting CVar [[r.SkeletalMeshLODBias:0]]
[2021.04.11-20.02.11:195][  0]LogConfig: Setting CVar [[r.ViewDistanceScale:1.0]]
[2021.04.11-20.02.11:195][  0]LogConfig: Applying CVar settings from Section [AntiAliasingQuality@3] File [C:/Users/Emmanuel/Desktop/Phosphorus/Phosphorous/Phosphorous/Saved/Config/Windows/Scalability.ini]
[2021.04.11-20.02.11:195][  0]LogConfig: Setting CVar [[r.PostProcessAAQuality:4]]
[2021.04.11-20.02.11:195][  0]LogConfig: Applying CVar settings from Section [ShadowQuality@3] File [C:/Users/Emmanuel/Desktop/Phosphorus/Phosphorous/Phosphorous/Saved/Config/Windows/Scalability.ini]
[2021.04.11-20.02.11:195][  0]LogConfig: Setting CVar [[r.LightFunctionQuality:1]]
[2021.04.11-20.02.11:195][  0]LogConfig: Setting CVar [[r.ShadowQuality:5]]
[2021.04.11-20.02.11:195][  0]LogConfig: Setting CVar [[r.Shadow.CSM.MaxCascades:10]]
[2021.04.11-20.02.11:195][  0]LogConfig: Setting CVar [[r.Shadow.MaxResolution:2048]]
[2021.04.11-20.02.11:195][  0]LogConfig: Setting CVar [[r.Shadow.MaxCSMResolution:2048]]
[2021.04.11-20.02.11:195][  0]LogConfig: Setting CVar [[r.Shadow.RadiusThreshold:0.01]]
[2021.04.11-20.02.11:195][  0]LogConfig: Setting CVar [[r.Shadow.DistanceScale:1.0]]
[2021.04.11-20.02.11:195][  0]LogConfig: Setting CVar [[r.Shadow.CSM.TransitionScale:1.0]]
[2021.04.11-20.02.11:195][  0]LogConfig: Setting CVar [[r.Shadow.PreShadowResolutionFactor:1.0]]
[2021.04.11-20.02.11:195][  0]LogConfig: Setting CVar [[r.DistanceFieldShadowing:1]]
[2021.04.11-20.02.11:195][  0]LogConfig: Setting CVar [[r.DistanceFieldAO:1]]
[2021.04.11-20.02.11:195][  0]LogConfig: Setting CVar [[r.AOQuality:2]]
[2021.04.11-20.02.11:195][  0]LogConfig: Setting CVar [[r.VolumetricFog:1]]
[2021.04.11-20.02.11:195][  0]LogConfig: Setting CVar [[r.VolumetricFog.GridPixelSize:8]]
[2021.04.11-20.02.11:195][  0]LogConfig: Setting CVar [[r.VolumetricFog.GridSizeZ:128]]
[2021.04.11-20.02.11:195][  0]LogConfig: Setting CVar [[r.VolumetricFog.HistoryMissSupersampleCount:4]]
[2021.04.11-20.02.11:195][  0]LogConfig: Setting CVar [[r.LightMaxDrawDistanceScale:1]]
[2021.04.11-20.02.11:196][  0]LogConfig: Setting CVar [[r.CapsuleShadows:1]]
[2021.04.11-20.02.11:196][  0]LogConfig: Applying CVar settings from Section [PostProcessQuality@3] File [C:/Users/Emmanuel/Desktop/Phosphorus/Phosphorous/Phosphorous/Saved/Config/Windows/Scalability.ini]
[2021.04.11-20.02.11:196][  0]LogConfig: Setting CVar [[r.MotionBlurQuality:4]]
[2021.04.11-20.02.11:196][  0]LogConfig: Setting CVar [[r.AmbientOcclusionMipLevelFactor:0.4]]
[2021.04.11-20.02.11:196][  0]LogConfig: Setting CVar [[r.AmbientOcclusionMaxQuality:100]]
[2021.04.11-20.02.11:196][  0]LogConfig: Setting CVar [[r.AmbientOcclusionLevels:-1]]
[2021.04.11-20.02.11:196][  0]LogConfig: Setting CVar [[r.AmbientOcclusionRadiusScale:1.0]]
[2021.04.11-20.02.11:196][  0]LogConfig: Setting CVar [[r.DepthOfFieldQuality:2]]
[2021.04.11-20.02.11:196][  0]LogConfig: Setting CVar [[r.RenderTargetPoolMin:400]]
[2021.04.11-20.02.11:196][  0]LogConfig: Setting CVar [[r.LensFlareQuality:2]]
[2021.04.11-20.02.11:196][  0]LogConfig: Setting CVar [[r.SceneColorFringeQuality:1]]
[2021.04.11-20.02.11:196][  0]LogConfig: Setting CVar [[r.EyeAdaptationQuality:2]]
[2021.04.11-20.02.11:196][  0]LogConfig: Setting CVar [[r.BloomQuality:5]]
[2021.04.11-20.02.11:196][  0]LogConfig: Setting CVar [[r.FastBlurThreshold:100]]
[2021.04.11-20.02.11:196][  0]LogConfig: Setting CVar [[r.Upscale.Quality:3]]
[2021.04.11-20.02.11:196][  0]LogConfig: Setting CVar [[r.Tonemapper.GrainQuantization:1]]
[2021.04.11-20.02.11:196][  0]LogConfig: Setting CVar [[r.LightShaftQuality:1]]
[2021.04.11-20.02.11:196][  0]LogConfig: Setting CVar [[r.Filter.SizeScale:1]]
[2021.04.11-20.02.11:196][  0]LogConfig: Setting CVar [[r.Tonemapper.Quality:5]]
[2021.04.11-20.02.11:196][  0]LogConfig: Setting CVar [[r.DOF.Gather.AccumulatorQuality:1        ; higher gathering accumulator quality]]
[2021.04.11-20.02.11:196][  0]LogConfig: Setting CVar [[r.DOF.Gather.PostfilterMethod:1          ; Median3x3 postfilering method]]
[2021.04.11-20.02.11:196][  0]LogConfig: Setting CVar [[r.DOF.Gather.EnableBokehSettings:0       ; no bokeh simulation when gathering]]
[2021.04.11-20.02.11:196][  0]LogConfig: Setting CVar [[r.DOF.Gather.RingCount:4                 ; medium number of samples when gathering]]
[2021.04.11-20.02.11:196][  0]LogConfig: Setting CVar [[r.DOF.Scatter.ForegroundCompositing:1    ; additive foreground scattering]]
[2021.04.11-20.02.11:196][  0]LogConfig: Setting CVar [[r.DOF.Scatter.BackgroundCompositing:2    ; additive background scattering]]
[2021.04.11-20.02.11:196][  0]LogConfig: Setting CVar [[r.DOF.Scatter.EnableBokehSettings:1      ; bokeh simulation when scattering]]
[2021.04.11-20.02.11:196][  0]LogConfig: Setting CVar [[r.DOF.Scatter.MaxSpriteRatio:0.1         ; only a maximum of 10% of scattered bokeh]]
[2021.04.11-20.02.11:196][  0]LogConfig: Setting CVar [[r.DOF.Recombine.Quality:1                ; cheap slight out of focus]]
[2021.04.11-20.02.11:196][  0]LogConfig: Setting CVar [[r.DOF.Recombine.EnableBokehSettings:0    ; no bokeh simulation on slight out of focus]]
[2021.04.11-20.02.11:196][  0]LogConfig: Setting CVar [[r.DOF.TemporalAAQuality:1                ; more stable temporal accumulation]]
[2021.04.11-20.02.11:196][  0]LogConfig: Setting CVar [[r.DOF.Kernel.MaxForegroundRadius:0.025]]
[2021.04.11-20.02.11:196][  0]LogConfig: Setting CVar [[r.DOF.Kernel.MaxBackgroundRadius:0.025]]
[2021.04.11-20.02.11:196][  0]LogConfig: Applying CVar settings from Section [TextureQuality@3] File [C:/Users/Emmanuel/Desktop/Phosphorus/Phosphorous/Phosphorous/Saved/Config/Windows/Scalability.ini]
[2021.04.11-20.02.11:196][  0]LogConfig: Setting CVar [[r.Streaming.MipBias:0]]
[2021.04.11-20.02.11:196][  0]LogConfig: Setting CVar [[r.Streaming.AmortizeCPUToGPUCopy:0]]
[2021.04.11-20.02.11:196][  0]LogConfig: Setting CVar [[r.Streaming.MaxNumTexturesToStreamPerFrame:0]]
[2021.04.11-20.02.11:196][  0]LogConfig: Setting CVar [[r.Streaming.Boost:1]]
[2021.04.11-20.02.11:196][  0]LogConfig: Setting CVar [[r.MaxAnisotropy:8]]
[2021.04.11-20.02.11:196][  0]LogConfig: Setting CVar [[r.VT.MaxAnisotropy:8]]
[2021.04.11-20.02.11:196][  0]LogConfig: Setting CVar [[r.Streaming.LimitPoolSizeToVRAM:0]]
[2021.04.11-20.02.11:196][  0]LogConfig: Setting CVar [[r.Streaming.PoolSize:1000]]
[2021.04.11-20.02.11:196][  0]LogConfig: Setting CVar [[r.Streaming.MaxEffectiveScreenSize:0]]
[2021.04.11-20.02.11:196][  0]LogConfig: Applying CVar settings from Section [EffectsQuality@3] File [C:/Users/Emmanuel/Desktop/Phosphorus/Phosphorous/Phosphorous/Saved/Config/Windows/Scalability.ini]
[2021.04.11-20.02.11:196][  0]LogConfig: Setting CVar [[r.TranslucencyLightingVolumeDim:64]]
[2021.04.11-20.02.11:196][  0]LogConfig: Setting CVar [[r.RefractionQuality:2]]
[2021.04.11-20.02.11:196][  0]LogConfig: Setting CVar [[r.SSR.Quality:3]]
[2021.04.11-20.02.11:196][  0]LogConfig: Setting CVar [[r.SSR.HalfResSceneColor:0]]
[2021.04.11-20.02.11:196][  0]LogConfig: Setting CVar [[r.SceneColorFormat:4]]
[2021.04.11-20.02.11:196][  0]LogConfig: Setting CVar [[r.DetailMode:2]]
[2021.04.11-20.02.11:196][  0]LogConfig: Setting CVar [[r.TranslucencyVolumeBlur:1]]
[2021.04.11-20.02.11:196][  0]LogConfig: Setting CVar [[r.MaterialQualityLevel:1 ; High quality]]
[2021.04.11-20.02.11:196][  0]LogConfig: Setting CVar [[r.SSS.Scale:1]]
[2021.04.11-20.02.11:196][  0]LogConfig: Setting CVar [[r.SSS.SampleSet:2]]
[2021.04.11-20.02.11:196][  0]LogConfig: Setting CVar [[r.SSS.Quality:1]]
[2021.04.11-20.02.11:196][  0]LogConfig: Setting CVar [[r.SSS.HalfRes:1]]
[2021.04.11-20.02.11:196][  0]LogConfig: Setting CVar [[r.SSGI.Quality:3]]
[2021.04.11-20.02.11:197][  0]LogConfig: Setting CVar [[r.EmitterSpawnRateScale:1.0]]
[2021.04.11-20.02.11:197][  0]LogConfig: Setting CVar [[r.ParticleLightQuality:2]]
[2021.04.11-20.02.11:197][  0]LogConfig: Setting CVar [[r.SkyAtmosphere.AerialPerspectiveLUT.FastApplyOnOpaque:1 ; Always have FastSkyLUT 1 in this case to avoid wrong sky]]
[2021.04.11-20.02.11:197][  0]LogConfig: Setting CVar [[r.SkyAtmosphere.AerialPerspectiveLUT.SampleCountPerSlice:1]]
[2021.04.11-20.02.11:197][  0]LogConfig: Setting CVar [[r.SkyAtmosphere.AerialPerspectiveLUT.DepthResolution:16.0]]
[2021.04.11-20.02.11:197][  0]LogConfig: Setting CVar [[r.SkyAtmosphere.FastSkyLUT:1]]
[2021.04.11-20.02.11:197][  0]LogConfig: Setting CVar [[r.SkyAtmosphere.FastSkyLUT.SampleCountMin:4.0]]
[2021.04.11-20.02.11:197][  0]LogConfig: Setting CVar [[r.SkyAtmosphere.FastSkyLUT.SampleCountMax:32.0]]
[2021.04.11-20.02.11:197][  0]LogConfig: Setting CVar [[r.SkyAtmosphere.SampleCountMin:4.0]]
[2021.04.11-20.02.11:197][  0]LogConfig: Setting CVar [[r.SkyAtmosphere.SampleCountMax:32.0]]
[2021.04.11-20.02.11:197][  0]LogConfig: Setting CVar [[r.SkyAtmosphere.TransmittanceLUT.UseSmallFormat:0]]
[2021.04.11-20.02.11:197][  0]LogConfig: Setting CVar [[r.SkyAtmosphere.TransmittanceLUT.SampleCount:10.0]]
[2021.04.11-20.02.11:197][  0]LogConfig: Setting CVar [[r.SkyAtmosphere.MultiScatteringLUT.SampleCount:15.0]]
[2021.04.11-20.02.11:197][  0]LogConfig: Applying CVar settings from Section [FoliageQuality@3] File [C:/Users/Emmanuel/Desktop/Phosphorus/Phosphorous/Phosphorous/Saved/Config/Windows/Scalability.ini]
[2021.04.11-20.02.11:197][  0]LogConfig: Setting CVar [[foliage.DensityScale:1.0]]
[2021.04.11-20.02.11:197][  0]LogConfig: Setting CVar [[grass.DensityScale:1.0]]
[2021.04.11-20.02.11:197][  0]LogConfig: Applying CVar settings from Section [ShadingQuality@3] File [C:/Users/Emmanuel/Desktop/Phosphorus/Phosphorous/Phosphorous/Saved/Config/Windows/Scalability.ini]
[2021.04.11-20.02.11:197][  0]LogConfig: Setting CVar [[r.HairStrands.SkyLighting.SampleCount:16]]
[2021.04.11-20.02.11:197][  0]LogConfig: Setting CVar [[r.HairStrands.SkyLighting.JitterIntegration:0]]
[2021.04.11-20.02.11:197][  0]LogConfig: Setting CVar [[r.HairStrands.SkyAO.SampleCount:16]]
[2021.04.11-20.02.11:197][  0]LogConfig: Applying CVar settings from Section [Startup] File [../../../Engine/Config/ConsoleVariables.ini]
[2021.04.11-20.02.11:198][  0]LogConfig: Setting CVar [[net.UseAdaptiveNetUpdateFrequency:0]]
[2021.04.11-20.02.11:198][  0]LogConfig: Setting CVar [[p.chaos.AllowCreatePhysxBodies:1]]
[2021.04.11-20.02.11:198][  0]LogConfig: Applying CVar settings from Section [ConsoleVariables] File [C:/Users/Emmanuel/Desktop/Phosphorus/Phosphorous/Phosphorous/Saved/Config/Windows/Engine.ini]
[2021.04.11-20.02.11:198][  0]LogInit: Computer: EMMANUEL
[2021.04.11-20.02.11:198][  0]LogInit: User: Emmanuel
[2021.04.11-20.02.11:198][  0]LogInit: CPU Page size=4096, Cores=4
[2021.04.11-20.02.11:198][  0]LogInit: High frequency timer resolution =10.000000 MHz
[2021.04.11-20.02.11:198][  0]LogMemory: Memory total: Physical=8.0GB (8GB approx)
[2021.04.11-20.02.11:198][  0]LogMemory: Platform Memory Stats for Windows
[2021.04.11-20.02.11:198][  0]LogMemory: Process Physical Memory: 105.57 MB used, 105.58 MB peak
[2021.04.11-20.02.11:198][  0]LogMemory: Process Virtual Memory: 99.79 MB used, 99.79 MB peak
[2021.04.11-20.02.11:198][  0]LogMemory: Physical Memory: 5126.98 MB used,  3020.39 MB free, 8147.37 MB total
[2021.04.11-20.02.11:198][  0]LogMemory: Virtual Memory: 5120.05 MB used,  134212608.00 MB free, 134217728.00 MB total
[2021.04.11-20.02.11:201][  0]LogWindows: WindowsPlatformFeatures enabled
[2021.04.11-20.02.11:243][  0]LogInit: Using OS detected language (en-US).
[2021.04.11-20.02.11:243][  0]LogInit: Using OS detected locale (en-US).
[2021.04.11-20.02.11:244][  0]LogTextLocalizationManager: No specific localization for 'en-US' exists, so the 'en' localization will be used.
[2021.04.11-20.02.11:451][  0]LogInit: Setting process to per monitor DPI aware
[2021.04.11-20.02.11:481][  0]LogSlate: New Slate User Created.  User Index 0, Is Virtual User: 0
[2021.04.11-20.02.11:481][  0]LogSlate: Slate User Registered.  User Index 0, Is Virtual User: 0
[2021.04.11-20.02.12:802][  0]LogD3D11RHI: D3D11 min allowed feature level: 11_0
[2021.04.11-20.02.12:802][  0]LogD3D11RHI: D3D11 max allowed feature level: 11_0
[2021.04.11-20.02.12:802][  0]LogD3D11RHI: D3D11 adapters:
[2021.04.11-20.02.12:930][  0]LogD3D11RHI:    0. 'NVIDIA GeForce GTX 650 Ti' (Feature Level 11_0)
[2021.04.11-20.02.12:930][  0]LogD3D11RHI:       2007/0/4073 MB DedicatedVideo/DedicatedSystem/SharedSystem, Outputs:1, VendorId:0x10de
[2021.04.11-20.02.12:933][  0]LogD3D11RHI:    1. 'Microsoft Basic Render Driver' (Feature Level 11_0)
[2021.04.11-20.02.12:933][  0]LogD3D11RHI:       0/0/4073 MB DedicatedVideo/DedicatedSystem/SharedSystem, Outputs:0, VendorId:0x1414
[2021.04.11-20.02.12:933][  0]LogD3D11RHI: Chosen D3D11 Adapter: 0
[2021.04.11-20.02.12:939][  0]LogD3D11RHI: Creating new Direct3DDevice
[2021.04.11-20.02.12:939][  0]LogD3D11RHI:     GPU DeviceId: 0x11c6 (for the marketing name, search the web for "GPU Device Id")
[2021.04.11-20.02.12:939][  0]LogWindows: EnumDisplayDevices:
[2021.04.11-20.02.12:939][  0]LogWindows:    0. 'NVIDIA GeForce GTX 650 Ti' (P:1 D:1)
[2021.04.11-20.02.12:940][  0]LogWindows:    1. 'NVIDIA GeForce GTX 650 Ti' (P:0 D:0)
[2021.04.11-20.02.12:940][  0]LogWindows:    2. 'NVIDIA GeForce GTX 650 Ti' (P:0 D:0)
[2021.04.11-20.02.12:940][  0]LogWindows:    3. 'NVIDIA GeForce GTX 650 Ti' (P:0 D:0)
[2021.04.11-20.02.12:940][  0]LogWindows: DebugString: FoundDriverCount:4 
[2021.04.11-20.02.12:940][  0]LogD3D11RHI:     Adapter Name: NVIDIA GeForce GTX 650 Ti
[2021.04.11-20.02.12:941][  0]LogD3D11RHI:   Driver Version: 465.89 (internal:27.21.14.6589, unified:465.89)
[2021.04.11-20.02.12:941][  0]LogD3D11RHI:      Driver Date: 3-25-2021
[2021.04.11-20.02.12:941][  0]LogRHI: Texture pool is 1405 MB (70% of 2007 MB)
[2021.04.11-20.02.13:038][  0]LogD3D11RHI: RHI does not have support for 64 bit atomics
[2021.04.11-20.02.13:038][  0]LogD3D11RHI: Async texture creation enabled
[2021.04.11-20.02.13:171][  0]LogD3D11RHI: GPU Timing Frequency: 1000.000000 (Debug: 2 1)
[2021.04.11-20.02.13:940][  0]LogTargetPlatformManager: Display: Loaded TargetPlatform 'AllDesktop'
[2021.04.11-20.02.13:998][  0]LogTargetPlatformManager: Display: Loaded TargetPlatform 'Android'
[2021.04.11-20.02.13:998][  0]LogTargetPlatformManager: Display: Loaded TargetPlatform 'Android_ASTC'
[2021.04.11-20.02.13:998][  0]LogTargetPlatformManager: Display: Loaded TargetPlatform 'Android_ATC'
[2021.04.11-20.02.13:998][  0]LogTargetPlatformManager: Display: Loaded TargetPlatform 'Android_DXT'
[2021.04.11-20.02.13:998][  0]LogTargetPlatformManager: Display: Loaded TargetPlatform 'Android_ETC1'
[2021.04.11-20.02.13:998][  0]LogTargetPlatformManager: Display: Loaded TargetPlatform 'Android_ETC1a'
[2021.04.11-20.02.13:998][  0]LogTargetPlatformManager: Display: Loaded TargetPlatform 'Android_ETC2'
[2021.04.11-20.02.13:998][  0]LogTargetPlatformManager: Display: Loaded TargetPlatform 'Android_PVRTC'
[2021.04.11-20.02.13:998][  0]LogTargetPlatformManager: Display: Loaded TargetPlatform 'AndroidClient'
[2021.04.11-20.02.13:998][  0]LogTargetPlatformManager: Display: Loaded TargetPlatform 'Android_ASTCClient'
[2021.04.11-20.02.13:998][  0]LogTargetPlatformManager: Display: Loaded TargetPlatform 'Android_ATCClient'
[2021.04.11-20.02.13:998][  0]LogTargetPlatformManager: Display: Loaded TargetPlatform 'Android_DXTClient'
[2021.04.11-20.02.13:998][  0]LogTargetPlatformManager: Display: Loaded TargetPlatform 'Android_ETC1Client'
[2021.04.11-20.02.13:998][  0]LogTargetPlatformManager: Display: Loaded TargetPlatform 'Android_ETC1aClient'
[2021.04.11-20.02.13:998][  0]LogTargetPlatformManager: Display: Loaded TargetPlatform 'Android_ETC2Client'
[2021.04.11-20.02.13:998][  0]LogTargetPlatformManager: Display: Loaded TargetPlatform 'Android_PVRTCClient'
[2021.04.11-20.02.13:998][  0]LogTargetPlatformManager: Display: Loaded TargetPlatform 'Android_Multi'
[2021.04.11-20.02.13:998][  0]LogTargetPlatformManager: Display: Loaded TargetPlatform 'Android_MultiClient'
[2021.04.11-20.02.14:056][  0]LogTargetPlatformManager: Display: Loaded TargetPlatform 'IOSClient'
[2021.04.11-20.02.14:056][  0]LogTargetPlatformManager: Display: Loaded TargetPlatform 'IOS'
[2021.04.11-20.02.14:067][  0]LogTargetPlatformManager: Display: Loaded TargetPlatform 'LinuxNoEditor'
[2021.04.11-20.02.14:079][  0]LogTargetPlatformManager: Display: Loaded TargetPlatform 'LinuxClient'
[2021.04.11-20.02.14:090][  0]LogTargetPlatformManager: Display: Loaded TargetPlatform 'LinuxServer'
[2021.04.11-20.02.14:102][  0]LogTargetPlatformManager: Display: Loaded TargetPlatform 'LinuxAArch64NoEditor'
[2021.04.11-20.02.14:113][  0]LogTargetPlatformManager: Display: Loaded TargetPlatform 'LinuxAArch64Client'
[2021.04.11-20.02.14:125][  0]LogTargetPlatformManager: Display: Loaded TargetPlatform 'LinuxAArch64Server'
[2021.04.11-20.02.14:167][  0]LogTargetPlatformManager: Display: Loaded TargetPlatform 'Lumin'
[2021.04.11-20.02.14:167][  0]LogTargetPlatformManager: Display: Loaded TargetPlatform 'LuminClient'
[2021.04.11-20.02.14:202][  0]LogTargetPlatformManager: Display: Loaded TargetPlatform 'TVOSClient'
[2021.04.11-20.02.14:202][  0]LogTargetPlatformManager: Display: Loaded TargetPlatform 'TVOS'
[2021.04.11-20.02.14:214][  0]LogTargetPlatformManager: Display: Loaded TargetPlatform 'WindowsNoEditor'
[2021.04.11-20.02.14:227][  0]LogTargetPlatformManager: Display: Loaded TargetPlatform 'Windows'
[2021.04.11-20.02.14:239][  0]LogTargetPlatformManager: Display: Loaded TargetPlatform 'WindowsClient'
[2021.04.11-20.02.14:250][  0]LogTargetPlatformManager: Display: Loaded TargetPlatform 'WindowsServer'
[2021.04.11-20.02.14:250][  0]LogTargetPlatformManager: Display: Building Assets For Windows
[2021.04.11-20.02.14:254][  0]LogAudioDebug: Display: Lib vorbis DLL was dynamically loaded.
[2021.04.11-20.02.14:474][  0]LogShaderCompilers: Guid format shader working directory is -26 characters bigger than the processId version (../../../../../../Users/Emmanuel/Desktop/Phosphorus/Phosphorous/Phosphorous/Intermediate/Shaders/WorkingDirectory/7976/).
[2021.04.11-20.02.14:475][  0]LogShaderCompilers: Cleaned the shader compiler working directory 'C:/Users/Emmanuel/AppData/Local/Temp/UnrealShaderWorkingDir/97CABD7E41784D9EDC1B81A1754A5C3B/'.
[2021.04.11-20.02.14:476][  0]LogXGEController: Cannot use XGE Controller as Incredibuild is not installed on this machine.
[2021.04.11-20.02.14:476][  0]LogShaderCompilers: Cannot use XGE Shader Compiler as Incredibuild is not installed on this machine.
[2021.04.11-20.02.14:476][  0]LogShaderCompilers: Display: Using Local Shader Compiler.
[2021.04.11-20.02.18:662][  0]LogDerivedDataCache: Display: Max Cache Size: 512 MB
[2021.04.11-20.02.19:016][  0]LogDerivedDataCache: Loaded boot cache 0.35s 78MB C:/Users/Emmanuel/AppData/Local/UnrealEngine/4.24/DerivedDataCache/Boot.ddc.
[2021.04.11-20.02.19:016][  0]LogDerivedDataCache: Display: Loaded Boot cache: C:/Users/Emmanuel/AppData/Local/UnrealEngine/4.24/DerivedDataCache/Boot.ddc
[2021.04.11-20.02.19:016][  0]LogDerivedDataCache: FDerivedDataBackendGraph:  Pak pak cache file ../../../../../../Users/Emmanuel/Desktop/Phosphorus/Phosphorous/Phosphorous/DerivedDataCache/DDC.ddp not found, will not use a pak cache.
[2021.04.11-20.02.19:016][  0]LogDerivedDataCache: Unable to find inner node Pak for hierarchical cache Hierarchy.
[2021.04.11-20.02.19:017][  0]LogDerivedDataCache: FDerivedDataBackendGraph:  CompressedPak pak cache file ../../../../../../Users/Emmanuel/Desktop/Phosphorus/Phosphorous/Phosphorous/DerivedDataCache/Compressed.ddp not found, will not use a pak cache.
[2021.04.11-20.02.19:017][  0]LogDerivedDataCache: Unable to find inner node CompressedPak for hierarchical cache Hierarchy.
[2021.04.11-20.02.19:028][  0]LogDerivedDataCache: Display: Pak cache opened for reading ../../../Engine/DerivedDataCache/Compressed.ddp.
[2021.04.11-20.02.19:029][  0]LogDerivedDataCache: FDerivedDataBackendGraph:  EnterprisePak pak cache file ../../../Enterprise/DerivedDataCache/Compressed.ddp not found, will not use a pak cache.
[2021.04.11-20.02.19:029][  0]LogDerivedDataCache: Unable to find inner node EnterprisePak for hierarchical cache Hierarchy.
[2021.04.11-20.02.19:030][  0]LogDerivedDataCache: Using Local data cache path C:/Users/Emmanuel/AppData/Local/UnrealEngine/Common/DerivedDataCache: Writable
[2021.04.11-20.02.19:030][  0]LogDerivedDataCache: Shared data cache path not found in *engine.ini, will not use an Shared cache.
[2021.04.11-20.02.19:030][  0]LogDerivedDataCache: Unable to find inner node Shared for hierarchical cache Hierarchy.
[2021.04.11-20.02.19:064][  0]LogMaterial: Verifying Global Shaders for PCD3D_SM5
[2021.04.11-20.02.19:067][  0]LogSlate: Using FreeType 2.10.0
[2021.04.11-20.02.19:098][  0]LogSlate: SlateFontServices - WITH_FREETYPE: 1, WITH_HARFBUZZ: 1
[2021.04.11-20.02.19:974][  0]LogAssetRegistry: FAssetRegistry took 0.0065 seconds to start up
[2021.04.11-20.02.20:371][  0]LogInit: Selected Device Profile: [Windows]
[2021.04.11-20.02.20:613][  0]LogMeshReduction: Using QuadricMeshReduction for automatic static mesh reduction
[2021.04.11-20.02.20:613][  0]LogMeshReduction: Using SimplygonMeshReduction for automatic skeletal mesh reduction
[2021.04.11-20.02.20:613][  0]LogMeshReduction: Using ProxyLODMeshReduction for automatic mesh merging
[2021.04.11-20.02.20:613][  0]LogMeshReduction: No distributed automatic mesh merging module available
[2021.04.11-20.02.20:613][  0]LogMeshMerging: No distributed automatic mesh merging module available
[2021.04.11-20.02.20:627][  0]LogNetVersion: Phosphorous 1.0.0, NetCL: 10570792, EngineNetVer: 13, GameNetVer: 0 (Checksum: 1239860017)
[2021.04.11-20.02.25:503][  0]LogPackageLocalizationCache: Processed 8 localized package path(s) for 1 prioritized culture(s) in 0.060494 seconds
[2021.04.11-20.02.25:511][  0]LogUObjectArray: 46098 objects as part of root set at end of initial load.
[2021.04.11-20.02.25:511][  0]LogUObjectAllocator: 8030680 out of 0 bytes used by permanent object pool.
[2021.04.11-20.02.25:511][  0]LogUObjectArray: CloseDisregardForGC: 0/0 objects in disregard for GC pool
[2021.04.11-20.02.26:284][  0]LogTcpMessaging: Initializing TcpMessaging bridge
[2021.04.11-20.02.26:287][  0]LogUdpMessaging: Initializing bridge on interface 0.0.0.0:0 to multicast group 230.0.0.1:6666.
[2021.04.11-20.02.26:358][  0]SourceControl: Source control is disabled
[2021.04.11-20.02.26:358][  0]SourceControl: Source control is disabled
[2021.04.11-20.02.26:359][  0]SourceControl: Source control is disabled
[2021.04.11-20.02.26:360][  0]SourceControl: Source control is disabled
[2021.04.11-20.02.26:361][  0]SourceControl: Source control is disabled
[2021.04.11-20.02.26:498][  0]LogAndroidPermission: UAndroidPermissionCallbackProxy::GetInstance
[2021.04.11-20.02.26:516][  0]LogAudioCaptureCore: Display: No Audio Capture implementations found. Audio input will be silent.
[2021.04.11-20.02.26:516][  0]LogAudioCaptureCore: Display: No Audio Capture implementations found. Audio input will be silent.
[2021.04.11-20.02.26:691][  0]LogEngine: Initializing Engine...
[2021.04.11-20.02.26:692][  0]LogStats: UGameplayTagsManager::InitializeManager -  0.000 s
[2021.04.11-20.02.27:107][  0]LogInit: Initializing FReadOnlyCVARCache
[2021.04.11-20.02.27:115][  0]LogAIModule: Creating AISystem for world Untitled
[2021.04.11-20.02.27:136][  0]LogAudioMixer: Display: Audio Mixer Platform Settings:
[2021.04.11-20.02.27:136][  0]LogAudioMixer: Display: 	Sample Rate:						  48000
[2021.04.11-20.02.27:136][  0]LogAudioMixer: Display: 	Callback Buffer Frame Size Requested: 1024
[2021.04.11-20.02.27:136][  0]LogAudioMixer: Display: 	Callback Buffer Frame Size To Use:	  1024
[2021.04.11-20.02.27:136][  0]LogAudioMixer: Display: 	Number of buffers to queue:			  2
[2021.04.11-20.02.27:136][  0]LogAudioMixer: Display: 	Max Channels (voices):				  32
[2021.04.11-20.02.27:136][  0]LogAudioMixer: Display: 	Number of Async Source Workers:		  0
[2021.04.11-20.02.27:136][  0]LogAudio: Display: AudioDevice MaxSources: 32
[2021.04.11-20.02.27:136][  0]LogAudio: Display: Using built-in audio occlusion.
[2021.04.11-20.02.27:136][  0]LogAudioMixer: Display: Initializing audio mixer.
[2021.04.11-20.02.27:147][  0]LogAudioMixer: Display: Audio Device Output Speaker Info:
[2021.04.11-20.02.27:147][  0]LogAudioMixer: Display: Name: Speakers (High Definition Audio Device)
[2021.04.11-20.02.27:147][  0]LogAudioMixer: Display: Is Default: Yes
[2021.04.11-20.02.27:147][  0]LogAudioMixer: Display: Sample Rate: 48000
[2021.04.11-20.02.27:147][  0]LogAudioMixer: Display: Channel Count Used: 2
[2021.04.11-20.02.27:147][  0]LogAudioMixer: Display: Device Channel Count: 2
[2021.04.11-20.02.27:147][  0]LogAudioMixer: Display: Channel Order:
[2021.04.11-20.02.27:147][  0]LogAudioMixer: Display: 0: FrontLeft
[2021.04.11-20.02.27:147][  0]LogAudioMixer: Display: 1: FrontRight
[2021.04.11-20.02.27:164][  0]LogAudioMixer: Display: Using Audio Device Speakers (High Definition Audio Device)
[2021.04.11-20.02.27:173][  0]LogInit: FAudioDevice initialized.
[2021.04.11-20.02.27:173][  0]LogNetVersion: Set ProjectVersion to 1.0.0.0. Version Checksum will be recalculated on next use.
[2021.04.11-20.02.27:413][  0]LogDerivedDataCache: Saved boot cache 0.24s 78MB C:/Users/Emmanuel/AppData/Local/UnrealEngine/4.24/DerivedDataCache/Boot.ddc.
[2021.04.11-20.02.27:425][  0]LogInit: Texture streaming: Enabled
[2021.04.11-20.02.27:596][  0]LogEngineSessionManager: EngineSessionManager initialized
[2021.04.11-20.02.27:596][  0]LogEditorSessionSummary: Verbose: Initializing EditorSessionSummaryWriter for editor session tracking
[2021.04.11-20.02.27:600][  0]LogEditorSessionSummary: EditorSessionSummaryWriter initialized
[2021.04.11-20.02.27:685][  0]LogInit: Transaction tracking system initialized
[2021.04.11-20.02.27:697][  0]BlueprintLog: New page: Editor Load
[2021.04.11-20.02.27:743][  0]LocalizationService: Localization service is disabled
[2021.04.11-20.02.27:794][  0]LogLinker: Warning: Failed to load '/Game/ThirdPersonBP/ThirdPersonOverview': Can't find file.
[2021.04.11-20.02.27:794][  0]LogLinker: Warning: Failed to load '/Game/ThirdPersonBP/ThirdPersonOverview': Can't find file.
[2021.04.11-20.02.27:794][  0]LogUObjectGlobals: Warning: Failed to find object 'Class /Game/ThirdPersonBP/ThirdPersonOverview.ThirdPersonOverview_C'
[2021.04.11-20.02.28:160][  0]LogCook: Display: Max memory allowance for cook 16384mb min free memory 0mb
[2021.04.11-20.02.28:160][  0]LogCook: Display: Mobile HDR setting 1
[2021.04.11-20.02.28:331][  0]LogFileCache: Scanning file cache for directory 'C:/Users/Emmanuel/Desktop/Phosphorus/Phosphorous/Phosphorous/Content/' took 0.05s
[2021.04.11-20.02.28:331][  0]SourceControl: Source control is disabled
[2021.04.11-20.02.28:331][  0]Cmd: MAP LOAD FILE="../../../../../../Users/Emmanuel/Desktop/Phosphorus/Phosphorous/Phosphorous/Content/Levels/Ground_Floor.umap" TEMPLATE=0 SHOWPROGRESS=1 FEATURELEVEL=3
[2021.04.11-20.02.28:332][  0]LightingResults: New page: Lighting Build
[2021.04.11-20.02.28:333][  0]LogWorld: UWorld::CleanupWorld for Untitled, bSessionEnded=true, bCleanupResources=true
[2021.04.11-20.02.28:333][  0]LogSlate: InvalidateAllWidgets triggered.  All widgets were invalidated
[2021.04.11-20.02.28:333][  0]MapCheck: New page: Map Check
[2021.04.11-20.02.28:333][  0]LightingResults: New page: Lighting Build
[2021.04.11-20.02.28:359][  0]LogUObjectHash: Compacting FUObjectHashTables data took   2.06ms
[2021.04.11-20.02.37:536][  0]LogAIModule: Creating AISystem for world Ground_Floor
[2021.04.11-20.02.37:979][  0]LogEditorServer: Finished looking for orphan Actors (0.000 secs)
[2021.04.11-20.02.38:127][  0]LogUObjectHash: Compacting FUObjectHashTables data took   6.77ms
[2021.04.11-20.02.38:132][  0]Cmd: MAP CHECKDEP NOCLEARLOG
[2021.04.11-20.02.38:133][  0]MapCheck: Map check complete: 0 Error(s), 0 Warning(s), took 0.456ms to complete.
[2021.04.11-20.02.38:133][  0]LogFileHelpers: Loading map 'Ground_Floor' took 9.801
[2021.04.11-20.02.39:158][  0]LogSlate: Updating window title bar state: overlay mode, drag disabled, window buttons hidden, title bar hidden
[2021.04.11-20.02.39:178][  0]LogSlate: Updating window title bar state: overlay mode, drag disabled, window buttons hidden, title bar hidden
[2021.04.11-20.02.39:195][  0]LogSlate: Updating window title bar state: overlay mode, drag disabled, window buttons hidden, title bar hidden
[2021.04.11-20.02.39:212][  0]LogSlate: Updating window title bar state: overlay mode, drag disabled, window buttons hidden, title bar hidden
[2021.04.11-20.02.39:323][  0]LogCollectionManager: Loaded 0 collections in 0.002734 seconds
[2021.04.11-20.02.39:465][  0]LogFileCache: Scanning file cache for directory 'C:/Users/Emmanuel/Desktop/Phosphorus/Phosphorous/Phosphorous/Saved/Collections/' took 0.00s
[2021.04.11-20.02.39:465][  0]LogFileCache: Scanning file cache for directory 'C:/Users/Emmanuel/Desktop/Phosphorus/Phosphorous/Phosphorous/Content/Developers/Emmanuel/Collections/' took 0.00s
[2021.04.11-20.02.39:465][  0]LogFileCache: Scanning file cache for directory 'C:/Users/Emmanuel/Desktop/Phosphorus/Phosphorous/Phosphorous/Content/Collections/' took 0.00s
[2021.04.11-20.02.39:465][  0]LogContentBrowser: Native class hierarchy populated in 0.0215 seconds. Added 2997 classes and 701 folders.
[2021.04.11-20.02.39:614][  0]LogContentBrowser: Native class hierarchy updated for 'WidgetCarousel' in 0.0006 seconds. Added 0 classes and 0 folders.
[2021.04.11-20.02.44:299][  0]LogContentBrowser: Native class hierarchy updated for 'AddContentDialog' in 0.0005 seconds. Added 0 classes and 0 folders.
[2021.04.11-20.02.44:382][  0]LogContentBrowser: Native class hierarchy updated for 'SceneOutliner' in 0.0006 seconds. Added 2 classes and 3 folders.
[2021.04.11-20.02.45:133][  0]LogSlate: Took 0.000352 seconds to synchronously load lazily loaded font '../../../Engine/Content/Slate/Fonts/Roboto-Regular.ttf' (155K)
[2021.04.11-20.02.45:199][  0]LogSlate: Took 0.000261 seconds to synchronously load lazily loaded font '../../../Engine/Content/Slate/Fonts/Roboto-Bold.ttf' (160K)
[2021.04.11-20.02.45:302][  0]LogSlate: Took 0.021337 seconds to synchronously load lazily loaded font '../../../Engine/Content/Editor/Slate/Fonts/FontAwesome.ttf' (139K)
[2021.04.11-20.02.47:622][  0]LogRenderer: Reallocating scene render targets to support 1208x572 Format 10 NumSamples 1 (Frame:1).
[2021.04.11-20.02.48:662][  0]LogContentBrowser: Native class hierarchy updated for 'HierarchicalLODOutliner' in 0.0004 seconds. Added 0 classes and 0 folders.
[2021.04.11-20.02.48:662][  0]LogLoad: (Engine Initialization) Total time: 39.73 seconds
[2021.04.11-20.02.48:662][  0]LogLoad: (Engine Initialization) Total Blueprint compile time: 0.00 seconds
[2021.04.11-20.02.49:007][  0]LogContentStreaming: Texture pool size now 1000 MB
[2021.04.11-20.02.52:998][ 29]LogAssetRegistry: Asset discovery search completed in 33.0246 seconds
[2021.04.11-20.02.53:006][ 29]LogCollectionManager: Fixed up redirectors for 0 collections in 0.000017 seconds (updated 0 objects)
[2021.04.11-20.02.54:358][167]LogFileCache: Retrieving MD5 hashes for directory 'C:/Users/Emmanuel/Desktop/Phosphorus/Phosphorous/Phosphorous/Content/' took 5.64s
[2021.04.11-21.56.42:518][167]LogUObjectHash: Compacting FUObjectHashTables data took   0.98ms
[2021.04.11-21.56.42:762][167]LogSlate: Window 'Phosphorous - Unreal Editor' being destroyed
[2021.04.11-21.56.43:736][168]Cmd: QUIT_EDITOR
[2021.04.11-21.56.43:736][168]LogCore: Engine exit requested (reason: UUnrealEdEngine::CloseEditor())
[2021.04.11-21.56.43:785][168]LogCore: Engine exit requested (reason: EngineExit() was called; note: exit was already requested)
[2021.04.11-21.56.43:785][168]LogAudioMixer: Display: No commands were queued while flushing the source manager.
[2021.04.11-21.56.44:151][168]LogWindowsTextInputMethodSystem: Display: IME system now deactivated.
[2021.04.11-21.56.44:226][168]LogExit: Preparing to exit.
[2021.04.11-21.56.46:035][168]LogDemo: Cleaned up 0 splitscreen connections with owner deletion
[2021.04.11-21.56.46:326][168]LogWorld: UWorld::CleanupWorld for None, bSessionEnded=true, bCleanupResources=true
[2021.04.11-21.56.46:326][168]LogExit: Editor shut down
[2021.04.11-21.56.46:327][168]LogExit: Transaction tracking system shut down
[2021.04.11-21.56.48:785][168]LogExit: Object subsystem successfully closed.
[2021.04.11-21.56.49:055][168]LogShaderCompilers: Display: Shaders left to compile 0
[2021.04.11-21.56.50:621][168]LogModuleManager: Shutting down and abandoning module HierarchicalLODOutliner (680)
[2021.04.11-21.56.50:621][168]LogModuleManager: Shutting down and abandoning module SceneOutliner (678)
[2021.04.11-21.56.50:621][168]LogModuleManager: Shutting down and abandoning module AddContentDialog (676)
[2021.04.11-21.56.50:632][168]LogModuleManager: Shutting down and abandoning module WidgetCarousel (675)
[2021.04.11-21.56.50:632][168]LogModuleManager: Shutting down and abandoning module EditorWidgets (672)
[2021.04.11-21.56.50:632][168]LogModuleManager: Shutting down and abandoning module CollectionManager (670)
[2021.04.11-21.56.50:642][168]LogModuleManager: Shutting down and abandoning module StatsViewer (668)
[2021.04.11-21.56.50:662][168]LogModuleManager: Shutting down and abandoning module VirtualTexturingEditor (666)
[2021.04.11-21.56.50:670][168]LogModuleManager: Shutting down and abandoning module FoliageEdit (664)
[2021.04.11-21.56.50:683][168]LogModuleManager: Shutting down and abandoning module LandscapeEditor (662)
[2021.04.11-21.56.50:721][168]LogModuleManager: Shutting down and abandoning module MeshPaintMode (660)
[2021.04.11-21.56.50:721][168]LogModuleManager: Shutting down and abandoning module SceneDepthPickerMode (658)
[2021.04.11-21.56.50:721][168]LogModuleManager: Shutting down and abandoning module ActorPickerMode (656)
[2021.04.11-21.56.50:721][168]LogModuleManager: Shutting down and abandoning module GeometryMode (654)
[2021.04.11-21.56.50:721][168]LogModuleManager: Shutting down and abandoning module TextureAlignMode (652)
[2021.04.11-21.56.50:721][168]LogModuleManager: Shutting down and abandoning module BspMode (650)
[2021.04.11-21.56.50:721][168]LogModuleManager: Shutting down and abandoning module PIEPreviewDeviceProfileSelector (648)
[2021.04.11-21.56.50:739][168]LogModuleManager: Shutting down and abandoning module SequenceRecorderSections (646)
[2021.04.11-21.56.50:747][168]LogModuleManager: Shutting down and abandoning module AutomationWorker (644)
[2021.04.11-21.56.50:747][168]LogModuleManager: Shutting down and abandoning module AudioCaptureEditor (642)
[2021.04.11-21.56.50:762][168]LogModuleManager: Shutting down and abandoning module MatineeToLevelSequence (640)
[2021.04.11-21.56.50:772][168]LogModuleManager: Shutting down and abandoning module LevelSequenceEditor (638)
[2021.04.11-21.56.50:807][168]LogModuleManager: Shutting down and abandoning module PlacementMode (637)
[2021.04.11-21.56.50:808][168]LogModuleManager: Shutting down and abandoning module MaterialEditor (636)
[2021.04.11-21.56.50:896][168]LogModuleManager: Shutting down and abandoning module ActorSequenceEditor (632)
[2021.04.11-21.56.50:911][168]LogModuleManager: Shutting down and abandoning module WmfMediaFactory (630)
[2021.04.11-21.56.50:911][168]LogModuleManager: Shutting down and abandoning module WmfMediaEditor (628)
[2021.04.11-21.56.50:911][168]LogModuleManager: Shutting down and abandoning module WebMMediaFactory (626)
[2021.04.11-21.56.50:911][168]LogModuleManager: Shutting down and abandoning module WebMMediaEditor (624)
[2021.04.11-21.56.50:911][168]LogModuleManager: Shutting down and abandoning module WebMMedia (622)
[2021.04.11-21.56.50:917][168]LogModuleManager: Shutting down and abandoning module MediaPlayerEditor (620)
[2021.04.11-21.56.50:935][168]LogModuleManager: Shutting down and abandoning module MediaCompositingEditor (618)
[2021.04.11-21.56.50:956][168]LogModuleManager: Shutting down and abandoning module SequenceRecorder (617)
[2021.04.11-21.56.50:956][168]LogModuleManager: Shutting down and abandoning module OpenExrWrapper (614)
[2021.04.11-21.56.50:956][168]LogModuleManager: Shutting down and abandoning module ImgMediaFactory (612)
[2021.04.11-21.56.50:956][168]LogModuleManager: Shutting down and abandoning module ImgMediaEditor (610)
[2021.04.11-21.56.50:956][168]LogModuleManager: Shutting down and abandoning module AvfMediaFactory (608)
[2021.04.11-21.56.50:956][168]LogModuleManager: Shutting down and abandoning module AvfMediaEditor (606)
[2021.04.11-21.56.50:956][168]LogModuleManager: Shutting down and abandoning module AndroidMediaFactory (604)
[2021.04.11-21.56.50:956][168]LogModuleManager: Shutting down and abandoning module AndroidMediaEditor (602)
[2021.04.11-21.56.50:956][168]LogModuleManager: Shutting down and abandoning module MagicLeapMediaCodecFactory (600)
[2021.04.11-21.56.50:956][168]LogModuleManager: Shutting down and abandoning module MagicLeapMediaFactory (598)
[2021.04.11-21.56.50:956][168]LogModuleManager: Shutting down and abandoning module MagicLeapMediaEditor (596)
[2021.04.11-21.56.50:956][168]LogModuleManager: Shutting down and abandoning module CharacterAI (594)
[2021.04.11-21.56.50:956][168]LogModuleManager: Shutting down and abandoning module SmartSnapping (592)
[2021.04.11-21.56.50:956][168]LogModuleManager: Shutting down and abandoning module SessionServices (590)
[2021.04.11-21.56.50:956][168]LogModuleManager: Shutting down and abandoning module MeshPaint (588)
[2021.04.11-21.56.50:971][168]LogModuleManager: Shutting down and abandoning module ViewportSnapping (586)
[2021.04.11-21.56.50:971][168]LogModuleManager: Shutting down and abandoning module ViewportInteraction (584)
[2021.04.11-21.56.50:971][168]LogModuleManager: Shutting down and abandoning module ClothPainter (582)
[2021.04.11-21.56.50:988][168]LogModuleManager: Shutting down and abandoning module SkeletalMeshEditor (581)
[2021.04.11-21.56.50:999][168]LogModuleManager: Shutting down and abandoning module LogVisualizer (578)
[2021.04.11-21.56.51:012][168]LogModuleManager: Shutting down and abandoning module IntroTutorials (576)
[2021.04.11-21.56.51:019][168]LogModuleManager: Shutting down and abandoning module GameProjectGeneration (575)
[2021.04.11-21.56.51:019][168]LogModuleManager: Shutting down and abandoning module LuminPlatformEditor (572)
[2021.04.11-21.56.51:019][168]LogModuleManager: Shutting down and abandoning module IOSPlatformEditor (570)
[2021.04.11-21.56.51:030][168]LogModuleManager: Shutting down and abandoning module AndroidPlatformEditor (568)
[2021.04.11-21.56.51:038][168]LogModuleManager: Shutting down and abandoning module AndroidDeviceDetection (567)
[2021.04.11-21.56.51:182][168]LogModuleManager: Shutting down and abandoning module WindowsPlatformEditor (564)
[2021.04.11-21.56.51:182][168]LogModuleManager: Shutting down and abandoning module LuminRuntimeSettings (562)
[2021.04.11-21.56.51:182][168]LogModuleManager: Shutting down and abandoning module IOSRuntimeSettings (560)
[2021.04.11-21.56.51:182][168]LogModuleManager: Shutting down and abandoning module AndroidRuntimeSettings (558)
[2021.04.11-21.56.51:182][168]LogModuleManager: Shutting down and abandoning module EditorInteractiveToolsFramework (556)
[2021.04.11-21.56.51:182][168]LogModuleManager: Shutting down and abandoning module TimeManagementEditor (554)
[2021.04.11-21.56.51:182][168]LogModuleManager: Shutting down and abandoning module InputBindingEditor (552)
[2021.04.11-21.56.51:193][168]LogModuleManager: Shutting down and abandoning module MergeActors (550)
[2021.04.11-21.56.51:199][168]LogModuleManager: Shutting down and abandoning module LocalizationDashboard (548)
[2021.04.11-21.56.51:206][168]LogModuleManager: Shutting down and abandoning module LocalizationService (547)
[2021.04.11-21.56.51:214][168]LogModuleManager: Shutting down and abandoning module HardwareTargeting (544)
[2021.04.11-21.56.51:215][168]LogModuleManager: Shutting down and abandoning module DeviceProfileEditor (542)
[2021.04.11-21.56.51:215][168]LogModuleManager: Shutting down and abandoning module UndoHistory (540)
[2021.04.11-21.56.51:222][168]LogModuleManager: Shutting down and abandoning module XmlParser (538)
[2021.04.11-21.56.51:236][168]LogModuleManager: Shutting down and abandoning module Blutility (536)
[2021.04.11-21.56.51:236][168]LogModuleManager: Shutting down and abandoning module ProjectSettingsViewer (534)
[2021.04.11-21.56.51:237][168]LogModuleManager: Shutting down and abandoning module ProjectTargetPlatformEditor (533)
[2021.04.11-21.56.51:237][168]LogModuleManager: Shutting down and abandoning module EditorSettingsViewer (530)
[2021.04.11-21.56.51:237][168]LogModuleManager: Shutting down and abandoning module SettingsEditor (528)
[2021.04.11-21.56.51:255][168]LogModuleManager: Shutting down and abandoning module ProjectLauncher (526)
[2021.04.11-21.56.51:275][168]LogModuleManager: Shutting down and abandoning module SessionFrontend (524)
[2021.04.11-21.56.51:282][168]LogModuleManager: Shutting down and abandoning module ProfilerClient (522)
[2021.04.11-21.56.51:295][168]LogModuleManager: Shutting down and abandoning module DeviceManager (520)
[2021.04.11-21.56.51:307][168]LogModuleManager: Shutting down and abandoning module TargetDeviceServices (519)
[2021.04.11-21.56.51:340][168]LogModuleManager: Shutting down and abandoning module AutomationController (516)
[2021.04.11-21.56.51:355][168]LogModuleManager: Shutting down and abandoning module AutomationWindow (514)
[2021.04.11-21.56.51:372][168]LogModuleManager: Shutting down and abandoning module Layers (512)
[2021.04.11-21.56.51:387][168]LogModuleManager: Shutting down and abandoning module ComponentVisualizers (510)
[2021.04.11-21.56.51:387][168]LogModuleManager: Shutting down and abandoning module DetailCustomizations (508)
[2021.04.11-21.56.51:410][168]LogModuleManager: Shutting down and abandoning module PackagesDialog (506)
[2021.04.11-21.56.51:411][168]LogModuleManager: Shutting down and abandoning module AnimationBlueprintEditor (504)
[2021.04.11-21.56.51:432][168]LogModuleManager: Shutting down and abandoning module Persona (502)
[2021.04.11-21.56.51:455][168]LogModuleManager: Shutting down and abandoning module AdvancedPreviewScene (501)
[2021.04.11-21.56.51:455][168]LogModuleManager: Shutting down and abandoning module AnimGraph (499)
[2021.04.11-21.56.51:461][168]LogModuleManager: Shutting down and abandoning module Kismet (496)
[2021.04.11-21.56.51:501][168]LogModuleManager: Shutting down and abandoning module KismetWidgets (495)
[2021.04.11-21.56.51:505][168]LogModuleManager: Shutting down and abandoning module GraphEditor (492)
[2021.04.11-21.56.51:539][168]LogModuleManager: Shutting down and abandoning module StructViewer (490)
[2021.04.11-21.56.51:539][168]LogModuleManager: Shutting down and abandoning module ClassViewer (488)
[2021.04.11-21.56.51:539][168]LogModuleManager: Shutting down and abandoning module Toolbox (486)
[2021.04.11-21.56.51:539][168]LogModuleManager: Shutting down and abandoning module ModuleUI (484)
[2021.04.11-21.56.51:549][168]LogModuleManager: Shutting down and abandoning module OutputLog (482)
[2021.04.11-21.56.51:579][168]LogModuleManager: Shutting down and abandoning module GammaUI (480)
[2021.04.11-21.56.51:584][168]LogModuleManager: Shutting down and abandoning module Documentation (478)
[2021.04.11-21.56.51:584][168]LogModuleManager: Shutting down and abandoning module ToolMenus (476)
[2021.04.11-21.56.51:585][168]LogModuleManager: Shutting down and abandoning module LiveCoding (474)
[2021.04.11-21.56.51:603][168]LogModuleManager: Shutting down and abandoning module LevelSequence (472)
[2021.04.11-21.56.51:603][168]LogModuleManager: Shutting down and abandoning module MovieSceneTracks (470)
[2021.04.11-21.56.51:603][168]LogModuleManager: Shutting down and abandoning module MovieScene (468)
[2021.04.11-21.56.51:606][168]LogModuleManager: Shutting down and abandoning module StreamingPauseRendering (466)
[2021.04.11-21.56.51:619][168]LogModuleManager: Shutting down and abandoning module LauncherPlatform (464)
[2021.04.11-21.56.51:619][168]LogModuleManager: Shutting down and abandoning module AnalyticsET (462)
[2021.04.11-21.56.51:619][168]LogModuleManager: Shutting down and abandoning module PortalServices (460)
[2021.04.11-21.56.51:619][168]LogModuleManager: Shutting down and abandoning module PortalRpc (458)
[2021.04.11-21.56.51:619][168]LogModuleManager: Shutting down and abandoning module MessagingRpc (456)
[2021.04.11-21.56.51:619][168]LogModuleManager: Shutting down and abandoning module AudioMixerXAudio2 (454)
[2021.04.11-21.56.51:619][168]LogModuleManager: Shutting down and abandoning module AIModule (452)
[2021.04.11-21.56.51:641][168]LogModuleManager: Shutting down and abandoning module GameplayDebugger (451)
[2021.04.11-21.56.51:641][168]LogModuleManager: Shutting down and abandoning module AITestSuite (449)
[2021.04.11-21.56.51:641][168]LogModuleManager: Shutting down and abandoning module NavigationSystem (447)
[2021.04.11-21.56.51:641][168]LogModuleManager: Shutting down and abandoning module ImageWriteQueue (444)
[2021.04.11-21.56.51:648][168]LogModuleManager: Shutting down and abandoning module ProfilerService (442)
[2021.04.11-21.56.51:783][168]LogModuleManager: Shutting down and abandoning module TaskGraph (440)
[2021.04.11-21.56.51:810][168]LogModuleManager: Shutting down and abandoning module ScreenshotTools (438)
[2021.04.11-21.56.51:810][168]LogModuleManager: Shutting down and abandoning module ProceduralMeshComponentEditor (436)
[2021.04.11-21.56.51:810][168]LogModuleManager: Shutting down and abandoning module ProceduralMeshComponent (434)
[2021.04.11-21.56.51:810][168]LogModuleManager: Shutting down and abandoning module MobilePatchingUtils (432)
[2021.04.11-21.56.51:810][168]LogModuleManager: Shutting down and abandoning module EditableMesh (430)
[2021.04.11-21.56.51:815][168]LogModuleManager: Shutting down and abandoning module CustomMeshComponent (428)
[2021.04.11-21.56.51:815][168]LogModuleManager: Shutting down and abandoning module CableComponent (426)
[2021.04.11-21.56.51:815][168]LogModuleManager: Shutting down and abandoning module AudioCapture (424)
[2021.04.11-21.56.51:815][168]LogModuleManager: Shutting down and abandoning module AudioCaptureRtAudio (423)
[2021.04.11-21.56.51:815][168]LogModuleManager: Shutting down and abandoning module AssetTags (420)
[2021.04.11-21.56.51:815][168]LogModuleManager: Shutting down and abandoning module ArchVisCharacter (418)
[2021.04.11-21.56.51:815][168]LogModuleManager: Shutting down and abandoning module AppleImageUtilsBlueprintSupport (416)
[2021.04.11-21.56.51:815][168]LogModuleManager: Shutting down and abandoning module AppleImageUtils (414)
[2021.04.11-21.56.51:816][168]LogModuleManager: Shutting down and abandoning module AndroidPermission (412)
[2021.04.11-21.56.51:816][168]LogModuleManager: Shutting down and abandoning module NUTUnrealEngine4 (410)
[2021.04.11-21.56.51:824][168]LogModuleManager: Shutting down and abandoning module NetcodeUnitTest (408)
[2021.04.11-21.56.51:832][168]LogModuleManager: Shutting down and abandoning module MediaCompositing (406)
[2021.04.11-21.56.51:832][168]LogModuleManager: Shutting down and abandoning module ImgMedia (404)
[2021.04.11-21.56.51:832][168]LogModuleManager: Shutting down and abandoning module MagicLeapHelperVulkan (402)
[2021.04.11-21.56.51:832][168]LogModuleManager: Shutting down and abandoning module MagicLeapHelperOpenGL (400)
[2021.04.11-21.56.51:832][168]LogModuleManager: Shutting down and abandoning module MagicLeapAudio (398)
[2021.04.11-21.56.51:832][168]LogModuleManager: Shutting down and abandoning module GeometryCacheTracks (396)
[2021.04.11-21.56.51:832][168]LogModuleManager: Shutting down and abandoning module GeometryCacheSequencer (394)
[2021.04.11-21.56.51:832][168]LogModuleManager: Shutting down and abandoning module BackChannel (392)
[2021.04.11-21.56.51:840][168]LogModuleManager: Shutting down and abandoning module AutomationUtilsEditor (390)
[2021.04.11-21.56.51:840][168]LogModuleManager: Shutting down and abandoning module AutomationUtils (388)
[2021.04.11-21.56.51:840][168]LogModuleManager: Shutting down and abandoning module AlembicImporter (386)
[2021.04.11-21.56.51:845][168]LogModuleManager: Shutting down and abandoning module AlembicLibrary (385)
[2021.04.11-21.56.51:853][168]LogModuleManager: Shutting down and abandoning module GeometryCache (384)
[2021.04.11-21.56.51:853][168]LogModuleManager: Shutting down and abandoning module GeometryCacheEd (383)
[2021.04.11-21.56.51:853][168]LogModuleManager: Shutting down and abandoning module VariantManagerContentEditor (378)
[2021.04.11-21.56.51:860][168]LogModuleManager: Shutting down and abandoning module DatasmithContentEditor (376)
[2021.04.11-21.56.51:877][168]LogModuleManager: Shutting down and abandoning module SpeedTreeImporter (374)
[2021.04.11-21.56.51:877][168]LogModuleManager: Shutting down and abandoning module PluginBrowser (372)
[2021.04.11-21.56.51:903][168]LogModuleManager: Shutting down and abandoning module MobileLauncherProfileWizard (370)
[2021.04.11-21.56.51:930][168]LogModuleManager: Shutting down and abandoning module MaterialAnalyzer (368)
[2021.04.11-21.56.51:940][168]LogModuleManager: Shutting down and abandoning module CurveEditorTools (366)
[2021.04.11-21.56.51:954][168]LogModuleManager: Shutting down and abandoning module CryptoKeysOpenSSL (364)
[2021.04.11-21.56.51:954][168]LogModuleManager: Shutting down and abandoning module CryptoKeys (362)
[2021.04.11-21.56.51:954][168]LogModuleManager: Shutting down and abandoning module VisualStudioSourceCodeAccess (360)
[2021.04.11-21.56.51:960][168]LogModuleManager: Shutting down and abandoning module VisualStudioCodeSourceCodeAccess (358)
[2021.04.11-21.56.51:960][168]LogModuleManager: Shutting down and abandoning module UObjectPlugin (356)
[2021.04.11-21.56.51:960][168]LogModuleManager: Shutting down and abandoning module SubversionSourceControl (354)
[2021.04.11-21.56.51:979][168]LogModuleManager: Shutting down and abandoning module PlasticSourceControl (352)
[2021.04.11-21.56.51:989][168]LogModuleManager: Shutting down and abandoning module PerforceSourceControl (350)
[2021.04.11-21.56.52:001][168]LogModuleManager: Shutting down and abandoning module GitSourceControl (348)
[2021.04.11-21.56.52:014][168]LogModuleManager: Shutting down and abandoning module SourceControl (347)
[2021.04.11-21.56.52:026][168]LogModuleManager: Shutting down and abandoning module CLionSourceCodeAccess (344)
[2021.04.11-21.56.52:081][168]LogModuleManager: Shutting down and abandoning module AnimationSharingEd (342)
[2021.04.11-21.56.52:081][168]LogModuleManager: Shutting down and abandoning module ActorLayerUtilitiesEditor (340)
[2021.04.11-21.56.52:081][168]LogModuleManager: Shutting down and abandoning module ActorLayerUtilities (338)
[2021.04.11-21.56.52:081][168]LogModuleManager: Shutting down and abandoning module LightPropagationVolumeEditor (336)
[2021.04.11-21.56.52:081][168]LogModuleManager: Shutting down and abandoning module PaperTiledImporter (334)
[2021.04.11-21.56.52:081][168]LogModuleManager: Shutting down and abandoning module PaperSpriteSheetImporter (332)
[2021.04.11-21.56.52:081][168]LogModuleManager: Shutting down and abandoning module Paper2DEditor (330)
[2021.04.11-21.56.52:103][168]LogModuleManager: Shutting down and abandoning module SignificanceManager (328)
[2021.04.11-21.56.52:104][168]LogModuleManager: Shutting down and abandoning module RuntimePhysXCooking (326)
[2021.04.11-21.56.52:104][168]LogModuleManager: Shutting down and abandoning module PhysXVehiclesEditor (324)
[2021.04.11-21.56.52:104][168]LogModuleManager: Shutting down and abandoning module LocationServicesBPLibrary (320)
[2021.04.11-21.56.52:104][168]LogModuleManager: Shutting down and abandoning module ActorSequence (318)
[2021.04.11-21.56.52:104][168]LogModuleManager: Shutting down and abandoning module UdpMessaging (316)
[2021.04.11-21.56.52:205][168]LogModuleManager: Shutting down and abandoning module TcpMessaging (314)
[2021.04.11-21.56.52:309][168]LogModuleManager: Shutting down and abandoning module MagicLeapPrivileges (312)
[2021.04.11-21.56.52:318][168]LogModuleManager: Shutting down and abandoning module MagicLeapPlanes (310)
[2021.04.11-21.56.52:337][168]LogMagicLeapPlanes: Planes tracker already destroyed.
[2021.04.11-21.56.52:337][168]LogModuleManager: Shutting down and abandoning module MagicLeapIdentity (308)
[2021.04.11-21.56.52:337][168]LogModuleManager: Shutting down and abandoning module MagicLeapSecureStorage (306)
[2021.04.11-21.56.52:337][168]LogModuleManager: Shutting down and abandoning module MagicLeapImageTracker (304)
[2021.04.11-21.56.52:337][168]LogModuleManager: Shutting down and abandoning module MagicLeapHandTracking (302)
[2021.04.11-21.56.52:337][168]LogModuleManager: Shutting down and abandoning module MagicLeapHandMeshing (300)
[2021.04.11-21.56.52:346][168]LogModuleManager: Shutting down and abandoning module MagicLeapEyeTracker (298)
[2021.04.11-21.56.52:346][168]LogModuleManager: Shutting down and abandoning module MagicLeapController (296)
[2021.04.11-21.56.52:351][168]LogSlate: Slate User Destroyed.  User Index 0, Is Virtual User: 0
[2021.04.11-21.56.52:351][168]LogModuleManager: Shutting down and abandoning module MagicLeapARPin (294)
[2021.04.11-21.56.52:351][168]LogModuleManager: Shutting down and abandoning module MagicLeapAR (292)
[2021.04.11-21.56.52:351][168]LogModuleManager: Shutting down and abandoning module AugmentedReality (291)
[2021.04.11-21.56.52:351][168]LogModuleManager: Shutting down and abandoning module GameplayTagsEditor (288)
[2021.04.11-21.56.52:357][168]LogModuleManager: Shutting down and abandoning module FacialAnimationEditor (286)
[2021.04.11-21.56.52:357][168]LogModuleManager: Shutting down and abandoning module FacialAnimation (284)
[2021.04.11-21.56.52:357][168]LogModuleManager: Shutting down and abandoning module DataValidation (282)
[2021.04.11-21.56.52:365][168]LogModuleManager: Shutting down and abandoning module AssetManagerEditor (280)
[2021.04.11-21.56.52:377][168]LogModuleManager: Shutting down and abandoning module LevelEditor (279)
[2021.04.11-21.56.52:406][168]LogModuleManager: Shutting down and abandoning module PixelInspectorModule (278)
[2021.04.11-21.56.52:420][168]LogModuleManager: Shutting down and abandoning module CommonMenuExtensions (276)
[2021.04.11-21.56.52:420][168]LogModuleManager: Shutting down and abandoning module MainFrame (274)
[2021.04.11-21.56.52:420][168]LogModuleManager: Shutting down and abandoning module HotReload (273)
[2021.04.11-21.56.52:446][168]LogModuleManager: Shutting down and abandoning module ContentBrowser (269)
[2021.04.11-21.56.52:459][168]LogModuleManager: Shutting down and abandoning module TreeMap (267)
[2021.04.11-21.56.52:463][168]LogModuleManager: Shutting down and abandoning module AnimationSharing (264)
[2021.04.11-21.56.52:463][168]LogModuleManager: Shutting down and abandoning module LightPropagationVolumeRuntime (262)
[2021.04.11-21.56.52:463][168]LogModuleManager: Shutting down and abandoning module Paper2D (260)
[2021.04.11-21.56.52:475][168]LogModuleManager: Shutting down and abandoning module WindowsMoviePlayer (258)
[2021.04.11-21.56.52:485][168]LogModuleManager: Shutting down and abandoning module WebMMoviePlayer (256)
[2021.04.11-21.56.52:530][168]LogModuleManager: Shutting down and abandoning module NetworkReplayStreaming (254)
[2021.04.11-21.56.52:530][168]LogModuleManager: Shutting down and abandoning module PacketHandler (252)
[2021.04.11-21.56.52:530][168]LogModuleManager: Shutting down and abandoning module ClothingSystemEditor (250)
[2021.04.11-21.56.52:530][168]LogModuleManager: Shutting down and abandoning module ClothingSystemRuntimeNv (248)
[2021.04.11-21.56.52:549][168]LogModuleManager: Shutting down and abandoning module MediaAssets (246)
[2021.04.11-21.56.52:549][168]LogModuleManager: Shutting down and abandoning module Overlay (244)
[2021.04.11-21.56.52:549][168]LogModuleManager: Shutting down and abandoning module OverlayEditor (243)
[2021.04.11-21.56.52:549][168]LogModuleManager: Shutting down and abandoning module VREditor (240)
[2021.04.11-21.56.52:560][168]LogModuleManager: Shutting down and abandoning module StringTableEditor (238)
[2021.04.11-21.56.52:569][168]LogModuleManager: Shutting down and abandoning module GameplayTasksEditor (236)
[2021.04.11-21.56.52:577][168]LogModuleManager: Shutting down and abandoning module BehaviorTreeEditor (234)
[2021.04.11-21.56.52:590][168]LogModuleManager: Shutting down and abandoning module FunctionalTesting (232)
[2021.04.11-21.56.52:600][168]LogModuleManager: Shutting down and abandoning module CollisionAnalyzer (230)
[2021.04.11-21.56.52:612][168]LogModuleManager: Shutting down and abandoning module WorkspaceMenuStructure (229)
[2021.04.11-21.56.52:619][168]LogModuleManager: Shutting down and abandoning module UMG (226)
[2021.04.11-21.56.52:629][168]LogModuleManager: Shutting down and abandoning module UMGEditor (225)
[2021.04.11-21.56.52:630][168]LogModuleManager: Shutting down and abandoning module MessageLog (223)
[2021.04.11-21.56.52:630][168]LogModuleManager: Shutting down and abandoning module SlateReflector (218)
[2021.04.11-21.56.52:669][168]LogModuleManager: Shutting down and abandoning module Slate (216)
[2021.04.11-21.56.52:669][168]LogModuleManager: Shutting down and abandoning module SlateCore (214)
[2021.04.11-21.56.52:669][168]LogModuleManager: Shutting down and abandoning module LandscapeEditorUtilities (212)
[2021.04.11-21.56.52:669][168]LogModuleManager: Shutting down and abandoning module UnrealEd (210)
[2021.04.11-21.56.52:673][168]LogModuleManager: Shutting down and abandoning module MRMesh (208)
[2021.04.11-21.56.52:673][168]LogModuleManager: Shutting down and abandoning module SourceCodeAccess (206)
[2021.04.11-21.56.52:684][168]LogModuleManager: Shutting down and abandoning module HeadMountedDisplay (204)
[2021.04.11-21.56.52:689][168]LogModuleManager: Shutting down and abandoning module XAudio2 (202)
[2021.04.11-21.56.52:697][168]LogModuleManager: Shutting down and abandoning module Networking (200)
[2021.04.11-21.56.52:697][168]LogModuleManager: Shutting down and abandoning module Core (198)
[2021.04.11-21.56.52:697][168]LogModuleManager: Shutting down and abandoning module MovieSceneTools (196)
[2021.04.11-21.56.52:728][168]LogModuleManager: Shutting down and abandoning module CurveEditor (195)
[2021.04.11-21.56.52:749][168]LogModuleManager: Shutting down and abandoning module Sequencer (193)
[2021.04.11-21.56.52:795][168]LogModuleManager: Shutting down and abandoning module EditorStyle (192)
[2021.04.11-21.56.52:840][168]LogModuleManager: Shutting down and abandoning module KismetCompiler (188)
[2021.04.11-21.56.52:840][168]LogModuleManager: Shutting down and abandoning module MeshUtilities (186)
[2021.04.11-21.56.52:847][168]LogModuleManager: Shutting down and abandoning module MeshMergeUtilities (185)
[2021.04.11-21.56.52:858][168]LogModuleManager: Shutting down and abandoning module MeshReductionInterface (184)
[2021.04.11-21.56.52:858][168]LogModuleManager: Shutting down and abandoning module MeshBoneReduction (183)
[2021.04.11-21.56.52:889][168]LogModuleManager: Shutting down and abandoning module SkeletalMeshReduction (181)
[2021.04.11-21.56.52:909][168]LogModuleManager: Shutting down and abandoning module ProxyLODMeshReduction (179)
[2021.04.11-21.56.52:932][168]LogModuleManager: Shutting down and abandoning module QuadricMeshReduction (177)
[2021.04.11-21.56.52:957][168]LogModuleManager: Shutting down and abandoning module MaterialBaking (173)
[2021.04.11-21.56.52:965][168]LogModuleManager: Shutting down and abandoning module NullInstallBundleManager (168)
[2021.04.11-21.56.52:965][168]LogModuleManager: Shutting down and abandoning module DerivedDataCache (166)
[2021.04.11-21.56.52:965][168]LogDerivedDataCache: Shutdown
[2021.04.11-21.56.52:970][168]LogModuleManager: Shutting down and abandoning module XGEController (164)
[2021.04.11-21.56.52:974][168]LogModuleManager: Shutting down and abandoning module TargetPlatform (162)
[2021.04.11-21.56.52:982][168]LogModuleManager: Shutting down and abandoning module VulkanShaderFormat (161)
[2021.04.11-21.56.53:023][168]LogModuleManager: Shutting down and abandoning module ShaderFormatVectorVM (159)
[2021.04.11-21.56.53:034][168]LogModuleManager: Shutting down and abandoning module ShaderFormatOpenGL (157)
[2021.04.11-21.56.53:048][168]LogModuleManager: Shutting down and abandoning module ShaderFormatD3D (155)
[2021.04.11-21.56.53:048][168]LogModuleManager: Shutting down and abandoning module MetalShaderFormat (153)
[2021.04.11-21.56.53:061][168]LogModuleManager: Shutting down and abandoning module TextureFormatUncompressed (151)
[2021.04.11-21.56.53:061][168]LogModuleManager: Shutting down and abandoning module TextureFormatPVR (149)
[2021.04.11-21.56.53:061][168]LogModuleManager: Shutting down and abandoning module TextureFormatDXT (147)
[2021.04.11-21.56.53:076][168]LogModuleManager: Shutting down and abandoning module TextureFormatIntelISPCTexComp (145)
[2021.04.11-21.56.53:093][168]LogModuleManager: Shutting down and abandoning module TextureFormatASTC (143)
[2021.04.11-21.56.53:093][168]LogModuleManager: Shutting down and abandoning module ImageWrapper (142)
[2021.04.11-21.56.53:093][168]LogModuleManager: Shutting down and abandoning module TextureFormatAndroid (139)
[2021.04.11-21.56.53:093][168]LogModuleManager: Shutting down and abandoning module AudioFormatOpus (137)
[2021.04.11-21.56.53:108][168]LogModuleManager: Shutting down and abandoning module AudioFormatOgg (135)
[2021.04.11-21.56.53:108][168]LogModuleManager: Shutting down and abandoning module AudioFormatADPCM (133)
[2021.04.11-21.56.53:116][168]LogModuleManager: Shutting down and abandoning module WindowsServerTargetPlatform (131)
[2021.04.11-21.56.53:116][168]LogModuleManager: Shutting down and abandoning module WindowsClientTargetPlatform (129)
[2021.04.11-21.56.53:116][168]LogModuleManager: Shutting down and abandoning module WindowsTargetPlatform (127)
[2021.04.11-21.56.53:116][168]LogModuleManager: Shutting down and abandoning module WindowsNoEditorTargetPlatform (125)
[2021.04.11-21.56.53:116][168]LogModuleManager: Shutting down and abandoning module TVOSTargetPlatform (123)
[2021.04.11-21.56.53:133][168]LogModuleManager: Shutting down and abandoning module LuminTargetPlatform (121)
[2021.04.11-21.56.53:172][168]LogModuleManager: Shutting down and abandoning module LinuxAArch64ServerTargetPlatform (119)
[2021.04.11-21.56.53:172][168]LogModuleManager: Shutting down and abandoning module LinuxAArch64ClientTargetPlatform (117)
[2021.04.11-21.56.53:187][168]LogModuleManager: Shutting down and abandoning module LinuxAArch64NoEditorTargetPlatform (115)
[2021.04.11-21.56.53:196][168]LogModuleManager: Shutting down and abandoning module LinuxServerTargetPlatform (113)
[2021.04.11-21.56.53:196][168]LogModuleManager: Shutting down and abandoning module LinuxClientTargetPlatform (111)
[2021.04.11-21.56.53:197][168]LogModuleManager: Shutting down and abandoning module LinuxNoEditorTargetPlatform (109)
[2021.04.11-21.56.53:207][168]LogModuleManager: Shutting down and abandoning module Messaging (107)
[2021.04.11-21.56.53:207][168]LogModuleManager: Shutting down and abandoning module IOSTargetPlatform (105)
[2021.04.11-21.56.53:208][168]LogModuleManager: Shutting down and abandoning module AndroidTargetPlatform (103)
[2021.04.11-21.56.53:219][168]LogModuleManager: Shutting down and abandoning module AllDesktopTargetPlatform (101)
[2021.04.11-21.56.53:219][168]LogModuleManager: Shutting down and abandoning module InputCore (98)
[2021.04.11-21.56.53:219][168]LogModuleManager: Shutting down and abandoning module Settings (96)
[2021.04.11-21.56.53:219][168]LogModuleManager: Shutting down and abandoning module DirectoryWatcher (94)
[2021.04.11-21.56.53:221][168]LogModuleManager: Shutting down and abandoning module PhysXCooking (92)
[2021.04.11-21.56.53:221][168]LogModuleManager: Shutting down and abandoning module ChaosSolvers (90)
[2021.04.11-21.56.53:231][168]LogModuleManager: Shutting down and abandoning module FieldSystemEngine (89)
[2021.04.11-21.56.53:231][168]LogModuleManager: Shutting down and abandoning module Chaos (86)
[2021.04.11-21.56.53:231][168]LogModuleManager: Shutting down and abandoning module WindowsPlatformFeatures (84)
[2021.04.11-21.56.53:231][168]LogModuleManager: Shutting down and abandoning module GameplayMediaEncoder (83)
[2021.04.11-21.56.53:231][168]LogModuleManager: Shutting down and abandoning module ExampleDeviceProfileSelector (80)
[2021.04.11-21.56.53:231][168]LogModuleManager: Shutting down and abandoning module LauncherChunkInstaller (78)
[2021.04.11-21.56.53:231][168]LogModuleManager: Shutting down and abandoning module OnlineBlueprintSupport (76)
[2021.04.11-21.56.53:231][168]LogModuleManager: Shutting down and abandoning module OnlineSubsystem (72)
[2021.04.11-21.56.53:252][168]LogModuleManager: Shutting down and abandoning module XMPP (67)
[2021.04.11-21.56.53:263][168]LogModuleManager: Shutting down and abandoning module WebSockets (66)
[2021.04.11-21.56.53:339][168]LogModuleManager: Shutting down and abandoning module HTTP (63)
[2021.04.11-21.56.53:339][168]LogHttp: Display: Http module shutting down, but needs to wait on 1 outstanding Http requests:
[2021.04.11-21.56.53:339][168]LogHttp: Display: 	verb=[POST] url=[https://datarouter.ol.epicgames.com/datarouter/api/v1/public/data?SessionID=%7B097A5818-445B-BB91-2589-BD8E9791129E%7D&AppID=UEEditor.Rocket.Release&AppVersion=4.24.3-11590370%2B%2B%2BUE4%2BRelease-4.24&UserID=d57f52c041dc1cefa1eaa5a54b9e53ef%7C4e6cf32604f343b3b05732ffa8d80caf%7Cd3bb828f-d26b-47fd-a99a-882e199594b2&AppEnvironment=datacollector-binary&UploadType=eteventstream] refs=[1] status=Processing
[2021.04.11-21.56.53:358][168]LogModuleManager: Shutting down and abandoning module SSL (62)
[2021.04.11-21.56.53:361][168]LogModuleManager: Shutting down and abandoning module WmfMedia (58)
[2021.04.11-21.56.53:373][168]LogModuleManager: Shutting down and abandoning module Media (57)
[2021.04.11-21.56.53:374][168]LogModuleManager: Shutting down and abandoning module MagicLeap (54)
[2021.04.11-21.56.53:374][168]LogModuleManager: Shutting down and abandoning module VariantManagerContent (52)
[2021.04.11-21.56.53:374][168]LogModuleManager: Shutting down and abandoning module DatasmithContent (50)
[2021.04.11-21.56.53:375][168]LogModuleManager: Shutting down and abandoning module AISupportModule (48)
[2021.04.11-21.56.53:375][168]LogModuleManager: Shutting down and abandoning module DesktopPlatform (46)
[2021.04.11-21.56.53:375][168]LogModuleManager: Shutting down and abandoning module PlatformCryptoOpenSSL (44)
[2021.04.11-21.56.53:408][168]LogModuleManager: Shutting down and abandoning module PlatformCryptoTypes (42)
[2021.04.11-21.56.53:408][168]LogModuleManager: Shutting down and abandoning module PlatformCrypto (40)
[2021.04.11-21.56.53:408][168]LogModuleManager: Shutting down and abandoning module AnimationModifiers (38)
[2021.04.11-21.56.53:436][168]LogModuleManager: Shutting down and abandoning module PropertyEditor (37)
[2021.04.11-21.56.53:452][168]LogModuleManager: Shutting down and abandoning module AudioEditor (34)
[2021.04.11-21.56.53:468][168]LogModuleManager: Shutting down and abandoning module TextureCompressor (32)
[2021.04.11-21.56.53:507][168]LogModuleManager: Shutting down and abandoning module RenderCore (30)
[2021.04.11-21.56.53:507][168]LogModuleManager: Shutting down and abandoning module Landscape (28)
[2021.04.11-21.56.53:507][168]LogModuleManager: Shutting down and abandoning module SlateRHIRenderer (26)
[2021.04.11-21.56.53:523][168]LogModuleManager: Shutting down and abandoning module OpenGLDrv (24)
[2021.04.11-21.56.53:535][168]LogModuleManager: Shutting down and abandoning module D3D11RHI (22)
[2021.04.11-21.56.53:535][168]LogModuleManager: Shutting down and abandoning module AnimGraphRuntime (20)
[2021.04.11-21.56.53:546][168]LogModuleManager: Shutting down and abandoning module Renderer (18)
[2021.04.11-21.56.53:553][168]LogModuleManager: Shutting down and abandoning module Engine (16)
[2021.04.11-21.56.53:553][168]LogModuleManager: Shutting down and abandoning module CoreUObject (14)
[2021.04.11-21.56.53:553][168]LogModuleManager: Shutting down and abandoning module NetworkFile (12)
[2021.04.11-21.56.53:564][168]LogModuleManager: Shutting down and abandoning module CookedIterativeFile (10)
[2021.04.11-21.56.53:564][168]LogModuleManager: Shutting down and abandoning module StreamingFile (8)
[2021.04.11-21.56.53:571][168]LogModuleManager: Shutting down and abandoning module SandboxFile (6)
[2021.04.11-21.56.53:581][168]LogModuleManager: Shutting down and abandoning module PakFile (4)
[2021.04.11-21.56.53:586][168]LogModuleManager: Shutting down and abandoning module RSA (3)
[2021.04.11-21.56.53:591][168]LogD3D11RHI: Shutdown
[2021.04.11-21.56.53:591][168]LogD3D11RHI: CleanupD3DDevice
[2021.04.11-21.56.53:697][168]LogExit: Exiting.
[2021.04.11-21.56.53:726][168]Log file closed, 04/11/21 14:56:53
