Log file open, 11/01/20 01:00:57
LogWindows: Failed to load 'aqProf.dll' (GetLastError=126)
LogWindows: File 'aqProf.dll' does not exist
LogWindows: Failed to load 'VtuneApi.dll' (GetLastError=126)
LogWindows: File 'VtuneApi.dll' does not exist
LogWindows: Failed to load 'VtuneApi32e.dll' (GetLastError=126)
LogWindows: File 'VtuneApi32e.dll' does not exist
LogConsoleResponse: Display: Failed to find resolution value strings in scalability ini. Falling back to default.
LogInit: Display: Running engine for game: Phosphorous
LogPlatformFile: Not using cached read wrapper
LogTaskGraph: Started task graph with 5 named threads and 35 total threads with 3 sets of task threads.
LogStats: Stats thread started at 0.084243
LogD3D11RHI: Loaded GFSDK_Aftermath_Lib.x64.dll
LogICUInternationalization: ICU TimeZone Detection - Raw Offset: -8:00, Platform Override: ''
LogPluginManager: Mounting plugin Paper2D
LogPluginManager: Mounting plugin AISupport
LogPluginManager: Mounting plugin LightPropagationVolume
LogPluginManager: Mounting plugin ActorLayerUtilities
LogPluginManager: Mounting plugin AnimationSharing
LogPluginManager: Mounting plugin CLionSourceCodeAccess
LogPluginManager: Mounting plugin CodeLiteSourceCodeAccess
LogPluginManager: Mounting plugin GitSourceControl
LogPluginManager: Mounting plugin KDevelopSourceCodeAccess
LogPluginManager: Mounting plugin NullSourceCodeAccess
LogPluginManager: Mounting plugin PerforceSourceControl
LogPluginManager: Mounting plugin PlasticSourceControl
LogPluginManager: Mounting plugin SubversionSourceControl
LogPluginManager: Mounting plugin UObjectPlugin
LogPluginManager: Mounting plugin VisualStudioCodeSourceCodeAccess
LogPluginManager: Mounting plugin VisualStudioSourceCodeAccess
LogPluginManager: Mounting plugin XCodeSourceCodeAccess
LogPluginManager: Mounting plugin AssetManagerEditor
LogPluginManager: Mounting plugin CryptoKeys
LogPluginManager: Mounting plugin CurveEditorTools
LogPluginManager: Mounting plugin DataValidation
LogPluginManager: Mounting plugin FacialAnimation
LogPluginManager: Mounting plugin GameplayTagsEditor
LogPluginManager: Mounting plugin MacGraphicsSwitching
LogPluginManager: Mounting plugin MaterialAnalyzer
LogPluginManager: Mounting plugin MobileLauncherProfileWizard
LogPluginManager: Mounting plugin PluginBrowser
LogPluginManager: Mounting plugin SpeedTreeImporter
LogPluginManager: Mounting plugin DatasmithContent
LogPluginManager: Mounting plugin VariantManagerContent
LogPluginManager: Mounting plugin AlembicImporter
LogPluginManager: Mounting plugin AutomationUtils
LogPluginManager: Mounting plugin BackChannel
LogPluginManager: Mounting plugin CharacterAI
LogPluginManager: Mounting plugin GeometryCache
LogPluginManager: Mounting plugin PlatformCrypto
LogPluginManager: Mounting plugin ProxyLODPlugin
LogPluginManager: Mounting plugin SkeletalReduction
LogPluginManager: Mounting plugin MagicLeap
LogPluginManager: Mounting plugin MagicLeapMedia
LogPluginManager: Mounting plugin MLSDK
LogPluginManager: Mounting plugin PivotTool
LogPluginManager: Mounting plugin AndroidMedia
LogPluginManager: Mounting plugin AvfMedia
LogPluginManager: Mounting plugin ImgMedia
LogPluginManager: Mounting plugin MediaCompositing
LogPluginManager: Mounting plugin MediaPlayerEditor
LogPluginManager: Mounting plugin WebMMedia
LogPluginManager: Mounting plugin WmfMedia
LogPluginManager: Mounting plugin TcpMessaging
LogPluginManager: Mounting plugin UdpMessaging
LogPluginManager: Mounting plugin ActorSequence
LogPluginManager: Mounting plugin LevelSequenceEditor
LogPluginManager: Mounting plugin MatineeToLevelSequence
LogPluginManager: Mounting plugin NetcodeUnitTest
LogPluginManager: Mounting plugin NUTUnrealEngine4
LogPluginManager: Mounting plugin OnlineSubsystemGooglePlay
LogPluginManager: Mounting plugin OnlineSubsystemIOS
LogPluginManager: Mounting plugin OnlineSubsystem
LogPluginManager: Mounting plugin OnlineSubsystemNull
LogPluginManager: Mounting plugin OnlineSubsystemUtils
LogPluginManager: Mounting plugin LauncherChunkInstaller
LogPluginManager: Mounting plugin AndroidDeviceProfileSelector
LogPluginManager: Mounting plugin AndroidMoviePlayer
LogPluginManager: Mounting plugin AndroidPermission
LogPluginManager: Mounting plugin AppleImageUtils
LogPluginManager: Mounting plugin AppleMoviePlayer
LogPluginManager: Mounting plugin ArchVisCharacter
LogPluginManager: Mounting plugin AssetTags
LogPluginManager: Mounting plugin AudioCapture
LogPluginManager: Mounting plugin CableComponent
LogPluginManager: Mounting plugin CustomMeshComponent
LogPluginManager: Mounting plugin EditableMesh
LogPluginManager: Mounting plugin ExampleDeviceProfileSelector
LogPluginManager: Mounting plugin GoogleCloudMessaging
LogPluginManager: Mounting plugin IOSDeviceProfileSelector
LogPluginManager: Mounting plugin LinuxDeviceProfileSelector
LogPluginManager: Mounting plugin LocationServicesBPLibrary
LogPluginManager: Mounting plugin MobilePatchingUtils
LogPluginManager: Mounting plugin PhysXVehicles
LogPluginManager: Mounting plugin PostSplashScreen
LogPluginManager: Mounting plugin ProceduralMeshComponent
LogPluginManager: Mounting plugin RuntimePhysXCooking
LogPluginManager: Mounting plugin SignificanceManager
LogPluginManager: Mounting plugin WebMMoviePlayer
LogPluginManager: Mounting plugin WindowsMoviePlayer
LogPluginManager: Mounting plugin ScreenshotTools
LogInit: Using libcurl 7.55.1-DEV
LogInit:  - built for x86_64-pc-win32
LogInit:  - supports SSL with OpenSSL/1.1.1
LogInit:  - supports HTTP deflate (compression) using libz 1.2.8
LogInit:  - other features:
LogInit:      CURL_VERSION_SSL
LogInit:      CURL_VERSION_LIBZ
LogInit:      CURL_VERSION_IPV6
LogInit:      CURL_VERSION_ASYNCHDNS
LogInit:      CURL_VERSION_LARGEFILE
LogInit:      CURL_VERSION_IDN
LogInit:  CurlRequestOptions (configurable via config and command line):
LogInit:  - bVerifyPeer = true  - Libcurl will verify peer certificate
LogInit:  - bUseHttpProxy = false  - Libcurl will NOT use HTTP proxy
LogInit:  - bDontReuseConnections = false  - Libcurl will reuse connections
LogInit:  - MaxHostConnections = 16  - Libcurl will limit the number of connections to a host
LogInit:  - LocalHostAddr = Default
LogInit:  - BufferSize = 65536
LogOnline: OSS: Creating online subsystem instance for: NULL
LogInit: WinSock: version 1.1 (2.2), MaxSocks=32767, MaxUdp=65467
LogOnline: OSS: TryLoadSubsystemAndSetDefault: Loaded subsystem for module [NULL]
LogInit: Build: ++UE4+Release-4.24-CL-11590370
LogInit: Engine Version: 4.24.3-11590370+++UE4+Release-4.24
LogInit: Compatible Engine Version: 4.24.0-10570792+++UE4+Release-4.24
LogInit: Net CL: 10570792
LogInit: OS: Windows 10 (Release 2004) (), CPU: Intel(R) Core(TM) i7-8700K CPU @ 3.70GHz, GPU: NVIDIA GeForce GTX 1080 Ti
LogInit: Compiled (64-bit): Feb 24 2020 15:39:18
LogInit: Compiled with Visual C++: 19.16.27032.01
LogInit: Build Configuration: Development
LogInit: Branch Name: ++UE4+Release-4.24
LogInit: Command Line: 
LogInit: Base Directory: D:/APPS/UE_4.24/Engine/Binaries/Win64/
LogInit: Installed Engine Build: 1
LogDevObjectVersion: Number of dev versions registered: 25
LogDevObjectVersion:   Dev-Blueprints (B0D832E4-1F89-4F0D-ACCF-7EB736FD4AA2): 10
LogDevObjectVersion:   Dev-Build (E1C64328-A22C-4D53-A36C-8E866417BD8C): 0
LogDevObjectVersion:   Dev-Core (375EC13C-06E4-48FB-B500-84F0262A717E): 3
LogDevObjectVersion:   Dev-Editor (E4B068ED-F494-42E9-A231-DA0B2E46BB41): 37
LogDevObjectVersion:   Dev-Framework (CFFC743F-43B0-4480-9391-14DF171D2073): 36
LogDevObjectVersion:   Dev-Mobile (B02B49B5-BB20-44E9-A304-32B752E40360): 2
LogDevObjectVersion:   Dev-Networking (A4E4105C-59A1-49B5-A7C5-40C4547EDFEE): 0
LogDevObjectVersion:   Dev-Online (39C831C9-5AE6-47DC-9A44-9C173E1C8E7C): 0
LogDevObjectVersion:   Dev-Physics (78F01B33-EBEA-4F98-B9B4-84EACCB95AA2): 2
LogDevObjectVersion:   Dev-Platform (6631380F-2D4D-43E0-8009-CF276956A95A): 0
LogDevObjectVersion:   Dev-Rendering (12F88B9F-8875-4AFC-A67C-D90C383ABD29): 36
LogDevObjectVersion:   Dev-Sequencer (7B5AE74C-D270-4C10-A958-57980B212A5A): 11
LogDevObjectVersion:   Dev-VR (D7296918-1DD6-4BDD-9DE2-64A83CC13884): 2
LogDevObjectVersion:   Dev-LoadTimes (C2A15278-BFE7-4AFE-6C17-90FF531DF755): 1
LogDevObjectVersion:   Private-Geometry (6EACA3D4-40EC-4CC1-B786-8BED09428FC5): 3
LogDevObjectVersion:   Dev-AnimPhys (29E575DD-E0A3-4627-9D10-D276232CDCEA): 17
LogDevObjectVersion:   Dev-Anim (AF43A65D-7FD3-4947-9873-3E8ED9C1BB05): 2
LogDevObjectVersion:   Dev-ReflectionCapture (6B266CEC-1EC7-4B8F-A30B-E4D90942FC07): 1
LogDevObjectVersion:   Dev-Automation (0DF73D61-A23F-47EA-B727-89E90C41499A): 1
LogDevObjectVersion:   FortniteMain (601D1886-AC64-4F84-AA16-D3DE0DEAC7D6): 31
LogDevObjectVersion:   Dev-Enterprise (9DFFBCD6-494F-0158-E221-12823C92A888): 8
LogDevObjectVersion:   Dev-Niagara (F2AED0AC-9AFE-416F-8664-AA7FFA26D6FC): 1
LogDevObjectVersion:   Dev-Destruction (174F1F0B-B4C6-45A5-B13F-2EE8D0FB917D): 9
LogDevObjectVersion:   Dev-Physics-Ext (35F94A83-E258-406C-A318-09F59610247C): 8
LogDevObjectVersion:   Dev-CineCamera (B2E18506-4273-CFC2-A54E-F4BB758BBA07): 1
LogInit: Presizing for max 25165824 objects, including 0 objects not considered by GC, pre-allocating 0 bytes for permanent pool.
LogInit: Object subsystem initialized
LogConfig: Setting CVar [[con.DebugEarlyDefault:1]]
LogConfig: Setting CVar [[r.setres:1280x720]]
[2020.11.01-09.00.57:669][  0]LogConfig: Setting CVar [[r.VSync:0]]
[2020.11.01-09.00.57:669][  0]LogConfig: Setting CVar [[r.RHICmdBypass:0]]
[2020.11.01-09.00.57:669][  0]LogConfig: Applying CVar settings from Section [/Script/Engine.RendererSettings] File [E:/UNREAL TRIALS/Phosphorous_BP_repo/Phosphorous/Phosphorous/Saved/Config/Windows/Engine.ini]
[2020.11.01-09.00.57:669][  0]LogConfig: Setting CVar [[r.GPUCrashDebugging:0]]
[2020.11.01-09.00.57:669][  0]LogConfig: Applying CVar settings from Section [/Script/Engine.RendererOverrideSettings] File [E:/UNREAL TRIALS/Phosphorous_BP_repo/Phosphorous/Phosphorous/Saved/Config/Windows/Engine.ini]
[2020.11.01-09.00.57:669][  0]LogConfig: Applying CVar settings from Section [/Script/Engine.StreamingSettings] File [E:/UNREAL TRIALS/Phosphorous_BP_repo/Phosphorous/Phosphorous/Saved/Config/Windows/Engine.ini]
[2020.11.01-09.00.57:669][  0]LogConfig: Setting CVar [[s.MinBulkDataSizeForAsyncLoading:131072]]
[2020.11.01-09.00.57:669][  0]LogConfig: Setting CVar [[s.AsyncLoadingThreadEnabled:0]]
[2020.11.01-09.00.57:669][  0]LogConfig: Setting CVar [[s.EventDrivenLoaderEnabled:1]]
[2020.11.01-09.00.57:669][  0]LogConfig: Setting CVar [[s.WarnIfTimeLimitExceeded:0]]
[2020.11.01-09.00.57:669][  0]LogConfig: Setting CVar [[s.TimeLimitExceededMultiplier:1.5]]
[2020.11.01-09.00.57:669][  0]LogConfig: Setting CVar [[s.TimeLimitExceededMinTime:0.005]]
[2020.11.01-09.00.57:669][  0]LogConfig: Setting CVar [[s.UseBackgroundLevelStreaming:1]]
[2020.11.01-09.00.57:669][  0]LogConfig: Setting CVar [[s.PriorityAsyncLoadingExtraTime:15.0]]
[2020.11.01-09.00.57:669][  0]LogConfig: Setting CVar [[s.LevelStreamingActorsUpdateTimeLimit:5.0]]
[2020.11.01-09.00.57:669][  0]LogConfig: Setting CVar [[s.PriorityLevelStreamingActorsUpdateExtraTime:5.0]]
[2020.11.01-09.00.57:669][  0]LogConfig: Setting CVar [[s.LevelStreamingComponentsRegistrationGranularity:10]]
[2020.11.01-09.00.57:669][  0]LogConfig: Setting CVar [[s.UnregisterComponentsTimeLimit:1.0]]
[2020.11.01-09.00.57:669][  0]LogConfig: Setting CVar [[s.LevelStreamingComponentsUnregistrationGranularity:5]]
[2020.11.01-09.00.57:669][  0]LogConfig: Setting CVar [[s.FlushStreamingOnExit:1]]
[2020.11.01-09.00.57:669][  0]LogConfig: Applying CVar settings from Section [/Script/Engine.GarbageCollectionSettings] File [E:/UNREAL TRIALS/Phosphorous_BP_repo/Phosphorous/Phosphorous/Saved/Config/Windows/Engine.ini]
[2020.11.01-09.00.57:669][  0]LogConfig: Setting CVar [[gc.MaxObjectsNotConsideredByGC:1]]
[2020.11.01-09.00.57:669][  0]LogConfig: Setting CVar [[gc.SizeOfPermanentObjectPool:0]]
[2020.11.01-09.00.57:669][  0]LogConfig: Setting CVar [[gc.FlushStreamingOnGC:0]]
[2020.11.01-09.00.57:669][  0]LogConfig: Setting CVar [[gc.NumRetriesBeforeForcingGC:10]]
[2020.11.01-09.00.57:669][  0]LogConfig: Setting CVar [[gc.AllowParallelGC:1]]
[2020.11.01-09.00.57:669][  0]LogConfig: Setting CVar [[gc.TimeBetweenPurgingPendingKillObjects:61.1]]
[2020.11.01-09.00.57:669][  0]LogConfig: Setting CVar [[gc.MaxObjectsInEditor:25165824]]
[2020.11.01-09.00.57:669][  0]LogConfig: Setting CVar [[gc.IncrementalBeginDestroyEnabled:1]]
[2020.11.01-09.00.57:669][  0]LogConfig: Setting CVar [[gc.CreateGCClusters:1]]
[2020.11.01-09.00.57:669][  0]LogConfig: Setting CVar [[gc.MinGCClusterSize:5]]
[2020.11.01-09.00.57:669][  0]LogConfig: Setting CVar [[gc.ActorClusteringEnabled:0]]
[2020.11.01-09.00.57:669][  0]LogConfig: Setting CVar [[gc.BlueprintClusteringEnabled:0]]
[2020.11.01-09.00.57:669][  0]LogConfig: Setting CVar [[gc.UseDisregardForGCOnDedicatedServers:0]]
[2020.11.01-09.00.57:669][  0]LogConfig: Applying CVar settings from Section [/Script/Engine.NetworkSettings] File [E:/UNREAL TRIALS/Phosphorous_BP_repo/Phosphorous/Phosphorous/Saved/Config/Windows/Engine.ini]
[2020.11.01-09.00.57:669][  0]LogConfig: Applying CVar settings from Section [/Script/UnrealEd.CookerSettings] File [E:/UNREAL TRIALS/Phosphorous_BP_repo/Phosphorous/Phosphorous/Saved/Config/Windows/Engine.ini]
[2020.11.01-09.00.57:687][  0]LogConfig: Applying CVar settings from Section [ViewDistanceQuality@3] File [E:/UNREAL TRIALS/Phosphorous_BP_repo/Phosphorous/Phosphorous/Saved/Config/Windows/Scalability.ini]
[2020.11.01-09.00.57:687][  0]LogConfig: Setting CVar [[r.SkeletalMeshLODBias:0]]
[2020.11.01-09.00.57:687][  0]LogConfig: Setting CVar [[r.ViewDistanceScale:1.0]]
[2020.11.01-09.00.57:688][  0]LogConfig: Applying CVar settings from Section [AntiAliasingQuality@3] File [E:/UNREAL TRIALS/Phosphorous_BP_repo/Phosphorous/Phosphorous/Saved/Config/Windows/Scalability.ini]
[2020.11.01-09.00.57:688][  0]LogConfig: Setting CVar [[r.PostProcessAAQuality:4]]
[2020.11.01-09.00.57:688][  0]LogConfig: Applying CVar settings from Section [ShadowQuality@3] File [E:/UNREAL TRIALS/Phosphorous_BP_repo/Phosphorous/Phosphorous/Saved/Config/Windows/Scalability.ini]
[2020.11.01-09.00.57:688][  0]LogConfig: Setting CVar [[r.LightFunctionQuality:1]]
[2020.11.01-09.00.57:688][  0]LogConfig: Setting CVar [[r.ShadowQuality:5]]
[2020.11.01-09.00.57:688][  0]LogConfig: Setting CVar [[r.Shadow.CSM.MaxCascades:10]]
[2020.11.01-09.00.57:688][  0]LogConfig: Setting CVar [[r.Shadow.MaxResolution:2048]]
[2020.11.01-09.00.57:688][  0]LogConfig: Setting CVar [[r.Shadow.MaxCSMResolution:2048]]
[2020.11.01-09.00.57:688][  0]LogConfig: Setting CVar [[r.Shadow.RadiusThreshold:0.01]]
[2020.11.01-09.00.57:688][  0]LogConfig: Setting CVar [[r.Shadow.DistanceScale:1.0]]
[2020.11.01-09.00.57:688][  0]LogConfig: Setting CVar [[r.Shadow.CSM.TransitionScale:1.0]]
[2020.11.01-09.00.57:688][  0]LogConfig: Setting CVar [[r.Shadow.PreShadowResolutionFactor:1.0]]
[2020.11.01-09.00.57:688][  0]LogConfig: Setting CVar [[r.DistanceFieldShadowing:1]]
[2020.11.01-09.00.57:688][  0]LogConfig: Setting CVar [[r.DistanceFieldAO:1]]
[2020.11.01-09.00.57:688][  0]LogConfig: Setting CVar [[r.AOQuality:2]]
[2020.11.01-09.00.57:688][  0]LogConfig: Setting CVar [[r.VolumetricFog:1]]
[2020.11.01-09.00.57:688][  0]LogConfig: Setting CVar [[r.VolumetricFog.GridPixelSize:8]]
[2020.11.01-09.00.57:688][  0]LogConfig: Setting CVar [[r.VolumetricFog.GridSizeZ:128]]
[2020.11.01-09.00.57:688][  0]LogConfig: Setting CVar [[r.VolumetricFog.HistoryMissSupersampleCount:4]]
[2020.11.01-09.00.57:688][  0]LogConfig: Setting CVar [[r.LightMaxDrawDistanceScale:1]]
[2020.11.01-09.00.57:688][  0]LogConfig: Setting CVar [[r.CapsuleShadows:1]]
[2020.11.01-09.00.57:688][  0]LogConfig: Applying CVar settings from Section [PostProcessQuality@3] File [E:/UNREAL TRIALS/Phosphorous_BP_repo/Phosphorous/Phosphorous/Saved/Config/Windows/Scalability.ini]
[2020.11.01-09.00.57:688][  0]LogConfig: Setting CVar [[r.MotionBlurQuality:4]]
[2020.11.01-09.00.57:688][  0]LogConfig: Setting CVar [[r.AmbientOcclusionMipLevelFactor:0.4]]
[2020.11.01-09.00.57:688][  0]LogConfig: Setting CVar [[r.AmbientOcclusionMaxQuality:100]]
[2020.11.01-09.00.57:688][  0]LogConfig: Setting CVar [[r.AmbientOcclusionLevels:-1]]
[2020.11.01-09.00.57:688][  0]LogConfig: Setting CVar [[r.AmbientOcclusionRadiusScale:1.0]]
[2020.11.01-09.00.57:688][  0]LogConfig: Setting CVar [[r.DepthOfFieldQuality:2]]
[2020.11.01-09.00.57:688][  0]LogConfig: Setting CVar [[r.RenderTargetPoolMin:400]]
[2020.11.01-09.00.57:688][  0]LogConfig: Setting CVar [[r.LensFlareQuality:2]]
[2020.11.01-09.00.57:688][  0]LogConfig: Setting CVar [[r.SceneColorFringeQuality:1]]
[2020.11.01-09.00.57:688][  0]LogConfig: Setting CVar [[r.EyeAdaptationQuality:2]]
[2020.11.01-09.00.57:688][  0]LogConfig: Setting CVar [[r.BloomQuality:5]]
[2020.11.01-09.00.57:688][  0]LogConfig: Setting CVar [[r.FastBlurThreshold:100]]
[2020.11.01-09.00.57:688][  0]LogConfig: Setting CVar [[r.Upscale.Quality:3]]
[2020.11.01-09.00.57:688][  0]LogConfig: Setting CVar [[r.Tonemapper.GrainQuantization:1]]
[2020.11.01-09.00.57:688][  0]LogConfig: Setting CVar [[r.LightShaftQuality:1]]
[2020.11.01-09.00.57:688][  0]LogConfig: Setting CVar [[r.Filter.SizeScale:1]]
[2020.11.01-09.00.57:688][  0]LogConfig: Setting CVar [[r.Tonemapper.Quality:5]]
[2020.11.01-09.00.57:688][  0]LogConfig: Setting CVar [[r.DOF.Gather.AccumulatorQuality:1        ; higher gathering accumulator quality]]
[2020.11.01-09.00.57:688][  0]LogConfig: Setting CVar [[r.DOF.Gather.PostfilterMethod:1          ; Median3x3 postfilering method]]
[2020.11.01-09.00.57:688][  0]LogConfig: Setting CVar [[r.DOF.Gather.EnableBokehSettings:0       ; no bokeh simulation when gathering]]
[2020.11.01-09.00.57:688][  0]LogConfig: Setting CVar [[r.DOF.Gather.RingCount:4                 ; medium number of samples when gathering]]
[2020.11.01-09.00.57:688][  0]LogConfig: Setting CVar [[r.DOF.Scatter.ForegroundCompositing:1    ; additive foreground scattering]]
[2020.11.01-09.00.57:688][  0]LogConfig: Setting CVar [[r.DOF.Scatter.BackgroundCompositing:2    ; additive background scattering]]
[2020.11.01-09.00.57:688][  0]LogConfig: Setting CVar [[r.DOF.Scatter.EnableBokehSettings:1      ; bokeh simulation when scattering]]
[2020.11.01-09.00.57:688][  0]LogConfig: Setting CVar [[r.DOF.Scatter.MaxSpriteRatio:0.1         ; only a maximum of 10% of scattered bokeh]]
[2020.11.01-09.00.57:689][  0]LogConfig: Setting CVar [[r.DOF.Recombine.Quality:1                ; cheap slight out of focus]]
[2020.11.01-09.00.57:689][  0]LogConfig: Setting CVar [[r.DOF.Recombine.EnableBokehSettings:0    ; no bokeh simulation on slight out of focus]]
[2020.11.01-09.00.57:689][  0]LogConfig: Setting CVar [[r.DOF.TemporalAAQuality:1                ; more stable temporal accumulation]]
[2020.11.01-09.00.57:689][  0]LogConfig: Setting CVar [[r.DOF.Kernel.MaxForegroundRadius:0.025]]
[2020.11.01-09.00.57:689][  0]LogConfig: Setting CVar [[r.DOF.Kernel.MaxBackgroundRadius:0.025]]
[2020.11.01-09.00.57:689][  0]LogConfig: Applying CVar settings from Section [TextureQuality@3] File [E:/UNREAL TRIALS/Phosphorous_BP_repo/Phosphorous/Phosphorous/Saved/Config/Windows/Scalability.ini]
[2020.11.01-09.00.57:689][  0]LogConfig: Setting CVar [[r.Streaming.MipBias:0]]
[2020.11.01-09.00.57:689][  0]LogConfig: Setting CVar [[r.Streaming.AmortizeCPUToGPUCopy:0]]
[2020.11.01-09.00.57:689][  0]LogConfig: Setting CVar [[r.Streaming.MaxNumTexturesToStreamPerFrame:0]]
[2020.11.01-09.00.57:689][  0]LogConfig: Setting CVar [[r.Streaming.Boost:1]]
[2020.11.01-09.00.57:689][  0]LogConfig: Setting CVar [[r.MaxAnisotropy:8]]
[2020.11.01-09.00.57:689][  0]LogConfig: Setting CVar [[r.VT.MaxAnisotropy:8]]
[2020.11.01-09.00.57:689][  0]LogConfig: Setting CVar [[r.Streaming.LimitPoolSizeToVRAM:0]]
[2020.11.01-09.00.57:689][  0]LogConfig: Setting CVar [[r.Streaming.PoolSize:1000]]
[2020.11.01-09.00.57:689][  0]LogConfig: Setting CVar [[r.Streaming.MaxEffectiveScreenSize:0]]
[2020.11.01-09.00.57:689][  0]LogConfig: Applying CVar settings from Section [EffectsQuality@3] File [E:/UNREAL TRIALS/Phosphorous_BP_repo/Phosphorous/Phosphorous/Saved/Config/Windows/Scalability.ini]
[2020.11.01-09.00.57:689][  0]LogConfig: Setting CVar [[r.TranslucencyLightingVolumeDim:64]]
[2020.11.01-09.00.57:689][  0]LogConfig: Setting CVar [[r.RefractionQuality:2]]
[2020.11.01-09.00.57:689][  0]LogConfig: Setting CVar [[r.SSR.Quality:3]]
[2020.11.01-09.00.57:689][  0]LogConfig: Setting CVar [[r.SSR.HalfResSceneColor:0]]
[2020.11.01-09.00.57:689][  0]LogConfig: Setting CVar [[r.SceneColorFormat:4]]
[2020.11.01-09.00.57:689][  0]LogConfig: Setting CVar [[r.DetailMode:2]]
[2020.11.01-09.00.57:689][  0]LogConfig: Setting CVar [[r.TranslucencyVolumeBlur:1]]
[2020.11.01-09.00.57:689][  0]LogConfig: Setting CVar [[r.MaterialQualityLevel:1 ; High quality]]
[2020.11.01-09.00.57:689][  0]LogConfig: Setting CVar [[r.SSS.Scale:1]]
[2020.11.01-09.00.57:689][  0]LogConfig: Setting CVar [[r.SSS.SampleSet:2]]
[2020.11.01-09.00.57:689][  0]LogConfig: Setting CVar [[r.SSS.Quality:1]]
[2020.11.01-09.00.57:689][  0]LogConfig: Setting CVar [[r.SSS.HalfRes:1]]
[2020.11.01-09.00.57:689][  0]LogConfig: Setting CVar [[r.SSGI.Quality:3]]
[2020.11.01-09.00.57:689][  0]LogConfig: Setting CVar [[r.EmitterSpawnRateScale:1.0]]
[2020.11.01-09.00.57:689][  0]LogConfig: Setting CVar [[r.ParticleLightQuality:2]]
[2020.11.01-09.00.57:689][  0]LogConfig: Setting CVar [[r.SkyAtmosphere.AerialPerspectiveLUT.FastApplyOnOpaque:1 ; Always have FastSkyLUT 1 in this case to avoid wrong sky]]
[2020.11.01-09.00.57:689][  0]LogConfig: Setting CVar [[r.SkyAtmosphere.AerialPerspectiveLUT.SampleCountPerSlice:1]]
[2020.11.01-09.00.57:689][  0]LogConfig: Setting CVar [[r.SkyAtmosphere.AerialPerspectiveLUT.DepthResolution:16.0]]
[2020.11.01-09.00.57:689][  0]LogConfig: Setting CVar [[r.SkyAtmosphere.FastSkyLUT:1]]
[2020.11.01-09.00.57:689][  0]LogConfig: Setting CVar [[r.SkyAtmosphere.FastSkyLUT.SampleCountMin:4.0]]
[2020.11.01-09.00.57:689][  0]LogConfig: Setting CVar [[r.SkyAtmosphere.FastSkyLUT.SampleCountMax:32.0]]
[2020.11.01-09.00.57:689][  0]LogConfig: Setting CVar [[r.SkyAtmosphere.SampleCountMin:4.0]]
[2020.11.01-09.00.57:689][  0]LogConfig: Setting CVar [[r.SkyAtmosphere.SampleCountMax:32.0]]
[2020.11.01-09.00.57:689][  0]LogConfig: Setting CVar [[r.SkyAtmosphere.TransmittanceLUT.UseSmallFormat:0]]
[2020.11.01-09.00.57:689][  0]LogConfig: Setting CVar [[r.SkyAtmosphere.TransmittanceLUT.SampleCount:10.0]]
[2020.11.01-09.00.57:689][  0]LogConfig: Setting CVar [[r.SkyAtmosphere.MultiScatteringLUT.SampleCount:15.0]]
[2020.11.01-09.00.57:689][  0]LogConfig: Applying CVar settings from Section [FoliageQuality@3] File [E:/UNREAL TRIALS/Phosphorous_BP_repo/Phosphorous/Phosphorous/Saved/Config/Windows/Scalability.ini]
[2020.11.01-09.00.57:689][  0]LogConfig: Setting CVar [[foliage.DensityScale:1.0]]
[2020.11.01-09.00.57:689][  0]LogConfig: Setting CVar [[grass.DensityScale:1.0]]
[2020.11.01-09.00.57:689][  0]LogConfig: Applying CVar settings from Section [ShadingQuality@3] File [E:/UNREAL TRIALS/Phosphorous_BP_repo/Phosphorous/Phosphorous/Saved/Config/Windows/Scalability.ini]
[2020.11.01-09.00.57:689][  0]LogConfig: Setting CVar [[r.HairStrands.SkyLighting.SampleCount:16]]
[2020.11.01-09.00.57:689][  0]LogConfig: Setting CVar [[r.HairStrands.SkyLighting.JitterIntegration:0]]
[2020.11.01-09.00.57:689][  0]LogConfig: Setting CVar [[r.HairStrands.SkyAO.SampleCount:16]]
[2020.11.01-09.00.57:689][  0]LogInit: Selected Device Profile: [Windows]
[2020.11.01-09.00.57:689][  0]LogInit: Applying CVar settings loaded from the selected device profile: [Windows]
[2020.11.01-09.00.57:692][  0]LogHAL: Display: Platform has ~ 32 GB [34312470528 / 34359738368 / 32], which maps to Largest [LargestMinGB=32, LargerMinGB=12, DefaultMinGB=8, SmallerMinGB=6, SmallestMinGB=0)
[2020.11.01-09.00.57:692][  0]LogInit: Going up to parent DeviceProfile []
[2020.11.01-09.00.57:692][  0]LogConfig: Applying CVar settings from Section [ViewDistanceQuality@3] File [E:/UNREAL TRIALS/Phosphorous_BP_repo/Phosphorous/Phosphorous/Saved/Config/Windows/Scalability.ini]
[2020.11.01-09.00.57:692][  0]LogConfig: Setting CVar [[r.SkeletalMeshLODBias:0]]
[2020.11.01-09.00.57:692][  0]LogConfig: Setting CVar [[r.ViewDistanceScale:1.0]]
[2020.11.01-09.00.57:692][  0]LogConfig: Applying CVar settings from Section [AntiAliasingQuality@3] File [E:/UNREAL TRIALS/Phosphorous_BP_repo/Phosphorous/Phosphorous/Saved/Config/Windows/Scalability.ini]
[2020.11.01-09.00.57:692][  0]LogConfig: Setting CVar [[r.PostProcessAAQuality:4]]
[2020.11.01-09.00.57:692][  0]LogConfig: Applying CVar settings from Section [ShadowQuality@3] File [E:/UNREAL TRIALS/Phosphorous_BP_repo/Phosphorous/Phosphorous/Saved/Config/Windows/Scalability.ini]
[2020.11.01-09.00.57:692][  0]LogConfig: Setting CVar [[r.LightFunctionQuality:1]]
[2020.11.01-09.00.57:692][  0]LogConfig: Setting CVar [[r.ShadowQuality:5]]
[2020.11.01-09.00.57:692][  0]LogConfig: Setting CVar [[r.Shadow.CSM.MaxCascades:10]]
[2020.11.01-09.00.57:692][  0]LogConfig: Setting CVar [[r.Shadow.MaxResolution:2048]]
[2020.11.01-09.00.57:692][  0]LogConfig: Setting CVar [[r.Shadow.MaxCSMResolution:2048]]
[2020.11.01-09.00.57:692][  0]LogConfig: Setting CVar [[r.Shadow.RadiusThreshold:0.01]]
[2020.11.01-09.00.57:692][  0]LogConfig: Setting CVar [[r.Shadow.DistanceScale:1.0]]
[2020.11.01-09.00.57:692][  0]LogConfig: Setting CVar [[r.Shadow.CSM.TransitionScale:1.0]]
[2020.11.01-09.00.57:692][  0]LogConfig: Setting CVar [[r.Shadow.PreShadowResolutionFactor:1.0]]
[2020.11.01-09.00.57:692][  0]LogConfig: Setting CVar [[r.DistanceFieldShadowing:1]]
[2020.11.01-09.00.57:692][  0]LogConfig: Setting CVar [[r.DistanceFieldAO:1]]
[2020.11.01-09.00.57:692][  0]LogConfig: Setting CVar [[r.AOQuality:2]]
[2020.11.01-09.00.57:692][  0]LogConfig: Setting CVar [[r.VolumetricFog:1]]
[2020.11.01-09.00.57:692][  0]LogConfig: Setting CVar [[r.VolumetricFog.GridPixelSize:8]]
[2020.11.01-09.00.57:692][  0]LogConfig: Setting CVar [[r.VolumetricFog.GridSizeZ:128]]
[2020.11.01-09.00.57:692][  0]LogConfig: Setting CVar [[r.VolumetricFog.HistoryMissSupersampleCount:4]]
[2020.11.01-09.00.57:692][  0]LogConfig: Setting CVar [[r.LightMaxDrawDistanceScale:1]]
[2020.11.01-09.00.57:692][  0]LogConfig: Setting CVar [[r.CapsuleShadows:1]]
[2020.11.01-09.00.57:692][  0]LogConfig: Applying CVar settings from Section [PostProcessQuality@3] File [E:/UNREAL TRIALS/Phosphorous_BP_repo/Phosphorous/Phosphorous/Saved/Config/Windows/Scalability.ini]
[2020.11.01-09.00.57:692][  0]LogConfig: Setting CVar [[r.MotionBlurQuality:4]]
[2020.11.01-09.00.57:692][  0]LogConfig: Setting CVar [[r.AmbientOcclusionMipLevelFactor:0.4]]
[2020.11.01-09.00.57:692][  0]LogConfig: Setting CVar [[r.AmbientOcclusionMaxQuality:100]]
[2020.11.01-09.00.57:692][  0]LogConfig: Setting CVar [[r.AmbientOcclusionLevels:-1]]
[2020.11.01-09.00.57:692][  0]LogConfig: Setting CVar [[r.AmbientOcclusionRadiusScale:1.0]]
[2020.11.01-09.00.57:692][  0]LogConfig: Setting CVar [[r.DepthOfFieldQuality:2]]
[2020.11.01-09.00.57:692][  0]LogConfig: Setting CVar [[r.RenderTargetPoolMin:400]]
[2020.11.01-09.00.57:692][  0]LogConfig: Setting CVar [[r.LensFlareQuality:2]]
[2020.11.01-09.00.57:692][  0]LogConfig: Setting CVar [[r.SceneColorFringeQuality:1]]
[2020.11.01-09.00.57:692][  0]LogConfig: Setting CVar [[r.EyeAdaptationQuality:2]]
[2020.11.01-09.00.57:692][  0]LogConfig: Setting CVar [[r.BloomQuality:5]]
[2020.11.01-09.00.57:692][  0]LogConfig: Setting CVar [[r.FastBlurThreshold:100]]
[2020.11.01-09.00.57:692][  0]LogConfig: Setting CVar [[r.Upscale.Quality:3]]
[2020.11.01-09.00.57:692][  0]LogConfig: Setting CVar [[r.Tonemapper.GrainQuantization:1]]
[2020.11.01-09.00.57:692][  0]LogConfig: Setting CVar [[r.LightShaftQuality:1]]
[2020.11.01-09.00.57:692][  0]LogConfig: Setting CVar [[r.Filter.SizeScale:1]]
[2020.11.01-09.00.57:692][  0]LogConfig: Setting CVar [[r.Tonemapper.Quality:5]]
[2020.11.01-09.00.57:692][  0]LogConfig: Setting CVar [[r.DOF.Gather.AccumulatorQuality:1        ; higher gathering accumulator quality]]
[2020.11.01-09.00.57:693][  0]LogConfig: Setting CVar [[r.DOF.Gather.PostfilterMethod:1          ; Median3x3 postfilering method]]
[2020.11.01-09.00.57:693][  0]LogConfig: Setting CVar [[r.DOF.Gather.EnableBokehSettings:0       ; no bokeh simulation when gathering]]
[2020.11.01-09.00.57:693][  0]LogConfig: Setting CVar [[r.DOF.Gather.RingCount:4                 ; medium number of samples when gathering]]
[2020.11.01-09.00.57:693][  0]LogConfig: Setting CVar [[r.DOF.Scatter.ForegroundCompositing:1    ; additive foreground scattering]]
[2020.11.01-09.00.57:693][  0]LogConfig: Setting CVar [[r.DOF.Scatter.BackgroundCompositing:2    ; additive background scattering]]
[2020.11.01-09.00.57:693][  0]LogConfig: Setting CVar [[r.DOF.Scatter.EnableBokehSettings:1      ; bokeh simulation when scattering]]
[2020.11.01-09.00.57:693][  0]LogConfig: Setting CVar [[r.DOF.Scatter.MaxSpriteRatio:0.1         ; only a maximum of 10% of scattered bokeh]]
[2020.11.01-09.00.57:693][  0]LogConfig: Setting CVar [[r.DOF.Recombine.Quality:1                ; cheap slight out of focus]]
[2020.11.01-09.00.57:693][  0]LogConfig: Setting CVar [[r.DOF.Recombine.EnableBokehSettings:0    ; no bokeh simulation on slight out of focus]]
[2020.11.01-09.00.57:693][  0]LogConfig: Setting CVar [[r.DOF.TemporalAAQuality:1                ; more stable temporal accumulation]]
[2020.11.01-09.00.57:693][  0]LogConfig: Setting CVar [[r.DOF.Kernel.MaxForegroundRadius:0.025]]
[2020.11.01-09.00.57:693][  0]LogConfig: Setting CVar [[r.DOF.Kernel.MaxBackgroundRadius:0.025]]
[2020.11.01-09.00.57:693][  0]LogConfig: Applying CVar settings from Section [TextureQuality@3] File [E:/UNREAL TRIALS/Phosphorous_BP_repo/Phosphorous/Phosphorous/Saved/Config/Windows/Scalability.ini]
[2020.11.01-09.00.57:693][  0]LogConfig: Setting CVar [[r.Streaming.MipBias:0]]
[2020.11.01-09.00.57:693][  0]LogConfig: Setting CVar [[r.Streaming.AmortizeCPUToGPUCopy:0]]
[2020.11.01-09.00.57:693][  0]LogConfig: Setting CVar [[r.Streaming.MaxNumTexturesToStreamPerFrame:0]]
[2020.11.01-09.00.57:693][  0]LogConfig: Setting CVar [[r.Streaming.Boost:1]]
[2020.11.01-09.00.57:693][  0]LogConfig: Setting CVar [[r.MaxAnisotropy:8]]
[2020.11.01-09.00.57:693][  0]LogConfig: Setting CVar [[r.VT.MaxAnisotropy:8]]
[2020.11.01-09.00.57:693][  0]LogConfig: Setting CVar [[r.Streaming.LimitPoolSizeToVRAM:0]]
[2020.11.01-09.00.57:693][  0]LogConfig: Setting CVar [[r.Streaming.PoolSize:1000]]
[2020.11.01-09.00.57:693][  0]LogConfig: Setting CVar [[r.Streaming.MaxEffectiveScreenSize:0]]
[2020.11.01-09.00.57:693][  0]LogConfig: Applying CVar settings from Section [EffectsQuality@3] File [E:/UNREAL TRIALS/Phosphorous_BP_repo/Phosphorous/Phosphorous/Saved/Config/Windows/Scalability.ini]
[2020.11.01-09.00.57:693][  0]LogConfig: Setting CVar [[r.TranslucencyLightingVolumeDim:64]]
[2020.11.01-09.00.57:693][  0]LogConfig: Setting CVar [[r.RefractionQuality:2]]
[2020.11.01-09.00.57:693][  0]LogConfig: Setting CVar [[r.SSR.Quality:3]]
[2020.11.01-09.00.57:693][  0]LogConfig: Setting CVar [[r.SSR.HalfResSceneColor:0]]
[2020.11.01-09.00.57:693][  0]LogConfig: Setting CVar [[r.SceneColorFormat:4]]
[2020.11.01-09.00.57:693][  0]LogConfig: Setting CVar [[r.DetailMode:2]]
[2020.11.01-09.00.57:693][  0]LogConfig: Setting CVar [[r.TranslucencyVolumeBlur:1]]
[2020.11.01-09.00.57:693][  0]LogConfig: Setting CVar [[r.MaterialQualityLevel:1 ; High quality]]
[2020.11.01-09.00.57:693][  0]LogConfig: Setting CVar [[r.SSS.Scale:1]]
[2020.11.01-09.00.57:693][  0]LogConfig: Setting CVar [[r.SSS.SampleSet:2]]
[2020.11.01-09.00.57:693][  0]LogConfig: Setting CVar [[r.SSS.Quality:1]]
[2020.11.01-09.00.57:693][  0]LogConfig: Setting CVar [[r.SSS.HalfRes:1]]
[2020.11.01-09.00.57:693][  0]LogConfig: Setting CVar [[r.SSGI.Quality:3]]
[2020.11.01-09.00.57:693][  0]LogConfig: Setting CVar [[r.EmitterSpawnRateScale:1.0]]
[2020.11.01-09.00.57:693][  0]LogConfig: Setting CVar [[r.ParticleLightQuality:2]]
[2020.11.01-09.00.57:693][  0]LogConfig: Setting CVar [[r.SkyAtmosphere.AerialPerspectiveLUT.FastApplyOnOpaque:1 ; Always have FastSkyLUT 1 in this case to avoid wrong sky]]
[2020.11.01-09.00.57:693][  0]LogConfig: Setting CVar [[r.SkyAtmosphere.AerialPerspectiveLUT.SampleCountPerSlice:1]]
[2020.11.01-09.00.57:693][  0]LogConfig: Setting CVar [[r.SkyAtmosphere.AerialPerspectiveLUT.DepthResolution:16.0]]
[2020.11.01-09.00.57:693][  0]LogConfig: Setting CVar [[r.SkyAtmosphere.FastSkyLUT:1]]
[2020.11.01-09.00.57:693][  0]LogConfig: Setting CVar [[r.SkyAtmosphere.FastSkyLUT.SampleCountMin:4.0]]
[2020.11.01-09.00.57:693][  0]LogConfig: Setting CVar [[r.SkyAtmosphere.FastSkyLUT.SampleCountMax:32.0]]
[2020.11.01-09.00.57:693][  0]LogConfig: Setting CVar [[r.SkyAtmosphere.SampleCountMin:4.0]]
[2020.11.01-09.00.57:693][  0]LogConfig: Setting CVar [[r.SkyAtmosphere.SampleCountMax:32.0]]
[2020.11.01-09.00.57:693][  0]LogConfig: Setting CVar [[r.SkyAtmosphere.TransmittanceLUT.UseSmallFormat:0]]
[2020.11.01-09.00.57:693][  0]LogConfig: Setting CVar [[r.SkyAtmosphere.TransmittanceLUT.SampleCount:10.0]]
[2020.11.01-09.00.57:693][  0]LogConfig: Setting CVar [[r.SkyAtmosphere.MultiScatteringLUT.SampleCount:15.0]]
[2020.11.01-09.00.57:693][  0]LogConfig: Applying CVar settings from Section [FoliageQuality@3] File [E:/UNREAL TRIALS/Phosphorous_BP_repo/Phosphorous/Phosphorous/Saved/Config/Windows/Scalability.ini]
[2020.11.01-09.00.57:693][  0]LogConfig: Setting CVar [[foliage.DensityScale:1.0]]
[2020.11.01-09.00.57:693][  0]LogConfig: Setting CVar [[grass.DensityScale:1.0]]
[2020.11.01-09.00.57:693][  0]LogConfig: Applying CVar settings from Section [ShadingQuality@3] File [E:/UNREAL TRIALS/Phosphorous_BP_repo/Phosphorous/Phosphorous/Saved/Config/Windows/Scalability.ini]
[2020.11.01-09.00.57:693][  0]LogConfig: Setting CVar [[r.HairStrands.SkyLighting.SampleCount:16]]
[2020.11.01-09.00.57:694][  0]LogConfig: Setting CVar [[r.HairStrands.SkyLighting.JitterIntegration:0]]
[2020.11.01-09.00.57:694][  0]LogConfig: Setting CVar [[r.HairStrands.SkyAO.SampleCount:16]]
[2020.11.01-09.00.57:694][  0]LogConfig: Applying CVar settings from Section [Startup] File [../../../Engine/Config/ConsoleVariables.ini]
[2020.11.01-09.00.57:694][  0]LogConfig: Setting CVar [[net.UseAdaptiveNetUpdateFrequency:0]]
[2020.11.01-09.00.57:694][  0]LogConfig: Setting CVar [[p.chaos.AllowCreatePhysxBodies:1]]
[2020.11.01-09.00.57:694][  0]LogConfig: Applying CVar settings from Section [ConsoleVariables] File [E:/UNREAL TRIALS/Phosphorous_BP_repo/Phosphorous/Phosphorous/Saved/Config/Windows/Engine.ini]
[2020.11.01-09.00.57:694][  0]LogInit: Computer: DESKTOP-H5JS6CP
[2020.11.01-09.00.57:694][  0]LogInit: User: IanMichaelJesu
[2020.11.01-09.00.57:694][  0]LogInit: CPU Page size=4096, Cores=6
[2020.11.01-09.00.57:694][  0]LogInit: High frequency timer resolution =10.000000 MHz
[2020.11.01-09.00.57:694][  0]LogMemory: Memory total: Physical=32.0GB (32GB approx)
[2020.11.01-09.00.57:694][  0]LogMemory: Platform Memory Stats for Windows
[2020.11.01-09.00.57:694][  0]LogMemory: Process Physical Memory: 106.52 MB used, 106.52 MB peak
[2020.11.01-09.00.57:694][  0]LogMemory: Process Virtual Memory: 101.36 MB used, 101.37 MB peak
[2020.11.01-09.00.57:694][  0]LogMemory: Physical Memory: 11540.25 MB used,  21182.68 MB free, 32722.92 MB total
[2020.11.01-09.00.57:694][  0]LogMemory: Virtual Memory: 5123.70 MB used,  134212608.00 MB free, 134217728.00 MB total
[2020.11.01-09.00.58:165][  0]LogWindows: WindowsPlatformFeatures enabled
[2020.11.01-09.00.58:350][  0]LogInit: Using OS detected language (en-US).
[2020.11.01-09.00.58:350][  0]LogInit: Using OS detected locale (en-US).
[2020.11.01-09.00.58:351][  0]LogTextLocalizationManager: No specific localization for 'en-US' exists, so the 'en' localization will be used.
[2020.11.01-09.00.58:484][  0]LogInit: Setting process to per monitor DPI aware
[2020.11.01-09.00.58:536][  0]LogSlate: New Slate User Created.  User Index 0, Is Virtual User: 0
[2020.11.01-09.00.58:536][  0]LogSlate: Slate User Registered.  User Index 0, Is Virtual User: 0
[2020.11.01-09.00.58:813][  0]LogD3D11RHI: D3D11 min allowed feature level: 11_0
[2020.11.01-09.00.58:813][  0]LogD3D11RHI: D3D11 max allowed feature level: 11_0
[2020.11.01-09.00.58:813][  0]LogD3D11RHI: D3D11 adapters:
[2020.11.01-09.00.58:903][  0]LogD3D11RHI:    0. 'NVIDIA GeForce GTX 1080 Ti' (Feature Level 11_0)
[2020.11.01-09.00.58:903][  0]LogD3D11RHI:       11127/0/16361 MB DedicatedVideo/DedicatedSystem/SharedSystem, Outputs:4, VendorId:0x10de
[2020.11.01-09.00.58:906][  0]LogD3D11RHI:    1. 'Microsoft Basic Render Driver' (Feature Level 11_0)
[2020.11.01-09.00.58:906][  0]LogD3D11RHI:       0/0/16361 MB DedicatedVideo/DedicatedSystem/SharedSystem, Outputs:0, VendorId:0x1414
[2020.11.01-09.00.58:906][  0]LogD3D11RHI: Chosen D3D11 Adapter: 0
[2020.11.01-09.00.58:914][  0]LogD3D11RHI: Creating new Direct3DDevice
[2020.11.01-09.00.58:915][  0]LogD3D11RHI:     GPU DeviceId: 0x1b06 (for the marketing name, search the web for "GPU Device Id")
[2020.11.01-09.00.58:915][  0]LogWindows: EnumDisplayDevices:
[2020.11.01-09.00.58:915][  0]LogWindows:    0. 'NVIDIA GeForce GTX 1080 Ti' (P:0 D:1)
[2020.11.01-09.00.58:915][  0]LogWindows:    1. 'NVIDIA GeForce GTX 1080 Ti' (P:1 D:1)
[2020.11.01-09.00.58:915][  0]LogWindows:    2. 'NVIDIA GeForce GTX 1080 Ti' (P:0 D:1)
[2020.11.01-09.00.58:916][  0]LogWindows:    3. 'NVIDIA GeForce GTX 1080 Ti' (P:0 D:1)
[2020.11.01-09.00.58:916][  0]LogWindows: DebugString: FoundDriverCount:4 
[2020.11.01-09.00.58:916][  0]LogD3D11RHI:     Adapter Name: NVIDIA GeForce GTX 1080 Ti
[2020.11.01-09.00.58:916][  0]LogD3D11RHI:   Driver Version: 456.55 (internal:27.21.14.5655, unified:456.55)
[2020.11.01-09.00.58:916][  0]LogD3D11RHI:      Driver Date: 9-24-2020
[2020.11.01-09.00.58:916][  0]LogRHI: Texture pool is 7788 MB (70% of 11127 MB)
[2020.11.01-09.00.58:969][  0]LogD3D11RHI: RHI has support for 64 bit atomics
[2020.11.01-09.00.58:969][  0]LogD3D11RHI: Async texture creation enabled
[2020.11.01-09.00.58:990][  0]LogD3D11RHI: GPU Timing Frequency: 1000.000000 (Debug: 2 1)
[2020.11.01-09.00.59:328][  0]LogTargetPlatformManager: Display: Loaded TargetPlatform 'AllDesktop'
[2020.11.01-09.00.59:354][  0]LogTargetPlatformManager: Display: Loaded TargetPlatform 'Android'
[2020.11.01-09.00.59:354][  0]LogTargetPlatformManager: Display: Loaded TargetPlatform 'Android_ASTC'
[2020.11.01-09.00.59:354][  0]LogTargetPlatformManager: Display: Loaded TargetPlatform 'Android_ATC'
[2020.11.01-09.00.59:354][  0]LogTargetPlatformManager: Display: Loaded TargetPlatform 'Android_DXT'
[2020.11.01-09.00.59:355][  0]LogTargetPlatformManager: Display: Loaded TargetPlatform 'Android_ETC1'
[2020.11.01-09.00.59:355][  0]LogTargetPlatformManager: Display: Loaded TargetPlatform 'Android_ETC1a'
[2020.11.01-09.00.59:355][  0]LogTargetPlatformManager: Display: Loaded TargetPlatform 'Android_ETC2'
[2020.11.01-09.00.59:355][  0]LogTargetPlatformManager: Display: Loaded TargetPlatform 'Android_PVRTC'
[2020.11.01-09.00.59:355][  0]LogTargetPlatformManager: Display: Loaded TargetPlatform 'AndroidClient'
[2020.11.01-09.00.59:355][  0]LogTargetPlatformManager: Display: Loaded TargetPlatform 'Android_ASTCClient'
[2020.11.01-09.00.59:355][  0]LogTargetPlatformManager: Display: Loaded TargetPlatform 'Android_ATCClient'
[2020.11.01-09.00.59:355][  0]LogTargetPlatformManager: Display: Loaded TargetPlatform 'Android_DXTClient'
[2020.11.01-09.00.59:355][  0]LogTargetPlatformManager: Display: Loaded TargetPlatform 'Android_ETC1Client'
[2020.11.01-09.00.59:355][  0]LogTargetPlatformManager: Display: Loaded TargetPlatform 'Android_ETC1aClient'
[2020.11.01-09.00.59:355][  0]LogTargetPlatformManager: Display: Loaded TargetPlatform 'Android_ETC2Client'
[2020.11.01-09.00.59:355][  0]LogTargetPlatformManager: Display: Loaded TargetPlatform 'Android_PVRTCClient'
[2020.11.01-09.00.59:355][  0]LogTargetPlatformManager: Display: Loaded TargetPlatform 'Android_Multi'
[2020.11.01-09.00.59:355][  0]LogTargetPlatformManager: Display: Loaded TargetPlatform 'Android_MultiClient'
[2020.11.01-09.00.59:370][  0]LogTargetPlatformManager: Display: Loaded TargetPlatform 'IOSClient'
[2020.11.01-09.00.59:371][  0]LogTargetPlatformManager: Display: Loaded TargetPlatform 'IOS'
[2020.11.01-09.00.59:377][  0]LogTargetPlatformManager: Display: Loaded TargetPlatform 'LinuxNoEditor'
[2020.11.01-09.00.59:383][  0]LogTargetPlatformManager: Display: Loaded TargetPlatform 'LinuxClient'
[2020.11.01-09.00.59:390][  0]LogTargetPlatformManager: Display: Loaded TargetPlatform 'LinuxServer'
[2020.11.01-09.00.59:396][  0]LogTargetPlatformManager: Display: Loaded TargetPlatform 'LinuxAArch64NoEditor'
[2020.11.01-09.00.59:402][  0]LogTargetPlatformManager: Display: Loaded TargetPlatform 'LinuxAArch64Client'
[2020.11.01-09.00.59:408][  0]LogTargetPlatformManager: Display: Loaded TargetPlatform 'LinuxAArch64Server'
[2020.11.01-09.00.59:428][  0]LogTargetPlatformManager: Display: Loaded TargetPlatform 'Lumin'
[2020.11.01-09.00.59:428][  0]LogTargetPlatformManager: Display: Loaded TargetPlatform 'LuminClient'
[2020.11.01-09.00.59:440][  0]LogTargetPlatformManager: Display: Loaded TargetPlatform 'TVOSClient'
[2020.11.01-09.00.59:440][  0]LogTargetPlatformManager: Display: Loaded TargetPlatform 'TVOS'
[2020.11.01-09.00.59:446][  0]LogTargetPlatformManager: Display: Loaded TargetPlatform 'WindowsNoEditor'
[2020.11.01-09.00.59:452][  0]LogTargetPlatformManager: Display: Loaded TargetPlatform 'Windows'
[2020.11.01-09.00.59:459][  0]LogTargetPlatformManager: Display: Loaded TargetPlatform 'WindowsClient'
[2020.11.01-09.00.59:465][  0]LogTargetPlatformManager: Display: Loaded TargetPlatform 'WindowsServer'
[2020.11.01-09.00.59:465][  0]LogTargetPlatformManager: Display: Building Assets For Windows
[2020.11.01-09.00.59:469][  0]LogAudioDebug: Display: Lib vorbis DLL was dynamically loaded.
[2020.11.01-09.00.59:494][  0]LogShaderCompilers: Guid format shader working directory is -4 characters bigger than the processId version (E:/UNREAL TRIALS/Phosphorous_BP_repo/Phosphorous/Phosphorous/Intermediate/Shaders/WorkingDirectory/15908/).
[2020.11.01-09.00.59:494][  0]LogShaderCompilers: Cleaned the shader compiler working directory 'C:/Users/Ian Michael Jesu/AppData/Local/Temp/UnrealShaderWorkingDir/8EA9136541EBA7EB83C16CBA7F3E220F/'.
[2020.11.01-09.00.59:495][  0]LogXGEController: Cleaning working directory: C:/Users/Ian Michael Jesu/AppData/Local/Temp/UnrealXGEWorkingDir/
[2020.11.01-09.00.59:495][  0]LogXGEController: Cannot use XGE Controller as Incredibuild is not installed on this machine.
[2020.11.01-09.00.59:495][  0]LogShaderCompilers: Cannot use XGE Shader Compiler as Incredibuild is not installed on this machine.
[2020.11.01-09.00.59:495][  0]LogShaderCompilers: Display: Using Local Shader Compiler.
[2020.11.01-09.01.00:136][  0]LogDerivedDataCache: Display: Max Cache Size: 512 MB
[2020.11.01-09.01.00:198][  0]LogDerivedDataCache: Loaded boot cache 0.06s 81MB C:/Users/Ian Michael Jesu/AppData/Local/UnrealEngine/4.24/DerivedDataCache/Boot.ddc.
[2020.11.01-09.01.00:198][  0]LogDerivedDataCache: Display: Loaded Boot cache: C:/Users/Ian Michael Jesu/AppData/Local/UnrealEngine/4.24/DerivedDataCache/Boot.ddc
[2020.11.01-09.01.00:198][  0]LogDerivedDataCache: FDerivedDataBackendGraph:  Pak pak cache file E:/UNREAL TRIALS/Phosphorous_BP_repo/Phosphorous/Phosphorous/DerivedDataCache/DDC.ddp not found, will not use a pak cache.
[2020.11.01-09.01.00:198][  0]LogDerivedDataCache: Unable to find inner node Pak for hierarchical cache Hierarchy.
[2020.11.01-09.01.00:198][  0]LogDerivedDataCache: FDerivedDataBackendGraph:  CompressedPak pak cache file E:/UNREAL TRIALS/Phosphorous_BP_repo/Phosphorous/Phosphorous/DerivedDataCache/Compressed.ddp not found, will not use a pak cache.
[2020.11.01-09.01.00:198][  0]LogDerivedDataCache: Unable to find inner node CompressedPak for hierarchical cache Hierarchy.
[2020.11.01-09.01.00:207][  0]LogDerivedDataCache: Display: Pak cache opened for reading ../../../Engine/DerivedDataCache/Compressed.ddp.
[2020.11.01-09.01.00:207][  0]LogDerivedDataCache: FDerivedDataBackendGraph:  EnterprisePak pak cache file ../../../Enterprise/DerivedDataCache/Compressed.ddp not found, will not use a pak cache.
[2020.11.01-09.01.00:207][  0]LogDerivedDataCache: Unable to find inner node EnterprisePak for hierarchical cache Hierarchy.
[2020.11.01-09.01.00:209][  0]LogDerivedDataCache: Using Local data cache path C:/Users/Ian Michael Jesu/AppData/Local/UnrealEngine/Common/DerivedDataCache: Writable
[2020.11.01-09.01.00:209][  0]LogDerivedDataCache: Shared data cache path not found in *engine.ini, will not use an Shared cache.
[2020.11.01-09.01.00:209][  0]LogDerivedDataCache: Unable to find inner node Shared for hierarchical cache Hierarchy.
[2020.11.01-09.01.00:233][  0]LogMaterial: Verifying Global Shaders for PCD3D_SM5
[2020.11.01-09.01.00:235][  0]LogSlate: Using FreeType 2.10.0
[2020.11.01-09.01.00:236][  0]LogSlate: SlateFontServices - WITH_FREETYPE: 1, WITH_HARFBUZZ: 1
[2020.11.01-09.01.00:310][  0]LogAssetRegistry: FAssetRegistry took 0.0024 seconds to start up
[2020.11.01-09.01.00:589][  0]LogInit: Selected Device Profile: [Windows]
[2020.11.01-09.01.00:743][  0]LogMeshReduction: Using QuadricMeshReduction for automatic static mesh reduction
[2020.11.01-09.01.00:743][  0]LogMeshReduction: Using SimplygonMeshReduction for automatic skeletal mesh reduction
[2020.11.01-09.01.00:743][  0]LogMeshReduction: Using ProxyLODMeshReduction for automatic mesh merging
[2020.11.01-09.01.00:743][  0]LogMeshReduction: No distributed automatic mesh merging module available
[2020.11.01-09.01.00:743][  0]LogMeshMerging: No distributed automatic mesh merging module available
[2020.11.01-09.01.00:773][  0]LogNetVersion: Phosphorous 1.0.0, NetCL: 10570792, EngineNetVer: 13, GameNetVer: 0 (Checksum: 1239860017)
[2020.11.01-09.01.01:940][  0]LogPackageLocalizationCache: Processed 9 localized package path(s) for 1 prioritized culture(s) in 0.026331 seconds
[2020.11.01-09.01.01:946][  0]LogUObjectArray: 46098 objects as part of root set at end of initial load.
[2020.11.01-09.01.01:946][  0]LogUObjectAllocator: 8030680 out of 0 bytes used by permanent object pool.
[2020.11.01-09.01.01:946][  0]LogUObjectArray: CloseDisregardForGC: 0/0 objects in disregard for GC pool
[2020.11.01-09.01.02:315][  0]LogTcpMessaging: Initializing TcpMessaging bridge
[2020.11.01-09.01.02:317][  0]LogUdpMessaging: Initializing bridge on interface 0.0.0.0:0 to multicast group 230.0.0.1:6666.
[2020.11.01-09.01.02:363][  0]SourceControl: Source control is disabled
[2020.11.01-09.01.02:364][  0]SourceControl: Source control is disabled
[2020.11.01-09.01.02:365][  0]SourceControl: Source control is disabled
[2020.11.01-09.01.02:366][  0]SourceControl: Source control is disabled
[2020.11.01-09.01.02:367][  0]SourceControl: Source control is disabled
[2020.11.01-09.01.03:147][  0]LogAndroidPermission: UAndroidPermissionCallbackProxy::GetInstance
[2020.11.01-09.01.03:157][  0]LogAudioCaptureCore: Display: No Audio Capture implementations found. Audio input will be silent.
[2020.11.01-09.01.03:157][  0]LogAudioCaptureCore: Display: No Audio Capture implementations found. Audio input will be silent.
[2020.11.01-09.01.03:241][  0]LogEngine: Initializing Engine...
[2020.11.01-09.01.03:242][  0]LogStats: UGameplayTagsManager::InitializeManager -  0.000 s
[2020.11.01-09.01.03:512][  0]LogInit: Initializing FReadOnlyCVARCache
[2020.11.01-09.01.03:520][  0]LogAIModule: Creating AISystem for world Untitled
[2020.11.01-09.01.03:538][  0]LogAudioMixer: Display: Audio Mixer Platform Settings:
[2020.11.01-09.01.03:538][  0]LogAudioMixer: Display: 	Sample Rate:						  48000
[2020.11.01-09.01.03:538][  0]LogAudioMixer: Display: 	Callback Buffer Frame Size Requested: 1024
[2020.11.01-09.01.03:538][  0]LogAudioMixer: Display: 	Callback Buffer Frame Size To Use:	  1024
[2020.11.01-09.01.03:538][  0]LogAudioMixer: Display: 	Number of buffers to queue:			  2
[2020.11.01-09.01.03:538][  0]LogAudioMixer: Display: 	Max Channels (voices):				  32
[2020.11.01-09.01.03:538][  0]LogAudioMixer: Display: 	Number of Async Source Workers:		  0
[2020.11.01-09.01.03:538][  0]LogAudio: Display: AudioDevice MaxSources: 32
[2020.11.01-09.01.03:539][  0]LogAudio: Display: Using built-in audio occlusion.
[2020.11.01-09.01.03:539][  0]LogAudioMixer: Display: Initializing audio mixer.
[2020.11.01-09.01.03:634][  0]LogAudioMixer: Display: Audio Device Output Speaker Info:
[2020.11.01-09.01.03:634][  0]LogAudioMixer: Display: Name: VG248 (NVIDIA High Definition Audio)
[2020.11.01-09.01.03:634][  0]LogAudioMixer: Display: Is Default: Yes
[2020.11.01-09.01.03:634][  0]LogAudioMixer: Display: Sample Rate: 48000
[2020.11.01-09.01.03:634][  0]LogAudioMixer: Display: Channel Count Used: 2
[2020.11.01-09.01.03:635][  0]LogAudioMixer: Display: Device Channel Count: 2
[2020.11.01-09.01.03:635][  0]LogAudioMixer: Display: Channel Order:
[2020.11.01-09.01.03:635][  0]LogAudioMixer: Display: 0: FrontLeft
[2020.11.01-09.01.03:635][  0]LogAudioMixer: Display: 1: FrontRight
[2020.11.01-09.01.03:708][  0]LogAudioMixer: Display: Using Audio Device VG248 (NVIDIA High Definition Audio)
[2020.11.01-09.01.03:711][  0]LogInit: FAudioDevice initialized.
[2020.11.01-09.01.03:711][  0]LogNetVersion: Set ProjectVersion to 1.0.0.0. Version Checksum will be recalculated on next use.
[2020.11.01-09.01.03:779][  0]LogDerivedDataCache: Saved boot cache 0.07s 81MB C:/Users/Ian Michael Jesu/AppData/Local/UnrealEngine/4.24/DerivedDataCache/Boot.ddc.
[2020.11.01-09.01.03:779][  0]LogInit: Texture streaming: Enabled
[2020.11.01-09.01.03:792][  0]LogEngineSessionManager: EngineSessionManager initialized
[2020.11.01-09.01.03:792][  0]LogEditorSessionSummary: Verbose: Initializing EditorSessionSummaryWriter for editor session tracking
[2020.11.01-09.01.03:800][  0]LogEditorSessionSummary: EditorSessionSummaryWriter initialized
[2020.11.01-09.01.03:832][  0]LogInit: Transaction tracking system initialized
[2020.11.01-09.01.03:841][  0]BlueprintLog: New page: Editor Load
[2020.11.01-09.01.03:871][  0]LocalizationService: Localization service is disabled
[2020.11.01-09.01.03:912][  0]LogLinker: Warning: Failed to load '/Game/ThirdPersonBP/ThirdPersonOverview': Can't find file.
[2020.11.01-09.01.03:912][  0]LogLinker: Warning: Failed to load '/Game/ThirdPersonBP/ThirdPersonOverview': Can't find file.
[2020.11.01-09.01.03:912][  0]LogUObjectGlobals: Warning: Failed to find object 'Class /Game/ThirdPersonBP/ThirdPersonOverview.ThirdPersonOverview_C'
[2020.11.01-09.01.04:149][  0]LogCook: Display: Max memory allowance for cook 16384mb min free memory 0mb
[2020.11.01-09.01.04:149][  0]LogCook: Display: Mobile HDR setting 1
[2020.11.01-09.01.04:561][  0]LogFileCache: Scanning file cache for directory 'E:/UNREAL TRIALS/Phosphorous_BP_repo/Phosphorous/Phosphorous/Content/' took 0.01s
[2020.11.01-09.01.04:652][  0]SourceControl: Source control is disabled
[2020.11.01-09.01.04:652][  0]Cmd: MAP LOAD FILE="E:/UNREAL TRIALS/Phosphorous_BP_repo/Phosphorous/Phosphorous/Content/TopDownBP/Maps/TopDownExampleMap.umap" TEMPLATE=0 SHOWPROGRESS=1 FEATURELEVEL=3
[2020.11.01-09.01.04:652][  0]LightingResults: New page: Lighting Build
[2020.11.01-09.01.04:653][  0]LogWorld: UWorld::CleanupWorld for Untitled, bSessionEnded=true, bCleanupResources=true
[2020.11.01-09.01.04:653][  0]LogSlate: InvalidateAllWidgets triggered.  All widgets were invalidated
[2020.11.01-09.01.04:653][  0]MapCheck: New page: Map Check
[2020.11.01-09.01.04:653][  0]LightingResults: New page: Lighting Build
[2020.11.01-09.01.04:682][  0]LogUObjectHash: Compacting FUObjectHashTables data took   1.44ms
[2020.11.01-09.01.05:067][  0]LogAIModule: Creating AISystem for world TopDownExampleMap
[2020.11.01-09.01.05:076][  0]LogEditorServer: Finished looking for orphan Actors (0.000 secs)
[2020.11.01-09.01.05:105][  0]LogUObjectHash: Compacting FUObjectHashTables data took   1.96ms
[2020.11.01-09.01.05:107][  0]Cmd: MAP CHECKDEP NOCLEARLOG
[2020.11.01-09.01.05:107][  0]MapCheck: Map check complete: 0 Error(s), 0 Warning(s), took 0.085ms to complete.
[2020.11.01-09.01.05:107][  0]LogFileHelpers: Loading map 'TopDownExampleMap' took 0.455
[2020.11.01-09.01.07:457][  0]LogSlate: Updating window title bar state: overlay mode, drag disabled, window buttons hidden, title bar hidden
[2020.11.01-09.01.07:463][  0]LogSlate: Updating window title bar state: overlay mode, drag disabled, window buttons hidden, title bar hidden
[2020.11.01-09.01.07:468][  0]LogSlate: Updating window title bar state: overlay mode, drag disabled, window buttons hidden, title bar hidden
[2020.11.01-09.01.07:473][  0]LogSlate: Updating window title bar state: overlay mode, drag disabled, window buttons hidden, title bar hidden
[2020.11.01-09.01.07:480][  0]LogCollectionManager: Loaded 0 collections in 0.000737 seconds
[2020.11.01-09.01.07:490][  0]LogFileCache: Scanning file cache for directory 'E:/UNREAL TRIALS/Phosphorous_BP_repo/Phosphorous/Phosphorous/Saved/Collections/' took 0.00s
[2020.11.01-09.01.07:490][  0]LogFileCache: Scanning file cache for directory 'E:/UNREAL TRIALS/Phosphorous_BP_repo/Phosphorous/Phosphorous/Content/Developers/IanMichaelJesu/Collections/' took 0.00s
[2020.11.01-09.01.07:490][  0]LogFileCache: Scanning file cache for directory 'E:/UNREAL TRIALS/Phosphorous_BP_repo/Phosphorous/Phosphorous/Content/Collections/' took 0.00s
[2020.11.01-09.01.07:490][  0]LogContentBrowser: Native class hierarchy populated in 0.0066 seconds. Added 2999 classes and 705 folders.
[2020.11.01-09.01.07:494][  0]LogContentBrowser: Native class hierarchy updated for 'WidgetCarousel' in 0.0003 seconds. Added 0 classes and 0 folders.
[2020.11.01-09.01.07:586][  0]LogContentBrowser: Native class hierarchy updated for 'AddContentDialog' in 0.0002 seconds. Added 0 classes and 0 folders.
[2020.11.01-09.01.07:591][  0]LogContentBrowser: Native class hierarchy updated for 'SceneOutliner' in 0.0002 seconds. Added 2 classes and 3 folders.
[2020.11.01-09.01.08:529][  0]LogSlate: Took 0.000368 seconds to synchronously load lazily loaded font '../../../Engine/Content/Slate/Fonts/Roboto-Regular.ttf' (155K)
[2020.11.01-09.01.08:531][  0]LogSlate: Took 0.000317 seconds to synchronously load lazily loaded font '../../../Engine/Content/Slate/Fonts/Roboto-Bold.ttf' (160K)
[2020.11.01-09.01.08:536][  0]LogSlate: Took 0.000438 seconds to synchronously load lazily loaded font '../../../Engine/Content/Editor/Slate/Fonts/FontAwesome.ttf' (139K)
[2020.11.01-09.01.08:633][  0]LogRenderer: Reallocating scene render targets to support 1260x532 Format 10 NumSamples 1 (Frame:1).
[2020.11.01-09.01.08:745][  0]LogContentBrowser: Native class hierarchy updated for 'HierarchicalLODOutliner' in 0.0003 seconds. Added 0 classes and 0 folders.
[2020.11.01-09.01.08:745][  0]LogLoad: (Engine Initialization) Total time: 13.32 seconds
[2020.11.01-09.01.08:745][  0]LogLoad: (Engine Initialization) Total Blueprint compile time: 0.00 seconds
[2020.11.01-09.01.08:812][  0]LogContentStreaming: Texture pool size now 1000 MB
[2020.11.01-09.01.08:864][  1]LogAssetRegistry: Asset discovery search completed in 8.5555 seconds
[2020.11.01-09.01.08:868][  1]LogCollectionManager: Fixed up redirectors for 0 collections in 0.000008 seconds (updated 0 objects)
[2020.11.01-09.01.13:854][ 90]LogFileCache: Retrieving MD5 hashes for directory 'E:/UNREAL TRIALS/Phosphorous_BP_repo/Phosphorous/Phosphorous/Content/' took 5.09s
[2020.11.01-09.02.21:859][728]LogSlate: Took 0.000384 seconds to synchronously load lazily loaded font '../../../Engine/Content/Slate/Fonts/Roboto-Light.ttf' (167K)
[2020.11.01-09.02.21:878][728]LogAssetEditorSubsystem: Opening Asset editor for Blueprint /Game/Items/Blueprints/BP_Item__Light_MatchStick.BP_Item__Light_MatchStick
[2020.11.01-09.02.22:097][728]LogContentBrowser: Native class hierarchy updated for 'BlueprintGraph' in 0.0005 seconds. Added 121 classes and 0 folders.
[2020.11.01-09.02.22:886][728]LogSlate: Took 0.000391 seconds to synchronously load lazily loaded font '../../../Engine/Content/Slate/Fonts/Roboto-BoldCondensed.ttf' (158K)
[2020.11.01-09.02.22:954][729]LogSlate: Took 0.000282 seconds to synchronously load lazily loaded font '../../../Engine/Content/Slate/Fonts/Roboto-Italic.ttf' (157K)
[2020.11.01-09.03.26:420][988]LogUObjectHash: Compacting FUObjectHashTables data took   2.84ms
[2020.11.01-09.03.26:454][988]LogSlate: Window 'BP_Item__Light_MatchStick' being destroyed
[2020.11.01-09.03.26:466][988]LogWorld: UWorld::CleanupWorld for World_4, bSessionEnded=true, bCleanupResources=true
[2020.11.01-09.03.26:466][988]LogSlate: InvalidateAllWidgets triggered.  All widgets were invalidated
[2020.11.01-09.03.26:504][988]LogSlate: Window 'Phosphorous - Unreal Editor' being destroyed
[2020.11.01-09.03.26:506][988]LogWindowsTextInputMethodSystem: Display: IME system now deactivated.
[2020.11.01-09.03.26:649][989]Cmd: QUIT_EDITOR
[2020.11.01-09.03.26:649][989]LogCore: Engine exit requested (reason: UUnrealEdEngine::CloseEditor())
[2020.11.01-09.03.26:667][989]LogCore: Engine exit requested (reason: EngineExit() was called; note: exit was already requested)
[2020.11.01-09.03.26:667][989]LogAudioMixer: Display: No commands were queued while flushing the source manager.
[2020.11.01-09.03.26:692][989]LogExit: Preparing to exit.
[2020.11.01-09.03.27:515][989]LogWorld: UWorld::CleanupWorld for World_1, bSessionEnded=true, bCleanupResources=true
[2020.11.01-09.03.27:517][989]LogWorld: UWorld::CleanupWorld for World_2, bSessionEnded=true, bCleanupResources=true
[2020.11.01-09.03.27:518][989]LogWorld: UWorld::CleanupWorld for World_3, bSessionEnded=true, bCleanupResources=true
[2020.11.01-09.03.27:519][989]LogWorld: UWorld::CleanupWorld for World_0, bSessionEnded=true, bCleanupResources=true
[2020.11.01-09.03.27:543][989]LogDemo: Cleaned up 0 splitscreen connections with owner deletion
[2020.11.01-09.03.27:555][989]LogWorld: UWorld::CleanupWorld for None, bSessionEnded=true, bCleanupResources=true
[2020.11.01-09.03.27:556][989]LogExit: Editor shut down
[2020.11.01-09.03.27:556][989]LogExit: Transaction tracking system shut down
[2020.11.01-09.03.27:736][989]LogExit: Object subsystem successfully closed.
[2020.11.01-09.03.27:755][989]LogShaderCompilers: Display: Shaders left to compile 0
[2020.11.01-09.03.27:764][989]LogModuleManager: Shutting down and abandoning module BlueprintGraph (686)
[2020.11.01-09.03.27:764][989]LogModuleManager: Shutting down and abandoning module HierarchicalLODOutliner (684)
[2020.11.01-09.03.27:764][989]LogModuleManager: Shutting down and abandoning module ExternalImagePicker (682)
[2020.11.01-09.03.27:764][989]LogModuleManager: Shutting down and abandoning module SceneOutliner (680)
[2020.11.01-09.03.27:764][989]LogModuleManager: Shutting down and abandoning module AddContentDialog (678)
[2020.11.01-09.03.27:764][989]LogModuleManager: Shutting down and abandoning module WidgetCarousel (677)
[2020.11.01-09.03.27:764][989]LogModuleManager: Shutting down and abandoning module EditorWidgets (674)
[2020.11.01-09.03.27:764][989]LogModuleManager: Shutting down and abandoning module CollectionManager (672)
[2020.11.01-09.03.27:764][989]LogModuleManager: Shutting down and abandoning module StatsViewer (670)
[2020.11.01-09.03.27:764][989]LogModuleManager: Shutting down and abandoning module VirtualTexturingEditor (668)
[2020.11.01-09.03.27:764][989]LogModuleManager: Shutting down and abandoning module FoliageEdit (666)
[2020.11.01-09.03.27:765][989]LogModuleManager: Shutting down and abandoning module LandscapeEditor (664)
[2020.11.01-09.03.27:765][989]LogModuleManager: Shutting down and abandoning module MeshPaintMode (662)
[2020.11.01-09.03.27:765][989]LogModuleManager: Shutting down and abandoning module SceneDepthPickerMode (660)
[2020.11.01-09.03.27:765][989]LogModuleManager: Shutting down and abandoning module ActorPickerMode (658)
[2020.11.01-09.03.27:765][989]LogModuleManager: Shutting down and abandoning module GeometryMode (656)
[2020.11.01-09.03.27:765][989]LogModuleManager: Shutting down and abandoning module TextureAlignMode (654)
[2020.11.01-09.03.27:765][989]LogModuleManager: Shutting down and abandoning module BspMode (652)
[2020.11.01-09.03.27:765][989]LogModuleManager: Shutting down and abandoning module PIEPreviewDeviceProfileSelector (650)
[2020.11.01-09.03.27:765][989]LogModuleManager: Shutting down and abandoning module SequenceRecorderSections (648)
[2020.11.01-09.03.27:765][989]LogModuleManager: Shutting down and abandoning module AutomationWorker (646)
[2020.11.01-09.03.27:765][989]LogModuleManager: Shutting down and abandoning module AudioCaptureEditor (644)
[2020.11.01-09.03.27:765][989]LogModuleManager: Shutting down and abandoning module MatineeToLevelSequence (642)
[2020.11.01-09.03.27:765][989]LogModuleManager: Shutting down and abandoning module LevelSequenceEditor (640)
[2020.11.01-09.03.27:765][989]LogModuleManager: Shutting down and abandoning module PlacementMode (639)
[2020.11.01-09.03.27:765][989]LogModuleManager: Shutting down and abandoning module MaterialEditor (638)
[2020.11.01-09.03.27:765][989]LogModuleManager: Shutting down and abandoning module ActorSequenceEditor (634)
[2020.11.01-09.03.27:765][989]LogModuleManager: Shutting down and abandoning module WmfMediaFactory (632)
[2020.11.01-09.03.27:765][989]LogModuleManager: Shutting down and abandoning module WmfMediaEditor (630)
[2020.11.01-09.03.27:765][989]LogModuleManager: Shutting down and abandoning module WebMMediaFactory (628)
[2020.11.01-09.03.27:765][989]LogModuleManager: Shutting down and abandoning module WebMMediaEditor (626)
[2020.11.01-09.03.27:765][989]LogModuleManager: Shutting down and abandoning module WebMMedia (624)
[2020.11.01-09.03.27:765][989]LogModuleManager: Shutting down and abandoning module MediaPlayerEditor (622)
[2020.11.01-09.03.27:765][989]LogModuleManager: Shutting down and abandoning module MediaCompositingEditor (620)
[2020.11.01-09.03.27:765][989]LogModuleManager: Shutting down and abandoning module SequenceRecorder (619)
[2020.11.01-09.03.27:765][989]LogModuleManager: Shutting down and abandoning module OpenExrWrapper (616)
[2020.11.01-09.03.27:765][989]LogModuleManager: Shutting down and abandoning module ImgMediaFactory (614)
[2020.11.01-09.03.27:765][989]LogModuleManager: Shutting down and abandoning module ImgMediaEditor (612)
[2020.11.01-09.03.27:765][989]LogModuleManager: Shutting down and abandoning module AvfMediaFactory (610)
[2020.11.01-09.03.27:765][989]LogModuleManager: Shutting down and abandoning module AvfMediaEditor (608)
[2020.11.01-09.03.27:765][989]LogModuleManager: Shutting down and abandoning module AndroidMediaFactory (606)
[2020.11.01-09.03.27:765][989]LogModuleManager: Shutting down and abandoning module AndroidMediaEditor (604)
[2020.11.01-09.03.27:765][989]LogModuleManager: Shutting down and abandoning module MagicLeapMediaCodecFactory (602)
[2020.11.01-09.03.27:766][989]LogModuleManager: Shutting down and abandoning module MagicLeapMediaFactory (600)
[2020.11.01-09.03.27:766][989]LogModuleManager: Shutting down and abandoning module MagicLeapMediaEditor (598)
[2020.11.01-09.03.27:766][989]LogModuleManager: Shutting down and abandoning module CharacterAI (596)
[2020.11.01-09.03.27:766][989]LogModuleManager: Shutting down and abandoning module SmartSnapping (594)
[2020.11.01-09.03.27:766][989]LogModuleManager: Shutting down and abandoning module SessionServices (592)
[2020.11.01-09.03.27:766][989]LogModuleManager: Shutting down and abandoning module MeshPaint (590)
[2020.11.01-09.03.27:766][989]LogModuleManager: Shutting down and abandoning module ViewportSnapping (588)
[2020.11.01-09.03.27:766][989]LogModuleManager: Shutting down and abandoning module ViewportInteraction (586)
[2020.11.01-09.03.27:766][989]LogModuleManager: Shutting down and abandoning module ClothPainter (584)
[2020.11.01-09.03.27:766][989]LogModuleManager: Shutting down and abandoning module SkeletalMeshEditor (583)
[2020.11.01-09.03.27:766][989]LogModuleManager: Shutting down and abandoning module LogVisualizer (580)
[2020.11.01-09.03.27:766][989]LogModuleManager: Shutting down and abandoning module IntroTutorials (578)
[2020.11.01-09.03.27:766][989]LogModuleManager: Shutting down and abandoning module GameProjectGeneration (577)
[2020.11.01-09.03.27:766][989]LogModuleManager: Shutting down and abandoning module LuminPlatformEditor (574)
[2020.11.01-09.03.27:766][989]LogModuleManager: Shutting down and abandoning module IOSPlatformEditor (572)
[2020.11.01-09.03.27:766][989]LogModuleManager: Shutting down and abandoning module AndroidPlatformEditor (570)
[2020.11.01-09.03.27:766][989]LogModuleManager: Shutting down and abandoning module AndroidDeviceDetection (569)
[2020.11.01-09.03.27:978][989]LogModuleManager: Shutting down and abandoning module WindowsPlatformEditor (566)
[2020.11.01-09.03.27:978][989]LogModuleManager: Shutting down and abandoning module LuminRuntimeSettings (564)
[2020.11.01-09.03.27:978][989]LogModuleManager: Shutting down and abandoning module IOSRuntimeSettings (562)
[2020.11.01-09.03.27:978][989]LogModuleManager: Shutting down and abandoning module AndroidRuntimeSettings (560)
[2020.11.01-09.03.27:978][989]LogModuleManager: Shutting down and abandoning module EditorInteractiveToolsFramework (558)
[2020.11.01-09.03.27:978][989]LogModuleManager: Shutting down and abandoning module TimeManagementEditor (556)
[2020.11.01-09.03.27:978][989]LogModuleManager: Shutting down and abandoning module InputBindingEditor (554)
[2020.11.01-09.03.27:978][989]LogModuleManager: Shutting down and abandoning module MergeActors (552)
[2020.11.01-09.03.27:978][989]LogModuleManager: Shutting down and abandoning module LocalizationDashboard (550)
[2020.11.01-09.03.27:978][989]LogModuleManager: Shutting down and abandoning module LocalizationService (549)
[2020.11.01-09.03.27:978][989]LogModuleManager: Shutting down and abandoning module HardwareTargeting (546)
[2020.11.01-09.03.27:978][989]LogModuleManager: Shutting down and abandoning module DeviceProfileEditor (544)
[2020.11.01-09.03.27:978][989]LogModuleManager: Shutting down and abandoning module UndoHistory (542)
[2020.11.01-09.03.27:978][989]LogModuleManager: Shutting down and abandoning module XmlParser (540)
[2020.11.01-09.03.27:978][989]LogModuleManager: Shutting down and abandoning module Blutility (538)
[2020.11.01-09.03.27:978][989]LogModuleManager: Shutting down and abandoning module ProjectSettingsViewer (536)
[2020.11.01-09.03.27:979][989]LogModuleManager: Shutting down and abandoning module ProjectTargetPlatformEditor (535)
[2020.11.01-09.03.27:979][989]LogModuleManager: Shutting down and abandoning module EditorSettingsViewer (532)
[2020.11.01-09.03.27:979][989]LogModuleManager: Shutting down and abandoning module SettingsEditor (530)
[2020.11.01-09.03.27:979][989]LogModuleManager: Shutting down and abandoning module ProjectLauncher (528)
[2020.11.01-09.03.27:979][989]LogModuleManager: Shutting down and abandoning module SessionFrontend (526)
[2020.11.01-09.03.27:979][989]LogModuleManager: Shutting down and abandoning module ProfilerClient (524)
[2020.11.01-09.03.27:979][989]LogModuleManager: Shutting down and abandoning module DeviceManager (522)
[2020.11.01-09.03.27:979][989]LogModuleManager: Shutting down and abandoning module TargetDeviceServices (521)
[2020.11.01-09.03.28:012][989]LogModuleManager: Shutting down and abandoning module AutomationController (518)
[2020.11.01-09.03.28:012][989]LogModuleManager: Shutting down and abandoning module AutomationWindow (516)
[2020.11.01-09.03.28:012][989]LogModuleManager: Shutting down and abandoning module Layers (514)
[2020.11.01-09.03.28:012][989]LogModuleManager: Shutting down and abandoning module ComponentVisualizers (512)
[2020.11.01-09.03.28:012][989]LogModuleManager: Shutting down and abandoning module DetailCustomizations (510)
[2020.11.01-09.03.28:012][989]LogModuleManager: Shutting down and abandoning module PackagesDialog (508)
[2020.11.01-09.03.28:012][989]LogModuleManager: Shutting down and abandoning module AnimationBlueprintEditor (506)
[2020.11.01-09.03.28:012][989]LogModuleManager: Shutting down and abandoning module Persona (504)
[2020.11.01-09.03.28:012][989]LogModuleManager: Shutting down and abandoning module AdvancedPreviewScene (503)
[2020.11.01-09.03.28:012][989]LogModuleManager: Shutting down and abandoning module AnimGraph (501)
[2020.11.01-09.03.28:012][989]LogModuleManager: Shutting down and abandoning module Kismet (498)
[2020.11.01-09.03.28:015][989]LogModuleManager: Shutting down and abandoning module KismetWidgets (497)
[2020.11.01-09.03.28:015][989]LogModuleManager: Shutting down and abandoning module GraphEditor (494)
[2020.11.01-09.03.28:015][989]LogModuleManager: Shutting down and abandoning module StructViewer (492)
[2020.11.01-09.03.28:015][989]LogModuleManager: Shutting down and abandoning module ClassViewer (490)
[2020.11.01-09.03.28:015][989]LogModuleManager: Shutting down and abandoning module Toolbox (488)
[2020.11.01-09.03.28:015][989]LogModuleManager: Shutting down and abandoning module ModuleUI (486)
[2020.11.01-09.03.28:015][989]LogModuleManager: Shutting down and abandoning module OutputLog (484)
[2020.11.01-09.03.28:015][989]LogModuleManager: Shutting down and abandoning module GammaUI (482)
[2020.11.01-09.03.28:015][989]LogModuleManager: Shutting down and abandoning module Documentation (480)
[2020.11.01-09.03.28:015][989]LogModuleManager: Shutting down and abandoning module ToolMenus (478)
[2020.11.01-09.03.28:015][989]LogModuleManager: Shutting down and abandoning module LiveCoding (476)
[2020.11.01-09.03.28:015][989]LogModuleManager: Shutting down and abandoning module LevelSequence (474)
[2020.11.01-09.03.28:015][989]LogModuleManager: Shutting down and abandoning module MovieSceneTracks (472)
[2020.11.01-09.03.28:015][989]LogModuleManager: Shutting down and abandoning module MovieScene (470)
[2020.11.01-09.03.28:015][989]LogModuleManager: Shutting down and abandoning module StreamingPauseRendering (468)
[2020.11.01-09.03.28:015][989]LogModuleManager: Shutting down and abandoning module LauncherPlatform (466)
[2020.11.01-09.03.28:015][989]LogModuleManager: Shutting down and abandoning module AnalyticsET (464)
[2020.11.01-09.03.28:015][989]LogModuleManager: Shutting down and abandoning module PortalServices (462)
[2020.11.01-09.03.28:015][989]LogModuleManager: Shutting down and abandoning module PortalRpc (460)
[2020.11.01-09.03.28:015][989]LogModuleManager: Shutting down and abandoning module MessagingRpc (458)
[2020.11.01-09.03.28:015][989]LogModuleManager: Shutting down and abandoning module AudioMixerXAudio2 (456)
[2020.11.01-09.03.28:015][989]LogModuleManager: Shutting down and abandoning module AIModule (454)
[2020.11.01-09.03.28:015][989]LogModuleManager: Shutting down and abandoning module GameplayDebugger (453)
[2020.11.01-09.03.28:015][989]LogModuleManager: Shutting down and abandoning module AITestSuite (451)
[2020.11.01-09.03.28:015][989]LogModuleManager: Shutting down and abandoning module NavigationSystem (449)
[2020.11.01-09.03.28:015][989]LogModuleManager: Shutting down and abandoning module ImageWriteQueue (446)
[2020.11.01-09.03.28:018][989]LogModuleManager: Shutting down and abandoning module ProfilerService (444)
[2020.11.01-09.03.28:191][989]LogModuleManager: Shutting down and abandoning module TaskGraph (442)
[2020.11.01-09.03.28:191][989]LogModuleManager: Shutting down and abandoning module ScreenshotTools (440)
[2020.11.01-09.03.28:191][989]LogModuleManager: Shutting down and abandoning module ProceduralMeshComponentEditor (438)
[2020.11.01-09.03.28:191][989]LogModuleManager: Shutting down and abandoning module ProceduralMeshComponent (436)
[2020.11.01-09.03.28:191][989]LogModuleManager: Shutting down and abandoning module MobilePatchingUtils (434)
[2020.11.01-09.03.28:191][989]LogModuleManager: Shutting down and abandoning module EditableMesh (432)
[2020.11.01-09.03.28:191][989]LogModuleManager: Shutting down and abandoning module CustomMeshComponent (430)
[2020.11.01-09.03.28:191][989]LogModuleManager: Shutting down and abandoning module CableComponent (428)
[2020.11.01-09.03.28:191][989]LogModuleManager: Shutting down and abandoning module AudioCapture (426)
[2020.11.01-09.03.28:191][989]LogModuleManager: Shutting down and abandoning module AudioCaptureRtAudio (425)
[2020.11.01-09.03.28:192][989]LogModuleManager: Shutting down and abandoning module AssetTags (422)
[2020.11.01-09.03.28:192][989]LogModuleManager: Shutting down and abandoning module ArchVisCharacter (420)
[2020.11.01-09.03.28:192][989]LogModuleManager: Shutting down and abandoning module AppleImageUtilsBlueprintSupport (418)
[2020.11.01-09.03.28:192][989]LogModuleManager: Shutting down and abandoning module AppleImageUtils (416)
[2020.11.01-09.03.28:192][989]LogModuleManager: Shutting down and abandoning module AndroidPermission (414)
[2020.11.01-09.03.28:192][989]LogModuleManager: Shutting down and abandoning module NUTUnrealEngine4 (412)
[2020.11.01-09.03.28:192][989]LogModuleManager: Shutting down and abandoning module NetcodeUnitTest (410)
[2020.11.01-09.03.28:192][989]LogModuleManager: Shutting down and abandoning module MediaCompositing (408)
[2020.11.01-09.03.28:192][989]LogModuleManager: Shutting down and abandoning module ImgMedia (406)
[2020.11.01-09.03.28:192][989]LogModuleManager: Shutting down and abandoning module PivotTool (404)
[2020.11.01-09.03.28:192][989]LogModuleManager: Shutting down and abandoning module MagicLeapHelperVulkan (402)
[2020.11.01-09.03.28:192][989]LogModuleManager: Shutting down and abandoning module MagicLeapHelperOpenGL (400)
[2020.11.01-09.03.28:192][989]LogModuleManager: Shutting down and abandoning module MagicLeapAudio (398)
[2020.11.01-09.03.28:192][989]LogModuleManager: Shutting down and abandoning module GeometryCacheTracks (396)
[2020.11.01-09.03.28:192][989]LogModuleManager: Shutting down and abandoning module GeometryCacheSequencer (394)
[2020.11.01-09.03.28:192][989]LogModuleManager: Shutting down and abandoning module BackChannel (392)
[2020.11.01-09.03.28:192][989]LogModuleManager: Shutting down and abandoning module AutomationUtilsEditor (390)
[2020.11.01-09.03.28:192][989]LogModuleManager: Shutting down and abandoning module AutomationUtils (388)
[2020.11.01-09.03.28:192][989]LogModuleManager: Shutting down and abandoning module AlembicImporter (386)
[2020.11.01-09.03.28:192][989]LogModuleManager: Shutting down and abandoning module AlembicLibrary (385)
[2020.11.01-09.03.28:192][989]LogModuleManager: Shutting down and abandoning module GeometryCache (384)
[2020.11.01-09.03.28:192][989]LogModuleManager: Shutting down and abandoning module GeometryCacheEd (383)
[2020.11.01-09.03.28:192][989]LogModuleManager: Shutting down and abandoning module VariantManagerContentEditor (378)
[2020.11.01-09.03.28:192][989]LogModuleManager: Shutting down and abandoning module DatasmithContentEditor (376)
[2020.11.01-09.03.28:192][989]LogModuleManager: Shutting down and abandoning module SpeedTreeImporter (374)
[2020.11.01-09.03.28:192][989]LogModuleManager: Shutting down and abandoning module PluginBrowser (372)
[2020.11.01-09.03.28:192][989]LogModuleManager: Shutting down and abandoning module MobileLauncherProfileWizard (370)
[2020.11.01-09.03.28:192][989]LogModuleManager: Shutting down and abandoning module MaterialAnalyzer (368)
[2020.11.01-09.03.28:192][989]LogModuleManager: Shutting down and abandoning module CurveEditorTools (366)
[2020.11.01-09.03.28:192][989]LogModuleManager: Shutting down and abandoning module CryptoKeysOpenSSL (364)
[2020.11.01-09.03.28:192][989]LogModuleManager: Shutting down and abandoning module CryptoKeys (362)
[2020.11.01-09.03.28:192][989]LogModuleManager: Shutting down and abandoning module VisualStudioSourceCodeAccess (360)
[2020.11.01-09.03.28:192][989]LogModuleManager: Shutting down and abandoning module VisualStudioCodeSourceCodeAccess (358)
[2020.11.01-09.03.28:192][989]LogModuleManager: Shutting down and abandoning module UObjectPlugin (356)
[2020.11.01-09.03.28:192][989]LogModuleManager: Shutting down and abandoning module SubversionSourceControl (354)
[2020.11.01-09.03.28:192][989]LogModuleManager: Shutting down and abandoning module PlasticSourceControl (352)
[2020.11.01-09.03.28:192][989]LogModuleManager: Shutting down and abandoning module PerforceSourceControl (350)
[2020.11.01-09.03.28:192][989]LogModuleManager: Shutting down and abandoning module GitSourceControl (348)
[2020.11.01-09.03.28:192][989]LogModuleManager: Shutting down and abandoning module SourceControl (347)
[2020.11.01-09.03.28:193][989]LogModuleManager: Shutting down and abandoning module CLionSourceCodeAccess (344)
[2020.11.01-09.03.28:193][989]LogModuleManager: Shutting down and abandoning module AnimationSharingEd (342)
[2020.11.01-09.03.28:193][989]LogModuleManager: Shutting down and abandoning module ActorLayerUtilitiesEditor (340)
[2020.11.01-09.03.28:193][989]LogModuleManager: Shutting down and abandoning module ActorLayerUtilities (338)
[2020.11.01-09.03.28:193][989]LogModuleManager: Shutting down and abandoning module LightPropagationVolumeEditor (336)
[2020.11.01-09.03.28:193][989]LogModuleManager: Shutting down and abandoning module PaperTiledImporter (334)
[2020.11.01-09.03.28:193][989]LogModuleManager: Shutting down and abandoning module PaperSpriteSheetImporter (332)
[2020.11.01-09.03.28:193][989]LogModuleManager: Shutting down and abandoning module Paper2DEditor (330)
[2020.11.01-09.03.28:193][989]LogModuleManager: Shutting down and abandoning module SignificanceManager (328)
[2020.11.01-09.03.28:193][989]LogModuleManager: Shutting down and abandoning module RuntimePhysXCooking (326)
[2020.11.01-09.03.28:193][989]LogModuleManager: Shutting down and abandoning module PhysXVehiclesEditor (324)
[2020.11.01-09.03.28:193][989]LogModuleManager: Shutting down and abandoning module LocationServicesBPLibrary (320)
[2020.11.01-09.03.28:193][989]LogModuleManager: Shutting down and abandoning module ActorSequence (318)
[2020.11.01-09.03.28:193][989]LogModuleManager: Shutting down and abandoning module UdpMessaging (316)
[2020.11.01-09.03.28:294][989]LogModuleManager: Shutting down and abandoning module TcpMessaging (314)
[2020.11.01-09.03.28:399][989]LogModuleManager: Shutting down and abandoning module MagicLeapPrivileges (312)
[2020.11.01-09.03.28:399][989]LogModuleManager: Shutting down and abandoning module MagicLeapPlanes (310)
[2020.11.01-09.03.28:399][989]LogMagicLeapPlanes: Planes tracker already destroyed.
[2020.11.01-09.03.28:399][989]LogModuleManager: Shutting down and abandoning module MagicLeapIdentity (308)
[2020.11.01-09.03.28:399][989]LogModuleManager: Shutting down and abandoning module MagicLeapSecureStorage (306)
[2020.11.01-09.03.28:399][989]LogModuleManager: Shutting down and abandoning module MagicLeapImageTracker (304)
[2020.11.01-09.03.28:399][989]LogModuleManager: Shutting down and abandoning module MagicLeapHandTracking (302)
[2020.11.01-09.03.28:399][989]LogModuleManager: Shutting down and abandoning module MagicLeapHandMeshing (300)
[2020.11.01-09.03.28:400][989]LogModuleManager: Shutting down and abandoning module MagicLeapEyeTracker (298)
[2020.11.01-09.03.28:400][989]LogModuleManager: Shutting down and abandoning module MagicLeapController (296)
[2020.11.01-09.03.28:400][989]LogSlate: Slate User Destroyed.  User Index 0, Is Virtual User: 0
[2020.11.01-09.03.28:400][989]LogModuleManager: Shutting down and abandoning module MagicLeapARPin (294)
[2020.11.01-09.03.28:400][989]LogModuleManager: Shutting down and abandoning module MagicLeapAR (292)
[2020.11.01-09.03.28:400][989]LogModuleManager: Shutting down and abandoning module AugmentedReality (291)
[2020.11.01-09.03.28:400][989]LogModuleManager: Shutting down and abandoning module GameplayTagsEditor (288)
[2020.11.01-09.03.28:400][989]LogModuleManager: Shutting down and abandoning module FacialAnimationEditor (286)
[2020.11.01-09.03.28:400][989]LogModuleManager: Shutting down and abandoning module FacialAnimation (284)
[2020.11.01-09.03.28:400][989]LogModuleManager: Shutting down and abandoning module DataValidation (282)
[2020.11.01-09.03.28:400][989]LogModuleManager: Shutting down and abandoning module AssetManagerEditor (280)
[2020.11.01-09.03.28:400][989]LogModuleManager: Shutting down and abandoning module LevelEditor (279)
[2020.11.01-09.03.28:400][989]LogModuleManager: Shutting down and abandoning module PixelInspectorModule (278)
[2020.11.01-09.03.28:400][989]LogModuleManager: Shutting down and abandoning module CommonMenuExtensions (276)
[2020.11.01-09.03.28:401][989]LogModuleManager: Shutting down and abandoning module MainFrame (274)
[2020.11.01-09.03.28:401][989]LogModuleManager: Shutting down and abandoning module HotReload (273)
[2020.11.01-09.03.28:401][989]LogModuleManager: Shutting down and abandoning module ContentBrowser (269)
[2020.11.01-09.03.28:402][989]LogModuleManager: Shutting down and abandoning module TreeMap (267)
[2020.11.01-09.03.28:402][989]LogModuleManager: Shutting down and abandoning module AnimationSharing (264)
[2020.11.01-09.03.28:402][989]LogModuleManager: Shutting down and abandoning module LightPropagationVolumeRuntime (262)
[2020.11.01-09.03.28:402][989]LogModuleManager: Shutting down and abandoning module Paper2D (260)
[2020.11.01-09.03.28:402][989]LogModuleManager: Shutting down and abandoning module WindowsMoviePlayer (258)
[2020.11.01-09.03.28:403][989]LogModuleManager: Shutting down and abandoning module WebMMoviePlayer (256)
[2020.11.01-09.03.28:403][989]LogModuleManager: Shutting down and abandoning module NetworkReplayStreaming (254)
[2020.11.01-09.03.28:403][989]LogModuleManager: Shutting down and abandoning module PacketHandler (252)
[2020.11.01-09.03.28:403][989]LogModuleManager: Shutting down and abandoning module ClothingSystemEditor (250)
[2020.11.01-09.03.28:403][989]LogModuleManager: Shutting down and abandoning module ClothingSystemRuntimeNv (248)
[2020.11.01-09.03.28:403][989]LogModuleManager: Shutting down and abandoning module MediaAssets (246)
[2020.11.01-09.03.28:404][989]LogModuleManager: Shutting down and abandoning module Overlay (244)
[2020.11.01-09.03.28:404][989]LogModuleManager: Shutting down and abandoning module OverlayEditor (243)
[2020.11.01-09.03.28:404][989]LogModuleManager: Shutting down and abandoning module VREditor (240)
[2020.11.01-09.03.28:404][989]LogModuleManager: Shutting down and abandoning module StringTableEditor (238)
[2020.11.01-09.03.28:404][989]LogModuleManager: Shutting down and abandoning module GameplayTasksEditor (236)
[2020.11.01-09.03.28:404][989]LogModuleManager: Shutting down and abandoning module BehaviorTreeEditor (234)
[2020.11.01-09.03.28:404][989]LogModuleManager: Shutting down and abandoning module FunctionalTesting (232)
[2020.11.01-09.03.28:404][989]LogModuleManager: Shutting down and abandoning module CollisionAnalyzer (230)
[2020.11.01-09.03.28:404][989]LogModuleManager: Shutting down and abandoning module WorkspaceMenuStructure (229)
[2020.11.01-09.03.28:404][989]LogModuleManager: Shutting down and abandoning module UMG (226)
[2020.11.01-09.03.28:404][989]LogModuleManager: Shutting down and abandoning module UMGEditor (225)
[2020.11.01-09.03.28:404][989]LogModuleManager: Shutting down and abandoning module MessageLog (223)
[2020.11.01-09.03.28:404][989]LogModuleManager: Shutting down and abandoning module SlateReflector (218)
[2020.11.01-09.03.28:404][989]LogModuleManager: Shutting down and abandoning module Slate (216)
[2020.11.01-09.03.28:404][989]LogModuleManager: Shutting down and abandoning module SlateCore (214)
[2020.11.01-09.03.28:404][989]LogModuleManager: Shutting down and abandoning module LandscapeEditorUtilities (212)
[2020.11.01-09.03.28:404][989]LogModuleManager: Shutting down and abandoning module UnrealEd (210)
[2020.11.01-09.03.28:404][989]LogModuleManager: Shutting down and abandoning module MRMesh (208)
[2020.11.01-09.03.28:404][989]LogModuleManager: Shutting down and abandoning module SourceCodeAccess (206)
[2020.11.01-09.03.28:404][989]LogModuleManager: Shutting down and abandoning module HeadMountedDisplay (204)
[2020.11.01-09.03.28:404][989]LogModuleManager: Shutting down and abandoning module XAudio2 (202)
[2020.11.01-09.03.28:404][989]LogModuleManager: Shutting down and abandoning module Networking (200)
[2020.11.01-09.03.28:404][989]LogModuleManager: Shutting down and abandoning module Core (198)
[2020.11.01-09.03.28:404][989]LogModuleManager: Shutting down and abandoning module MovieSceneTools (196)
[2020.11.01-09.03.28:404][989]LogModuleManager: Shutting down and abandoning module CurveEditor (195)
[2020.11.01-09.03.28:404][989]LogModuleManager: Shutting down and abandoning module Sequencer (193)
[2020.11.01-09.03.28:404][989]LogModuleManager: Shutting down and abandoning module EditorStyle (192)
[2020.11.01-09.03.28:405][989]LogModuleManager: Shutting down and abandoning module KismetCompiler (188)
[2020.11.01-09.03.28:405][989]LogModuleManager: Shutting down and abandoning module MeshUtilities (186)
[2020.11.01-09.03.28:405][989]LogModuleManager: Shutting down and abandoning module MeshMergeUtilities (185)
[2020.11.01-09.03.28:405][989]LogModuleManager: Shutting down and abandoning module MeshReductionInterface (184)
[2020.11.01-09.03.28:405][989]LogModuleManager: Shutting down and abandoning module MeshBoneReduction (183)
[2020.11.01-09.03.28:405][989]LogModuleManager: Shutting down and abandoning module SkeletalMeshReduction (181)
[2020.11.01-09.03.28:405][989]LogModuleManager: Shutting down and abandoning module ProxyLODMeshReduction (179)
[2020.11.01-09.03.28:405][989]LogModuleManager: Shutting down and abandoning module QuadricMeshReduction (177)
[2020.11.01-09.03.28:405][989]LogModuleManager: Shutting down and abandoning module MaterialBaking (173)
[2020.11.01-09.03.28:405][989]LogModuleManager: Shutting down and abandoning module NullInstallBundleManager (168)
[2020.11.01-09.03.28:405][989]LogModuleManager: Shutting down and abandoning module DerivedDataCache (166)
[2020.11.01-09.03.28:405][989]LogDerivedDataCache: Shutdown
[2020.11.01-09.03.28:405][989]LogModuleManager: Shutting down and abandoning module XGEController (164)
[2020.11.01-09.03.28:406][989]LogXGEController: Cleaning working directory: C:/Users/Ian Michael Jesu/AppData/Local/Temp/UnrealXGEWorkingDir/
[2020.11.01-09.03.28:406][989]LogModuleManager: Shutting down and abandoning module TargetPlatform (162)
[2020.11.01-09.03.28:406][989]LogModuleManager: Shutting down and abandoning module VulkanShaderFormat (161)
[2020.11.01-09.03.28:406][989]LogModuleManager: Shutting down and abandoning module ShaderFormatVectorVM (159)
[2020.11.01-09.03.28:406][989]LogModuleManager: Shutting down and abandoning module ShaderFormatOpenGL (157)
[2020.11.01-09.03.28:406][989]LogModuleManager: Shutting down and abandoning module ShaderFormatD3D (155)
[2020.11.01-09.03.28:406][989]LogModuleManager: Shutting down and abandoning module MetalShaderFormat (153)
[2020.11.01-09.03.28:406][989]LogModuleManager: Shutting down and abandoning module TextureFormatUncompressed (151)
[2020.11.01-09.03.28:406][989]LogModuleManager: Shutting down and abandoning module TextureFormatPVR (149)
[2020.11.01-09.03.28:406][989]LogModuleManager: Shutting down and abandoning module TextureFormatDXT (147)
[2020.11.01-09.03.28:406][989]LogModuleManager: Shutting down and abandoning module TextureFormatIntelISPCTexComp (145)
[2020.11.01-09.03.28:406][989]LogModuleManager: Shutting down and abandoning module TextureFormatASTC (143)
[2020.11.01-09.03.28:406][989]LogModuleManager: Shutting down and abandoning module ImageWrapper (142)
[2020.11.01-09.03.28:406][989]LogModuleManager: Shutting down and abandoning module TextureFormatAndroid (139)
[2020.11.01-09.03.28:406][989]LogModuleManager: Shutting down and abandoning module AudioFormatOpus (137)
[2020.11.01-09.03.28:406][989]LogModuleManager: Shutting down and abandoning module AudioFormatOgg (135)
[2020.11.01-09.03.28:406][989]LogModuleManager: Shutting down and abandoning module AudioFormatADPCM (133)
[2020.11.01-09.03.28:406][989]LogModuleManager: Shutting down and abandoning module WindowsServerTargetPlatform (131)
[2020.11.01-09.03.28:406][989]LogModuleManager: Shutting down and abandoning module WindowsClientTargetPlatform (129)
[2020.11.01-09.03.28:406][989]LogModuleManager: Shutting down and abandoning module WindowsTargetPlatform (127)
[2020.11.01-09.03.28:406][989]LogModuleManager: Shutting down and abandoning module WindowsNoEditorTargetPlatform (125)
[2020.11.01-09.03.28:406][989]LogModuleManager: Shutting down and abandoning module TVOSTargetPlatform (123)
[2020.11.01-09.03.28:407][989]LogModuleManager: Shutting down and abandoning module LuminTargetPlatform (121)
[2020.11.01-09.03.28:407][989]LogModuleManager: Shutting down and abandoning module LinuxAArch64ServerTargetPlatform (119)
[2020.11.01-09.03.28:407][989]LogModuleManager: Shutting down and abandoning module LinuxAArch64ClientTargetPlatform (117)
[2020.11.01-09.03.28:407][989]LogModuleManager: Shutting down and abandoning module LinuxAArch64NoEditorTargetPlatform (115)
[2020.11.01-09.03.28:407][989]LogModuleManager: Shutting down and abandoning module LinuxServerTargetPlatform (113)
[2020.11.01-09.03.28:407][989]LogModuleManager: Shutting down and abandoning module LinuxClientTargetPlatform (111)
[2020.11.01-09.03.28:407][989]LogModuleManager: Shutting down and abandoning module LinuxNoEditorTargetPlatform (109)
[2020.11.01-09.03.28:407][989]LogModuleManager: Shutting down and abandoning module Messaging (107)
[2020.11.01-09.03.28:408][989]LogModuleManager: Shutting down and abandoning module IOSTargetPlatform (105)
[2020.11.01-09.03.28:408][989]LogModuleManager: Shutting down and abandoning module AndroidTargetPlatform (103)
[2020.11.01-09.03.28:413][989]LogModuleManager: Shutting down and abandoning module AllDesktopTargetPlatform (101)
[2020.11.01-09.03.28:413][989]LogModuleManager: Shutting down and abandoning module InputCore (98)
[2020.11.01-09.03.28:413][989]LogModuleManager: Shutting down and abandoning module Settings (96)
[2020.11.01-09.03.28:413][989]LogModuleManager: Shutting down and abandoning module DirectoryWatcher (94)
[2020.11.01-09.03.28:413][989]LogModuleManager: Shutting down and abandoning module PhysXCooking (92)
[2020.11.01-09.03.28:413][989]LogModuleManager: Shutting down and abandoning module ChaosSolvers (90)
[2020.11.01-09.03.28:413][989]LogModuleManager: Shutting down and abandoning module FieldSystemEngine (89)
[2020.11.01-09.03.28:413][989]LogModuleManager: Shutting down and abandoning module Chaos (86)
[2020.11.01-09.03.28:413][989]LogModuleManager: Shutting down and abandoning module WindowsPlatformFeatures (84)
[2020.11.01-09.03.28:413][989]LogModuleManager: Shutting down and abandoning module GameplayMediaEncoder (83)
[2020.11.01-09.03.28:413][989]LogModuleManager: Shutting down and abandoning module ExampleDeviceProfileSelector (80)
[2020.11.01-09.03.28:413][989]LogModuleManager: Shutting down and abandoning module LauncherChunkInstaller (78)
[2020.11.01-09.03.28:413][989]LogModuleManager: Shutting down and abandoning module OnlineBlueprintSupport (76)
[2020.11.01-09.03.28:413][989]LogModuleManager: Shutting down and abandoning module OnlineSubsystem (72)
[2020.11.01-09.03.28:414][989]LogModuleManager: Shutting down and abandoning module XMPP (67)
[2020.11.01-09.03.28:414][989]LogModuleManager: Shutting down and abandoning module WebSockets (66)
[2020.11.01-09.03.28:423][989]LogModuleManager: Shutting down and abandoning module HTTP (63)
[2020.11.01-09.03.28:423][989]LogHttp: Display: Http module shutting down, but needs to wait on 1 outstanding Http requests:
[2020.11.01-09.03.28:423][989]LogHttp: Display: 	verb=[POST] url=[https://datarouter.ol.epicgames.com/datarouter/api/v1/public/data?SessionID=%7B327D36A0-49F3-3B21-C540-87ABF1BD1F6B%7D&AppID=UEEditor.Rocket.Release&AppVersion=4.24.3-11590370%2B%2B%2BUE4%2BRelease-4.24&UserID=ed47d2cb4b4c4e8a6aa5f0b2df5be27f%7C8e65d541e87b4c429043c967c46858e4%7C4b8d3455-0d03-485d-bd50-2843fd19eacf&AppEnvironment=datacollector-binary&UploadType=eteventstream] refs=[1] status=Processing
[2020.11.01-09.03.28:426][989]LogModuleManager: Shutting down and abandoning module SSL (62)
[2020.11.01-09.03.28:426][989]LogModuleManager: Shutting down and abandoning module WmfMedia (58)
[2020.11.01-09.03.28:428][989]LogModuleManager: Shutting down and abandoning module Media (57)
[2020.11.01-09.03.28:428][989]LogModuleManager: Shutting down and abandoning module MagicLeap (54)
[2020.11.01-09.03.28:428][989]LogModuleManager: Shutting down and abandoning module VariantManagerContent (52)
[2020.11.01-09.03.28:428][989]LogModuleManager: Shutting down and abandoning module DatasmithContent (50)
[2020.11.01-09.03.28:428][989]LogModuleManager: Shutting down and abandoning module AISupportModule (48)
[2020.11.01-09.03.28:428][989]LogModuleManager: Shutting down and abandoning module DesktopPlatform (46)
[2020.11.01-09.03.28:428][989]LogModuleManager: Shutting down and abandoning module PlatformCryptoOpenSSL (44)
[2020.11.01-09.03.28:428][989]LogModuleManager: Shutting down and abandoning module PlatformCryptoTypes (42)
[2020.11.01-09.03.28:428][989]LogModuleManager: Shutting down and abandoning module PlatformCrypto (40)
[2020.11.01-09.03.28:428][989]LogModuleManager: Shutting down and abandoning module AnimationModifiers (38)
[2020.11.01-09.03.28:429][989]LogModuleManager: Shutting down and abandoning module PropertyEditor (37)
[2020.11.01-09.03.28:429][989]LogModuleManager: Shutting down and abandoning module AudioEditor (34)
[2020.11.01-09.03.28:429][989]LogModuleManager: Shutting down and abandoning module TextureCompressor (32)
[2020.11.01-09.03.28:429][989]LogModuleManager: Shutting down and abandoning module RenderCore (30)
[2020.11.01-09.03.28:429][989]LogModuleManager: Shutting down and abandoning module Landscape (28)
[2020.11.01-09.03.28:429][989]LogModuleManager: Shutting down and abandoning module SlateRHIRenderer (26)
[2020.11.01-09.03.28:430][989]LogModuleManager: Shutting down and abandoning module OpenGLDrv (24)
[2020.11.01-09.03.28:430][989]LogModuleManager: Shutting down and abandoning module D3D11RHI (22)
[2020.11.01-09.03.28:430][989]LogModuleManager: Shutting down and abandoning module AnimGraphRuntime (20)
[2020.11.01-09.03.28:430][989]LogModuleManager: Shutting down and abandoning module Renderer (18)
[2020.11.01-09.03.28:430][989]LogModuleManager: Shutting down and abandoning module Engine (16)
[2020.11.01-09.03.28:430][989]LogModuleManager: Shutting down and abandoning module CoreUObject (14)
[2020.11.01-09.03.28:430][989]LogModuleManager: Shutting down and abandoning module NetworkFile (12)
[2020.11.01-09.03.28:430][989]LogModuleManager: Shutting down and abandoning module CookedIterativeFile (10)
[2020.11.01-09.03.28:430][989]LogModuleManager: Shutting down and abandoning module StreamingFile (8)
[2020.11.01-09.03.28:430][989]LogModuleManager: Shutting down and abandoning module SandboxFile (6)
[2020.11.01-09.03.28:430][989]LogModuleManager: Shutting down and abandoning module PakFile (4)
[2020.11.01-09.03.28:430][989]LogModuleManager: Shutting down and abandoning module RSA (3)
[2020.11.01-09.03.28:431][989]LogD3D11RHI: Shutdown
[2020.11.01-09.03.28:431][989]LogD3D11RHI: CleanupD3DDevice
[2020.11.01-09.03.28:440][989]LogExit: Exiting.
[2020.11.01-09.03.28:445][989]Log file closed, 11/01/20 01:03:28
