Log file open, 01/26/21 13:38:13
LogWindows: Failed to load 'aqProf.dll' (GetLastError=126)
LogWindows: File 'aqProf.dll' does not exist
LogWindows: Failed to load 'VtuneApi.dll' (GetLastError=126)
LogWindows: File 'VtuneApi.dll' does not exist
LogWindows: Failed to load 'VtuneApi32e.dll' (GetLastError=126)
LogWindows: File 'VtuneApi32e.dll' does not exist
LogConsoleResponse: Display: Failed to find resolution value strings in scalability ini. Falling back to default.
LogInit: Display: Running engine for game: Phosphorous
LogPlatformFile: Not using cached read wrapper
LogTaskGraph: Started task graph with 5 named threads and 23 total threads with 3 sets of task threads.
LogStats: Stats thread started at 0.068948
LogD3D11RHI: Loaded GFSDK_Aftermath_Lib.x64.dll
LogICUInternationalization: ICU TimeZone Detection - Raw Offset: -8:00, Platform Override: ''
LogPluginManager: Mounting plugin Paper2D
LogPluginManager: Mounting plugin AISupport
LogPluginManager: Mounting plugin LightPropagationVolume
LogPluginManager: Mounting plugin ActorLayerUtilities
LogPluginManager: Mounting plugin AnimationSharing
LogPluginManager: Mounting plugin CLionSourceCodeAccess
LogPluginManager: Mounting plugin CodeLiteSourceCodeAccess
LogPluginManager: Mounting plugin GitSourceControl
LogPluginManager: Mounting plugin KDevelopSourceCodeAccess
LogPluginManager: Mounting plugin NullSourceCodeAccess
LogPluginManager: Mounting plugin PerforceSourceControl
LogPluginManager: Mounting plugin PlasticSourceControl
LogPluginManager: Mounting plugin SubversionSourceControl
LogPluginManager: Mounting plugin UObjectPlugin
LogPluginManager: Mounting plugin VisualStudioCodeSourceCodeAccess
LogPluginManager: Mounting plugin VisualStudioSourceCodeAccess
LogPluginManager: Mounting plugin XCodeSourceCodeAccess
LogPluginManager: Mounting plugin AssetManagerEditor
LogPluginManager: Mounting plugin CryptoKeys
LogPluginManager: Mounting plugin CurveEditorTools
LogPluginManager: Mounting plugin DataValidation
LogPluginManager: Mounting plugin FacialAnimation
LogPluginManager: Mounting plugin GameplayTagsEditor
LogPluginManager: Mounting plugin MacGraphicsSwitching
LogPluginManager: Mounting plugin MaterialAnalyzer
LogPluginManager: Mounting plugin MobileLauncherProfileWizard
LogPluginManager: Mounting plugin PluginBrowser
LogPluginManager: Mounting plugin SpeedTreeImporter
LogPluginManager: Mounting plugin DatasmithContent
LogPluginManager: Mounting plugin VariantManagerContent
LogPluginManager: Mounting plugin AlembicImporter
LogPluginManager: Mounting plugin AutomationUtils
LogPluginManager: Mounting plugin BackChannel
LogPluginManager: Mounting plugin CharacterAI
LogPluginManager: Mounting plugin GeometryCache
LogPluginManager: Mounting plugin PlatformCrypto
LogPluginManager: Mounting plugin ProxyLODPlugin
LogPluginManager: Mounting plugin SkeletalReduction
LogPluginManager: Mounting plugin MagicLeap
LogPluginManager: Mounting plugin MagicLeapMedia
LogPluginManager: Mounting plugin MLSDK
LogPluginManager: Mounting plugin AndroidMedia
LogPluginManager: Mounting plugin AvfMedia
LogPluginManager: Mounting plugin ImgMedia
LogPluginManager: Mounting plugin MediaCompositing
LogPluginManager: Mounting plugin MediaPlayerEditor
LogPluginManager: Mounting plugin WebMMedia
LogPluginManager: Mounting plugin WmfMedia
LogPluginManager: Mounting plugin TcpMessaging
LogPluginManager: Mounting plugin UdpMessaging
LogPluginManager: Mounting plugin ActorSequence
LogPluginManager: Mounting plugin LevelSequenceEditor
LogPluginManager: Mounting plugin MatineeToLevelSequence
LogPluginManager: Mounting plugin NetcodeUnitTest
LogPluginManager: Mounting plugin NUTUnrealEngine4
LogPluginManager: Mounting plugin OnlineSubsystemGooglePlay
LogPluginManager: Mounting plugin OnlineSubsystemIOS
LogPluginManager: Mounting plugin OnlineSubsystem
LogPluginManager: Mounting plugin OnlineSubsystemNull
LogPluginManager: Mounting plugin OnlineSubsystemUtils
LogPluginManager: Mounting plugin LauncherChunkInstaller
LogPluginManager: Mounting plugin AndroidDeviceProfileSelector
LogPluginManager: Mounting plugin AndroidMoviePlayer
LogPluginManager: Mounting plugin AndroidPermission
LogPluginManager: Mounting plugin AppleImageUtils
LogPluginManager: Mounting plugin AppleMoviePlayer
LogPluginManager: Mounting plugin ArchVisCharacter
LogPluginManager: Mounting plugin AssetTags
LogPluginManager: Mounting plugin AudioCapture
LogPluginManager: Mounting plugin CableComponent
LogPluginManager: Mounting plugin CustomMeshComponent
LogPluginManager: Mounting plugin EditableMesh
LogPluginManager: Mounting plugin ExampleDeviceProfileSelector
LogPluginManager: Mounting plugin GoogleCloudMessaging
LogPluginManager: Mounting plugin IOSDeviceProfileSelector
LogPluginManager: Mounting plugin LinuxDeviceProfileSelector
LogPluginManager: Mounting plugin LocationServicesBPLibrary
LogPluginManager: Mounting plugin MobilePatchingUtils
LogPluginManager: Mounting plugin PhysXVehicles
LogPluginManager: Mounting plugin PostSplashScreen
LogPluginManager: Mounting plugin ProceduralMeshComponent
LogPluginManager: Mounting plugin RuntimePhysXCooking
LogPluginManager: Mounting plugin SignificanceManager
LogPluginManager: Mounting plugin WebMMoviePlayer
LogPluginManager: Mounting plugin WindowsMoviePlayer
LogPluginManager: Mounting plugin ScreenshotTools
LogInit: Using libcurl 7.55.1-DEV
LogInit:  - built for x86_64-pc-win32
LogInit:  - supports SSL with OpenSSL/1.1.1
LogInit:  - supports HTTP deflate (compression) using libz 1.2.8
LogInit:  - other features:
LogInit:      CURL_VERSION_SSL
LogInit:      CURL_VERSION_LIBZ
LogInit:      CURL_VERSION_IPV6
LogInit:      CURL_VERSION_ASYNCHDNS
LogInit:      CURL_VERSION_LARGEFILE
LogInit:      CURL_VERSION_IDN
LogInit:  CurlRequestOptions (configurable via config and command line):
LogInit:  - bVerifyPeer = true  - Libcurl will verify peer certificate
LogInit:  - bUseHttpProxy = false  - Libcurl will NOT use HTTP proxy
LogInit:  - bDontReuseConnections = false  - Libcurl will reuse connections
LogInit:  - MaxHostConnections = 16  - Libcurl will limit the number of connections to a host
LogInit:  - LocalHostAddr = Default
LogInit:  - BufferSize = 65536
LogOnline: OSS: Creating online subsystem instance for: NULL
LogInit: WinSock: version 1.1 (2.2), MaxSocks=32767, MaxUdp=65467
LogOnline: OSS: TryLoadSubsystemAndSetDefault: Loaded subsystem for module [NULL]
LogInit: Build: ++UE4+Release-4.24-CL-11590370
LogInit: Engine Version: 4.24.3-11590370+++UE4+Release-4.24
LogInit: Compatible Engine Version: 4.24.0-10570792+++UE4+Release-4.24
LogInit: Net CL: 10570792
LogInit: OS: Windows 10 (Release 1909) (), CPU: Intel(R) Core(TM) i7-4790K CPU @ 4.00GHz, GPU: NVIDIA GeForce RTX 2060
LogInit: Compiled (64-bit): Feb 24 2020 15:39:18
LogInit: Compiled with Visual C++: 19.16.27032.01
LogInit: Build Configuration: Development
LogInit: Branch Name: ++UE4+Release-4.24
LogInit: Command Line: 
LogInit: Base Directory: D:/UE_4.24/Engine/Binaries/Win64/
LogInit: Installed Engine Build: 1
LogDevObjectVersion: Number of dev versions registered: 25
LogDevObjectVersion:   Dev-Blueprints (B0D832E4-1F89-4F0D-ACCF-7EB736FD4AA2): 10
LogDevObjectVersion:   Dev-Build (E1C64328-A22C-4D53-A36C-8E866417BD8C): 0
LogDevObjectVersion:   Dev-Core (375EC13C-06E4-48FB-B500-84F0262A717E): 3
LogDevObjectVersion:   Dev-Editor (E4B068ED-F494-42E9-A231-DA0B2E46BB41): 37
LogDevObjectVersion:   Dev-Framework (CFFC743F-43B0-4480-9391-14DF171D2073): 36
LogDevObjectVersion:   Dev-Mobile (B02B49B5-BB20-44E9-A304-32B752E40360): 2
LogDevObjectVersion:   Dev-Networking (A4E4105C-59A1-49B5-A7C5-40C4547EDFEE): 0
LogDevObjectVersion:   Dev-Online (39C831C9-5AE6-47DC-9A44-9C173E1C8E7C): 0
LogDevObjectVersion:   Dev-Physics (78F01B33-EBEA-4F98-B9B4-84EACCB95AA2): 2
LogDevObjectVersion:   Dev-Platform (6631380F-2D4D-43E0-8009-CF276956A95A): 0
LogDevObjectVersion:   Dev-Rendering (12F88B9F-8875-4AFC-A67C-D90C383ABD29): 36
LogDevObjectVersion:   Dev-Sequencer (7B5AE74C-D270-4C10-A958-57980B212A5A): 11
LogDevObjectVersion:   Dev-VR (D7296918-1DD6-4BDD-9DE2-64A83CC13884): 2
LogDevObjectVersion:   Dev-LoadTimes (C2A15278-BFE7-4AFE-6C17-90FF531DF755): 1
LogDevObjectVersion:   Private-Geometry (6EACA3D4-40EC-4CC1-B786-8BED09428FC5): 3
LogDevObjectVersion:   Dev-AnimPhys (29E575DD-E0A3-4627-9D10-D276232CDCEA): 17
LogDevObjectVersion:   Dev-Anim (AF43A65D-7FD3-4947-9873-3E8ED9C1BB05): 2
LogDevObjectVersion:   Dev-ReflectionCapture (6B266CEC-1EC7-4B8F-A30B-E4D90942FC07): 1
LogDevObjectVersion:   Dev-Automation (0DF73D61-A23F-47EA-B727-89E90C41499A): 1
LogDevObjectVersion:   FortniteMain (601D1886-AC64-4F84-AA16-D3DE0DEAC7D6): 31
LogDevObjectVersion:   Dev-Enterprise (9DFFBCD6-494F-0158-E221-12823C92A888): 8
LogDevObjectVersion:   Dev-Niagara (F2AED0AC-9AFE-416F-8664-AA7FFA26D6FC): 1
LogDevObjectVersion:   Dev-Destruction (174F1F0B-B4C6-45A5-B13F-2EE8D0FB917D): 9
LogDevObjectVersion:   Dev-Physics-Ext (35F94A83-E258-406C-A318-09F59610247C): 8
LogDevObjectVersion:   Dev-CineCamera (B2E18506-4273-CFC2-A54E-F4BB758BBA07): 1
LogInit: Presizing for max 25165824 objects, including 0 objects not considered by GC, pre-allocating 0 bytes for permanent pool.
LogInit: Object subsystem initialized
LogConfig: Setting CVar [[con.DebugEarlyDefault:1]]
LogConfig: Setting CVar [[r.setres:1280x720]]
[2021.01.26-21.38.13:533][  0]LogConfig: Setting CVar [[r.VSync:0]]
[2021.01.26-21.38.13:533][  0]LogConfig: Setting CVar [[r.RHICmdBypass:0]]
[2021.01.26-21.38.13:533][  0]LogConfig: Applying CVar settings from Section [/Script/Engine.RendererSettings] File [D:/Phosphorous/Phosphorous/Saved/Config/Windows/Engine.ini]
[2021.01.26-21.38.13:533][  0]LogConfig: Setting CVar [[r.GPUCrashDebugging:0]]
[2021.01.26-21.38.13:533][  0]LogConfig: Applying CVar settings from Section [/Script/Engine.RendererOverrideSettings] File [D:/Phosphorous/Phosphorous/Saved/Config/Windows/Engine.ini]
[2021.01.26-21.38.13:533][  0]LogConfig: Applying CVar settings from Section [/Script/Engine.StreamingSettings] File [D:/Phosphorous/Phosphorous/Saved/Config/Windows/Engine.ini]
[2021.01.26-21.38.13:533][  0]LogConfig: Setting CVar [[s.MinBulkDataSizeForAsyncLoading:131072]]
[2021.01.26-21.38.13:533][  0]LogConfig: Setting CVar [[s.AsyncLoadingThreadEnabled:0]]
[2021.01.26-21.38.13:533][  0]LogConfig: Setting CVar [[s.EventDrivenLoaderEnabled:1]]
[2021.01.26-21.38.13:533][  0]LogConfig: Setting CVar [[s.WarnIfTimeLimitExceeded:0]]
[2021.01.26-21.38.13:533][  0]LogConfig: Setting CVar [[s.TimeLimitExceededMultiplier:1.5]]
[2021.01.26-21.38.13:533][  0]LogConfig: Setting CVar [[s.TimeLimitExceededMinTime:0.005]]
[2021.01.26-21.38.13:533][  0]LogConfig: Setting CVar [[s.UseBackgroundLevelStreaming:1]]
[2021.01.26-21.38.13:533][  0]LogConfig: Setting CVar [[s.PriorityAsyncLoadingExtraTime:15.0]]
[2021.01.26-21.38.13:533][  0]LogConfig: Setting CVar [[s.LevelStreamingActorsUpdateTimeLimit:5.0]]
[2021.01.26-21.38.13:533][  0]LogConfig: Setting CVar [[s.PriorityLevelStreamingActorsUpdateExtraTime:5.0]]
[2021.01.26-21.38.13:533][  0]LogConfig: Setting CVar [[s.LevelStreamingComponentsRegistrationGranularity:10]]
[2021.01.26-21.38.13:533][  0]LogConfig: Setting CVar [[s.UnregisterComponentsTimeLimit:1.0]]
[2021.01.26-21.38.13:533][  0]LogConfig: Setting CVar [[s.LevelStreamingComponentsUnregistrationGranularity:5]]
[2021.01.26-21.38.13:533][  0]LogConfig: Setting CVar [[s.FlushStreamingOnExit:1]]
[2021.01.26-21.38.13:533][  0]LogConfig: Applying CVar settings from Section [/Script/Engine.GarbageCollectionSettings] File [D:/Phosphorous/Phosphorous/Saved/Config/Windows/Engine.ini]
[2021.01.26-21.38.13:533][  0]LogConfig: Setting CVar [[gc.MaxObjectsNotConsideredByGC:1]]
[2021.01.26-21.38.13:533][  0]LogConfig: Setting CVar [[gc.SizeOfPermanentObjectPool:0]]
[2021.01.26-21.38.13:533][  0]LogConfig: Setting CVar [[gc.FlushStreamingOnGC:0]]
[2021.01.26-21.38.13:533][  0]LogConfig: Setting CVar [[gc.NumRetriesBeforeForcingGC:10]]
[2021.01.26-21.38.13:533][  0]LogConfig: Setting CVar [[gc.AllowParallelGC:1]]
[2021.01.26-21.38.13:533][  0]LogConfig: Setting CVar [[gc.TimeBetweenPurgingPendingKillObjects:61.1]]
[2021.01.26-21.38.13:533][  0]LogConfig: Setting CVar [[gc.MaxObjectsInEditor:25165824]]
[2021.01.26-21.38.13:533][  0]LogConfig: Setting CVar [[gc.IncrementalBeginDestroyEnabled:1]]
[2021.01.26-21.38.13:534][  0]LogConfig: Setting CVar [[gc.CreateGCClusters:1]]
[2021.01.26-21.38.13:534][  0]LogConfig: Setting CVar [[gc.MinGCClusterSize:5]]
[2021.01.26-21.38.13:534][  0]LogConfig: Setting CVar [[gc.ActorClusteringEnabled:0]]
[2021.01.26-21.38.13:534][  0]LogConfig: Setting CVar [[gc.BlueprintClusteringEnabled:0]]
[2021.01.26-21.38.13:534][  0]LogConfig: Setting CVar [[gc.UseDisregardForGCOnDedicatedServers:0]]
[2021.01.26-21.38.13:534][  0]LogConfig: Applying CVar settings from Section [/Script/Engine.NetworkSettings] File [D:/Phosphorous/Phosphorous/Saved/Config/Windows/Engine.ini]
[2021.01.26-21.38.13:534][  0]LogConfig: Applying CVar settings from Section [/Script/UnrealEd.CookerSettings] File [D:/Phosphorous/Phosphorous/Saved/Config/Windows/Engine.ini]
[2021.01.26-21.38.13:541][  0]LogConfig: Applying CVar settings from Section [ViewDistanceQuality@3] File [D:/Phosphorous/Phosphorous/Saved/Config/Windows/Scalability.ini]
[2021.01.26-21.38.13:541][  0]LogConfig: Setting CVar [[r.SkeletalMeshLODBias:0]]
[2021.01.26-21.38.13:541][  0]LogConfig: Setting CVar [[r.ViewDistanceScale:1.0]]
[2021.01.26-21.38.13:541][  0]LogConfig: Applying CVar settings from Section [AntiAliasingQuality@3] File [D:/Phosphorous/Phosphorous/Saved/Config/Windows/Scalability.ini]
[2021.01.26-21.38.13:541][  0]LogConfig: Setting CVar [[r.PostProcessAAQuality:4]]
[2021.01.26-21.38.13:541][  0]LogConfig: Applying CVar settings from Section [ShadowQuality@3] File [D:/Phosphorous/Phosphorous/Saved/Config/Windows/Scalability.ini]
[2021.01.26-21.38.13:541][  0]LogConfig: Setting CVar [[r.LightFunctionQuality:1]]
[2021.01.26-21.38.13:541][  0]LogConfig: Setting CVar [[r.ShadowQuality:5]]
[2021.01.26-21.38.13:541][  0]LogConfig: Setting CVar [[r.Shadow.CSM.MaxCascades:10]]
[2021.01.26-21.38.13:541][  0]LogConfig: Setting CVar [[r.Shadow.MaxResolution:2048]]
[2021.01.26-21.38.13:541][  0]LogConfig: Setting CVar [[r.Shadow.MaxCSMResolution:2048]]
[2021.01.26-21.38.13:541][  0]LogConfig: Setting CVar [[r.Shadow.RadiusThreshold:0.01]]
[2021.01.26-21.38.13:541][  0]LogConfig: Setting CVar [[r.Shadow.DistanceScale:1.0]]
[2021.01.26-21.38.13:541][  0]LogConfig: Setting CVar [[r.Shadow.CSM.TransitionScale:1.0]]
[2021.01.26-21.38.13:541][  0]LogConfig: Setting CVar [[r.Shadow.PreShadowResolutionFactor:1.0]]
[2021.01.26-21.38.13:541][  0]LogConfig: Setting CVar [[r.DistanceFieldShadowing:1]]
[2021.01.26-21.38.13:541][  0]LogConfig: Setting CVar [[r.DistanceFieldAO:1]]
[2021.01.26-21.38.13:541][  0]LogConfig: Setting CVar [[r.AOQuality:2]]
[2021.01.26-21.38.13:541][  0]LogConfig: Setting CVar [[r.VolumetricFog:1]]
[2021.01.26-21.38.13:541][  0]LogConfig: Setting CVar [[r.VolumetricFog.GridPixelSize:8]]
[2021.01.26-21.38.13:541][  0]LogConfig: Setting CVar [[r.VolumetricFog.GridSizeZ:128]]
[2021.01.26-21.38.13:541][  0]LogConfig: Setting CVar [[r.VolumetricFog.HistoryMissSupersampleCount:4]]
[2021.01.26-21.38.13:541][  0]LogConfig: Setting CVar [[r.LightMaxDrawDistanceScale:1]]
[2021.01.26-21.38.13:541][  0]LogConfig: Setting CVar [[r.CapsuleShadows:1]]
[2021.01.26-21.38.13:541][  0]LogConfig: Applying CVar settings from Section [PostProcessQuality@3] File [D:/Phosphorous/Phosphorous/Saved/Config/Windows/Scalability.ini]
[2021.01.26-21.38.13:541][  0]LogConfig: Setting CVar [[r.MotionBlurQuality:4]]
[2021.01.26-21.38.13:541][  0]LogConfig: Setting CVar [[r.AmbientOcclusionMipLevelFactor:0.4]]
[2021.01.26-21.38.13:541][  0]LogConfig: Setting CVar [[r.AmbientOcclusionMaxQuality:100]]
[2021.01.26-21.38.13:541][  0]LogConfig: Setting CVar [[r.AmbientOcclusionLevels:-1]]
[2021.01.26-21.38.13:541][  0]LogConfig: Setting CVar [[r.AmbientOcclusionRadiusScale:1.0]]
[2021.01.26-21.38.13:541][  0]LogConfig: Setting CVar [[r.DepthOfFieldQuality:2]]
[2021.01.26-21.38.13:542][  0]LogConfig: Setting CVar [[r.RenderTargetPoolMin:400]]
[2021.01.26-21.38.13:542][  0]LogConfig: Setting CVar [[r.LensFlareQuality:2]]
[2021.01.26-21.38.13:542][  0]LogConfig: Setting CVar [[r.SceneColorFringeQuality:1]]
[2021.01.26-21.38.13:542][  0]LogConfig: Setting CVar [[r.EyeAdaptationQuality:2]]
[2021.01.26-21.38.13:542][  0]LogConfig: Setting CVar [[r.BloomQuality:5]]
[2021.01.26-21.38.13:542][  0]LogConfig: Setting CVar [[r.FastBlurThreshold:100]]
[2021.01.26-21.38.13:542][  0]LogConfig: Setting CVar [[r.Upscale.Quality:3]]
[2021.01.26-21.38.13:542][  0]LogConfig: Setting CVar [[r.Tonemapper.GrainQuantization:1]]
[2021.01.26-21.38.13:542][  0]LogConfig: Setting CVar [[r.LightShaftQuality:1]]
[2021.01.26-21.38.13:542][  0]LogConfig: Setting CVar [[r.Filter.SizeScale:1]]
[2021.01.26-21.38.13:542][  0]LogConfig: Setting CVar [[r.Tonemapper.Quality:5]]
[2021.01.26-21.38.13:542][  0]LogConfig: Setting CVar [[r.DOF.Gather.AccumulatorQuality:1        ; higher gathering accumulator quality]]
[2021.01.26-21.38.13:542][  0]LogConfig: Setting CVar [[r.DOF.Gather.PostfilterMethod:1          ; Median3x3 postfilering method]]
[2021.01.26-21.38.13:542][  0]LogConfig: Setting CVar [[r.DOF.Gather.EnableBokehSettings:0       ; no bokeh simulation when gathering]]
[2021.01.26-21.38.13:542][  0]LogConfig: Setting CVar [[r.DOF.Gather.RingCount:4                 ; medium number of samples when gathering]]
[2021.01.26-21.38.13:542][  0]LogConfig: Setting CVar [[r.DOF.Scatter.ForegroundCompositing:1    ; additive foreground scattering]]
[2021.01.26-21.38.13:542][  0]LogConfig: Setting CVar [[r.DOF.Scatter.BackgroundCompositing:2    ; additive background scattering]]
[2021.01.26-21.38.13:542][  0]LogConfig: Setting CVar [[r.DOF.Scatter.EnableBokehSettings:1      ; bokeh simulation when scattering]]
[2021.01.26-21.38.13:542][  0]LogConfig: Setting CVar [[r.DOF.Scatter.MaxSpriteRatio:0.1         ; only a maximum of 10% of scattered bokeh]]
[2021.01.26-21.38.13:542][  0]LogConfig: Setting CVar [[r.DOF.Recombine.Quality:1                ; cheap slight out of focus]]
[2021.01.26-21.38.13:542][  0]LogConfig: Setting CVar [[r.DOF.Recombine.EnableBokehSettings:0    ; no bokeh simulation on slight out of focus]]
[2021.01.26-21.38.13:542][  0]LogConfig: Setting CVar [[r.DOF.TemporalAAQuality:1                ; more stable temporal accumulation]]
[2021.01.26-21.38.13:542][  0]LogConfig: Setting CVar [[r.DOF.Kernel.MaxForegroundRadius:0.025]]
[2021.01.26-21.38.13:542][  0]LogConfig: Setting CVar [[r.DOF.Kernel.MaxBackgroundRadius:0.025]]
[2021.01.26-21.38.13:542][  0]LogConfig: Applying CVar settings from Section [TextureQuality@3] File [D:/Phosphorous/Phosphorous/Saved/Config/Windows/Scalability.ini]
[2021.01.26-21.38.13:542][  0]LogConfig: Setting CVar [[r.Streaming.MipBias:0]]
[2021.01.26-21.38.13:542][  0]LogConfig: Setting CVar [[r.Streaming.AmortizeCPUToGPUCopy:0]]
[2021.01.26-21.38.13:542][  0]LogConfig: Setting CVar [[r.Streaming.MaxNumTexturesToStreamPerFrame:0]]
[2021.01.26-21.38.13:542][  0]LogConfig: Setting CVar [[r.Streaming.Boost:1]]
[2021.01.26-21.38.13:542][  0]LogConfig: Setting CVar [[r.MaxAnisotropy:8]]
[2021.01.26-21.38.13:542][  0]LogConfig: Setting CVar [[r.VT.MaxAnisotropy:8]]
[2021.01.26-21.38.13:542][  0]LogConfig: Setting CVar [[r.Streaming.LimitPoolSizeToVRAM:0]]
[2021.01.26-21.38.13:542][  0]LogConfig: Setting CVar [[r.Streaming.PoolSize:1000]]
[2021.01.26-21.38.13:542][  0]LogConfig: Setting CVar [[r.Streaming.MaxEffectiveScreenSize:0]]
[2021.01.26-21.38.13:542][  0]LogConfig: Applying CVar settings from Section [EffectsQuality@3] File [D:/Phosphorous/Phosphorous/Saved/Config/Windows/Scalability.ini]
[2021.01.26-21.38.13:542][  0]LogConfig: Setting CVar [[r.TranslucencyLightingVolumeDim:64]]
[2021.01.26-21.38.13:542][  0]LogConfig: Setting CVar [[r.RefractionQuality:2]]
[2021.01.26-21.38.13:542][  0]LogConfig: Setting CVar [[r.SSR.Quality:3]]
[2021.01.26-21.38.13:542][  0]LogConfig: Setting CVar [[r.SSR.HalfResSceneColor:0]]
[2021.01.26-21.38.13:542][  0]LogConfig: Setting CVar [[r.SceneColorFormat:4]]
[2021.01.26-21.38.13:542][  0]LogConfig: Setting CVar [[r.DetailMode:2]]
[2021.01.26-21.38.13:542][  0]LogConfig: Setting CVar [[r.TranslucencyVolumeBlur:1]]
[2021.01.26-21.38.13:542][  0]LogConfig: Setting CVar [[r.MaterialQualityLevel:1 ; High quality]]
[2021.01.26-21.38.13:542][  0]LogConfig: Setting CVar [[r.SSS.Scale:1]]
[2021.01.26-21.38.13:542][  0]LogConfig: Setting CVar [[r.SSS.SampleSet:2]]
[2021.01.26-21.38.13:542][  0]LogConfig: Setting CVar [[r.SSS.Quality:1]]
[2021.01.26-21.38.13:542][  0]LogConfig: Setting CVar [[r.SSS.HalfRes:1]]
[2021.01.26-21.38.13:542][  0]LogConfig: Setting CVar [[r.SSGI.Quality:3]]
[2021.01.26-21.38.13:542][  0]LogConfig: Setting CVar [[r.EmitterSpawnRateScale:1.0]]
[2021.01.26-21.38.13:542][  0]LogConfig: Setting CVar [[r.ParticleLightQuality:2]]
[2021.01.26-21.38.13:542][  0]LogConfig: Setting CVar [[r.SkyAtmosphere.AerialPerspectiveLUT.FastApplyOnOpaque:1 ; Always have FastSkyLUT 1 in this case to avoid wrong sky]]
[2021.01.26-21.38.13:542][  0]LogConfig: Setting CVar [[r.SkyAtmosphere.AerialPerspectiveLUT.SampleCountPerSlice:1]]
[2021.01.26-21.38.13:542][  0]LogConfig: Setting CVar [[r.SkyAtmosphere.AerialPerspectiveLUT.DepthResolution:16.0]]
[2021.01.26-21.38.13:542][  0]LogConfig: Setting CVar [[r.SkyAtmosphere.FastSkyLUT:1]]
[2021.01.26-21.38.13:542][  0]LogConfig: Setting CVar [[r.SkyAtmosphere.FastSkyLUT.SampleCountMin:4.0]]
[2021.01.26-21.38.13:542][  0]LogConfig: Setting CVar [[r.SkyAtmosphere.FastSkyLUT.SampleCountMax:32.0]]
[2021.01.26-21.38.13:542][  0]LogConfig: Setting CVar [[r.SkyAtmosphere.SampleCountMin:4.0]]
[2021.01.26-21.38.13:542][  0]LogConfig: Setting CVar [[r.SkyAtmosphere.SampleCountMax:32.0]]
[2021.01.26-21.38.13:542][  0]LogConfig: Setting CVar [[r.SkyAtmosphere.TransmittanceLUT.UseSmallFormat:0]]
[2021.01.26-21.38.13:542][  0]LogConfig: Setting CVar [[r.SkyAtmosphere.TransmittanceLUT.SampleCount:10.0]]
[2021.01.26-21.38.13:542][  0]LogConfig: Setting CVar [[r.SkyAtmosphere.MultiScatteringLUT.SampleCount:15.0]]
[2021.01.26-21.38.13:542][  0]LogConfig: Applying CVar settings from Section [FoliageQuality@3] File [D:/Phosphorous/Phosphorous/Saved/Config/Windows/Scalability.ini]
[2021.01.26-21.38.13:542][  0]LogConfig: Setting CVar [[foliage.DensityScale:1.0]]
[2021.01.26-21.38.13:542][  0]LogConfig: Setting CVar [[grass.DensityScale:1.0]]
[2021.01.26-21.38.13:542][  0]LogConfig: Applying CVar settings from Section [ShadingQuality@3] File [D:/Phosphorous/Phosphorous/Saved/Config/Windows/Scalability.ini]
[2021.01.26-21.38.13:542][  0]LogConfig: Setting CVar [[r.HairStrands.SkyLighting.SampleCount:16]]
[2021.01.26-21.38.13:542][  0]LogConfig: Setting CVar [[r.HairStrands.SkyLighting.JitterIntegration:0]]
[2021.01.26-21.38.13:542][  0]LogConfig: Setting CVar [[r.HairStrands.SkyAO.SampleCount:16]]
[2021.01.26-21.38.13:542][  0]LogInit: Selected Device Profile: [Windows]
[2021.01.26-21.38.13:542][  0]LogInit: Applying CVar settings loaded from the selected device profile: [Windows]
[2021.01.26-21.38.13:544][  0]LogHAL: Display: Platform has ~ 14 GB [14886834176 / 17179869184 / 14], which maps to Larger [LargestMinGB=32, LargerMinGB=12, DefaultMinGB=8, SmallerMinGB=6, SmallestMinGB=0)
[2021.01.26-21.38.13:544][  0]LogInit: Going up to parent DeviceProfile []
[2021.01.26-21.38.13:544][  0]LogConfig: Applying CVar settings from Section [ViewDistanceQuality@3] File [D:/Phosphorous/Phosphorous/Saved/Config/Windows/Scalability.ini]
[2021.01.26-21.38.13:544][  0]LogConfig: Setting CVar [[r.SkeletalMeshLODBias:0]]
[2021.01.26-21.38.13:544][  0]LogConfig: Setting CVar [[r.ViewDistanceScale:1.0]]
[2021.01.26-21.38.13:544][  0]LogConfig: Applying CVar settings from Section [AntiAliasingQuality@3] File [D:/Phosphorous/Phosphorous/Saved/Config/Windows/Scalability.ini]
[2021.01.26-21.38.13:544][  0]LogConfig: Setting CVar [[r.PostProcessAAQuality:4]]
[2021.01.26-21.38.13:544][  0]LogConfig: Applying CVar settings from Section [ShadowQuality@3] File [D:/Phosphorous/Phosphorous/Saved/Config/Windows/Scalability.ini]
[2021.01.26-21.38.13:544][  0]LogConfig: Setting CVar [[r.LightFunctionQuality:1]]
[2021.01.26-21.38.13:544][  0]LogConfig: Setting CVar [[r.ShadowQuality:5]]
[2021.01.26-21.38.13:544][  0]LogConfig: Setting CVar [[r.Shadow.CSM.MaxCascades:10]]
[2021.01.26-21.38.13:544][  0]LogConfig: Setting CVar [[r.Shadow.MaxResolution:2048]]
[2021.01.26-21.38.13:544][  0]LogConfig: Setting CVar [[r.Shadow.MaxCSMResolution:2048]]
[2021.01.26-21.38.13:544][  0]LogConfig: Setting CVar [[r.Shadow.RadiusThreshold:0.01]]
[2021.01.26-21.38.13:544][  0]LogConfig: Setting CVar [[r.Shadow.DistanceScale:1.0]]
[2021.01.26-21.38.13:544][  0]LogConfig: Setting CVar [[r.Shadow.CSM.TransitionScale:1.0]]
[2021.01.26-21.38.13:544][  0]LogConfig: Setting CVar [[r.Shadow.PreShadowResolutionFactor:1.0]]
[2021.01.26-21.38.13:544][  0]LogConfig: Setting CVar [[r.DistanceFieldShadowing:1]]
[2021.01.26-21.38.13:544][  0]LogConfig: Setting CVar [[r.DistanceFieldAO:1]]
[2021.01.26-21.38.13:545][  0]LogConfig: Setting CVar [[r.AOQuality:2]]
[2021.01.26-21.38.13:545][  0]LogConfig: Setting CVar [[r.VolumetricFog:1]]
[2021.01.26-21.38.13:545][  0]LogConfig: Setting CVar [[r.VolumetricFog.GridPixelSize:8]]
[2021.01.26-21.38.13:545][  0]LogConfig: Setting CVar [[r.VolumetricFog.GridSizeZ:128]]
[2021.01.26-21.38.13:545][  0]LogConfig: Setting CVar [[r.VolumetricFog.HistoryMissSupersampleCount:4]]
[2021.01.26-21.38.13:545][  0]LogConfig: Setting CVar [[r.LightMaxDrawDistanceScale:1]]
[2021.01.26-21.38.13:545][  0]LogConfig: Setting CVar [[r.CapsuleShadows:1]]
[2021.01.26-21.38.13:545][  0]LogConfig: Applying CVar settings from Section [PostProcessQuality@3] File [D:/Phosphorous/Phosphorous/Saved/Config/Windows/Scalability.ini]
[2021.01.26-21.38.13:545][  0]LogConfig: Setting CVar [[r.MotionBlurQuality:4]]
[2021.01.26-21.38.13:545][  0]LogConfig: Setting CVar [[r.AmbientOcclusionMipLevelFactor:0.4]]
[2021.01.26-21.38.13:545][  0]LogConfig: Setting CVar [[r.AmbientOcclusionMaxQuality:100]]
[2021.01.26-21.38.13:545][  0]LogConfig: Setting CVar [[r.AmbientOcclusionLevels:-1]]
[2021.01.26-21.38.13:545][  0]LogConfig: Setting CVar [[r.AmbientOcclusionRadiusScale:1.0]]
[2021.01.26-21.38.13:545][  0]LogConfig: Setting CVar [[r.DepthOfFieldQuality:2]]
[2021.01.26-21.38.13:545][  0]LogConfig: Setting CVar [[r.RenderTargetPoolMin:400]]
[2021.01.26-21.38.13:545][  0]LogConfig: Setting CVar [[r.LensFlareQuality:2]]
[2021.01.26-21.38.13:545][  0]LogConfig: Setting CVar [[r.SceneColorFringeQuality:1]]
[2021.01.26-21.38.13:545][  0]LogConfig: Setting CVar [[r.EyeAdaptationQuality:2]]
[2021.01.26-21.38.13:545][  0]LogConfig: Setting CVar [[r.BloomQuality:5]]
[2021.01.26-21.38.13:545][  0]LogConfig: Setting CVar [[r.FastBlurThreshold:100]]
[2021.01.26-21.38.13:545][  0]LogConfig: Setting CVar [[r.Upscale.Quality:3]]
[2021.01.26-21.38.13:545][  0]LogConfig: Setting CVar [[r.Tonemapper.GrainQuantization:1]]
[2021.01.26-21.38.13:545][  0]LogConfig: Setting CVar [[r.LightShaftQuality:1]]
[2021.01.26-21.38.13:545][  0]LogConfig: Setting CVar [[r.Filter.SizeScale:1]]
[2021.01.26-21.38.13:545][  0]LogConfig: Setting CVar [[r.Tonemapper.Quality:5]]
[2021.01.26-21.38.13:545][  0]LogConfig: Setting CVar [[r.DOF.Gather.AccumulatorQuality:1        ; higher gathering accumulator quality]]
[2021.01.26-21.38.13:545][  0]LogConfig: Setting CVar [[r.DOF.Gather.PostfilterMethod:1          ; Median3x3 postfilering method]]
[2021.01.26-21.38.13:545][  0]LogConfig: Setting CVar [[r.DOF.Gather.EnableBokehSettings:0       ; no bokeh simulation when gathering]]
[2021.01.26-21.38.13:545][  0]LogConfig: Setting CVar [[r.DOF.Gather.RingCount:4                 ; medium number of samples when gathering]]
[2021.01.26-21.38.13:545][  0]LogConfig: Setting CVar [[r.DOF.Scatter.ForegroundCompositing:1    ; additive foreground scattering]]
[2021.01.26-21.38.13:545][  0]LogConfig: Setting CVar [[r.DOF.Scatter.BackgroundCompositing:2    ; additive background scattering]]
[2021.01.26-21.38.13:545][  0]LogConfig: Setting CVar [[r.DOF.Scatter.EnableBokehSettings:1      ; bokeh simulation when scattering]]
[2021.01.26-21.38.13:545][  0]LogConfig: Setting CVar [[r.DOF.Scatter.MaxSpriteRatio:0.1         ; only a maximum of 10% of scattered bokeh]]
[2021.01.26-21.38.13:545][  0]LogConfig: Setting CVar [[r.DOF.Recombine.Quality:1                ; cheap slight out of focus]]
[2021.01.26-21.38.13:545][  0]LogConfig: Setting CVar [[r.DOF.Recombine.EnableBokehSettings:0    ; no bokeh simulation on slight out of focus]]
[2021.01.26-21.38.13:545][  0]LogConfig: Setting CVar [[r.DOF.TemporalAAQuality:1                ; more stable temporal accumulation]]
[2021.01.26-21.38.13:545][  0]LogConfig: Setting CVar [[r.DOF.Kernel.MaxForegroundRadius:0.025]]
[2021.01.26-21.38.13:545][  0]LogConfig: Setting CVar [[r.DOF.Kernel.MaxBackgroundRadius:0.025]]
[2021.01.26-21.38.13:545][  0]LogConfig: Applying CVar settings from Section [TextureQuality@3] File [D:/Phosphorous/Phosphorous/Saved/Config/Windows/Scalability.ini]
[2021.01.26-21.38.13:545][  0]LogConfig: Setting CVar [[r.Streaming.MipBias:0]]
[2021.01.26-21.38.13:545][  0]LogConfig: Setting CVar [[r.Streaming.AmortizeCPUToGPUCopy:0]]
[2021.01.26-21.38.13:545][  0]LogConfig: Setting CVar [[r.Streaming.MaxNumTexturesToStreamPerFrame:0]]
[2021.01.26-21.38.13:545][  0]LogConfig: Setting CVar [[r.Streaming.Boost:1]]
[2021.01.26-21.38.13:545][  0]LogConfig: Setting CVar [[r.MaxAnisotropy:8]]
[2021.01.26-21.38.13:545][  0]LogConfig: Setting CVar [[r.VT.MaxAnisotropy:8]]
[2021.01.26-21.38.13:545][  0]LogConfig: Setting CVar [[r.Streaming.LimitPoolSizeToVRAM:0]]
[2021.01.26-21.38.13:545][  0]LogConfig: Setting CVar [[r.Streaming.PoolSize:1000]]
[2021.01.26-21.38.13:545][  0]LogConfig: Setting CVar [[r.Streaming.MaxEffectiveScreenSize:0]]
[2021.01.26-21.38.13:545][  0]LogConfig: Applying CVar settings from Section [EffectsQuality@3] File [D:/Phosphorous/Phosphorous/Saved/Config/Windows/Scalability.ini]
[2021.01.26-21.38.13:545][  0]LogConfig: Setting CVar [[r.TranslucencyLightingVolumeDim:64]]
[2021.01.26-21.38.13:545][  0]LogConfig: Setting CVar [[r.RefractionQuality:2]]
[2021.01.26-21.38.13:545][  0]LogConfig: Setting CVar [[r.SSR.Quality:3]]
[2021.01.26-21.38.13:545][  0]LogConfig: Setting CVar [[r.SSR.HalfResSceneColor:0]]
[2021.01.26-21.38.13:545][  0]LogConfig: Setting CVar [[r.SceneColorFormat:4]]
[2021.01.26-21.38.13:545][  0]LogConfig: Setting CVar [[r.DetailMode:2]]
[2021.01.26-21.38.13:545][  0]LogConfig: Setting CVar [[r.TranslucencyVolumeBlur:1]]
[2021.01.26-21.38.13:545][  0]LogConfig: Setting CVar [[r.MaterialQualityLevel:1 ; High quality]]
[2021.01.26-21.38.13:545][  0]LogConfig: Setting CVar [[r.SSS.Scale:1]]
[2021.01.26-21.38.13:545][  0]LogConfig: Setting CVar [[r.SSS.SampleSet:2]]
[2021.01.26-21.38.13:545][  0]LogConfig: Setting CVar [[r.SSS.Quality:1]]
[2021.01.26-21.38.13:545][  0]LogConfig: Setting CVar [[r.SSS.HalfRes:1]]
[2021.01.26-21.38.13:545][  0]LogConfig: Setting CVar [[r.SSGI.Quality:3]]
[2021.01.26-21.38.13:545][  0]LogConfig: Setting CVar [[r.EmitterSpawnRateScale:1.0]]
[2021.01.26-21.38.13:545][  0]LogConfig: Setting CVar [[r.ParticleLightQuality:2]]
[2021.01.26-21.38.13:545][  0]LogConfig: Setting CVar [[r.SkyAtmosphere.AerialPerspectiveLUT.FastApplyOnOpaque:1 ; Always have FastSkyLUT 1 in this case to avoid wrong sky]]
[2021.01.26-21.38.13:545][  0]LogConfig: Setting CVar [[r.SkyAtmosphere.AerialPerspectiveLUT.SampleCountPerSlice:1]]
[2021.01.26-21.38.13:545][  0]LogConfig: Setting CVar [[r.SkyAtmosphere.AerialPerspectiveLUT.DepthResolution:16.0]]
[2021.01.26-21.38.13:545][  0]LogConfig: Setting CVar [[r.SkyAtmosphere.FastSkyLUT:1]]
[2021.01.26-21.38.13:545][  0]LogConfig: Setting CVar [[r.SkyAtmosphere.FastSkyLUT.SampleCountMin:4.0]]
[2021.01.26-21.38.13:545][  0]LogConfig: Setting CVar [[r.SkyAtmosphere.FastSkyLUT.SampleCountMax:32.0]]
[2021.01.26-21.38.13:545][  0]LogConfig: Setting CVar [[r.SkyAtmosphere.SampleCountMin:4.0]]
[2021.01.26-21.38.13:545][  0]LogConfig: Setting CVar [[r.SkyAtmosphere.SampleCountMax:32.0]]
[2021.01.26-21.38.13:545][  0]LogConfig: Setting CVar [[r.SkyAtmosphere.TransmittanceLUT.UseSmallFormat:0]]
[2021.01.26-21.38.13:545][  0]LogConfig: Setting CVar [[r.SkyAtmosphere.TransmittanceLUT.SampleCount:10.0]]
[2021.01.26-21.38.13:545][  0]LogConfig: Setting CVar [[r.SkyAtmosphere.MultiScatteringLUT.SampleCount:15.0]]
[2021.01.26-21.38.13:545][  0]LogConfig: Applying CVar settings from Section [FoliageQuality@3] File [D:/Phosphorous/Phosphorous/Saved/Config/Windows/Scalability.ini]
[2021.01.26-21.38.13:545][  0]LogConfig: Setting CVar [[foliage.DensityScale:1.0]]
[2021.01.26-21.38.13:545][  0]LogConfig: Setting CVar [[grass.DensityScale:1.0]]
[2021.01.26-21.38.13:545][  0]LogConfig: Applying CVar settings from Section [ShadingQuality@3] File [D:/Phosphorous/Phosphorous/Saved/Config/Windows/Scalability.ini]
[2021.01.26-21.38.13:545][  0]LogConfig: Setting CVar [[r.HairStrands.SkyLighting.SampleCount:16]]
[2021.01.26-21.38.13:545][  0]LogConfig: Setting CVar [[r.HairStrands.SkyLighting.JitterIntegration:0]]
[2021.01.26-21.38.13:545][  0]LogConfig: Setting CVar [[r.HairStrands.SkyAO.SampleCount:16]]
[2021.01.26-21.38.13:545][  0]LogConfig: Applying CVar settings from Section [Startup] File [../../../Engine/Config/ConsoleVariables.ini]
[2021.01.26-21.38.13:546][  0]LogConfig: Setting CVar [[net.UseAdaptiveNetUpdateFrequency:0]]
[2021.01.26-21.38.13:546][  0]LogConfig: Setting CVar [[p.chaos.AllowCreatePhysxBodies:1]]
[2021.01.26-21.38.13:546][  0]LogConfig: Applying CVar settings from Section [ConsoleVariables] File [D:/Phosphorous/Phosphorous/Saved/Config/Windows/Engine.ini]
[2021.01.26-21.38.13:546][  0]LogInit: Computer: DESKTOP-50AIND5
[2021.01.26-21.38.13:546][  0]LogInit: User: Truong
[2021.01.26-21.38.13:546][  0]LogInit: CPU Page size=4096, Cores=4
[2021.01.26-21.38.13:546][  0]LogInit: High frequency timer resolution =10.000000 MHz
[2021.01.26-21.38.13:546][  0]LogMemory: Memory total: Physical=13.9GB (14GB approx)
[2021.01.26-21.38.13:546][  0]LogMemory: Platform Memory Stats for Windows
[2021.01.26-21.38.13:546][  0]LogMemory: Process Physical Memory: 104.68 MB used, 104.68 MB peak
[2021.01.26-21.38.13:546][  0]LogMemory: Process Virtual Memory: 100.63 MB used, 100.63 MB peak
[2021.01.26-21.38.13:546][  0]LogMemory: Physical Memory: 7303.78 MB used,  6893.41 MB free, 14197.19 MB total
[2021.01.26-21.38.13:546][  0]LogMemory: Virtual Memory: 5134.61 MB used,  134212592.00 MB free, 134217728.00 MB total
[2021.01.26-21.38.13:549][  0]LogWindows: WindowsPlatformFeatures enabled
[2021.01.26-21.38.13:591][  0]LogInit: Using OS detected language (en-US).
[2021.01.26-21.38.13:591][  0]LogInit: Using OS detected locale (en-US).
[2021.01.26-21.38.13:592][  0]LogTextLocalizationManager: No specific localization for 'en-US' exists, so the 'en' localization will be used.
[2021.01.26-21.38.13:750][  0]LogInit: Setting process to per monitor DPI aware
[2021.01.26-21.38.13:788][  0]LogSlate: New Slate User Created.  User Index 0, Is Virtual User: 0
[2021.01.26-21.38.13:788][  0]LogSlate: Slate User Registered.  User Index 0, Is Virtual User: 0
[2021.01.26-21.38.13:895][  0]LogD3D11RHI: D3D11 min allowed feature level: 11_0
[2021.01.26-21.38.13:895][  0]LogD3D11RHI: D3D11 max allowed feature level: 11_0
[2021.01.26-21.38.13:895][  0]LogD3D11RHI: D3D11 adapters:
[2021.01.26-21.38.13:968][  0]LogD3D11RHI:    0. 'NVIDIA GeForce RTX 2060' (Feature Level 11_0)
[2021.01.26-21.38.13:968][  0]LogD3D11RHI:       5967/0/7098 MB DedicatedVideo/DedicatedSystem/SharedSystem, Outputs:2, VendorId:0x10de
[2021.01.26-21.38.13:975][  0]LogD3D11RHI:    1. 'Intel(R) HD Graphics 4600' (Feature Level 11_0)
[2021.01.26-21.38.13:975][  0]LogD3D11RHI:       112/0/2048 MB DedicatedVideo/DedicatedSystem/SharedSystem, Outputs:0, VendorId:0x8086
[2021.01.26-21.38.13:978][  0]LogD3D11RHI:    2. 'Microsoft Basic Render Driver' (Feature Level 11_0)
[2021.01.26-21.38.13:978][  0]LogD3D11RHI:       0/0/7098 MB DedicatedVideo/DedicatedSystem/SharedSystem, Outputs:0, VendorId:0x1414
[2021.01.26-21.38.13:978][  0]LogD3D11RHI: Chosen D3D11 Adapter: 0
[2021.01.26-21.38.13:983][  0]LogD3D11RHI: Creating new Direct3DDevice
[2021.01.26-21.38.13:983][  0]LogD3D11RHI:     GPU DeviceId: 0x1e89 (for the marketing name, search the web for "GPU Device Id")
[2021.01.26-21.38.13:983][  0]LogWindows: EnumDisplayDevices:
[2021.01.26-21.38.13:984][  0]LogWindows:    0. 'NVIDIA GeForce RTX 2060' (P:1 D:1)
[2021.01.26-21.38.13:984][  0]LogWindows:    1. 'NVIDIA GeForce RTX 2060' (P:0 D:1)
[2021.01.26-21.38.13:984][  0]LogWindows:    2. 'NVIDIA GeForce RTX 2060' (P:0 D:0)
[2021.01.26-21.38.13:985][  0]LogWindows:    3. 'NVIDIA GeForce RTX 2060' (P:0 D:0)
[2021.01.26-21.38.13:985][  0]LogWindows:    4. 'Intel(R) HD Graphics 4600' (P:0 D:0)
[2021.01.26-21.38.13:985][  0]LogWindows:    5. 'Intel(R) HD Graphics 4600' (P:0 D:0)
[2021.01.26-21.38.13:986][  0]LogWindows:    6. 'Intel(R) HD Graphics 4600' (P:0 D:0)
[2021.01.26-21.38.13:986][  0]LogWindows: DebugString: PrimaryIsNotTheChoosenAdapter PrimaryIsNotTheChoosenAdapter PrimaryIsNotTheChoosenAdapter FoundDriverCount:4 
[2021.01.26-21.38.13:986][  0]LogD3D11RHI:     Adapter Name: NVIDIA GeForce RTX 2060
[2021.01.26-21.38.13:986][  0]LogD3D11RHI:   Driver Version: 457.51 (internal:27.21.14.5751, unified:457.51)
[2021.01.26-21.38.13:986][  0]LogD3D11RHI:      Driver Date: 11-22-2020
[2021.01.26-21.38.13:986][  0]LogRHI: Texture pool is 4176 MB (70% of 5967 MB)
[2021.01.26-21.38.14:035][  0]LogD3D11RHI: RHI has support for 64 bit atomics
[2021.01.26-21.38.14:035][  0]LogD3D11RHI: Async texture creation enabled
[2021.01.26-21.38.14:069][  0]LogD3D11RHI: GPU Timing Frequency: 1000.000000 (Debug: 2 1)
[2021.01.26-21.38.14:350][  0]LogTargetPlatformManager: Display: Loaded TargetPlatform 'AllDesktop'
[2021.01.26-21.38.14:377][  0]LogTargetPlatformManager: Display: Loaded TargetPlatform 'Android'
[2021.01.26-21.38.14:377][  0]LogTargetPlatformManager: Display: Loaded TargetPlatform 'Android_ASTC'
[2021.01.26-21.38.14:377][  0]LogTargetPlatformManager: Display: Loaded TargetPlatform 'Android_ATC'
[2021.01.26-21.38.14:377][  0]LogTargetPlatformManager: Display: Loaded TargetPlatform 'Android_DXT'
[2021.01.26-21.38.14:377][  0]LogTargetPlatformManager: Display: Loaded TargetPlatform 'Android_ETC1'
[2021.01.26-21.38.14:377][  0]LogTargetPlatformManager: Display: Loaded TargetPlatform 'Android_ETC1a'
[2021.01.26-21.38.14:377][  0]LogTargetPlatformManager: Display: Loaded TargetPlatform 'Android_ETC2'
[2021.01.26-21.38.14:377][  0]LogTargetPlatformManager: Display: Loaded TargetPlatform 'Android_PVRTC'
[2021.01.26-21.38.14:377][  0]LogTargetPlatformManager: Display: Loaded TargetPlatform 'AndroidClient'
[2021.01.26-21.38.14:377][  0]LogTargetPlatformManager: Display: Loaded TargetPlatform 'Android_ASTCClient'
[2021.01.26-21.38.14:377][  0]LogTargetPlatformManager: Display: Loaded TargetPlatform 'Android_ATCClient'
[2021.01.26-21.38.14:377][  0]LogTargetPlatformManager: Display: Loaded TargetPlatform 'Android_DXTClient'
[2021.01.26-21.38.14:377][  0]LogTargetPlatformManager: Display: Loaded TargetPlatform 'Android_ETC1Client'
[2021.01.26-21.38.14:377][  0]LogTargetPlatformManager: Display: Loaded TargetPlatform 'Android_ETC1aClient'
[2021.01.26-21.38.14:377][  0]LogTargetPlatformManager: Display: Loaded TargetPlatform 'Android_ETC2Client'
[2021.01.26-21.38.14:377][  0]LogTargetPlatformManager: Display: Loaded TargetPlatform 'Android_PVRTCClient'
[2021.01.26-21.38.14:377][  0]LogTargetPlatformManager: Display: Loaded TargetPlatform 'Android_Multi'
[2021.01.26-21.38.14:377][  0]LogTargetPlatformManager: Display: Loaded TargetPlatform 'Android_MultiClient'
[2021.01.26-21.38.14:393][  0]LogTargetPlatformManager: Display: Loaded TargetPlatform 'IOSClient'
[2021.01.26-21.38.14:393][  0]LogTargetPlatformManager: Display: Loaded TargetPlatform 'IOS'
[2021.01.26-21.38.14:400][  0]LogTargetPlatformManager: Display: Loaded TargetPlatform 'LinuxNoEditor'
[2021.01.26-21.38.14:406][  0]LogTargetPlatformManager: Display: Loaded TargetPlatform 'LinuxClient'
[2021.01.26-21.38.14:412][  0]LogTargetPlatformManager: Display: Loaded TargetPlatform 'LinuxServer'
[2021.01.26-21.38.14:418][  0]LogTargetPlatformManager: Display: Loaded TargetPlatform 'LinuxAArch64NoEditor'
[2021.01.26-21.38.14:425][  0]LogTargetPlatformManager: Display: Loaded TargetPlatform 'LinuxAArch64Client'
[2021.01.26-21.38.14:431][  0]LogTargetPlatformManager: Display: Loaded TargetPlatform 'LinuxAArch64Server'
[2021.01.26-21.38.14:451][  0]LogTargetPlatformManager: Display: Loaded TargetPlatform 'Lumin'
[2021.01.26-21.38.14:451][  0]LogTargetPlatformManager: Display: Loaded TargetPlatform 'LuminClient'
[2021.01.26-21.38.14:463][  0]LogTargetPlatformManager: Display: Loaded TargetPlatform 'TVOSClient'
[2021.01.26-21.38.14:463][  0]LogTargetPlatformManager: Display: Loaded TargetPlatform 'TVOS'
[2021.01.26-21.38.14:469][  0]LogTargetPlatformManager: Display: Loaded TargetPlatform 'WindowsNoEditor'
[2021.01.26-21.38.14:476][  0]LogTargetPlatformManager: Display: Loaded TargetPlatform 'Windows'
[2021.01.26-21.38.14:482][  0]LogTargetPlatformManager: Display: Loaded TargetPlatform 'WindowsClient'
[2021.01.26-21.38.14:488][  0]LogTargetPlatformManager: Display: Loaded TargetPlatform 'WindowsServer'
[2021.01.26-21.38.14:489][  0]LogTargetPlatformManager: Display: Building Assets For Windows
[2021.01.26-21.38.14:492][  0]LogAudioDebug: Display: Lib vorbis DLL was dynamically loaded.
[2021.01.26-21.38.14:512][  0]LogShaderCompilers: Guid format shader working directory is 12 characters bigger than the processId version (../../../../Phosphorous/Phosphorous/Intermediate/Shaders/WorkingDirectory/8648/).
[2021.01.26-21.38.14:512][  0]LogShaderCompilers: Cleaned the shader compiler working directory 'C:/Users/Truong/AppData/Local/Temp/UnrealShaderWorkingDir/D86856394C6252FC7242AEA9ED9D0221/'.
[2021.01.26-21.38.14:513][  0]LogXGEController: Cannot use XGE Controller as Incredibuild is not installed on this machine.
[2021.01.26-21.38.14:513][  0]LogShaderCompilers: Cannot use XGE Shader Compiler as Incredibuild is not installed on this machine.
[2021.01.26-21.38.14:513][  0]LogShaderCompilers: Display: Using Local Shader Compiler.
[2021.01.26-21.38.15:149][  0]LogDerivedDataCache: Display: Max Cache Size: 512 MB
[2021.01.26-21.38.15:206][  0]LogDerivedDataCache: Loaded boot cache 0.06s 78MB C:/Users/Truong/AppData/Local/UnrealEngine/4.24/DerivedDataCache/Boot.ddc.
[2021.01.26-21.38.15:206][  0]LogDerivedDataCache: Display: Loaded Boot cache: C:/Users/Truong/AppData/Local/UnrealEngine/4.24/DerivedDataCache/Boot.ddc
[2021.01.26-21.38.15:206][  0]LogDerivedDataCache: FDerivedDataBackendGraph:  Pak pak cache file ../../../../Phosphorous/Phosphorous/DerivedDataCache/DDC.ddp not found, will not use a pak cache.
[2021.01.26-21.38.15:206][  0]LogDerivedDataCache: Unable to find inner node Pak for hierarchical cache Hierarchy.
[2021.01.26-21.38.15:206][  0]LogDerivedDataCache: FDerivedDataBackendGraph:  CompressedPak pak cache file ../../../../Phosphorous/Phosphorous/DerivedDataCache/Compressed.ddp not found, will not use a pak cache.
[2021.01.26-21.38.15:206][  0]LogDerivedDataCache: Unable to find inner node CompressedPak for hierarchical cache Hierarchy.
[2021.01.26-21.38.15:215][  0]LogDerivedDataCache: Display: Pak cache opened for reading ../../../Engine/DerivedDataCache/Compressed.ddp.
[2021.01.26-21.38.15:215][  0]LogDerivedDataCache: FDerivedDataBackendGraph:  EnterprisePak pak cache file ../../../Enterprise/DerivedDataCache/Compressed.ddp not found, will not use a pak cache.
[2021.01.26-21.38.15:216][  0]LogDerivedDataCache: Unable to find inner node EnterprisePak for hierarchical cache Hierarchy.
[2021.01.26-21.38.15:217][  0]LogDerivedDataCache: Using Local data cache path C:/Users/Truong/AppData/Local/UnrealEngine/Common/DerivedDataCache: Writable
[2021.01.26-21.38.15:217][  0]LogDerivedDataCache: Shared data cache path not found in *engine.ini, will not use an Shared cache.
[2021.01.26-21.38.15:217][  0]LogDerivedDataCache: Unable to find inner node Shared for hierarchical cache Hierarchy.
[2021.01.26-21.38.15:244][  0]LogMaterial: Verifying Global Shaders for PCD3D_SM5
[2021.01.26-21.38.15:246][  0]LogSlate: Using FreeType 2.10.0
[2021.01.26-21.38.15:246][  0]LogSlate: SlateFontServices - WITH_FREETYPE: 1, WITH_HARFBUZZ: 1
[2021.01.26-21.38.15:291][  0]LogAssetRegistry: FAssetRegistry took 0.0021 seconds to start up
[2021.01.26-21.38.15:541][  0]LogInit: Selected Device Profile: [Windows]
[2021.01.26-21.38.15:682][  0]LogMeshReduction: Using QuadricMeshReduction for automatic static mesh reduction
[2021.01.26-21.38.15:682][  0]LogMeshReduction: Using SimplygonMeshReduction for automatic skeletal mesh reduction
[2021.01.26-21.38.15:682][  0]LogMeshReduction: Using ProxyLODMeshReduction for automatic mesh merging
[2021.01.26-21.38.15:682][  0]LogMeshReduction: No distributed automatic mesh merging module available
[2021.01.26-21.38.15:682][  0]LogMeshMerging: No distributed automatic mesh merging module available
[2021.01.26-21.38.15:697][  0]LogNetVersion: Phosphorous 1.0.0, NetCL: 10570792, EngineNetVer: 13, GameNetVer: 0 (Checksum: 1239860017)
[2021.01.26-21.38.16:563][  0]LogPackageLocalizationCache: Processed 8 localized package path(s) for 1 prioritized culture(s) in 0.028063 seconds
[2021.01.26-21.38.16:571][  0]LogUObjectArray: 46098 objects as part of root set at end of initial load.
[2021.01.26-21.38.16:571][  0]LogUObjectAllocator: 8030680 out of 0 bytes used by permanent object pool.
[2021.01.26-21.38.16:571][  0]LogUObjectArray: CloseDisregardForGC: 0/0 objects in disregard for GC pool
[2021.01.26-21.38.16:907][  0]LogTcpMessaging: Initializing TcpMessaging bridge
[2021.01.26-21.38.16:910][  0]LogUdpMessaging: Initializing bridge on interface 0.0.0.0:0 to multicast group 230.0.0.1:6666.
[2021.01.26-21.38.16:956][  0]SourceControl: Source control is disabled
[2021.01.26-21.38.16:956][  0]SourceControl: Source control is disabled
[2021.01.26-21.38.16:957][  0]SourceControl: Source control is disabled
[2021.01.26-21.38.16:958][  0]SourceControl: Source control is disabled
[2021.01.26-21.38.16:958][  0]SourceControl: Source control is disabled
[2021.01.26-21.38.17:033][  0]LogAndroidPermission: UAndroidPermissionCallbackProxy::GetInstance
[2021.01.26-21.38.17:043][  0]LogAudioCaptureCore: Display: No Audio Capture implementations found. Audio input will be silent.
[2021.01.26-21.38.17:043][  0]LogAudioCaptureCore: Display: No Audio Capture implementations found. Audio input will be silent.
[2021.01.26-21.38.17:135][  0]LogEngine: Initializing Engine...
[2021.01.26-21.38.17:136][  0]LogStats: UGameplayTagsManager::InitializeManager -  0.000 s
[2021.01.26-21.38.17:438][  0]LogInit: Initializing FReadOnlyCVARCache
[2021.01.26-21.38.17:445][  0]LogAIModule: Creating AISystem for world Untitled
[2021.01.26-21.38.17:460][  0]LogAudioMixer: Display: Audio Mixer Platform Settings:
[2021.01.26-21.38.17:460][  0]LogAudioMixer: Display: 	Sample Rate:						  48000
[2021.01.26-21.38.17:460][  0]LogAudioMixer: Display: 	Callback Buffer Frame Size Requested: 1024
[2021.01.26-21.38.17:460][  0]LogAudioMixer: Display: 	Callback Buffer Frame Size To Use:	  1024
[2021.01.26-21.38.17:460][  0]LogAudioMixer: Display: 	Number of buffers to queue:			  2
[2021.01.26-21.38.17:460][  0]LogAudioMixer: Display: 	Max Channels (voices):				  32
[2021.01.26-21.38.17:461][  0]LogAudioMixer: Display: 	Number of Async Source Workers:		  0
[2021.01.26-21.38.17:461][  0]LogAudio: Display: AudioDevice MaxSources: 32
[2021.01.26-21.38.17:461][  0]LogAudio: Display: Using built-in audio occlusion.
[2021.01.26-21.38.17:461][  0]LogAudioMixer: Display: Initializing audio mixer.
[2021.01.26-21.38.17:509][  0]LogAudioMixer: Display: Audio Device Output Speaker Info:
[2021.01.26-21.38.17:509][  0]LogAudioMixer: Display: Name: Headphones (Arctis 7 Game)
[2021.01.26-21.38.17:509][  0]LogAudioMixer: Display: Is Default: Yes
[2021.01.26-21.38.17:509][  0]LogAudioMixer: Display: Sample Rate: 48000
[2021.01.26-21.38.17:509][  0]LogAudioMixer: Display: Channel Count Used: 2
[2021.01.26-21.38.17:509][  0]LogAudioMixer: Display: Device Channel Count: 2
[2021.01.26-21.38.17:509][  0]LogAudioMixer: Display: Channel Order:
[2021.01.26-21.38.17:509][  0]LogAudioMixer: Display: 0: FrontLeft
[2021.01.26-21.38.17:509][  0]LogAudioMixer: Display: 1: FrontRight
[2021.01.26-21.38.17:556][  0]LogAudioMixer: Display: Using Audio Device Headphones (Arctis 7 Game)
[2021.01.26-21.38.17:561][  0]LogInit: FAudioDevice initialized.
[2021.01.26-21.38.17:561][  0]LogNetVersion: Set ProjectVersion to 1.0.0.0. Version Checksum will be recalculated on next use.
[2021.01.26-21.38.17:640][  0]LogDerivedDataCache: Saved boot cache 0.08s 78MB C:/Users/Truong/AppData/Local/UnrealEngine/4.24/DerivedDataCache/Boot.ddc.
[2021.01.26-21.38.17:645][  0]LogInit: Texture streaming: Enabled
[2021.01.26-21.38.17:655][  0]LogEngineSessionManager: EngineSessionManager initialized
[2021.01.26-21.38.17:655][  0]LogEditorSessionSummary: Verbose: Initializing EditorSessionSummaryWriter for editor session tracking
[2021.01.26-21.38.17:657][  0]LogEditorSessionSummary: EditorSessionSummaryWriter initialized
[2021.01.26-21.38.17:712][  0]LogInit: Transaction tracking system initialized
[2021.01.26-21.38.17:721][  0]BlueprintLog: New page: Editor Load
[2021.01.26-21.38.17:746][  0]LocalizationService: Localization service is disabled
[2021.01.26-21.38.17:971][  0]LogCook: Display: Max memory allowance for cook 16384mb min free memory 0mb
[2021.01.26-21.38.17:971][  0]LogCook: Display: Mobile HDR setting 1
[2021.01.26-21.38.18:059][  0]LogFileCache: Scanning file cache for directory 'D:/Phosphorous/Phosphorous/Content/' took 0.01s
[2021.01.26-21.38.18:059][  0]SourceControl: Source control is disabled
[2021.01.26-21.38.18:059][  0]Cmd: MAP LOAD FILE="../../../../Phosphorous/Phosphorous/Content/Levels/Ground_Floor.umap" TEMPLATE=0 SHOWPROGRESS=1 FEATURELEVEL=3
[2021.01.26-21.38.18:059][  0]LightingResults: New page: Lighting Build
[2021.01.26-21.38.18:060][  0]LogWorld: UWorld::CleanupWorld for Untitled, bSessionEnded=true, bCleanupResources=true
[2021.01.26-21.38.18:060][  0]LogSlate: InvalidateAllWidgets triggered.  All widgets were invalidated
[2021.01.26-21.38.18:060][  0]MapCheck: New page: Map Check
[2021.01.26-21.38.18:060][  0]LightingResults: New page: Lighting Build
[2021.01.26-21.38.18:081][  0]LogUObjectHash: Compacting FUObjectHashTables data took   1.73ms
[2021.01.26-21.38.18:833][  0]LogAIModule: Creating AISystem for world Ground_Floor
[2021.01.26-21.38.18:884][  0]LogEditorServer: Finished looking for orphan Actors (0.000 secs)
[2021.01.26-21.38.18:913][  0]LogUObjectHash: Compacting FUObjectHashTables data took   2.92ms
[2021.01.26-21.38.18:917][  0]Cmd: MAP CHECKDEP NOCLEARLOG
[2021.01.26-21.38.18:917][  0]MapCheck: Map check complete: 0 Error(s), 0 Warning(s), took 0.113ms to complete.
[2021.01.26-21.38.18:917][  0]LogFileHelpers: Loading map 'Ground_Floor' took 0.858
[2021.01.26-21.38.19:072][  0]LogSlate: Updating window title bar state: overlay mode, drag disabled, window buttons hidden, title bar hidden
[2021.01.26-21.38.19:078][  0]LogSlate: Updating window title bar state: overlay mode, drag disabled, window buttons hidden, title bar hidden
[2021.01.26-21.38.19:084][  0]LogSlate: Updating window title bar state: overlay mode, drag disabled, window buttons hidden, title bar hidden
[2021.01.26-21.38.19:090][  0]LogSlate: Updating window title bar state: overlay mode, drag disabled, window buttons hidden, title bar hidden
[2021.01.26-21.38.19:094][  0]LogCollectionManager: Loaded 0 collections in 0.000565 seconds
[2021.01.26-21.38.19:104][  0]LogFileCache: Scanning file cache for directory 'D:/Phosphorous/Phosphorous/Saved/Collections/' took 0.00s
[2021.01.26-21.38.19:104][  0]LogFileCache: Scanning file cache for directory 'D:/Phosphorous/Phosphorous/Content/Developers/Truong/Collections/' took 0.00s
[2021.01.26-21.38.19:104][  0]LogFileCache: Scanning file cache for directory 'D:/Phosphorous/Phosphorous/Content/Collections/' took 0.00s
[2021.01.26-21.38.19:104][  0]LogContentBrowser: Native class hierarchy populated in 0.0076 seconds. Added 2997 classes and 701 folders.
[2021.01.26-21.38.19:106][  0]LogContentBrowser: Native class hierarchy updated for 'WidgetCarousel' in 0.0002 seconds. Added 0 classes and 0 folders.
[2021.01.26-21.38.19:133][  0]LogContentBrowser: Native class hierarchy updated for 'AddContentDialog' in 0.0002 seconds. Added 0 classes and 0 folders.
[2021.01.26-21.38.19:137][  0]LogContentBrowser: Native class hierarchy updated for 'SceneOutliner' in 0.0002 seconds. Added 2 classes and 3 folders.
[2021.01.26-21.38.19:158][  0]LogContentBrowser: Native class hierarchy updated for 'HierarchicalLODOutliner' in 0.0002 seconds. Added 0 classes and 0 folders.
[2021.01.26-21.38.19:158][  0]LogLoad: (Engine Initialization) Total time: 6.35 seconds
[2021.01.26-21.38.19:158][  0]LogLoad: (Engine Initialization) Total Blueprint compile time: 0.00 seconds
[2021.01.26-21.38.19:211][  0]LogAssetRegistry: Asset discovery search completed in 3.9215 seconds
[2021.01.26-21.38.19:215][  0]LogCollectionManager: Fixed up redirectors for 0 collections in 0.000007 seconds (updated 0 objects)
[2021.01.26-21.38.19:216][  0]LogContentStreaming: Texture pool size now 1000 MB
[2021.01.26-21.38.19:226][  0]LogSlate: Took 0.000148 seconds to synchronously load lazily loaded font '../../../Engine/Content/Slate/Fonts/Roboto-Regular.ttf' (155K)
[2021.01.26-21.38.19:227][  0]LogSlate: Took 0.000114 seconds to synchronously load lazily loaded font '../../../Engine/Content/Slate/Fonts/Roboto-Bold.ttf' (160K)
[2021.01.26-21.38.19:232][  0]LogSlate: Took 0.000093 seconds to synchronously load lazily loaded font '../../../Engine/Content/Editor/Slate/Fonts/FontAwesome.ttf' (139K)
[2021.01.26-21.38.19:322][  1]LogRenderer: Reallocating scene render targets to support 804x364 Format 10 NumSamples 1 (Frame:1).
[2021.01.26-21.38.21:597][244]LogRenderer: Reallocating scene render targets to support 1208x600 Format 10 NumSamples 1 (Frame:237).
[2021.01.26-21.38.24:335][570]LogFileCache: Retrieving MD5 hashes for directory 'D:/Phosphorous/Phosphorous/Content/' took 5.16s
[2021.01.26-21.39.29:246][223]LogSlate: Took 0.000171 seconds to synchronously load lazily loaded font '../../../Engine/Content/Slate/Fonts/Roboto-Light.ttf' (167K)
[2021.01.26-21.39.29:265][223]LogAssetEditorSubsystem: Opening Asset editor for WidgetBlueprint /Game/Blueprints/UI/Circuit_Breaker_Test.Circuit_Breaker_Test
[2021.01.26-21.39.29:849][223]LogContentBrowser: Native class hierarchy updated for 'BlueprintGraph' in 0.0009 seconds. Added 121 classes and 0 folders.
[2021.01.26-21.39.31:447][223]LogSlate: Took 0.000153 seconds to synchronously load lazily loaded font '../../../Engine/Content/Slate/Fonts/Roboto-BoldCondensed.ttf' (158K)
[2021.01.26-21.42.13:005][863]Cmd: OBJ SAVEPACKAGE PACKAGE="/Game/Blueprints/UI/Circuit_Breaker_Test" FILE="../../../../Phosphorous/Phosphorous/Content/Blueprints/UI/Circuit_Breaker_Test.uasset" SILENT=true
[2021.01.26-21.42.13:014][863]LogSavePackage: Moving '../../../../Phosphorous/Phosphorous/Saved/Circuit_Breaker_Test58B17A6C4D699466704651B3DC19A1EF.tmp' to '../../../../Phosphorous/Phosphorous/Content/Blueprints/UI/Circuit_Breaker_Test.uasset'
[2021.01.26-21.42.13:037][863]AssetCheck: New page: Asset Save: Circuit_Breaker_Test
[2021.01.26-21.42.13:037][863]LogContentValidation: Display: Validating WidgetBlueprint /Game/Blueprints/UI/Circuit_Breaker_Test.Circuit_Breaker_Test
[2021.01.26-21.42.14:232][986]LogSlate: Window 'Circuit_Breaker_Test' being destroyed
[2021.01.26-21.42.14:237][986]LogSlate: Window 'Circuit_Breaker_Test' being destroyed
[2021.01.26-21.42.14:240][986]LogWorld: UWorld::CleanupWorld for World_2, bSessionEnded=true, bCleanupResources=true
[2021.01.26-21.42.14:240][986]LogSlate: InvalidateAllWidgets triggered.  All widgets were invalidated
[2021.01.26-21.42.14:268][986]LogWorld: UWorld::CleanupWorld for World_1, bSessionEnded=true, bCleanupResources=true
[2021.01.26-21.42.14:268][986]LogSlate: InvalidateAllWidgets triggered.  All widgets were invalidated
[2021.01.26-21.54.45:299][196]Cmd: OBJ SAVEPACKAGE PACKAGE="/Game/MyAssets/TVAssets/Materials/M_TV" FILE="../../../../Phosphorous/Phosphorous/Content/MyAssets/TVAssets/Materials/M_TV.uasset" SILENT=true
[2021.01.26-21.54.45:319][196]LogSavePackage: Moving '../../../../Phosphorous/Phosphorous/Saved/M_TV5C0B0E8C4E9590A39B40A6A1BC367406.tmp' to '../../../../Phosphorous/Phosphorous/Content/MyAssets/TVAssets/Materials/M_TV.uasset'
[2021.01.26-21.54.45:580][196]LogUObjectHash: Compacting FUObjectHashTables data took   4.80ms
[2021.01.26-21.54.45:635][196]LogUObjectHash: Compacting FUObjectHashTables data took   3.97ms
[2021.01.26-21.54.45:662][196]LogUObjectHash: Compacting FUObjectHashTables data took   0.74ms
[2021.01.26-21.54.45:704][196]AssetCheck: New page: Asset Save: M_TV
[2021.01.26-21.54.45:704][196]LogContentValidation: Display: Validating Material /Game/MyAssets/TVAssets/Materials/M_TV.M_TV
[2021.01.26-21.54.59:127][786]LogMaterial: Display: Missing cached shader map for material M_TV_2, compiling. 
[2021.01.26-21.54.59:222][787]LogShaderCompilers: Display: Worker (1/5): shaders left to compile 49
[2021.01.26-21.54.59:222][787]LogShaderCompilers: Display: Worker (2/5): shaders left to compile 39
[2021.01.26-21.54.59:222][787]LogShaderCompilers: Display: Worker (3/5): shaders left to compile 29
[2021.01.26-21.54.59:222][787]LogShaderCompilers: Display: Worker (4/5): shaders left to compile 19
[2021.01.26-21.55.02:381][993]LogShaderCompilers: Display: Worker (2/5): shaders left to compile 9
[2021.01.26-21.55.02:855][ 36]LogShaderCompilers: Display: Worker (1/5): shaders left to compile 6
[2021.01.26-21.55.03:962][131]LogShaderCompilers: Display: Worker (1/5): shaders left to compile 4
[2021.01.26-21.55.04:295][161]LogShaderCompilers: Display: Worker (2/5): shaders left to compile 2
[2021.01.26-21.55.04:544][185]LogShaderCompilers: Display: Worker (3/5): shaders left to compile 1
[2021.01.26-21.55.06:634][421]Cmd: OBJ SAVEPACKAGE PACKAGE="/Game/MyAssets/TVAssets/Materials/M_TV_Stand" FILE="../../../../Phosphorous/Phosphorous/Content/MyAssets/TVAssets/Materials/M_TV_Stand.uasset" SILENT=true
[2021.01.26-21.55.06:649][421]LogSavePackage: Moving '../../../../Phosphorous/Phosphorous/Saved/M_TV_Stand0D45E4424C55C39E1B4E5A8C6AA3FD8B.tmp' to '../../../../Phosphorous/Phosphorous/Content/MyAssets/TVAssets/Materials/M_TV_Stand.uasset'
[2021.01.26-21.55.06:805][421]LogUObjectHash: Compacting FUObjectHashTables data took   2.24ms
[2021.01.26-21.55.06:846][421]LogUObjectHash: Compacting FUObjectHashTables data took   2.59ms
[2021.01.26-21.55.06:870][421]LogUObjectHash: Compacting FUObjectHashTables data took   0.82ms
[2021.01.26-21.55.06:914][421]AssetCheck: New page: Asset Save: M_TV_Stand
[2021.01.26-21.55.06:914][421]LogContentValidation: Display: Validating Material /Game/MyAssets/TVAssets/Materials/M_TV_Stand.M_TV_Stand
[2021.01.26-21.55.08:773][634]LogAssetEditorSubsystem: Opening Asset editor for Material /Game/MyAssets/TVAssets/Materials/M_TV_Stand.M_TV_Stand
[2021.01.26-21.55.08:778][634]LogMaterial: Display: Missing cached shader map for material M_TV_Stand, compiling. 
[2021.01.26-21.55.09:063][634]LogMaterial: Display: Missing cached shader map for material M_TV_Stand, compiling. 
[2021.01.26-21.55.09:081][634]LogMaterial: Display: Missing cached shader map for material M_TV_Stand, compiling. 
[2021.01.26-21.55.09:099][634]LogShaderCompilers: Display: Worker (1/5): shaders left to compile 28
[2021.01.26-21.55.09:099][634]LogShaderCompilers: Display: Worker (2/5): shaders left to compile 27
[2021.01.26-21.55.09:100][634]LogShaderCompilers: Display: Worker (3/5): shaders left to compile 26
[2021.01.26-21.55.09:100][634]LogShaderCompilers: Display: Worker (4/5): shaders left to compile 25
[2021.01.26-21.55.09:107][634]LogMaterial: Display: Missing cached shader map for material FMatExpressionPreview MaterialExpressionTextureSample_3, compiling. 
[2021.01.26-21.55.09:121][634]LogMaterial: Display: Missing cached shader map for material FMatExpressionPreview MaterialExpressionTextureSample_1, compiling. 
[2021.01.26-21.55.09:346][634]LogShaderCompilers: Display: Worker (1/5): shaders left to compile 32
[2021.01.26-21.55.09:353][635]LogShaderCompilers: Display: Worker (3/5): shaders left to compile 31
[2021.01.26-21.55.09:363][635]LogShaderCompilers: Display: Worker (4/5): shaders left to compile 30
[2021.01.26-21.55.09:498][640]LogShaderCompilers: Display: Worker (2/5): shaders left to compile 29
[2021.01.26-21.55.09:521][641]LogShaderCompilers: Display: Worker (1/5): shaders left to compile 28
[2021.01.26-21.55.09:726][650]LogShaderCompilers: Display: Worker (3/5): shaders left to compile 27
[2021.01.26-21.55.09:753][651]LogShaderCompilers: Display: Worker (4/5): shaders left to compile 26
[2021.01.26-21.55.09:903][657]LogShaderCompilers: Display: Worker (2/5): shaders left to compile 25
[2021.01.26-21.55.09:942][658]LogShaderCompilers: Display: Worker (1/5): shaders left to compile 24
[2021.01.26-21.55.10:012][661]LogShaderCompilers: Display: Worker (4/5): shaders left to compile 23
[2021.01.26-21.55.10:202][670]LogShaderCompilers: Display: Worker (1/5): shaders left to compile 22
[2021.01.26-21.55.10:272][673]LogShaderCompilers: Display: Worker (2/5): shaders left to compile 21
[2021.01.26-21.55.10:354][677]LogShaderCompilers: Display: Worker (4/5): shaders left to compile 20
[2021.01.26-21.55.10:405][680]LogShaderCompilers: Display: Worker (3/5): shaders left to compile 19
[2021.01.26-21.55.10:803][686]LogSlate: Window 'M_TV_Stand' being destroyed
[2021.01.26-21.55.11:035][702]LogShaderCompilers: Display: Worker (1/5): shaders left to compile 18
[2021.01.26-21.55.11:166][716]LogShaderCompilers: Display: Worker (4/5): shaders left to compile 17
[2021.01.26-21.55.11:187][718]LogShaderCompilers: Display: Worker (2/5): shaders left to compile 16
[2021.01.26-21.55.11:279][725]LogShaderCompilers: Display: Worker (3/5): shaders left to compile 15
[2021.01.26-21.55.11:456][739]LogShaderCompilers: Display: Worker (1/5): shaders left to compile 14
[2021.01.26-21.55.11:768][761]LogShaderCompilers: Display: Worker (3/5): shaders left to compile 13
[2021.01.26-21.55.11:944][770]LogShaderCompilers: Display: Worker (4/5): shaders left to compile 12
[2021.01.26-21.55.12:013][774]LogShaderCompilers: Display: Worker (2/5): shaders left to compile 11
[2021.01.26-21.55.12:110][780]LogShaderCompilers: Display: Worker (1/5): shaders left to compile 10
[2021.01.26-21.55.12:428][800]LogShaderCompilers: Display: Worker (4/5): shaders left to compile 9
[2021.01.26-21.55.12:473][804]LogShaderCompilers: Display: Worker (3/5): shaders left to compile 8
[2021.01.26-21.55.12:828][828]LogShaderCompilers: Display: Worker (4/5): shaders left to compile 7
[2021.01.26-21.55.12:846][829]LogShaderCompilers: Display: Worker (2/5): shaders left to compile 6
[2021.01.26-21.55.12:902][832]LogShaderCompilers: Display: Worker (1/5): shaders left to compile 5
[2021.01.26-21.55.12:902][832]MaterialEditorStats: Base pass shader: 128 instructions
[2021.01.26-21.55.12:902][832]MaterialEditorStats: Base pass shader with Surface Lightmap: 155 instructions
[2021.01.26-21.55.12:902][832]MaterialEditorStats: Base pass shader with Volumetric Lightmap: 202 instructions
[2021.01.26-21.55.12:902][832]MaterialEditorStats: Base pass vertex shader: 50 instructions
[2021.01.26-21.55.12:902][832]MaterialEditorStats: Texture samplers: 4/16
[2021.01.26-21.55.12:902][832]MaterialEditorStats: Texture Lookups (Est.): VS(0), PS(2)
[2021.01.26-21.55.12:902][832]MaterialEditorStats: User interpolators: 2/4 Scalars (1/4 Vectors) (TexCoords: 2, Custom: 0)
[2021.01.26-21.55.13:047][842]LogShaderCompilers: Display: Worker (3/5): shaders left to compile 4
[2021.01.26-21.55.13:371][862]LogShaderCompilers: Display: Worker (2/5): shaders left to compile 3
[2021.01.26-21.55.13:401][864]LogShaderCompilers: Display: Worker (1/5): shaders left to compile 2
[2021.01.26-21.55.13:452][868]LogShaderCompilers: Display: Worker (4/5): shaders left to compile 1
[2021.01.26-21.55.17:378][233]LogTexture: Display: Building textures: Tv_Stand_ (AutoDXT, 728X1440)
[2021.01.26-21.55.17:384][233]LogMaterial: Display: Missing cached shader map for material M_TV_Stand, compiling. 
[2021.01.26-21.55.17:403][233]LogShaderCompilers: Display: Worker (1/5): shaders left to compile 28
[2021.01.26-21.55.17:403][233]LogShaderCompilers: Display: Worker (2/5): shaders left to compile 27
[2021.01.26-21.55.17:403][233]LogShaderCompilers: Display: Worker (3/5): shaders left to compile 26
[2021.01.26-21.55.17:403][233]LogShaderCompilers: Display: Worker (4/5): shaders left to compile 25
[2021.01.26-21.55.17:403][233]LogMaterial: Display: Missing cached shader map for material FMatExpressionPreview MaterialExpressionTextureSample_3, compiling. 
[2021.01.26-21.55.17:416][233]LogMaterial: Display: Missing cached shader map for material M_TV_Stand, compiling. 
[2021.01.26-21.55.17:621][247]LogShaderCompilers: Display: Worker (1/5): shaders left to compile 32
[2021.01.26-21.55.17:668][251]LogShaderCompilers: Display: Worker (3/5): shaders left to compile 31
[2021.01.26-21.55.17:676][252]LogShaderCompilers: Display: Worker (4/5): shaders left to compile 30
[2021.01.26-21.55.17:778][263]LogShaderCompilers: Display: Worker (2/5): shaders left to compile 29
[2021.01.26-21.55.18:135][285]LogShaderCompilers: Display: Worker (4/5): shaders left to compile 28
[2021.01.26-21.55.18:182][289]LogShaderCompilers: Display: Worker (1/5): shaders left to compile 27
[2021.01.26-21.55.18:226][293]LogShaderCompilers: Display: Worker (3/5): shaders left to compile 26
[2021.01.26-21.55.18:239][294]LogShaderCompilers: Display: Worker (2/5): shaders left to compile 25
[2021.01.26-21.55.18:349][302]LogShaderCompilers: Display: Worker (4/5): shaders left to compile 24
[2021.01.26-21.55.18:461][308]LogShaderCompilers: Display: Worker (3/5): shaders left to compile 23
[2021.01.26-21.55.18:471][309]LogShaderCompilers: Display: Worker (2/5): shaders left to compile 22
[2021.01.26-21.55.18:554][316]LogShaderCompilers: Display: Worker (4/5): shaders left to compile 21
[2021.01.26-21.55.18:586][319]LogShaderCompilers: Display: Worker (1/5): shaders left to compile 20
[2021.01.26-21.55.18:790][336]LogShaderCompilers: Display: Worker (3/5): shaders left to compile 19
[2021.01.26-21.55.18:820][338]LogShaderCompilers: Display: Worker (2/5): shaders left to compile 18
[2021.01.26-21.55.18:897][345]LogShaderCompilers: Display: Worker (4/5): shaders left to compile 17
[2021.01.26-21.55.18:929][348]LogShaderCompilers: Display: Worker (1/5): shaders left to compile 16
[2021.01.26-21.55.19:028][357]LogShaderCompilers: Display: Worker (2/5): shaders left to compile 15
[2021.01.26-21.55.19:160][366]LogShaderCompilers: Display: Worker (1/5): shaders left to compile 14
[2021.01.26-21.55.19:220][371]LogShaderCompilers: Display: Worker (4/5): shaders left to compile 13
[2021.01.26-21.55.19:343][383]LogShaderCompilers: Display: Worker (2/5): shaders left to compile 12
[2021.01.26-21.55.19:400][387]LogShaderCompilers: Display: Worker (3/5): shaders left to compile 11
[2021.01.26-21.55.19:890][425]LogShaderCompilers: Display: Worker (1/5): shaders left to compile 10
[2021.01.26-21.55.20:034][436]LogShaderCompilers: Display: Worker (4/5): shaders left to compile 9
[2021.01.26-21.55.20:055][438]LogShaderCompilers: Display: Worker (2/5): shaders left to compile 8
[2021.01.26-21.55.20:138][446]LogShaderCompilers: Display: Worker (3/5): shaders left to compile 7
[2021.01.26-21.55.20:283][460]LogShaderCompilers: Display: Worker (1/5): shaders left to compile 6
[2021.01.26-21.55.20:641][480]LogShaderCompilers: Display: Worker (3/5): shaders left to compile 5
[2021.01.26-21.55.20:867][495]LogShaderCompilers: Display: Worker (4/5): shaders left to compile 4
[2021.01.26-21.55.20:919][500]LogShaderCompilers: Display: Worker (2/5): shaders left to compile 3
[2021.01.26-21.55.20:956][503]LogShaderCompilers: Display: Worker (1/5): shaders left to compile 2
[2021.01.26-21.55.21:313][529]LogShaderCompilers: Display: Worker (3/5): shaders left to compile 1
[2021.01.26-21.55.21:711][563]MaterialEditorStats: Base pass shader: 128 instructions
[2021.01.26-21.55.21:711][563]MaterialEditorStats: Base pass shader with Surface Lightmap: 155 instructions
[2021.01.26-21.55.21:711][563]MaterialEditorStats: Base pass shader with Volumetric Lightmap: 202 instructions
[2021.01.26-21.55.21:711][563]MaterialEditorStats: Base pass vertex shader: 50 instructions
[2021.01.26-21.55.21:711][563]MaterialEditorStats: Texture samplers: 4/16
[2021.01.26-21.55.21:711][563]MaterialEditorStats: Texture Lookups (Est.): VS(0), PS(2)
[2021.01.26-21.55.21:711][563]MaterialEditorStats: User interpolators: 2/4 Scalars (1/4 Vectors) (TexCoords: 2, Custom: 0)
[2021.01.26-21.55.24:418][874]LogTexture: Display: Building textures: Tv_Stand_alpha (AutoDXT, 728X1440)
[2021.01.26-21.55.24:425][874]LogMaterial: Display: Missing cached shader map for material M_TV_Stand, compiling. 
[2021.01.26-21.55.24:440][874]LogShaderCompilers: Display: Worker (1/5): shaders left to compile 28
[2021.01.26-21.55.24:440][874]LogShaderCompilers: Display: Worker (2/5): shaders left to compile 27
[2021.01.26-21.55.24:440][874]LogShaderCompilers: Display: Worker (3/5): shaders left to compile 26
[2021.01.26-21.55.24:440][874]LogShaderCompilers: Display: Worker (4/5): shaders left to compile 25
[2021.01.26-21.55.24:444][874]LogMaterial: Display: Missing cached shader map for material FMatExpressionPreview MaterialExpressionTextureSample_1, compiling. 
[2021.01.26-21.55.24:457][874]LogMaterial: Display: Missing cached shader map for material M_TV_Stand, compiling. 
[2021.01.26-21.55.24:668][887]LogShaderCompilers: Display: Worker (1/5): shaders left to compile 32
[2021.01.26-21.55.24:694][889]LogShaderCompilers: Display: Worker (3/5): shaders left to compile 31
[2021.01.26-21.55.24:704][890]LogShaderCompilers: Display: Worker (4/5): shaders left to compile 30
[2021.01.26-21.55.24:806][901]LogShaderCompilers: Display: Worker (2/5): shaders left to compile 29
[2021.01.26-21.55.25:143][926]LogShaderCompilers: Display: Worker (4/5): shaders left to compile 28
[2021.01.26-21.55.25:205][931]LogShaderCompilers: Display: Worker (1/5): shaders left to compile 27
[2021.01.26-21.55.25:228][933]LogShaderCompilers: Display: Worker (3/5): shaders left to compile 26
[2021.01.26-21.55.25:256][936]LogShaderCompilers: Display: Worker (2/5): shaders left to compile 25
[2021.01.26-21.55.25:348][942]LogShaderCompilers: Display: Worker (4/5): shaders left to compile 24
[2021.01.26-21.55.25:454][947]LogShaderCompilers: Display: Worker (3/5): shaders left to compile 23
[2021.01.26-21.55.25:490][950]LogShaderCompilers: Display: Worker (2/5): shaders left to compile 22
[2021.01.26-21.55.25:578][958]LogShaderCompilers: Display: Worker (4/5): shaders left to compile 21
[2021.01.26-21.55.25:604][960]LogShaderCompilers: Display: Worker (1/5): shaders left to compile 20
[2021.01.26-21.55.25:796][969]LogShaderCompilers: Display: Worker (3/5): shaders left to compile 19
[2021.01.26-21.55.25:829][972]LogShaderCompilers: Display: Worker (2/5): shaders left to compile 18
[2021.01.26-21.55.25:946][982]LogShaderCompilers: Display: Worker (4/5): shaders left to compile 17
[2021.01.26-21.55.25:978][982]LogShaderCompilers: Display: Worker (1/5): shaders left to compile 16
[2021.01.26-21.55.26:045][988]LogShaderCompilers: Display: Worker (2/5): shaders left to compile 15
[2021.01.26-21.55.26:157][998]LogMaterialEditor: Applying material M_TV_Stand
[2021.01.26-21.55.26:778][998]LogShaderCompilers: Display: Worker (1/5): shaders left to compile 14
[2021.01.26-21.55.26:778][998]LogShaderCompilers: Display: Worker (4/5): shaders left to compile 13
[2021.01.26-21.55.26:778][998]LogShaderCompilers: Display: Worker (2/5): shaders left to compile 12
[2021.01.26-21.55.26:778][998]LogShaderCompilers: Display: Worker (3/5): shaders left to compile 11
[2021.01.26-21.55.26:830][998]LogMaterial: Display: Missing cached shader map for material M_TV_Stand, compiling. 
[2021.01.26-21.55.26:889][998]LogShaderCompilers: Display: Worker (1/5): shaders left to compile 28
[2021.01.26-21.55.26:925][998]LogMaterial: Display: Missing cached shader map for material M_TV_Stand, compiling. 
[2021.01.26-21.55.26:989][998]LogShaderCompilers: Display: Worker (2/5): shaders left to compile 27
[2021.01.26-21.55.26:989][998]LogShaderCompilers: Display: Worker (4/5): shaders left to compile 26
[2021.01.26-21.55.27:024][998]LogUObjectHash: Compacting FUObjectHashTables data took   4.90ms
[2021.01.26-21.55.27:046][998]LogShaderCompilers: Display: Worker (3/5): shaders left to compile 74
[2021.01.26-21.55.27:046][998]LogMaterial: Display: Missing cached shader map for material DebugViewMode MaterialTexCoordScale, compiling. 
[2021.01.26-21.55.29:789][998]LogShaderCompilers: Display: Worker (1/5): shaders left to compile 75
[2021.01.26-21.55.29:789][998]LogShaderCompilers: Display: Worker (4/5): shaders left to compile 74
[2021.01.26-21.55.29:789][998]LogShaderCompilers: Display: Worker (3/5): shaders left to compile 73
[2021.01.26-21.55.29:789][998]LogShaderCompilers: Display: Worker (1/5): shaders left to compile 72
[2021.01.26-21.55.29:789][998]LogShaderCompilers: Display: Worker (2/5): shaders left to compile 71
[2021.01.26-21.55.29:789][998]LogShaderCompilers: Display: Worker (4/5): shaders left to compile 70
[2021.01.26-21.55.29:789][998]LogShaderCompilers: Display: Worker (3/5): shaders left to compile 69
[2021.01.26-21.55.29:789][998]LogShaderCompilers: Display: Worker (1/5): shaders left to compile 68
[2021.01.26-21.55.29:789][998]LogShaderCompilers: Display: Worker (2/5): shaders left to compile 67
[2021.01.26-21.55.29:789][998]LogShaderCompilers: Display: Worker (3/5): shaders left to compile 66
[2021.01.26-21.55.29:789][998]LogShaderCompilers: Display: Worker (2/5): shaders left to compile 65
[2021.01.26-21.55.29:789][998]LogShaderCompilers: Display: Worker (1/5): shaders left to compile 64
[2021.01.26-21.55.29:789][998]LogShaderCompilers: Display: Worker (4/5): shaders left to compile 63
[2021.01.26-21.55.29:789][998]LogShaderCompilers: Display: Worker (3/5): shaders left to compile 62
[2021.01.26-21.55.29:789][998]LogShaderCompilers: Display: Worker (2/5): shaders left to compile 61
[2021.01.26-21.55.29:789][998]LogShaderCompilers: Display: Worker (1/5): shaders left to compile 60
[2021.01.26-21.55.29:789][998]LogShaderCompilers: Display: Worker (4/5): shaders left to compile 59
[2021.01.26-21.55.29:789][998]LogShaderCompilers: Display: Worker (3/5): shaders left to compile 58
[2021.01.26-21.55.29:789][998]LogShaderCompilers: Display: Worker (2/5): shaders left to compile 57
[2021.01.26-21.55.29:789][998]LogShaderCompilers: Display: Worker (3/5): shaders left to compile 56
[2021.01.26-21.55.29:789][998]LogShaderCompilers: Display: Worker (1/5): shaders left to compile 55
[2021.01.26-21.55.29:789][998]LogShaderCompilers: Display: Worker (4/5): shaders left to compile 54
[2021.01.26-21.55.29:789][998]LogShaderCompilers: Display: Worker (2/5): shaders left to compile 53
[2021.01.26-21.55.29:789][998]LogShaderCompilers: Display: Worker (1/5): shaders left to compile 52
[2021.01.26-21.55.29:789][998]LogShaderCompilers: Display: Worker (3/5): shaders left to compile 51
[2021.01.26-21.55.29:789][998]LogShaderCompilers: Display: Worker (3/5): shaders left to compile 50
[2021.01.26-21.55.29:789][998]LogShaderCompilers: Display: Worker (1/5): shaders left to compile 49
[2021.01.26-21.55.29:789][998]LogShaderCompilers: Display: Worker (4/5): shaders left to compile 39
[2021.01.26-21.55.29:789][998]LogShaderCompilers: Display: Worker (2/5): shaders left to compile 29
[2021.01.26-21.55.29:790][998]LogShaderCompilers: Display: Worker (3/5): shaders left to compile 21
[2021.01.26-21.55.29:799][998]TextureStreamingBuild: Display: Compiling optional shaders took 2.772 seconds.
[2021.01.26-21.55.29:833][998]LogUObjectHash: Compacting FUObjectHashTables data took   1.66ms
[2021.01.26-21.55.30:865][ 77]LogWorld: UWorld::CleanupWorld for World_4, bSessionEnded=true, bCleanupResources=true
[2021.01.26-21.55.30:865][ 77]LogSlate: InvalidateAllWidgets triggered.  All widgets were invalidated
[2021.01.26-21.55.32:430][202]LogShaderCompilers: Display: Worker (4/5): shaders left to compile 15
[2021.01.26-21.55.32:714][221]LogShaderCompilers: Display: Worker (1/5): shaders left to compile 11
[2021.01.26-21.55.33:378][260]LogShaderCompilers: Display: Worker (2/5): shaders left to compile 8
[2021.01.26-21.55.33:573][267]LogShaderCompilers: Display: Worker (3/5): shaders left to compile 5
[2021.01.26-21.55.34:896][353]LogShaderCompilers: Display: Worker (1/5): shaders left to compile 3
[2021.01.26-21.55.34:934][355]LogShaderCompilers: Display: Worker (3/5): shaders left to compile 2
[2021.01.26-21.55.35:287][377]LogShaderCompilers: Display: Worker (3/5): shaders left to compile 1
[2021.01.26-21.55.42:774][241]Cmd: OBJ SAVEPACKAGE PACKAGE="/Game/MyAssets/TVAssets/Textures/TV" FILE="../../../../Phosphorous/Phosphorous/Content/MyAssets/TVAssets/Textures/TV.uasset" SILENT=true
[2021.01.26-21.55.42:786][241]LogSavePackage: Moving '../../../../Phosphorous/Phosphorous/Saved/TV65DA3E184F23D01B475D02BC02735FF8.tmp' to '../../../../Phosphorous/Phosphorous/Content/MyAssets/TVAssets/Textures/TV.uasset'
[2021.01.26-21.55.42:789][241]Cmd: OBJ SAVEPACKAGE PACKAGE="/Game/MyAssets/TVAssets/Textures/TV_alpha" FILE="../../../../Phosphorous/Phosphorous/Content/MyAssets/TVAssets/Textures/TV_alpha.uasset" SILENT=true
[2021.01.26-21.55.42:796][241]LogSavePackage: Moving '../../../../Phosphorous/Phosphorous/Saved/TV_alpha9DD6BDE041D2BEE036CF9097FEFD326A.tmp' to '../../../../Phosphorous/Phosphorous/Content/MyAssets/TVAssets/Textures/TV_alpha.uasset'
[2021.01.26-21.55.42:800][241]Cmd: OBJ SAVEPACKAGE PACKAGE="/Game/MyAssets/TVAssets/Textures/Tv_Stand_" FILE="../../../../Phosphorous/Phosphorous/Content/MyAssets/TVAssets/Textures/Tv_Stand_.uasset" SILENT=true
[2021.01.26-21.55.42:835][241]LogSavePackage: Moving '../../../../Phosphorous/Phosphorous/Saved/Tv_Stand_FFBB824148963765178BD9B11AC3AFFB.tmp' to '../../../../Phosphorous/Phosphorous/Content/MyAssets/TVAssets/Textures/Tv_Stand_.uasset'
[2021.01.26-21.55.42:839][241]Cmd: OBJ SAVEPACKAGE PACKAGE="/Game/MyAssets/TVAssets/Textures/Tv_Stand_alpha" FILE="../../../../Phosphorous/Phosphorous/Content/MyAssets/TVAssets/Textures/Tv_Stand_alpha.uasset" SILENT=true
[2021.01.26-21.55.42:847][241]LogSavePackage: Moving '../../../../Phosphorous/Phosphorous/Saved/Tv_Stand_alpha01B0221E41818D557EB145A2AF198512.tmp' to '../../../../Phosphorous/Phosphorous/Content/MyAssets/TVAssets/Textures/Tv_Stand_alpha.uasset'
[2021.01.26-21.55.43:269][241]LogUObjectHash: Compacting FUObjectHashTables data took   2.46ms
[2021.01.26-21.55.43:297][241]LogUObjectHash: Compacting FUObjectHashTables data took   0.87ms
[2021.01.26-21.55.43:322][241]LogUObjectHash: Compacting FUObjectHashTables data took   0.82ms
[2021.01.26-21.55.43:345][241]LogUObjectHash: Compacting FUObjectHashTables data took   0.82ms
[2021.01.26-21.55.43:377][241]LogUObjectHash: Compacting FUObjectHashTables data took   2.25ms
[2021.01.26-21.55.43:400][241]LogUObjectHash: Compacting FUObjectHashTables data took   0.78ms
[2021.01.26-21.55.43:411][241]Cmd: OBJ SAVEPACKAGE PACKAGE="/Game/MyAssets/TVAssets/Materials/M_TV" FILE="../../../../Phosphorous/Phosphorous/Content/MyAssets/TVAssets/Materials/M_TV.uasset" SILENT=true
[2021.01.26-21.55.43:446][241]LogSavePackage: Moving '../../../../Phosphorous/Phosphorous/Saved/M_TVD87F4D104443A98CA158E6A020C7A86C.tmp' to '../../../../Phosphorous/Phosphorous/Content/MyAssets/TVAssets/Materials/M_TV.uasset'
[2021.01.26-21.55.43:460][241]Cmd: OBJ SAVEPACKAGE PACKAGE="/Game/MyAssets/TVAssets/Materials/M_TV_Stand" FILE="../../../../Phosphorous/Phosphorous/Content/MyAssets/TVAssets/Materials/M_TV_Stand.uasset" SILENT=true
[2021.01.26-21.55.43:484][241]LogSavePackage: Moving '../../../../Phosphorous/Phosphorous/Saved/M_TV_Stand407E496C41BA988533CEC6A1944E4D4D.tmp' to '../../../../Phosphorous/Phosphorous/Content/MyAssets/TVAssets/Materials/M_TV_Stand.uasset'
[2021.01.26-21.55.43:558][241]AssetCheck: New page: Asset Save: multiple assets
[2021.01.26-21.55.43:558][241]LogContentValidation: Display: Validating Texture2D /Game/MyAssets/TVAssets/Textures/TV.TV
[2021.01.26-21.55.43:558][241]LogContentValidation: Display: Validating Texture2D /Game/MyAssets/TVAssets/Textures/TV_alpha.TV_alpha
[2021.01.26-21.55.43:558][241]LogContentValidation: Display: Validating Texture2D /Game/MyAssets/TVAssets/Textures/Tv_Stand_.Tv_Stand_
[2021.01.26-21.55.43:558][241]LogContentValidation: Display: Validating Texture2D /Game/MyAssets/TVAssets/Textures/Tv_Stand_alpha.Tv_Stand_alpha
[2021.01.26-21.55.43:558][241]LogContentValidation: Display: Validating Material /Game/MyAssets/TVAssets/Materials/M_TV.M_TV
[2021.01.26-21.55.43:558][241]LogContentValidation: Display: Validating Material /Game/MyAssets/TVAssets/Materials/M_TV_Stand.M_TV_Stand
