Log file open, 03/17/21 14:38:51
LogWindows: Failed to load 'aqProf.dll' (GetLastError=126)
LogWindows: File 'aqProf.dll' does not exist
LogWindows: Failed to load 'VtuneApi.dll' (GetLastError=126)
LogWindows: File 'VtuneApi.dll' does not exist
LogWindows: Failed to load 'VtuneApi32e.dll' (GetLastError=126)
LogWindows: File 'VtuneApi32e.dll' does not exist
LogConsoleResponse: Display: Failed to find resolution value strings in scalability ini. Falling back to default.
LogInit: Display: Running engine for game: Phosphorous
LogPlatformFile: Not using cached read wrapper
LogTaskGraph: Started task graph with 5 named threads and 35 total threads with 3 sets of task threads.
LogStats: Stats thread started at 0.093493
LogD3D11RHI: Loaded GFSDK_Aftermath_Lib.x64.dll
LogICUInternationalization: ICU TimeZone Detection - Raw Offset: -8:00, Platform Override: ''
LogPluginManager: Mounting plugin Paper2D
LogPluginManager: Mounting plugin AISupport
LogPluginManager: Mounting plugin LightPropagationVolume
LogPluginManager: Mounting plugin ActorLayerUtilities
LogPluginManager: Mounting plugin AnimationSharing
LogPluginManager: Mounting plugin CLionSourceCodeAccess
LogPluginManager: Mounting plugin CodeLiteSourceCodeAccess
LogPluginManager: Mounting plugin GitSourceControl
LogPluginManager: Mounting plugin KDevelopSourceCodeAccess
LogPluginManager: Mounting plugin NullSourceCodeAccess
LogPluginManager: Mounting plugin PerforceSourceControl
LogPluginManager: Mounting plugin PlasticSourceControl
LogPluginManager: Mounting plugin SubversionSourceControl
LogPluginManager: Mounting plugin UObjectPlugin
LogPluginManager: Mounting plugin VisualStudioCodeSourceCodeAccess
LogPluginManager: Mounting plugin VisualStudioSourceCodeAccess
LogPluginManager: Mounting plugin XCodeSourceCodeAccess
LogPluginManager: Mounting plugin AssetManagerEditor
LogPluginManager: Mounting plugin CryptoKeys
LogPluginManager: Mounting plugin CurveEditorTools
LogPluginManager: Mounting plugin DataValidation
LogPluginManager: Mounting plugin FacialAnimation
LogPluginManager: Mounting plugin GameplayTagsEditor
LogPluginManager: Mounting plugin MacGraphicsSwitching
LogPluginManager: Mounting plugin MaterialAnalyzer
LogPluginManager: Mounting plugin MobileLauncherProfileWizard
LogPluginManager: Mounting plugin PluginBrowser
LogPluginManager: Mounting plugin SpeedTreeImporter
LogPluginManager: Mounting plugin DatasmithContent
LogPluginManager: Mounting plugin VariantManagerContent
LogPluginManager: Mounting plugin AlembicImporter
LogPluginManager: Mounting plugin AutomationUtils
LogPluginManager: Mounting plugin BackChannel
LogPluginManager: Mounting plugin CharacterAI
LogPluginManager: Mounting plugin GeometryCache
LogPluginManager: Mounting plugin PlatformCrypto
LogPluginManager: Mounting plugin ProxyLODPlugin
LogPluginManager: Mounting plugin SkeletalReduction
LogPluginManager: Mounting plugin MagicLeap
LogPluginManager: Mounting plugin MagicLeapMedia
LogPluginManager: Mounting plugin MLSDK
LogPluginManager: Mounting plugin AndroidMedia
LogPluginManager: Mounting plugin AvfMedia
LogPluginManager: Mounting plugin ImgMedia
LogPluginManager: Mounting plugin MediaCompositing
LogPluginManager: Mounting plugin MediaPlayerEditor
LogPluginManager: Mounting plugin WebMMedia
LogPluginManager: Mounting plugin WmfMedia
LogPluginManager: Mounting plugin TcpMessaging
LogPluginManager: Mounting plugin UdpMessaging
LogPluginManager: Mounting plugin ActorSequence
LogPluginManager: Mounting plugin LevelSequenceEditor
LogPluginManager: Mounting plugin MatineeToLevelSequence
LogPluginManager: Mounting plugin NetcodeUnitTest
LogPluginManager: Mounting plugin NUTUnrealEngine4
LogPluginManager: Mounting plugin OnlineSubsystemGooglePlay
LogPluginManager: Mounting plugin OnlineSubsystemIOS
LogPluginManager: Mounting plugin OnlineSubsystem
LogPluginManager: Mounting plugin OnlineSubsystemNull
LogPluginManager: Mounting plugin OnlineSubsystemUtils
LogPluginManager: Mounting plugin LauncherChunkInstaller
LogPluginManager: Mounting plugin AndroidDeviceProfileSelector
LogPluginManager: Mounting plugin AndroidMoviePlayer
LogPluginManager: Mounting plugin AndroidPermission
LogPluginManager: Mounting plugin AppleImageUtils
LogPluginManager: Mounting plugin AppleMoviePlayer
LogPluginManager: Mounting plugin ArchVisCharacter
LogPluginManager: Mounting plugin AssetTags
LogPluginManager: Mounting plugin AudioCapture
LogPluginManager: Mounting plugin CableComponent
LogPluginManager: Mounting plugin CustomMeshComponent
LogPluginManager: Mounting plugin EditableMesh
LogPluginManager: Mounting plugin ExampleDeviceProfileSelector
LogPluginManager: Mounting plugin GoogleCloudMessaging
LogPluginManager: Mounting plugin IOSDeviceProfileSelector
LogPluginManager: Mounting plugin LinuxDeviceProfileSelector
LogPluginManager: Mounting plugin LocationServicesBPLibrary
LogPluginManager: Mounting plugin MobilePatchingUtils
LogPluginManager: Mounting plugin PhysXVehicles
LogPluginManager: Mounting plugin PostSplashScreen
LogPluginManager: Mounting plugin ProceduralMeshComponent
LogPluginManager: Mounting plugin RuntimePhysXCooking
LogPluginManager: Mounting plugin SignificanceManager
LogPluginManager: Mounting plugin WebMMoviePlayer
LogPluginManager: Mounting plugin WindowsMoviePlayer
LogPluginManager: Mounting plugin ScreenshotTools
LogInit: Using libcurl 7.55.1-DEV
LogInit:  - built for x86_64-pc-win32
LogInit:  - supports SSL with OpenSSL/1.1.1
LogInit:  - supports HTTP deflate (compression) using libz 1.2.8
LogInit:  - other features:
LogInit:      CURL_VERSION_SSL
LogInit:      CURL_VERSION_LIBZ
LogInit:      CURL_VERSION_IPV6
LogInit:      CURL_VERSION_ASYNCHDNS
LogInit:      CURL_VERSION_LARGEFILE
LogInit:      CURL_VERSION_IDN
LogInit:  CurlRequestOptions (configurable via config and command line):
LogInit:  - bVerifyPeer = true  - Libcurl will verify peer certificate
LogInit:  - bUseHttpProxy = false  - Libcurl will NOT use HTTP proxy
LogInit:  - bDontReuseConnections = false  - Libcurl will reuse connections
LogInit:  - MaxHostConnections = 16  - Libcurl will limit the number of connections to a host
LogInit:  - LocalHostAddr = Default
LogInit:  - BufferSize = 65536
LogOnline: OSS: Creating online subsystem instance for: NULL
LogInit: WinSock: version 1.1 (2.2), MaxSocks=32767, MaxUdp=65467
LogOnline: OSS: TryLoadSubsystemAndSetDefault: Loaded subsystem for module [NULL]
LogInit: Build: ++UE4+Release-4.24-CL-11590370
LogInit: Engine Version: 4.24.3-11590370+++UE4+Release-4.24
LogInit: Compatible Engine Version: 4.24.0-10570792+++UE4+Release-4.24
LogInit: Net CL: 10570792
LogInit: OS: Windows 10 (Release 2004) (), CPU: Intel(R) Core(TM) i7-8700K CPU @ 3.70GHz, GPU: NVIDIA GeForce GTX 1080 Ti
LogInit: Compiled (64-bit): Feb 24 2020 15:39:18
LogInit: Compiled with Visual C++: 19.16.27032.01
LogInit: Build Configuration: Development
LogInit: Branch Name: ++UE4+Release-4.24
LogInit: Command Line: 
LogInit: Base Directory: D:/APPS/UE_4.24/Engine/Binaries/Win64/
LogInit: Installed Engine Build: 1
LogDevObjectVersion: Number of dev versions registered: 25
LogDevObjectVersion:   Dev-Blueprints (B0D832E4-1F89-4F0D-ACCF-7EB736FD4AA2): 10
LogDevObjectVersion:   Dev-Build (E1C64328-A22C-4D53-A36C-8E866417BD8C): 0
LogDevObjectVersion:   Dev-Core (375EC13C-06E4-48FB-B500-84F0262A717E): 3
LogDevObjectVersion:   Dev-Editor (E4B068ED-F494-42E9-A231-DA0B2E46BB41): 37
LogDevObjectVersion:   Dev-Framework (CFFC743F-43B0-4480-9391-14DF171D2073): 36
LogDevObjectVersion:   Dev-Mobile (B02B49B5-BB20-44E9-A304-32B752E40360): 2
LogDevObjectVersion:   Dev-Networking (A4E4105C-59A1-49B5-A7C5-40C4547EDFEE): 0
LogDevObjectVersion:   Dev-Online (39C831C9-5AE6-47DC-9A44-9C173E1C8E7C): 0
LogDevObjectVersion:   Dev-Physics (78F01B33-EBEA-4F98-B9B4-84EACCB95AA2): 2
LogDevObjectVersion:   Dev-Platform (6631380F-2D4D-43E0-8009-CF276956A95A): 0
LogDevObjectVersion:   Dev-Rendering (12F88B9F-8875-4AFC-A67C-D90C383ABD29): 36
LogDevObjectVersion:   Dev-Sequencer (7B5AE74C-D270-4C10-A958-57980B212A5A): 11
LogDevObjectVersion:   Dev-VR (D7296918-1DD6-4BDD-9DE2-64A83CC13884): 2
LogDevObjectVersion:   Dev-LoadTimes (C2A15278-BFE7-4AFE-6C17-90FF531DF755): 1
LogDevObjectVersion:   Private-Geometry (6EACA3D4-40EC-4CC1-B786-8BED09428FC5): 3
LogDevObjectVersion:   Dev-AnimPhys (29E575DD-E0A3-4627-9D10-D276232CDCEA): 17
LogDevObjectVersion:   Dev-Anim (AF43A65D-7FD3-4947-9873-3E8ED9C1BB05): 2
LogDevObjectVersion:   Dev-ReflectionCapture (6B266CEC-1EC7-4B8F-A30B-E4D90942FC07): 1
LogDevObjectVersion:   Dev-Automation (0DF73D61-A23F-47EA-B727-89E90C41499A): 1
LogDevObjectVersion:   FortniteMain (601D1886-AC64-4F84-AA16-D3DE0DEAC7D6): 31
LogDevObjectVersion:   Dev-Enterprise (9DFFBCD6-494F-0158-E221-12823C92A888): 8
LogDevObjectVersion:   Dev-Niagara (F2AED0AC-9AFE-416F-8664-AA7FFA26D6FC): 1
LogDevObjectVersion:   Dev-Destruction (174F1F0B-B4C6-45A5-B13F-2EE8D0FB917D): 9
LogDevObjectVersion:   Dev-Physics-Ext (35F94A83-E258-406C-A318-09F59610247C): 8
LogDevObjectVersion:   Dev-CineCamera (B2E18506-4273-CFC2-A54E-F4BB758BBA07): 1
LogInit: Presizing for max 25165824 objects, including 0 objects not considered by GC, pre-allocating 0 bytes for permanent pool.
LogInit: Object subsystem initialized
LogConfig: Setting CVar [[con.DebugEarlyDefault:1]]
LogConfig: Setting CVar [[r.setres:1280x720]]
[2021.03.17-21.38.52:102][  0]LogConfig: Setting CVar [[r.VSync:0]]
[2021.03.17-21.38.52:102][  0]LogConfig: Setting CVar [[r.RHICmdBypass:0]]
[2021.03.17-21.38.52:102][  0]LogConfig: Applying CVar settings from Section [/Script/Engine.RendererSettings] File [E:/UNREAL TRIALS/Phosphorous_BP_repo/Phosphorous/Saved/Config/Windows/Engine.ini]
[2021.03.17-21.38.52:102][  0]LogConfig: Setting CVar [[r.GPUCrashDebugging:0]]
[2021.03.17-21.38.52:102][  0]LogConfig: Applying CVar settings from Section [/Script/Engine.RendererOverrideSettings] File [E:/UNREAL TRIALS/Phosphorous_BP_repo/Phosphorous/Saved/Config/Windows/Engine.ini]
[2021.03.17-21.38.52:102][  0]LogConfig: Applying CVar settings from Section [/Script/Engine.StreamingSettings] File [E:/UNREAL TRIALS/Phosphorous_BP_repo/Phosphorous/Saved/Config/Windows/Engine.ini]
[2021.03.17-21.38.52:102][  0]LogConfig: Setting CVar [[s.MinBulkDataSizeForAsyncLoading:131072]]
[2021.03.17-21.38.52:102][  0]LogConfig: Setting CVar [[s.AsyncLoadingThreadEnabled:0]]
[2021.03.17-21.38.52:102][  0]LogConfig: Setting CVar [[s.EventDrivenLoaderEnabled:1]]
[2021.03.17-21.38.52:102][  0]LogConfig: Setting CVar [[s.WarnIfTimeLimitExceeded:0]]
[2021.03.17-21.38.52:102][  0]LogConfig: Setting CVar [[s.TimeLimitExceededMultiplier:1.5]]
[2021.03.17-21.38.52:103][  0]LogConfig: Setting CVar [[s.TimeLimitExceededMinTime:0.005]]
[2021.03.17-21.38.52:103][  0]LogConfig: Setting CVar [[s.UseBackgroundLevelStreaming:1]]
[2021.03.17-21.38.52:103][  0]LogConfig: Setting CVar [[s.PriorityAsyncLoadingExtraTime:15.0]]
[2021.03.17-21.38.52:103][  0]LogConfig: Setting CVar [[s.LevelStreamingActorsUpdateTimeLimit:5.0]]
[2021.03.17-21.38.52:103][  0]LogConfig: Setting CVar [[s.PriorityLevelStreamingActorsUpdateExtraTime:5.0]]
[2021.03.17-21.38.52:103][  0]LogConfig: Setting CVar [[s.LevelStreamingComponentsRegistrationGranularity:10]]
[2021.03.17-21.38.52:103][  0]LogConfig: Setting CVar [[s.UnregisterComponentsTimeLimit:1.0]]
[2021.03.17-21.38.52:103][  0]LogConfig: Setting CVar [[s.LevelStreamingComponentsUnregistrationGranularity:5]]
[2021.03.17-21.38.52:103][  0]LogConfig: Setting CVar [[s.FlushStreamingOnExit:1]]
[2021.03.17-21.38.52:103][  0]LogConfig: Applying CVar settings from Section [/Script/Engine.GarbageCollectionSettings] File [E:/UNREAL TRIALS/Phosphorous_BP_repo/Phosphorous/Saved/Config/Windows/Engine.ini]
[2021.03.17-21.38.52:103][  0]LogConfig: Setting CVar [[gc.MaxObjectsNotConsideredByGC:1]]
[2021.03.17-21.38.52:103][  0]LogConfig: Setting CVar [[gc.SizeOfPermanentObjectPool:0]]
[2021.03.17-21.38.52:103][  0]LogConfig: Setting CVar [[gc.FlushStreamingOnGC:0]]
[2021.03.17-21.38.52:103][  0]LogConfig: Setting CVar [[gc.NumRetriesBeforeForcingGC:10]]
[2021.03.17-21.38.52:103][  0]LogConfig: Setting CVar [[gc.AllowParallelGC:1]]
[2021.03.17-21.38.52:103][  0]LogConfig: Setting CVar [[gc.TimeBetweenPurgingPendingKillObjects:61.1]]
[2021.03.17-21.38.52:103][  0]LogConfig: Setting CVar [[gc.MaxObjectsInEditor:25165824]]
[2021.03.17-21.38.52:103][  0]LogConfig: Setting CVar [[gc.IncrementalBeginDestroyEnabled:1]]
[2021.03.17-21.38.52:103][  0]LogConfig: Setting CVar [[gc.CreateGCClusters:1]]
[2021.03.17-21.38.52:103][  0]LogConfig: Setting CVar [[gc.MinGCClusterSize:5]]
[2021.03.17-21.38.52:103][  0]LogConfig: Setting CVar [[gc.ActorClusteringEnabled:0]]
[2021.03.17-21.38.52:103][  0]LogConfig: Setting CVar [[gc.BlueprintClusteringEnabled:0]]
[2021.03.17-21.38.52:103][  0]LogConfig: Setting CVar [[gc.UseDisregardForGCOnDedicatedServers:0]]
[2021.03.17-21.38.52:103][  0]LogConfig: Applying CVar settings from Section [/Script/Engine.NetworkSettings] File [E:/UNREAL TRIALS/Phosphorous_BP_repo/Phosphorous/Saved/Config/Windows/Engine.ini]
[2021.03.17-21.38.52:103][  0]LogConfig: Applying CVar settings from Section [/Script/UnrealEd.CookerSettings] File [E:/UNREAL TRIALS/Phosphorous_BP_repo/Phosphorous/Saved/Config/Windows/Engine.ini]
[2021.03.17-21.38.52:127][  0]LogConfig: Applying CVar settings from Section [ViewDistanceQuality@3] File [E:/UNREAL TRIALS/Phosphorous_BP_repo/Phosphorous/Saved/Config/Windows/Scalability.ini]
[2021.03.17-21.38.52:127][  0]LogConfig: Setting CVar [[r.SkeletalMeshLODBias:0]]
[2021.03.17-21.38.52:127][  0]LogConfig: Setting CVar [[r.ViewDistanceScale:1.0]]
[2021.03.17-21.38.52:127][  0]LogConfig: Applying CVar settings from Section [AntiAliasingQuality@3] File [E:/UNREAL TRIALS/Phosphorous_BP_repo/Phosphorous/Saved/Config/Windows/Scalability.ini]
[2021.03.17-21.38.52:127][  0]LogConfig: Setting CVar [[r.PostProcessAAQuality:4]]
[2021.03.17-21.38.52:127][  0]LogConfig: Applying CVar settings from Section [ShadowQuality@3] File [E:/UNREAL TRIALS/Phosphorous_BP_repo/Phosphorous/Saved/Config/Windows/Scalability.ini]
[2021.03.17-21.38.52:127][  0]LogConfig: Setting CVar [[r.LightFunctionQuality:1]]
[2021.03.17-21.38.52:127][  0]LogConfig: Setting CVar [[r.ShadowQuality:5]]
[2021.03.17-21.38.52:128][  0]LogConfig: Setting CVar [[r.Shadow.CSM.MaxCascades:10]]
[2021.03.17-21.38.52:128][  0]LogConfig: Setting CVar [[r.Shadow.MaxResolution:2048]]
[2021.03.17-21.38.52:128][  0]LogConfig: Setting CVar [[r.Shadow.MaxCSMResolution:2048]]
[2021.03.17-21.38.52:128][  0]LogConfig: Setting CVar [[r.Shadow.RadiusThreshold:0.01]]
[2021.03.17-21.38.52:128][  0]LogConfig: Setting CVar [[r.Shadow.DistanceScale:1.0]]
[2021.03.17-21.38.52:128][  0]LogConfig: Setting CVar [[r.Shadow.CSM.TransitionScale:1.0]]
[2021.03.17-21.38.52:128][  0]LogConfig: Setting CVar [[r.Shadow.PreShadowResolutionFactor:1.0]]
[2021.03.17-21.38.52:128][  0]LogConfig: Setting CVar [[r.DistanceFieldShadowing:1]]
[2021.03.17-21.38.52:128][  0]LogConfig: Setting CVar [[r.DistanceFieldAO:1]]
[2021.03.17-21.38.52:128][  0]LogConfig: Setting CVar [[r.AOQuality:2]]
[2021.03.17-21.38.52:128][  0]LogConfig: Setting CVar [[r.VolumetricFog:1]]
[2021.03.17-21.38.52:128][  0]LogConfig: Setting CVar [[r.VolumetricFog.GridPixelSize:8]]
[2021.03.17-21.38.52:128][  0]LogConfig: Setting CVar [[r.VolumetricFog.GridSizeZ:128]]
[2021.03.17-21.38.52:128][  0]LogConfig: Setting CVar [[r.VolumetricFog.HistoryMissSupersampleCount:4]]
[2021.03.17-21.38.52:128][  0]LogConfig: Setting CVar [[r.LightMaxDrawDistanceScale:1]]
[2021.03.17-21.38.52:128][  0]LogConfig: Setting CVar [[r.CapsuleShadows:1]]
[2021.03.17-21.38.52:128][  0]LogConfig: Applying CVar settings from Section [PostProcessQuality@3] File [E:/UNREAL TRIALS/Phosphorous_BP_repo/Phosphorous/Saved/Config/Windows/Scalability.ini]
[2021.03.17-21.38.52:128][  0]LogConfig: Setting CVar [[r.MotionBlurQuality:4]]
[2021.03.17-21.38.52:128][  0]LogConfig: Setting CVar [[r.AmbientOcclusionMipLevelFactor:0.4]]
[2021.03.17-21.38.52:128][  0]LogConfig: Setting CVar [[r.AmbientOcclusionMaxQuality:100]]
[2021.03.17-21.38.52:128][  0]LogConfig: Setting CVar [[r.AmbientOcclusionLevels:-1]]
[2021.03.17-21.38.52:128][  0]LogConfig: Setting CVar [[r.AmbientOcclusionRadiusScale:1.0]]
[2021.03.17-21.38.52:128][  0]LogConfig: Setting CVar [[r.DepthOfFieldQuality:2]]
[2021.03.17-21.38.52:128][  0]LogConfig: Setting CVar [[r.RenderTargetPoolMin:400]]
[2021.03.17-21.38.52:128][  0]LogConfig: Setting CVar [[r.LensFlareQuality:2]]
[2021.03.17-21.38.52:128][  0]LogConfig: Setting CVar [[r.SceneColorFringeQuality:1]]
[2021.03.17-21.38.52:128][  0]LogConfig: Setting CVar [[r.EyeAdaptationQuality:2]]
[2021.03.17-21.38.52:128][  0]LogConfig: Setting CVar [[r.BloomQuality:5]]
[2021.03.17-21.38.52:128][  0]LogConfig: Setting CVar [[r.FastBlurThreshold:100]]
[2021.03.17-21.38.52:128][  0]LogConfig: Setting CVar [[r.Upscale.Quality:3]]
[2021.03.17-21.38.52:128][  0]LogConfig: Setting CVar [[r.Tonemapper.GrainQuantization:1]]
[2021.03.17-21.38.52:128][  0]LogConfig: Setting CVar [[r.LightShaftQuality:1]]
[2021.03.17-21.38.52:128][  0]LogConfig: Setting CVar [[r.Filter.SizeScale:1]]
[2021.03.17-21.38.52:128][  0]LogConfig: Setting CVar [[r.Tonemapper.Quality:5]]
[2021.03.17-21.38.52:128][  0]LogConfig: Setting CVar [[r.DOF.Gather.AccumulatorQuality:1        ; higher gathering accumulator quality]]
[2021.03.17-21.38.52:128][  0]LogConfig: Setting CVar [[r.DOF.Gather.PostfilterMethod:1          ; Median3x3 postfilering method]]
[2021.03.17-21.38.52:128][  0]LogConfig: Setting CVar [[r.DOF.Gather.EnableBokehSettings:0       ; no bokeh simulation when gathering]]
[2021.03.17-21.38.52:128][  0]LogConfig: Setting CVar [[r.DOF.Gather.RingCount:4                 ; medium number of samples when gathering]]
[2021.03.17-21.38.52:128][  0]LogConfig: Setting CVar [[r.DOF.Scatter.ForegroundCompositing:1    ; additive foreground scattering]]
[2021.03.17-21.38.52:128][  0]LogConfig: Setting CVar [[r.DOF.Scatter.BackgroundCompositing:2    ; additive background scattering]]
[2021.03.17-21.38.52:128][  0]LogConfig: Setting CVar [[r.DOF.Scatter.EnableBokehSettings:1      ; bokeh simulation when scattering]]
[2021.03.17-21.38.52:128][  0]LogConfig: Setting CVar [[r.DOF.Scatter.MaxSpriteRatio:0.1         ; only a maximum of 10% of scattered bokeh]]
[2021.03.17-21.38.52:128][  0]LogConfig: Setting CVar [[r.DOF.Recombine.Quality:1                ; cheap slight out of focus]]
[2021.03.17-21.38.52:128][  0]LogConfig: Setting CVar [[r.DOF.Recombine.EnableBokehSettings:0    ; no bokeh simulation on slight out of focus]]
[2021.03.17-21.38.52:128][  0]LogConfig: Setting CVar [[r.DOF.TemporalAAQuality:1                ; more stable temporal accumulation]]
[2021.03.17-21.38.52:128][  0]LogConfig: Setting CVar [[r.DOF.Kernel.MaxForegroundRadius:0.025]]
[2021.03.17-21.38.52:128][  0]LogConfig: Setting CVar [[r.DOF.Kernel.MaxBackgroundRadius:0.025]]
[2021.03.17-21.38.52:128][  0]LogConfig: Applying CVar settings from Section [TextureQuality@3] File [E:/UNREAL TRIALS/Phosphorous_BP_repo/Phosphorous/Saved/Config/Windows/Scalability.ini]
[2021.03.17-21.38.52:128][  0]LogConfig: Setting CVar [[r.Streaming.MipBias:0]]
[2021.03.17-21.38.52:128][  0]LogConfig: Setting CVar [[r.Streaming.AmortizeCPUToGPUCopy:0]]
[2021.03.17-21.38.52:128][  0]LogConfig: Setting CVar [[r.Streaming.MaxNumTexturesToStreamPerFrame:0]]
[2021.03.17-21.38.52:128][  0]LogConfig: Setting CVar [[r.Streaming.Boost:1]]
[2021.03.17-21.38.52:128][  0]LogConfig: Setting CVar [[r.MaxAnisotropy:8]]
[2021.03.17-21.38.52:128][  0]LogConfig: Setting CVar [[r.VT.MaxAnisotropy:8]]
[2021.03.17-21.38.52:128][  0]LogConfig: Setting CVar [[r.Streaming.LimitPoolSizeToVRAM:0]]
[2021.03.17-21.38.52:129][  0]LogConfig: Setting CVar [[r.Streaming.PoolSize:1000]]
[2021.03.17-21.38.52:129][  0]LogConfig: Setting CVar [[r.Streaming.MaxEffectiveScreenSize:0]]
[2021.03.17-21.38.52:129][  0]LogConfig: Applying CVar settings from Section [EffectsQuality@3] File [E:/UNREAL TRIALS/Phosphorous_BP_repo/Phosphorous/Saved/Config/Windows/Scalability.ini]
[2021.03.17-21.38.52:129][  0]LogConfig: Setting CVar [[r.TranslucencyLightingVolumeDim:64]]
[2021.03.17-21.38.52:129][  0]LogConfig: Setting CVar [[r.RefractionQuality:2]]
[2021.03.17-21.38.52:129][  0]LogConfig: Setting CVar [[r.SSR.Quality:3]]
[2021.03.17-21.38.52:129][  0]LogConfig: Setting CVar [[r.SSR.HalfResSceneColor:0]]
[2021.03.17-21.38.52:129][  0]LogConfig: Setting CVar [[r.SceneColorFormat:4]]
[2021.03.17-21.38.52:129][  0]LogConfig: Setting CVar [[r.DetailMode:2]]
[2021.03.17-21.38.52:129][  0]LogConfig: Setting CVar [[r.TranslucencyVolumeBlur:1]]
[2021.03.17-21.38.52:129][  0]LogConfig: Setting CVar [[r.MaterialQualityLevel:1 ; High quality]]
[2021.03.17-21.38.52:129][  0]LogConfig: Setting CVar [[r.SSS.Scale:1]]
[2021.03.17-21.38.52:129][  0]LogConfig: Setting CVar [[r.SSS.SampleSet:2]]
[2021.03.17-21.38.52:129][  0]LogConfig: Setting CVar [[r.SSS.Quality:1]]
[2021.03.17-21.38.52:129][  0]LogConfig: Setting CVar [[r.SSS.HalfRes:1]]
[2021.03.17-21.38.52:129][  0]LogConfig: Setting CVar [[r.SSGI.Quality:3]]
[2021.03.17-21.38.52:129][  0]LogConfig: Setting CVar [[r.EmitterSpawnRateScale:1.0]]
[2021.03.17-21.38.52:129][  0]LogConfig: Setting CVar [[r.ParticleLightQuality:2]]
[2021.03.17-21.38.52:129][  0]LogConfig: Setting CVar [[r.SkyAtmosphere.AerialPerspectiveLUT.FastApplyOnOpaque:1 ; Always have FastSkyLUT 1 in this case to avoid wrong sky]]
[2021.03.17-21.38.52:129][  0]LogConfig: Setting CVar [[r.SkyAtmosphere.AerialPerspectiveLUT.SampleCountPerSlice:1]]
[2021.03.17-21.38.52:129][  0]LogConfig: Setting CVar [[r.SkyAtmosphere.AerialPerspectiveLUT.DepthResolution:16.0]]
[2021.03.17-21.38.52:129][  0]LogConfig: Setting CVar [[r.SkyAtmosphere.FastSkyLUT:1]]
[2021.03.17-21.38.52:129][  0]LogConfig: Setting CVar [[r.SkyAtmosphere.FastSkyLUT.SampleCountMin:4.0]]
[2021.03.17-21.38.52:129][  0]LogConfig: Setting CVar [[r.SkyAtmosphere.FastSkyLUT.SampleCountMax:32.0]]
[2021.03.17-21.38.52:129][  0]LogConfig: Setting CVar [[r.SkyAtmosphere.SampleCountMin:4.0]]
[2021.03.17-21.38.52:129][  0]LogConfig: Setting CVar [[r.SkyAtmosphere.SampleCountMax:32.0]]
[2021.03.17-21.38.52:129][  0]LogConfig: Setting CVar [[r.SkyAtmosphere.TransmittanceLUT.UseSmallFormat:0]]
[2021.03.17-21.38.52:129][  0]LogConfig: Setting CVar [[r.SkyAtmosphere.TransmittanceLUT.SampleCount:10.0]]
[2021.03.17-21.38.52:129][  0]LogConfig: Setting CVar [[r.SkyAtmosphere.MultiScatteringLUT.SampleCount:15.0]]
[2021.03.17-21.38.52:129][  0]LogConfig: Applying CVar settings from Section [FoliageQuality@3] File [E:/UNREAL TRIALS/Phosphorous_BP_repo/Phosphorous/Saved/Config/Windows/Scalability.ini]
[2021.03.17-21.38.52:129][  0]LogConfig: Setting CVar [[foliage.DensityScale:1.0]]
[2021.03.17-21.38.52:129][  0]LogConfig: Setting CVar [[grass.DensityScale:1.0]]
[2021.03.17-21.38.52:129][  0]LogConfig: Applying CVar settings from Section [ShadingQuality@3] File [E:/UNREAL TRIALS/Phosphorous_BP_repo/Phosphorous/Saved/Config/Windows/Scalability.ini]
[2021.03.17-21.38.52:129][  0]LogConfig: Setting CVar [[r.HairStrands.SkyLighting.SampleCount:16]]
[2021.03.17-21.38.52:129][  0]LogConfig: Setting CVar [[r.HairStrands.SkyLighting.JitterIntegration:0]]
[2021.03.17-21.38.52:129][  0]LogConfig: Setting CVar [[r.HairStrands.SkyAO.SampleCount:16]]
[2021.03.17-21.38.52:129][  0]LogInit: Selected Device Profile: [Windows]
[2021.03.17-21.38.52:129][  0]LogInit: Applying CVar settings loaded from the selected device profile: [Windows]
[2021.03.17-21.38.52:131][  0]LogHAL: Display: Platform has ~ 32 GB [34312470528 / 34359738368 / 32], which maps to Largest [LargestMinGB=32, LargerMinGB=12, DefaultMinGB=8, SmallerMinGB=6, SmallestMinGB=0)
[2021.03.17-21.38.52:131][  0]LogInit: Going up to parent DeviceProfile []
[2021.03.17-21.38.52:131][  0]LogConfig: Applying CVar settings from Section [ViewDistanceQuality@3] File [E:/UNREAL TRIALS/Phosphorous_BP_repo/Phosphorous/Saved/Config/Windows/Scalability.ini]
[2021.03.17-21.38.52:131][  0]LogConfig: Setting CVar [[r.SkeletalMeshLODBias:0]]
[2021.03.17-21.38.52:131][  0]LogConfig: Setting CVar [[r.ViewDistanceScale:1.0]]
[2021.03.17-21.38.52:131][  0]LogConfig: Applying CVar settings from Section [AntiAliasingQuality@3] File [E:/UNREAL TRIALS/Phosphorous_BP_repo/Phosphorous/Saved/Config/Windows/Scalability.ini]
[2021.03.17-21.38.52:131][  0]LogConfig: Setting CVar [[r.PostProcessAAQuality:4]]
[2021.03.17-21.38.52:131][  0]LogConfig: Applying CVar settings from Section [ShadowQuality@3] File [E:/UNREAL TRIALS/Phosphorous_BP_repo/Phosphorous/Saved/Config/Windows/Scalability.ini]
[2021.03.17-21.38.52:131][  0]LogConfig: Setting CVar [[r.LightFunctionQuality:1]]
[2021.03.17-21.38.52:131][  0]LogConfig: Setting CVar [[r.ShadowQuality:5]]
[2021.03.17-21.38.52:131][  0]LogConfig: Setting CVar [[r.Shadow.CSM.MaxCascades:10]]
[2021.03.17-21.38.52:131][  0]LogConfig: Setting CVar [[r.Shadow.MaxResolution:2048]]
[2021.03.17-21.38.52:131][  0]LogConfig: Setting CVar [[r.Shadow.MaxCSMResolution:2048]]
[2021.03.17-21.38.52:131][  0]LogConfig: Setting CVar [[r.Shadow.RadiusThreshold:0.01]]
[2021.03.17-21.38.52:131][  0]LogConfig: Setting CVar [[r.Shadow.DistanceScale:1.0]]
[2021.03.17-21.38.52:131][  0]LogConfig: Setting CVar [[r.Shadow.CSM.TransitionScale:1.0]]
[2021.03.17-21.38.52:131][  0]LogConfig: Setting CVar [[r.Shadow.PreShadowResolutionFactor:1.0]]
[2021.03.17-21.38.52:131][  0]LogConfig: Setting CVar [[r.DistanceFieldShadowing:1]]
[2021.03.17-21.38.52:131][  0]LogConfig: Setting CVar [[r.DistanceFieldAO:1]]
[2021.03.17-21.38.52:131][  0]LogConfig: Setting CVar [[r.AOQuality:2]]
[2021.03.17-21.38.52:131][  0]LogConfig: Setting CVar [[r.VolumetricFog:1]]
[2021.03.17-21.38.52:131][  0]LogConfig: Setting CVar [[r.VolumetricFog.GridPixelSize:8]]
[2021.03.17-21.38.52:131][  0]LogConfig: Setting CVar [[r.VolumetricFog.GridSizeZ:128]]
[2021.03.17-21.38.52:131][  0]LogConfig: Setting CVar [[r.VolumetricFog.HistoryMissSupersampleCount:4]]
[2021.03.17-21.38.52:131][  0]LogConfig: Setting CVar [[r.LightMaxDrawDistanceScale:1]]
[2021.03.17-21.38.52:131][  0]LogConfig: Setting CVar [[r.CapsuleShadows:1]]
[2021.03.17-21.38.52:131][  0]LogConfig: Applying CVar settings from Section [PostProcessQuality@3] File [E:/UNREAL TRIALS/Phosphorous_BP_repo/Phosphorous/Saved/Config/Windows/Scalability.ini]
[2021.03.17-21.38.52:131][  0]LogConfig: Setting CVar [[r.MotionBlurQuality:4]]
[2021.03.17-21.38.52:131][  0]LogConfig: Setting CVar [[r.AmbientOcclusionMipLevelFactor:0.4]]
[2021.03.17-21.38.52:131][  0]LogConfig: Setting CVar [[r.AmbientOcclusionMaxQuality:100]]
[2021.03.17-21.38.52:132][  0]LogConfig: Setting CVar [[r.AmbientOcclusionLevels:-1]]
[2021.03.17-21.38.52:132][  0]LogConfig: Setting CVar [[r.AmbientOcclusionRadiusScale:1.0]]
[2021.03.17-21.38.52:132][  0]LogConfig: Setting CVar [[r.DepthOfFieldQuality:2]]
[2021.03.17-21.38.52:132][  0]LogConfig: Setting CVar [[r.RenderTargetPoolMin:400]]
[2021.03.17-21.38.52:132][  0]LogConfig: Setting CVar [[r.LensFlareQuality:2]]
[2021.03.17-21.38.52:132][  0]LogConfig: Setting CVar [[r.SceneColorFringeQuality:1]]
[2021.03.17-21.38.52:132][  0]LogConfig: Setting CVar [[r.EyeAdaptationQuality:2]]
[2021.03.17-21.38.52:132][  0]LogConfig: Setting CVar [[r.BloomQuality:5]]
[2021.03.17-21.38.52:132][  0]LogConfig: Setting CVar [[r.FastBlurThreshold:100]]
[2021.03.17-21.38.52:132][  0]LogConfig: Setting CVar [[r.Upscale.Quality:3]]
[2021.03.17-21.38.52:132][  0]LogConfig: Setting CVar [[r.Tonemapper.GrainQuantization:1]]
[2021.03.17-21.38.52:132][  0]LogConfig: Setting CVar [[r.LightShaftQuality:1]]
[2021.03.17-21.38.52:132][  0]LogConfig: Setting CVar [[r.Filter.SizeScale:1]]
[2021.03.17-21.38.52:132][  0]LogConfig: Setting CVar [[r.Tonemapper.Quality:5]]
[2021.03.17-21.38.52:132][  0]LogConfig: Setting CVar [[r.DOF.Gather.AccumulatorQuality:1        ; higher gathering accumulator quality]]
[2021.03.17-21.38.52:132][  0]LogConfig: Setting CVar [[r.DOF.Gather.PostfilterMethod:1          ; Median3x3 postfilering method]]
[2021.03.17-21.38.52:132][  0]LogConfig: Setting CVar [[r.DOF.Gather.EnableBokehSettings:0       ; no bokeh simulation when gathering]]
[2021.03.17-21.38.52:132][  0]LogConfig: Setting CVar [[r.DOF.Gather.RingCount:4                 ; medium number of samples when gathering]]
[2021.03.17-21.38.52:132][  0]LogConfig: Setting CVar [[r.DOF.Scatter.ForegroundCompositing:1    ; additive foreground scattering]]
[2021.03.17-21.38.52:132][  0]LogConfig: Setting CVar [[r.DOF.Scatter.BackgroundCompositing:2    ; additive background scattering]]
[2021.03.17-21.38.52:132][  0]LogConfig: Setting CVar [[r.DOF.Scatter.EnableBokehSettings:1      ; bokeh simulation when scattering]]
[2021.03.17-21.38.52:132][  0]LogConfig: Setting CVar [[r.DOF.Scatter.MaxSpriteRatio:0.1         ; only a maximum of 10% of scattered bokeh]]
[2021.03.17-21.38.52:132][  0]LogConfig: Setting CVar [[r.DOF.Recombine.Quality:1                ; cheap slight out of focus]]
[2021.03.17-21.38.52:132][  0]LogConfig: Setting CVar [[r.DOF.Recombine.EnableBokehSettings:0    ; no bokeh simulation on slight out of focus]]
[2021.03.17-21.38.52:132][  0]LogConfig: Setting CVar [[r.DOF.TemporalAAQuality:1                ; more stable temporal accumulation]]
[2021.03.17-21.38.52:132][  0]LogConfig: Setting CVar [[r.DOF.Kernel.MaxForegroundRadius:0.025]]
[2021.03.17-21.38.52:132][  0]LogConfig: Setting CVar [[r.DOF.Kernel.MaxBackgroundRadius:0.025]]
[2021.03.17-21.38.52:132][  0]LogConfig: Applying CVar settings from Section [TextureQuality@3] File [E:/UNREAL TRIALS/Phosphorous_BP_repo/Phosphorous/Saved/Config/Windows/Scalability.ini]
[2021.03.17-21.38.52:132][  0]LogConfig: Setting CVar [[r.Streaming.MipBias:0]]
[2021.03.17-21.38.52:132][  0]LogConfig: Setting CVar [[r.Streaming.AmortizeCPUToGPUCopy:0]]
[2021.03.17-21.38.52:132][  0]LogConfig: Setting CVar [[r.Streaming.MaxNumTexturesToStreamPerFrame:0]]
[2021.03.17-21.38.52:132][  0]LogConfig: Setting CVar [[r.Streaming.Boost:1]]
[2021.03.17-21.38.52:132][  0]LogConfig: Setting CVar [[r.MaxAnisotropy:8]]
[2021.03.17-21.38.52:132][  0]LogConfig: Setting CVar [[r.VT.MaxAnisotropy:8]]
[2021.03.17-21.38.52:132][  0]LogConfig: Setting CVar [[r.Streaming.LimitPoolSizeToVRAM:0]]
[2021.03.17-21.38.52:132][  0]LogConfig: Setting CVar [[r.Streaming.PoolSize:1000]]
[2021.03.17-21.38.52:132][  0]LogConfig: Setting CVar [[r.Streaming.MaxEffectiveScreenSize:0]]
[2021.03.17-21.38.52:132][  0]LogConfig: Applying CVar settings from Section [EffectsQuality@3] File [E:/UNREAL TRIALS/Phosphorous_BP_repo/Phosphorous/Saved/Config/Windows/Scalability.ini]
[2021.03.17-21.38.52:132][  0]LogConfig: Setting CVar [[r.TranslucencyLightingVolumeDim:64]]
[2021.03.17-21.38.52:132][  0]LogConfig: Setting CVar [[r.RefractionQuality:2]]
[2021.03.17-21.38.52:132][  0]LogConfig: Setting CVar [[r.SSR.Quality:3]]
[2021.03.17-21.38.52:132][  0]LogConfig: Setting CVar [[r.SSR.HalfResSceneColor:0]]
[2021.03.17-21.38.52:132][  0]LogConfig: Setting CVar [[r.SceneColorFormat:4]]
[2021.03.17-21.38.52:132][  0]LogConfig: Setting CVar [[r.DetailMode:2]]
[2021.03.17-21.38.52:132][  0]LogConfig: Setting CVar [[r.TranslucencyVolumeBlur:1]]
[2021.03.17-21.38.52:132][  0]LogConfig: Setting CVar [[r.MaterialQualityLevel:1 ; High quality]]
[2021.03.17-21.38.52:132][  0]LogConfig: Setting CVar [[r.SSS.Scale:1]]
[2021.03.17-21.38.52:132][  0]LogConfig: Setting CVar [[r.SSS.SampleSet:2]]
[2021.03.17-21.38.52:132][  0]LogConfig: Setting CVar [[r.SSS.Quality:1]]
[2021.03.17-21.38.52:132][  0]LogConfig: Setting CVar [[r.SSS.HalfRes:1]]
[2021.03.17-21.38.52:132][  0]LogConfig: Setting CVar [[r.SSGI.Quality:3]]
[2021.03.17-21.38.52:132][  0]LogConfig: Setting CVar [[r.EmitterSpawnRateScale:1.0]]
[2021.03.17-21.38.52:132][  0]LogConfig: Setting CVar [[r.ParticleLightQuality:2]]
[2021.03.17-21.38.52:132][  0]LogConfig: Setting CVar [[r.SkyAtmosphere.AerialPerspectiveLUT.FastApplyOnOpaque:1 ; Always have FastSkyLUT 1 in this case to avoid wrong sky]]
[2021.03.17-21.38.52:132][  0]LogConfig: Setting CVar [[r.SkyAtmosphere.AerialPerspectiveLUT.SampleCountPerSlice:1]]
[2021.03.17-21.38.52:132][  0]LogConfig: Setting CVar [[r.SkyAtmosphere.AerialPerspectiveLUT.DepthResolution:16.0]]
[2021.03.17-21.38.52:132][  0]LogConfig: Setting CVar [[r.SkyAtmosphere.FastSkyLUT:1]]
[2021.03.17-21.38.52:132][  0]LogConfig: Setting CVar [[r.SkyAtmosphere.FastSkyLUT.SampleCountMin:4.0]]
[2021.03.17-21.38.52:132][  0]LogConfig: Setting CVar [[r.SkyAtmosphere.FastSkyLUT.SampleCountMax:32.0]]
[2021.03.17-21.38.52:132][  0]LogConfig: Setting CVar [[r.SkyAtmosphere.SampleCountMin:4.0]]
[2021.03.17-21.38.52:132][  0]LogConfig: Setting CVar [[r.SkyAtmosphere.SampleCountMax:32.0]]
[2021.03.17-21.38.52:132][  0]LogConfig: Setting CVar [[r.SkyAtmosphere.TransmittanceLUT.UseSmallFormat:0]]
[2021.03.17-21.38.52:132][  0]LogConfig: Setting CVar [[r.SkyAtmosphere.TransmittanceLUT.SampleCount:10.0]]
[2021.03.17-21.38.52:132][  0]LogConfig: Setting CVar [[r.SkyAtmosphere.MultiScatteringLUT.SampleCount:15.0]]
[2021.03.17-21.38.52:132][  0]LogConfig: Applying CVar settings from Section [FoliageQuality@3] File [E:/UNREAL TRIALS/Phosphorous_BP_repo/Phosphorous/Saved/Config/Windows/Scalability.ini]
[2021.03.17-21.38.52:132][  0]LogConfig: Setting CVar [[foliage.DensityScale:1.0]]
[2021.03.17-21.38.52:133][  0]LogConfig: Setting CVar [[grass.DensityScale:1.0]]
[2021.03.17-21.38.52:133][  0]LogConfig: Applying CVar settings from Section [ShadingQuality@3] File [E:/UNREAL TRIALS/Phosphorous_BP_repo/Phosphorous/Saved/Config/Windows/Scalability.ini]
[2021.03.17-21.38.52:133][  0]LogConfig: Setting CVar [[r.HairStrands.SkyLighting.SampleCount:16]]
[2021.03.17-21.38.52:133][  0]LogConfig: Setting CVar [[r.HairStrands.SkyLighting.JitterIntegration:0]]
[2021.03.17-21.38.52:133][  0]LogConfig: Setting CVar [[r.HairStrands.SkyAO.SampleCount:16]]
[2021.03.17-21.38.52:133][  0]LogConfig: Applying CVar settings from Section [Startup] File [../../../Engine/Config/ConsoleVariables.ini]
[2021.03.17-21.38.52:133][  0]LogConfig: Setting CVar [[net.UseAdaptiveNetUpdateFrequency:0]]
[2021.03.17-21.38.52:133][  0]LogConfig: Setting CVar [[p.chaos.AllowCreatePhysxBodies:1]]
[2021.03.17-21.38.52:133][  0]LogConfig: Applying CVar settings from Section [ConsoleVariables] File [E:/UNREAL TRIALS/Phosphorous_BP_repo/Phosphorous/Saved/Config/Windows/Engine.ini]
[2021.03.17-21.38.52:133][  0]LogInit: Computer: DESKTOP-H5JS6CP
[2021.03.17-21.38.52:133][  0]LogInit: User: IanMichaelJesu
[2021.03.17-21.38.52:133][  0]LogInit: CPU Page size=4096, Cores=6
[2021.03.17-21.38.52:133][  0]LogInit: High frequency timer resolution =10.000000 MHz
[2021.03.17-21.38.52:133][  0]LogMemory: Memory total: Physical=32.0GB (32GB approx)
[2021.03.17-21.38.52:133][  0]LogMemory: Platform Memory Stats for Windows
[2021.03.17-21.38.52:133][  0]LogMemory: Process Physical Memory: 107.55 MB used, 107.56 MB peak
[2021.03.17-21.38.52:133][  0]LogMemory: Process Virtual Memory: 101.53 MB used, 101.53 MB peak
[2021.03.17-21.38.52:133][  0]LogMemory: Physical Memory: 14157.37 MB used,  18565.55 MB free, 32722.92 MB total
[2021.03.17-21.38.52:133][  0]LogMemory: Virtual Memory: 5158.31 MB used,  134212568.00 MB free, 134217728.00 MB total
[2021.03.17-21.38.52:610][  0]LogWindows: WindowsPlatformFeatures enabled
[2021.03.17-21.38.52:676][  0]LogInit: Using OS detected language (en-US).
[2021.03.17-21.38.52:676][  0]LogInit: Using OS detected locale (en-US).
[2021.03.17-21.38.52:678][  0]LogTextLocalizationManager: No specific localization for 'en-US' exists, so the 'en' localization will be used.
[2021.03.17-21.38.52:867][  0]LogInit: Setting process to per monitor DPI aware
[2021.03.17-21.38.52:951][  0]LogSlate: New Slate User Created.  User Index 0, Is Virtual User: 0
[2021.03.17-21.38.52:951][  0]LogSlate: Slate User Registered.  User Index 0, Is Virtual User: 0
[2021.03.17-21.38.53:269][  0]LogD3D11RHI: D3D11 min allowed feature level: 11_0
[2021.03.17-21.38.53:269][  0]LogD3D11RHI: D3D11 max allowed feature level: 11_0
[2021.03.17-21.38.53:269][  0]LogD3D11RHI: D3D11 adapters:
[2021.03.17-21.38.53:374][  0]LogD3D11RHI:    0. 'NVIDIA GeForce GTX 1080 Ti' (Feature Level 11_0)
[2021.03.17-21.38.53:374][  0]LogD3D11RHI:       11127/0/16361 MB DedicatedVideo/DedicatedSystem/SharedSystem, Outputs:4, VendorId:0x10de
[2021.03.17-21.38.53:378][  0]LogD3D11RHI:    1. 'Microsoft Basic Render Driver' (Feature Level 11_0)
[2021.03.17-21.38.53:378][  0]LogD3D11RHI:       0/0/16361 MB DedicatedVideo/DedicatedSystem/SharedSystem, Outputs:0, VendorId:0x1414
[2021.03.17-21.38.53:378][  0]LogD3D11RHI: Chosen D3D11 Adapter: 0
[2021.03.17-21.38.53:387][  0]LogD3D11RHI: Creating new Direct3DDevice
[2021.03.17-21.38.53:388][  0]LogD3D11RHI:     GPU DeviceId: 0x1b06 (for the marketing name, search the web for "GPU Device Id")
[2021.03.17-21.38.53:388][  0]LogWindows: EnumDisplayDevices:
[2021.03.17-21.38.53:388][  0]LogWindows:    0. 'NVIDIA GeForce GTX 1080 Ti' (P:1 D:1)
[2021.03.17-21.38.53:388][  0]LogWindows:    1. 'NVIDIA GeForce GTX 1080 Ti' (P:0 D:1)
[2021.03.17-21.38.53:389][  0]LogWindows:    2. 'NVIDIA GeForce GTX 1080 Ti' (P:0 D:1)
[2021.03.17-21.38.53:389][  0]LogWindows:    3. 'NVIDIA GeForce GTX 1080 Ti' (P:0 D:1)
[2021.03.17-21.38.53:389][  0]LogWindows: DebugString: FoundDriverCount:4 
[2021.03.17-21.38.53:389][  0]LogD3D11RHI:     Adapter Name: NVIDIA GeForce GTX 1080 Ti
[2021.03.17-21.38.53:389][  0]LogD3D11RHI:   Driver Version: 461.40 (internal:27.21.14.6140, unified:461.40)
[2021.03.17-21.38.53:389][  0]LogD3D11RHI:      Driver Date: 1-22-2021
[2021.03.17-21.38.53:389][  0]LogRHI: Texture pool is 7788 MB (70% of 11127 MB)
[2021.03.17-21.38.53:471][  0]LogD3D11RHI: RHI has support for 64 bit atomics
[2021.03.17-21.38.53:472][  0]LogD3D11RHI: Async texture creation enabled
[2021.03.17-21.38.53:495][  0]LogD3D11RHI: GPU Timing Frequency: 1000.000000 (Debug: 2 1)
[2021.03.17-21.38.54:048][  0]LogTargetPlatformManager: Display: Loaded TargetPlatform 'AllDesktop'
[2021.03.17-21.38.54:081][  0]LogTargetPlatformManager: Display: Loaded TargetPlatform 'Android'
[2021.03.17-21.38.54:081][  0]LogTargetPlatformManager: Display: Loaded TargetPlatform 'Android_ASTC'
[2021.03.17-21.38.54:081][  0]LogTargetPlatformManager: Display: Loaded TargetPlatform 'Android_ATC'
[2021.03.17-21.38.54:081][  0]LogTargetPlatformManager: Display: Loaded TargetPlatform 'Android_DXT'
[2021.03.17-21.38.54:081][  0]LogTargetPlatformManager: Display: Loaded TargetPlatform 'Android_ETC1'
[2021.03.17-21.38.54:081][  0]LogTargetPlatformManager: Display: Loaded TargetPlatform 'Android_ETC1a'
[2021.03.17-21.38.54:081][  0]LogTargetPlatformManager: Display: Loaded TargetPlatform 'Android_ETC2'
[2021.03.17-21.38.54:081][  0]LogTargetPlatformManager: Display: Loaded TargetPlatform 'Android_PVRTC'
[2021.03.17-21.38.54:081][  0]LogTargetPlatformManager: Display: Loaded TargetPlatform 'AndroidClient'
[2021.03.17-21.38.54:081][  0]LogTargetPlatformManager: Display: Loaded TargetPlatform 'Android_ASTCClient'
[2021.03.17-21.38.54:081][  0]LogTargetPlatformManager: Display: Loaded TargetPlatform 'Android_ATCClient'
[2021.03.17-21.38.54:081][  0]LogTargetPlatformManager: Display: Loaded TargetPlatform 'Android_DXTClient'
[2021.03.17-21.38.54:081][  0]LogTargetPlatformManager: Display: Loaded TargetPlatform 'Android_ETC1Client'
[2021.03.17-21.38.54:081][  0]LogTargetPlatformManager: Display: Loaded TargetPlatform 'Android_ETC1aClient'
[2021.03.17-21.38.54:081][  0]LogTargetPlatformManager: Display: Loaded TargetPlatform 'Android_ETC2Client'
[2021.03.17-21.38.54:081][  0]LogTargetPlatformManager: Display: Loaded TargetPlatform 'Android_PVRTCClient'
[2021.03.17-21.38.54:081][  0]LogTargetPlatformManager: Display: Loaded TargetPlatform 'Android_Multi'
[2021.03.17-21.38.54:081][  0]LogTargetPlatformManager: Display: Loaded TargetPlatform 'Android_MultiClient'
[2021.03.17-21.38.54:100][  0]LogTargetPlatformManager: Display: Loaded TargetPlatform 'IOSClient'
[2021.03.17-21.38.54:100][  0]LogTargetPlatformManager: Display: Loaded TargetPlatform 'IOS'
[2021.03.17-21.38.54:107][  0]LogTargetPlatformManager: Display: Loaded TargetPlatform 'LinuxNoEditor'
[2021.03.17-21.38.54:115][  0]LogTargetPlatformManager: Display: Loaded TargetPlatform 'LinuxClient'
[2021.03.17-21.38.54:123][  0]LogTargetPlatformManager: Display: Loaded TargetPlatform 'LinuxServer'
[2021.03.17-21.38.54:131][  0]LogTargetPlatformManager: Display: Loaded TargetPlatform 'LinuxAArch64NoEditor'
[2021.03.17-21.38.54:138][  0]LogTargetPlatformManager: Display: Loaded TargetPlatform 'LinuxAArch64Client'
[2021.03.17-21.38.54:146][  0]LogTargetPlatformManager: Display: Loaded TargetPlatform 'LinuxAArch64Server'
[2021.03.17-21.38.54:170][  0]LogTargetPlatformManager: Display: Loaded TargetPlatform 'Lumin'
[2021.03.17-21.38.54:170][  0]LogTargetPlatformManager: Display: Loaded TargetPlatform 'LuminClient'
[2021.03.17-21.38.54:185][  0]LogTargetPlatformManager: Display: Loaded TargetPlatform 'TVOSClient'
[2021.03.17-21.38.54:185][  0]LogTargetPlatformManager: Display: Loaded TargetPlatform 'TVOS'
[2021.03.17-21.38.54:192][  0]LogTargetPlatformManager: Display: Loaded TargetPlatform 'WindowsNoEditor'
[2021.03.17-21.38.54:202][  0]LogTargetPlatformManager: Display: Loaded TargetPlatform 'Windows'
[2021.03.17-21.38.54:212][  0]LogTargetPlatformManager: Display: Loaded TargetPlatform 'WindowsClient'
[2021.03.17-21.38.54:220][  0]LogTargetPlatformManager: Display: Loaded TargetPlatform 'WindowsServer'
[2021.03.17-21.38.54:220][  0]LogTargetPlatformManager: Display: Building Assets For Windows
[2021.03.17-21.38.54:225][  0]LogAudioDebug: Display: Lib vorbis DLL was dynamically loaded.
[2021.03.17-21.38.54:261][  0]LogShaderCompilers: Guid format shader working directory is 8 characters bigger than the processId version (E:/UNREAL TRIALS/Phosphorous_BP_repo/Phosphorous/Intermediate/Shaders/WorkingDirectory/30676/).
[2021.03.17-21.38.54:261][  0]LogShaderCompilers: Cleaned the shader compiler working directory 'C:/Users/Ian Michael Jesu/AppData/Local/Temp/UnrealShaderWorkingDir/181F156E40B0F8B3CEF163AA2AFB6313/'.
[2021.03.17-21.38.54:262][  0]LogXGEController: Cleaning working directory: C:/Users/Ian Michael Jesu/AppData/Local/Temp/UnrealXGEWorkingDir/
[2021.03.17-21.38.54:262][  0]LogXGEController: Cannot use XGE Controller as Incredibuild is not installed on this machine.
[2021.03.17-21.38.54:262][  0]LogShaderCompilers: Cannot use XGE Shader Compiler as Incredibuild is not installed on this machine.
[2021.03.17-21.38.54:262][  0]LogShaderCompilers: Display: Using Local Shader Compiler.
[2021.03.17-21.38.55:015][  0]LogDerivedDataCache: Display: Max Cache Size: 512 MB
[2021.03.17-21.38.55:079][  0]LogDerivedDataCache: Loaded boot cache 0.06s 78MB C:/Users/Ian Michael Jesu/AppData/Local/UnrealEngine/4.24/DerivedDataCache/Boot.ddc.
[2021.03.17-21.38.55:079][  0]LogDerivedDataCache: Display: Loaded Boot cache: C:/Users/Ian Michael Jesu/AppData/Local/UnrealEngine/4.24/DerivedDataCache/Boot.ddc
[2021.03.17-21.38.55:079][  0]LogDerivedDataCache: FDerivedDataBackendGraph:  Pak pak cache file E:/UNREAL TRIALS/Phosphorous_BP_repo/Phosphorous/DerivedDataCache/DDC.ddp not found, will not use a pak cache.
[2021.03.17-21.38.55:079][  0]LogDerivedDataCache: Unable to find inner node Pak for hierarchical cache Hierarchy.
[2021.03.17-21.38.55:079][  0]LogDerivedDataCache: FDerivedDataBackendGraph:  CompressedPak pak cache file E:/UNREAL TRIALS/Phosphorous_BP_repo/Phosphorous/DerivedDataCache/Compressed.ddp not found, will not use a pak cache.
[2021.03.17-21.38.55:079][  0]LogDerivedDataCache: Unable to find inner node CompressedPak for hierarchical cache Hierarchy.
[2021.03.17-21.38.55:088][  0]LogDerivedDataCache: Display: Pak cache opened for reading ../../../Engine/DerivedDataCache/Compressed.ddp.
[2021.03.17-21.38.55:089][  0]LogDerivedDataCache: FDerivedDataBackendGraph:  EnterprisePak pak cache file ../../../Enterprise/DerivedDataCache/Compressed.ddp not found, will not use a pak cache.
[2021.03.17-21.38.55:089][  0]LogDerivedDataCache: Unable to find inner node EnterprisePak for hierarchical cache Hierarchy.
[2021.03.17-21.38.55:090][  0]LogDerivedDataCache: Using Local data cache path C:/Users/Ian Michael Jesu/AppData/Local/UnrealEngine/Common/DerivedDataCache: Writable
[2021.03.17-21.38.55:090][  0]LogDerivedDataCache: Shared data cache path not found in *engine.ini, will not use an Shared cache.
[2021.03.17-21.38.55:090][  0]LogDerivedDataCache: Unable to find inner node Shared for hierarchical cache Hierarchy.
[2021.03.17-21.38.55:118][  0]LogMaterial: Verifying Global Shaders for PCD3D_SM5
[2021.03.17-21.38.55:120][  0]LogSlate: Using FreeType 2.10.0
[2021.03.17-21.38.55:121][  0]LogSlate: SlateFontServices - WITH_FREETYPE: 1, WITH_HARFBUZZ: 1
[2021.03.17-21.38.55:192][  0]LogAssetRegistry: FAssetRegistry took 0.0021 seconds to start up
[2021.03.17-21.38.55:485][  0]LogInit: Selected Device Profile: [Windows]
[2021.03.17-21.38.55:660][  0]LogMeshReduction: Using QuadricMeshReduction for automatic static mesh reduction
[2021.03.17-21.38.55:660][  0]LogMeshReduction: Using SimplygonMeshReduction for automatic skeletal mesh reduction
[2021.03.17-21.38.55:660][  0]LogMeshReduction: Using ProxyLODMeshReduction for automatic mesh merging
[2021.03.17-21.38.55:660][  0]LogMeshReduction: No distributed automatic mesh merging module available
[2021.03.17-21.38.55:660][  0]LogMeshMerging: No distributed automatic mesh merging module available
[2021.03.17-21.38.55:695][  0]LogNetVersion: Phosphorous 1.0.0, NetCL: 10570792, EngineNetVer: 13, GameNetVer: 0 (Checksum: 1239860017)
[2021.03.17-21.38.57:051][  0]LogPackageLocalizationCache: Processed 8 localized package path(s) for 1 prioritized culture(s) in 0.028520 seconds
[2021.03.17-21.38.57:060][  0]LogUObjectArray: 46099 objects as part of root set at end of initial load.
[2021.03.17-21.38.57:060][  0]LogUObjectAllocator: 8030904 out of 0 bytes used by permanent object pool.
[2021.03.17-21.38.57:060][  0]LogUObjectArray: CloseDisregardForGC: 0/0 objects in disregard for GC pool
[2021.03.17-21.38.57:508][  0]LogTcpMessaging: Initializing TcpMessaging bridge
[2021.03.17-21.38.57:513][  0]LogUdpMessaging: Initializing bridge on interface 0.0.0.0:0 to multicast group 230.0.0.1:6666.
[2021.03.17-21.38.57:572][  0]SourceControl: Source control is disabled
[2021.03.17-21.38.57:572][  0]SourceControl: Source control is disabled
[2021.03.17-21.38.57:574][  0]SourceControl: Source control is disabled
[2021.03.17-21.38.57:576][  0]SourceControl: Source control is disabled
[2021.03.17-21.38.57:578][  0]SourceControl: Source control is disabled
[2021.03.17-21.38.57:686][  0]LogAndroidPermission: UAndroidPermissionCallbackProxy::GetInstance
[2021.03.17-21.38.57:701][  0]LogAudioCaptureCore: Display: No Audio Capture implementations found. Audio input will be silent.
[2021.03.17-21.38.57:701][  0]LogAudioCaptureCore: Display: No Audio Capture implementations found. Audio input will be silent.
[2021.03.17-21.38.57:825][  0]LogEngine: Initializing Engine...
[2021.03.17-21.38.57:827][  0]LogStats: UGameplayTagsManager::InitializeManager -  0.000 s
[2021.03.17-21.38.58:175][  0]LogInit: Initializing FReadOnlyCVARCache
[2021.03.17-21.38.58:187][  0]LogAIModule: Creating AISystem for world Untitled
[2021.03.17-21.38.58:253][  0]LogAudioMixer: Display: Audio Mixer Platform Settings:
[2021.03.17-21.38.58:253][  0]LogAudioMixer: Display: 	Sample Rate:						  48000
[2021.03.17-21.38.58:253][  0]LogAudioMixer: Display: 	Callback Buffer Frame Size Requested: 1024
[2021.03.17-21.38.58:253][  0]LogAudioMixer: Display: 	Callback Buffer Frame Size To Use:	  1024
[2021.03.17-21.38.58:253][  0]LogAudioMixer: Display: 	Number of buffers to queue:			  2
[2021.03.17-21.38.58:253][  0]LogAudioMixer: Display: 	Max Channels (voices):				  32
[2021.03.17-21.38.58:253][  0]LogAudioMixer: Display: 	Number of Async Source Workers:		  0
[2021.03.17-21.38.58:253][  0]LogAudio: Display: AudioDevice MaxSources: 32
[2021.03.17-21.38.58:253][  0]LogAudio: Display: Using built-in audio occlusion.
[2021.03.17-21.38.58:254][  0]LogAudioMixer: Display: Initializing audio mixer.
[2021.03.17-21.38.58:379][  0]LogAudioMixer: Display: Audio Device Output Speaker Info:
[2021.03.17-21.38.58:379][  0]LogAudioMixer: Display: Name: Headset Earphone (2- ASTRO Wireless Transmitter )
[2021.03.17-21.38.58:379][  0]LogAudioMixer: Display: Is Default: Yes
[2021.03.17-21.38.58:379][  0]LogAudioMixer: Display: Sample Rate: 48000
[2021.03.17-21.38.58:379][  0]LogAudioMixer: Display: Channel Count Used: 2
[2021.03.17-21.38.58:379][  0]LogAudioMixer: Display: Device Channel Count: 2
[2021.03.17-21.38.58:379][  0]LogAudioMixer: Display: Channel Order:
[2021.03.17-21.38.58:379][  0]LogAudioMixer: Display: 0: FrontLeft
[2021.03.17-21.38.58:379][  0]LogAudioMixer: Display: 1: FrontRight
[2021.03.17-21.38.58:411][  0]LogAudioMixer: Display: Using Audio Device Headset Earphone (2- ASTRO Wireless Transmitter )
[2021.03.17-21.38.58:421][  0]LogInit: FAudioDevice initialized.
[2021.03.17-21.38.58:421][  0]LogNetVersion: Set ProjectVersion to 1.0.0.0. Version Checksum will be recalculated on next use.
[2021.03.17-21.38.58:708][  0]LogDerivedDataCache: Saved boot cache 0.29s 78MB C:/Users/Ian Michael Jesu/AppData/Local/UnrealEngine/4.24/DerivedDataCache/Boot.ddc.
[2021.03.17-21.38.58:710][  0]LogInit: Texture streaming: Enabled
[2021.03.17-21.38.58:730][  0]LogEngineSessionManager: EngineSessionManager initialized
[2021.03.17-21.38.58:730][  0]LogEditorSessionSummary: Verbose: Initializing EditorSessionSummaryWriter for editor session tracking
[2021.03.17-21.38.58:739][  0]LogEditorSessionSummary: EditorSessionSummaryWriter initialized
[2021.03.17-21.38.58:786][  0]LogInit: Transaction tracking system initialized
[2021.03.17-21.38.58:805][  0]BlueprintLog: New page: Editor Load
[2021.03.17-21.38.58:844][  0]LocalizationService: Localization service is disabled
[2021.03.17-21.38.58:890][  0]LogLinker: Warning: Failed to load '/Game/ThirdPersonBP/ThirdPersonOverview': Can't find file.
[2021.03.17-21.38.58:890][  0]LogLinker: Warning: Failed to load '/Game/ThirdPersonBP/ThirdPersonOverview': Can't find file.
[2021.03.17-21.38.58:890][  0]LogUObjectGlobals: Warning: Failed to find object 'Class /Game/ThirdPersonBP/ThirdPersonOverview.ThirdPersonOverview_C'
[2021.03.17-21.38.59:138][  0]LogCook: Display: Max memory allowance for cook 16384mb min free memory 0mb
[2021.03.17-21.38.59:138][  0]LogCook: Display: Mobile HDR setting 1
[2021.03.17-21.38.59:276][  0]LogFileCache: Scanning file cache for directory 'E:/UNREAL TRIALS/Phosphorous_BP_repo/Phosphorous/Content/' took 0.01s
[2021.03.17-21.38.59:276][  0]SourceControl: Source control is disabled
[2021.03.17-21.38.59:276][  0]Cmd: MAP LOAD FILE="E:/UNREAL TRIALS/Phosphorous_BP_repo/Phosphorous/Content/Levels/Ground_Floor.umap" TEMPLATE=0 SHOWPROGRESS=1 FEATURELEVEL=3
[2021.03.17-21.38.59:277][  0]LightingResults: New page: Lighting Build
[2021.03.17-21.38.59:277][  0]LogWorld: UWorld::CleanupWorld for Untitled, bSessionEnded=true, bCleanupResources=true
[2021.03.17-21.38.59:277][  0]LogSlate: InvalidateAllWidgets triggered.  All widgets were invalidated
[2021.03.17-21.38.59:278][  0]MapCheck: New page: Map Check
[2021.03.17-21.38.59:278][  0]LightingResults: New page: Lighting Build
[2021.03.17-21.38.59:300][  0]LogUObjectHash: Compacting FUObjectHashTables data took   1.42ms
[2021.03.17-21.39.00:440][  0]LogAIModule: Creating AISystem for world Ground_Floor
[2021.03.17-21.39.00:498][  0]LogEditorServer: Finished looking for orphan Actors (0.000 secs)
[2021.03.17-21.39.00:533][  0]LogUObjectHash: Compacting FUObjectHashTables data took   2.43ms
[2021.03.17-21.39.00:538][  0]Cmd: MAP CHECKDEP NOCLEARLOG
[2021.03.17-21.39.00:538][  0]MapCheck: Map check complete: 0 Error(s), 0 Warning(s), took 0.205ms to complete.
[2021.03.17-21.39.00:538][  0]LogFileHelpers: Loading map 'Ground_Floor' took 1.262
[2021.03.17-21.39.00:684][  0]LogSlate: Updating window title bar state: overlay mode, drag disabled, window buttons hidden, title bar hidden
[2021.03.17-21.39.00:690][  0]LogSlate: Updating window title bar state: overlay mode, drag disabled, window buttons hidden, title bar hidden
[2021.03.17-21.39.00:696][  0]LogSlate: Updating window title bar state: overlay mode, drag disabled, window buttons hidden, title bar hidden
[2021.03.17-21.39.00:703][  0]LogSlate: Updating window title bar state: overlay mode, drag disabled, window buttons hidden, title bar hidden
[2021.03.17-21.39.00:714][  0]LogCollectionManager: Loaded 0 collections in 0.001333 seconds
[2021.03.17-21.39.00:727][  0]LogFileCache: Scanning file cache for directory 'E:/UNREAL TRIALS/Phosphorous_BP_repo/Phosphorous/Saved/Collections/' took 0.00s
[2021.03.17-21.39.00:727][  0]LogFileCache: Scanning file cache for directory 'E:/UNREAL TRIALS/Phosphorous_BP_repo/Phosphorous/Content/Developers/IanMichaelJesu/Collections/' took 0.00s
[2021.03.17-21.39.00:727][  0]LogFileCache: Scanning file cache for directory 'E:/UNREAL TRIALS/Phosphorous_BP_repo/Phosphorous/Content/Collections/' took 0.00s
[2021.03.17-21.39.00:727][  0]LogContentBrowser: Native class hierarchy populated in 0.0079 seconds. Added 2997 classes and 701 folders.
[2021.03.17-21.39.00:731][  0]LogContentBrowser: Native class hierarchy updated for 'WidgetCarousel' in 0.0002 seconds. Added 0 classes and 0 folders.
[2021.03.17-21.39.00:835][  0]LogContentBrowser: Native class hierarchy updated for 'AddContentDialog' in 0.0002 seconds. Added 0 classes and 0 folders.
[2021.03.17-21.39.00:842][  0]LogContentBrowser: Native class hierarchy updated for 'SceneOutliner' in 0.0003 seconds. Added 2 classes and 3 folders.
[2021.03.17-21.39.02:018][  0]LogSlate: Took 0.000424 seconds to synchronously load lazily loaded font '../../../Engine/Content/Slate/Fonts/Roboto-Regular.ttf' (155K)
[2021.03.17-21.39.02:020][  0]LogSlate: Took 0.000331 seconds to synchronously load lazily loaded font '../../../Engine/Content/Slate/Fonts/Roboto-Bold.ttf' (160K)
[2021.03.17-21.39.02:025][  0]LogSlate: Took 0.000355 seconds to synchronously load lazily loaded font '../../../Engine/Content/Editor/Slate/Fonts/FontAwesome.ttf' (139K)
[2021.03.17-21.39.02:147][  0]LogRenderer: Reallocating scene render targets to support 1044x636 Format 10 NumSamples 1 (Frame:1).
[2021.03.17-21.39.02:256][  0]LogContentBrowser: Native class hierarchy updated for 'HierarchicalLODOutliner' in 0.0003 seconds. Added 0 classes and 0 folders.
[2021.03.17-21.39.02:256][  0]LogLoad: (Engine Initialization) Total time: 12.91 seconds
[2021.03.17-21.39.02:256][  0]LogLoad: (Engine Initialization) Total Blueprint compile time: 0.00 seconds
[2021.03.17-21.39.02:327][  0]LogContentStreaming: Texture pool size now 1000 MB
[2021.03.17-21.39.02:396][  1]LogAssetRegistry: Asset discovery search completed in 7.2046 seconds
[2021.03.17-21.39.02:400][  1]LogCollectionManager: Fixed up redirectors for 0 collections in 0.000008 seconds (updated 0 objects)
[2021.03.17-21.39.07:409][ 16]LogFileCache: Retrieving MD5 hashes for directory 'E:/UNREAL TRIALS/Phosphorous_BP_repo/Phosphorous/Content/' took 5.14s
[2021.03.17-21.40.15:912][106]LogUObjectHash: Compacting FUObjectHashTables data took   0.62ms
[2021.03.17-21.40.15:957][106]LogSlate: Window 'Phosphorous - Unreal Editor' being destroyed
[2021.03.17-21.40.15:959][106]LogWindowsTextInputMethodSystem: Display: IME system now deactivated.
[2021.03.17-21.40.16:115][107]Cmd: QUIT_EDITOR
[2021.03.17-21.40.16:115][107]LogCore: Engine exit requested (reason: UUnrealEdEngine::CloseEditor())
[2021.03.17-21.40.16:144][107]LogCore: Engine exit requested (reason: EngineExit() was called; note: exit was already requested)
[2021.03.17-21.40.16:144][107]LogAudioMixer: Display: No commands were queued while flushing the source manager.
[2021.03.17-21.40.16:178][107]LogExit: Preparing to exit.
[2021.03.17-21.40.16:655][107]LogActorComponent: UnregisterComponent: (None.None) Not registered. Aborting.
[2021.03.17-21.40.16:655][107]LogActorComponent: UnregisterComponent: (None.None) Not registered. Aborting.
[2021.03.17-21.40.16:655][107]LogActorComponent: UnregisterComponent: (None.None) Not registered. Aborting.
[2021.03.17-21.40.16:655][107]LogActorComponent: UnregisterComponent: (None.None) Not registered. Aborting.
[2021.03.17-21.40.16:655][107]LogActorComponent: UnregisterComponent: (None.None) Not registered. Aborting.
[2021.03.17-21.40.16:655][107]LogActorComponent: UnregisterComponent: (None.None) Not registered. Aborting.
[2021.03.17-21.40.16:655][107]LogActorComponent: UnregisterComponent: (None.None) Not registered. Aborting.
[2021.03.17-21.40.16:655][107]LogWorld: UWorld::CleanupWorld for None, bSessionEnded=true, bCleanupResources=true
[2021.03.17-21.40.16:655][107]LogActorComponent: UnregisterComponent: (None.None) Not registered. Aborting.
[2021.03.17-21.40.16:655][107]LogActorComponent: UnregisterComponent: (None.None) Not registered. Aborting.
[2021.03.17-21.40.16:655][107]LogActorComponent: UnregisterComponent: (None.None) Not registered. Aborting.
[2021.03.17-21.40.16:655][107]LogActorComponent: UnregisterComponent: (None.None) Not registered. Aborting.
[2021.03.17-21.40.16:655][107]LogActorComponent: UnregisterComponent: (None.None) Not registered. Aborting.
[2021.03.17-21.40.16:655][107]LogActorComponent: UnregisterComponent: (None.None) Not registered. Aborting.
[2021.03.17-21.40.16:655][107]LogActorComponent: UnregisterComponent: (None.None) Not registered. Aborting.
[2021.03.17-21.40.16:655][107]LogWorld: UWorld::CleanupWorld for None, bSessionEnded=true, bCleanupResources=true
[2021.03.17-21.40.16:655][107]LogActorComponent: UnregisterComponent: (None.None) Not registered. Aborting.
[2021.03.17-21.40.16:655][107]LogActorComponent: UnregisterComponent: (None.None) Not registered. Aborting.
[2021.03.17-21.40.16:655][107]LogActorComponent: UnregisterComponent: (None.None) Not registered. Aborting.
[2021.03.17-21.40.16:656][107]LogActorComponent: UnregisterComponent: (None.None) Not registered. Aborting.
[2021.03.17-21.40.16:656][107]LogActorComponent: UnregisterComponent: (None.None) Not registered. Aborting.
[2021.03.17-21.40.16:656][107]LogActorComponent: UnregisterComponent: (None.None) Not registered. Aborting.
[2021.03.17-21.40.16:656][107]LogActorComponent: UnregisterComponent: (None.None) Not registered. Aborting.
[2021.03.17-21.40.16:656][107]LogWorld: UWorld::CleanupWorld for None, bSessionEnded=true, bCleanupResources=true
[2021.03.17-21.40.16:677][107]LogExit: Editor shut down
[2021.03.17-21.40.16:677][107]LogExit: Transaction tracking system shut down
[2021.03.17-21.40.16:677][107]LogDemo: Cleaned up 0 splitscreen connections with owner deletion
[2021.03.17-21.40.17:011][107]LogExit: Object subsystem successfully closed.
[2021.03.17-21.40.17:037][107]LogShaderCompilers: Display: Shaders left to compile 0
[2021.03.17-21.40.17:051][107]LogModuleManager: Shutting down and abandoning module HierarchicalLODOutliner (682)
[2021.03.17-21.40.17:051][107]LogModuleManager: Shutting down and abandoning module ExternalImagePicker (680)
[2021.03.17-21.40.17:052][107]LogModuleManager: Shutting down and abandoning module SceneOutliner (678)
[2021.03.17-21.40.17:052][107]LogModuleManager: Shutting down and abandoning module AddContentDialog (676)
[2021.03.17-21.40.17:052][107]LogModuleManager: Shutting down and abandoning module WidgetCarousel (675)
[2021.03.17-21.40.17:052][107]LogModuleManager: Shutting down and abandoning module EditorWidgets (672)
[2021.03.17-21.40.17:052][107]LogModuleManager: Shutting down and abandoning module CollectionManager (670)
[2021.03.17-21.40.17:052][107]LogModuleManager: Shutting down and abandoning module StatsViewer (668)
[2021.03.17-21.40.17:052][107]LogModuleManager: Shutting down and abandoning module VirtualTexturingEditor (666)
[2021.03.17-21.40.17:052][107]LogModuleManager: Shutting down and abandoning module FoliageEdit (664)
[2021.03.17-21.40.17:052][107]LogModuleManager: Shutting down and abandoning module LandscapeEditor (662)
[2021.03.17-21.40.17:052][107]LogModuleManager: Shutting down and abandoning module MeshPaintMode (660)
[2021.03.17-21.40.17:052][107]LogModuleManager: Shutting down and abandoning module SceneDepthPickerMode (658)
[2021.03.17-21.40.17:052][107]LogModuleManager: Shutting down and abandoning module ActorPickerMode (656)
[2021.03.17-21.40.17:052][107]LogModuleManager: Shutting down and abandoning module GeometryMode (654)
[2021.03.17-21.40.17:052][107]LogModuleManager: Shutting down and abandoning module TextureAlignMode (652)
[2021.03.17-21.40.17:052][107]LogModuleManager: Shutting down and abandoning module BspMode (650)
[2021.03.17-21.40.17:052][107]LogModuleManager: Shutting down and abandoning module PIEPreviewDeviceProfileSelector (648)
[2021.03.17-21.40.17:052][107]LogModuleManager: Shutting down and abandoning module SequenceRecorderSections (646)
[2021.03.17-21.40.17:052][107]LogModuleManager: Shutting down and abandoning module AutomationWorker (644)
[2021.03.17-21.40.17:052][107]LogModuleManager: Shutting down and abandoning module AudioCaptureEditor (642)
[2021.03.17-21.40.17:052][107]LogModuleManager: Shutting down and abandoning module MatineeToLevelSequence (640)
[2021.03.17-21.40.17:052][107]LogModuleManager: Shutting down and abandoning module LevelSequenceEditor (638)
[2021.03.17-21.40.17:053][107]LogModuleManager: Shutting down and abandoning module PlacementMode (637)
[2021.03.17-21.40.17:053][107]LogModuleManager: Shutting down and abandoning module MaterialEditor (636)
[2021.03.17-21.40.17:053][107]LogModuleManager: Shutting down and abandoning module ActorSequenceEditor (632)
[2021.03.17-21.40.17:053][107]LogModuleManager: Shutting down and abandoning module WmfMediaFactory (630)
[2021.03.17-21.40.17:053][107]LogModuleManager: Shutting down and abandoning module WmfMediaEditor (628)
[2021.03.17-21.40.17:053][107]LogModuleManager: Shutting down and abandoning module WebMMediaFactory (626)
[2021.03.17-21.40.17:053][107]LogModuleManager: Shutting down and abandoning module WebMMediaEditor (624)
[2021.03.17-21.40.17:053][107]LogModuleManager: Shutting down and abandoning module WebMMedia (622)
[2021.03.17-21.40.17:053][107]LogModuleManager: Shutting down and abandoning module MediaPlayerEditor (620)
[2021.03.17-21.40.17:053][107]LogModuleManager: Shutting down and abandoning module MediaCompositingEditor (618)
[2021.03.17-21.40.17:053][107]LogModuleManager: Shutting down and abandoning module SequenceRecorder (617)
[2021.03.17-21.40.17:053][107]LogModuleManager: Shutting down and abandoning module OpenExrWrapper (614)
[2021.03.17-21.40.17:053][107]LogModuleManager: Shutting down and abandoning module ImgMediaFactory (612)
[2021.03.17-21.40.17:053][107]LogModuleManager: Shutting down and abandoning module ImgMediaEditor (610)
[2021.03.17-21.40.17:053][107]LogModuleManager: Shutting down and abandoning module AvfMediaFactory (608)
[2021.03.17-21.40.17:053][107]LogModuleManager: Shutting down and abandoning module AvfMediaEditor (606)
[2021.03.17-21.40.17:053][107]LogModuleManager: Shutting down and abandoning module AndroidMediaFactory (604)
[2021.03.17-21.40.17:053][107]LogModuleManager: Shutting down and abandoning module AndroidMediaEditor (602)
[2021.03.17-21.40.17:053][107]LogModuleManager: Shutting down and abandoning module MagicLeapMediaCodecFactory (600)
[2021.03.17-21.40.17:053][107]LogModuleManager: Shutting down and abandoning module MagicLeapMediaFactory (598)
[2021.03.17-21.40.17:053][107]LogModuleManager: Shutting down and abandoning module MagicLeapMediaEditor (596)
[2021.03.17-21.40.17:053][107]LogModuleManager: Shutting down and abandoning module CharacterAI (594)
[2021.03.17-21.40.17:053][107]LogModuleManager: Shutting down and abandoning module SmartSnapping (592)
[2021.03.17-21.40.17:053][107]LogModuleManager: Shutting down and abandoning module SessionServices (590)
[2021.03.17-21.40.17:053][107]LogModuleManager: Shutting down and abandoning module MeshPaint (588)
[2021.03.17-21.40.17:053][107]LogModuleManager: Shutting down and abandoning module ViewportSnapping (586)
[2021.03.17-21.40.17:053][107]LogModuleManager: Shutting down and abandoning module ViewportInteraction (584)
[2021.03.17-21.40.17:053][107]LogModuleManager: Shutting down and abandoning module ClothPainter (582)
[2021.03.17-21.40.17:053][107]LogModuleManager: Shutting down and abandoning module SkeletalMeshEditor (581)
[2021.03.17-21.40.17:053][107]LogModuleManager: Shutting down and abandoning module LogVisualizer (578)
[2021.03.17-21.40.17:053][107]LogModuleManager: Shutting down and abandoning module IntroTutorials (576)
[2021.03.17-21.40.17:053][107]LogModuleManager: Shutting down and abandoning module GameProjectGeneration (575)
[2021.03.17-21.40.17:053][107]LogModuleManager: Shutting down and abandoning module LuminPlatformEditor (572)
[2021.03.17-21.40.17:054][107]LogModuleManager: Shutting down and abandoning module IOSPlatformEditor (570)
[2021.03.17-21.40.17:054][107]LogModuleManager: Shutting down and abandoning module AndroidPlatformEditor (568)
[2021.03.17-21.40.17:054][107]LogModuleManager: Shutting down and abandoning module AndroidDeviceDetection (567)
[2021.03.17-21.40.17:909][107]LogModuleManager: Shutting down and abandoning module WindowsPlatformEditor (564)
[2021.03.17-21.40.17:909][107]LogModuleManager: Shutting down and abandoning module LuminRuntimeSettings (562)
[2021.03.17-21.40.17:909][107]LogModuleManager: Shutting down and abandoning module IOSRuntimeSettings (560)
[2021.03.17-21.40.17:909][107]LogModuleManager: Shutting down and abandoning module AndroidRuntimeSettings (558)
[2021.03.17-21.40.17:909][107]LogModuleManager: Shutting down and abandoning module EditorInteractiveToolsFramework (556)
[2021.03.17-21.40.17:909][107]LogModuleManager: Shutting down and abandoning module TimeManagementEditor (554)
[2021.03.17-21.40.17:909][107]LogModuleManager: Shutting down and abandoning module InputBindingEditor (552)
[2021.03.17-21.40.17:909][107]LogModuleManager: Shutting down and abandoning module MergeActors (550)
[2021.03.17-21.40.17:909][107]LogModuleManager: Shutting down and abandoning module LocalizationDashboard (548)
[2021.03.17-21.40.17:909][107]LogModuleManager: Shutting down and abandoning module LocalizationService (547)
[2021.03.17-21.40.17:909][107]LogModuleManager: Shutting down and abandoning module HardwareTargeting (544)
[2021.03.17-21.40.17:909][107]LogModuleManager: Shutting down and abandoning module DeviceProfileEditor (542)
[2021.03.17-21.40.17:909][107]LogModuleManager: Shutting down and abandoning module UndoHistory (540)
[2021.03.17-21.40.17:909][107]LogModuleManager: Shutting down and abandoning module XmlParser (538)
[2021.03.17-21.40.17:909][107]LogModuleManager: Shutting down and abandoning module Blutility (536)
[2021.03.17-21.40.17:909][107]LogModuleManager: Shutting down and abandoning module ProjectSettingsViewer (534)
[2021.03.17-21.40.17:909][107]LogModuleManager: Shutting down and abandoning module ProjectTargetPlatformEditor (533)
[2021.03.17-21.40.17:909][107]LogModuleManager: Shutting down and abandoning module EditorSettingsViewer (530)
[2021.03.17-21.40.17:909][107]LogModuleManager: Shutting down and abandoning module SettingsEditor (528)
[2021.03.17-21.40.17:909][107]LogModuleManager: Shutting down and abandoning module ProjectLauncher (526)
[2021.03.17-21.40.17:910][107]LogModuleManager: Shutting down and abandoning module SessionFrontend (524)
[2021.03.17-21.40.17:910][107]LogModuleManager: Shutting down and abandoning module ProfilerClient (522)
[2021.03.17-21.40.17:910][107]LogModuleManager: Shutting down and abandoning module DeviceManager (520)
[2021.03.17-21.40.17:910][107]LogModuleManager: Shutting down and abandoning module TargetDeviceServices (519)
[2021.03.17-21.40.17:941][107]LogModuleManager: Shutting down and abandoning module AutomationController (516)
[2021.03.17-21.40.17:941][107]LogModuleManager: Shutting down and abandoning module AutomationWindow (514)
[2021.03.17-21.40.17:941][107]LogModuleManager: Shutting down and abandoning module Layers (512)
[2021.03.17-21.40.17:941][107]LogModuleManager: Shutting down and abandoning module ComponentVisualizers (510)
[2021.03.17-21.40.17:941][107]LogModuleManager: Shutting down and abandoning module DetailCustomizations (508)
[2021.03.17-21.40.17:941][107]LogModuleManager: Shutting down and abandoning module PackagesDialog (506)
[2021.03.17-21.40.17:941][107]LogModuleManager: Shutting down and abandoning module AnimationBlueprintEditor (504)
[2021.03.17-21.40.17:941][107]LogModuleManager: Shutting down and abandoning module Persona (502)
[2021.03.17-21.40.17:941][107]LogModuleManager: Shutting down and abandoning module AdvancedPreviewScene (501)
[2021.03.17-21.40.17:941][107]LogModuleManager: Shutting down and abandoning module AnimGraph (499)
[2021.03.17-21.40.17:941][107]LogModuleManager: Shutting down and abandoning module Kismet (496)
[2021.03.17-21.40.17:942][107]LogModuleManager: Shutting down and abandoning module KismetWidgets (495)
[2021.03.17-21.40.17:942][107]LogModuleManager: Shutting down and abandoning module GraphEditor (492)
[2021.03.17-21.40.17:942][107]LogModuleManager: Shutting down and abandoning module StructViewer (490)
[2021.03.17-21.40.17:942][107]LogModuleManager: Shutting down and abandoning module ClassViewer (488)
[2021.03.17-21.40.17:942][107]LogModuleManager: Shutting down and abandoning module Toolbox (486)
[2021.03.17-21.40.17:942][107]LogModuleManager: Shutting down and abandoning module ModuleUI (484)
[2021.03.17-21.40.17:942][107]LogModuleManager: Shutting down and abandoning module OutputLog (482)
[2021.03.17-21.40.17:943][107]LogModuleManager: Shutting down and abandoning module GammaUI (480)
[2021.03.17-21.40.17:943][107]LogModuleManager: Shutting down and abandoning module Documentation (478)
[2021.03.17-21.40.17:943][107]LogModuleManager: Shutting down and abandoning module ToolMenus (476)
[2021.03.17-21.40.17:943][107]LogModuleManager: Shutting down and abandoning module LiveCoding (474)
[2021.03.17-21.40.17:943][107]LogModuleManager: Shutting down and abandoning module LevelSequence (472)
[2021.03.17-21.40.17:943][107]LogModuleManager: Shutting down and abandoning module MovieSceneTracks (470)
[2021.03.17-21.40.17:943][107]LogModuleManager: Shutting down and abandoning module MovieScene (468)
[2021.03.17-21.40.17:943][107]LogModuleManager: Shutting down and abandoning module StreamingPauseRendering (466)
[2021.03.17-21.40.17:943][107]LogModuleManager: Shutting down and abandoning module LauncherPlatform (464)
[2021.03.17-21.40.17:943][107]LogModuleManager: Shutting down and abandoning module AnalyticsET (462)
[2021.03.17-21.40.17:943][107]LogModuleManager: Shutting down and abandoning module PortalServices (460)
[2021.03.17-21.40.17:943][107]LogModuleManager: Shutting down and abandoning module PortalRpc (458)
[2021.03.17-21.40.17:943][107]LogModuleManager: Shutting down and abandoning module MessagingRpc (456)
[2021.03.17-21.40.17:943][107]LogModuleManager: Shutting down and abandoning module AudioMixerXAudio2 (454)
[2021.03.17-21.40.17:943][107]LogModuleManager: Shutting down and abandoning module AIModule (452)
[2021.03.17-21.40.17:943][107]LogModuleManager: Shutting down and abandoning module GameplayDebugger (451)
[2021.03.17-21.40.17:943][107]LogModuleManager: Shutting down and abandoning module AITestSuite (449)
[2021.03.17-21.40.17:943][107]LogModuleManager: Shutting down and abandoning module NavigationSystem (447)
[2021.03.17-21.40.17:943][107]LogModuleManager: Shutting down and abandoning module ImageWriteQueue (444)
[2021.03.17-21.40.17:947][107]LogModuleManager: Shutting down and abandoning module ProfilerService (442)
[2021.03.17-21.40.18:120][107]LogModuleManager: Shutting down and abandoning module TaskGraph (440)
[2021.03.17-21.40.18:120][107]LogModuleManager: Shutting down and abandoning module ScreenshotTools (438)
[2021.03.17-21.40.18:120][107]LogModuleManager: Shutting down and abandoning module ProceduralMeshComponentEditor (436)
[2021.03.17-21.40.18:121][107]LogModuleManager: Shutting down and abandoning module ProceduralMeshComponent (434)
[2021.03.17-21.40.18:121][107]LogModuleManager: Shutting down and abandoning module MobilePatchingUtils (432)
[2021.03.17-21.40.18:121][107]LogModuleManager: Shutting down and abandoning module EditableMesh (430)
[2021.03.17-21.40.18:121][107]LogModuleManager: Shutting down and abandoning module CustomMeshComponent (428)
[2021.03.17-21.40.18:121][107]LogModuleManager: Shutting down and abandoning module CableComponent (426)
[2021.03.17-21.40.18:121][107]LogModuleManager: Shutting down and abandoning module AudioCapture (424)
[2021.03.17-21.40.18:121][107]LogModuleManager: Shutting down and abandoning module AudioCaptureRtAudio (423)
[2021.03.17-21.40.18:121][107]LogModuleManager: Shutting down and abandoning module AssetTags (420)
[2021.03.17-21.40.18:121][107]LogModuleManager: Shutting down and abandoning module ArchVisCharacter (418)
[2021.03.17-21.40.18:121][107]LogModuleManager: Shutting down and abandoning module AppleImageUtilsBlueprintSupport (416)
[2021.03.17-21.40.18:121][107]LogModuleManager: Shutting down and abandoning module AppleImageUtils (414)
[2021.03.17-21.40.18:121][107]LogModuleManager: Shutting down and abandoning module AndroidPermission (412)
[2021.03.17-21.40.18:121][107]LogModuleManager: Shutting down and abandoning module NUTUnrealEngine4 (410)
[2021.03.17-21.40.18:121][107]LogModuleManager: Shutting down and abandoning module NetcodeUnitTest (408)
[2021.03.17-21.40.18:121][107]LogModuleManager: Shutting down and abandoning module MediaCompositing (406)
[2021.03.17-21.40.18:121][107]LogModuleManager: Shutting down and abandoning module ImgMedia (404)
[2021.03.17-21.40.18:121][107]LogModuleManager: Shutting down and abandoning module MagicLeapHelperVulkan (402)
[2021.03.17-21.40.18:121][107]LogModuleManager: Shutting down and abandoning module MagicLeapHelperOpenGL (400)
[2021.03.17-21.40.18:121][107]LogModuleManager: Shutting down and abandoning module MagicLeapAudio (398)
[2021.03.17-21.40.18:121][107]LogModuleManager: Shutting down and abandoning module GeometryCacheTracks (396)
[2021.03.17-21.40.18:121][107]LogModuleManager: Shutting down and abandoning module GeometryCacheSequencer (394)
[2021.03.17-21.40.18:121][107]LogModuleManager: Shutting down and abandoning module BackChannel (392)
[2021.03.17-21.40.18:121][107]LogModuleManager: Shutting down and abandoning module AutomationUtilsEditor (390)
[2021.03.17-21.40.18:121][107]LogModuleManager: Shutting down and abandoning module AutomationUtils (388)
[2021.03.17-21.40.18:121][107]LogModuleManager: Shutting down and abandoning module AlembicImporter (386)
[2021.03.17-21.40.18:121][107]LogModuleManager: Shutting down and abandoning module AlembicLibrary (385)
[2021.03.17-21.40.18:121][107]LogModuleManager: Shutting down and abandoning module GeometryCache (384)
[2021.03.17-21.40.18:121][107]LogModuleManager: Shutting down and abandoning module GeometryCacheEd (383)
[2021.03.17-21.40.18:121][107]LogModuleManager: Shutting down and abandoning module VariantManagerContentEditor (378)
[2021.03.17-21.40.18:121][107]LogModuleManager: Shutting down and abandoning module DatasmithContentEditor (376)
[2021.03.17-21.40.18:121][107]LogModuleManager: Shutting down and abandoning module SpeedTreeImporter (374)
[2021.03.17-21.40.18:121][107]LogModuleManager: Shutting down and abandoning module PluginBrowser (372)
[2021.03.17-21.40.18:121][107]LogModuleManager: Shutting down and abandoning module MobileLauncherProfileWizard (370)
[2021.03.17-21.40.18:121][107]LogModuleManager: Shutting down and abandoning module MaterialAnalyzer (368)
[2021.03.17-21.40.18:121][107]LogModuleManager: Shutting down and abandoning module CurveEditorTools (366)
[2021.03.17-21.40.18:122][107]LogModuleManager: Shutting down and abandoning module CryptoKeysOpenSSL (364)
[2021.03.17-21.40.18:122][107]LogModuleManager: Shutting down and abandoning module CryptoKeys (362)
[2021.03.17-21.40.18:122][107]LogModuleManager: Shutting down and abandoning module VisualStudioSourceCodeAccess (360)
[2021.03.17-21.40.18:122][107]LogModuleManager: Shutting down and abandoning module VisualStudioCodeSourceCodeAccess (358)
[2021.03.17-21.40.18:122][107]LogModuleManager: Shutting down and abandoning module UObjectPlugin (356)
[2021.03.17-21.40.18:122][107]LogModuleManager: Shutting down and abandoning module SubversionSourceControl (354)
[2021.03.17-21.40.18:122][107]LogModuleManager: Shutting down and abandoning module PlasticSourceControl (352)
[2021.03.17-21.40.18:122][107]LogModuleManager: Shutting down and abandoning module PerforceSourceControl (350)
[2021.03.17-21.40.18:122][107]LogModuleManager: Shutting down and abandoning module GitSourceControl (348)
[2021.03.17-21.40.18:122][107]LogModuleManager: Shutting down and abandoning module SourceControl (347)
[2021.03.17-21.40.18:122][107]LogModuleManager: Shutting down and abandoning module CLionSourceCodeAccess (344)
[2021.03.17-21.40.18:122][107]LogModuleManager: Shutting down and abandoning module AnimationSharingEd (342)
[2021.03.17-21.40.18:122][107]LogModuleManager: Shutting down and abandoning module ActorLayerUtilitiesEditor (340)
[2021.03.17-21.40.18:122][107]LogModuleManager: Shutting down and abandoning module ActorLayerUtilities (338)
[2021.03.17-21.40.18:122][107]LogModuleManager: Shutting down and abandoning module LightPropagationVolumeEditor (336)
[2021.03.17-21.40.18:122][107]LogModuleManager: Shutting down and abandoning module PaperTiledImporter (334)
[2021.03.17-21.40.18:122][107]LogModuleManager: Shutting down and abandoning module PaperSpriteSheetImporter (332)
[2021.03.17-21.40.18:122][107]LogModuleManager: Shutting down and abandoning module Paper2DEditor (330)
[2021.03.17-21.40.18:122][107]LogModuleManager: Shutting down and abandoning module SignificanceManager (328)
[2021.03.17-21.40.18:122][107]LogModuleManager: Shutting down and abandoning module RuntimePhysXCooking (326)
[2021.03.17-21.40.18:122][107]LogModuleManager: Shutting down and abandoning module PhysXVehiclesEditor (324)
[2021.03.17-21.40.18:122][107]LogModuleManager: Shutting down and abandoning module LocationServicesBPLibrary (320)
[2021.03.17-21.40.18:122][107]LogModuleManager: Shutting down and abandoning module ActorSequence (318)
[2021.03.17-21.40.18:122][107]LogModuleManager: Shutting down and abandoning module UdpMessaging (316)
[2021.03.17-21.40.18:222][107]LogModuleManager: Shutting down and abandoning module TcpMessaging (314)
[2021.03.17-21.40.18:322][107]LogModuleManager: Shutting down and abandoning module MagicLeapPrivileges (312)
[2021.03.17-21.40.18:322][107]LogModuleManager: Shutting down and abandoning module MagicLeapPlanes (310)
[2021.03.17-21.40.18:322][107]LogMagicLeapPlanes: Planes tracker already destroyed.
[2021.03.17-21.40.18:322][107]LogModuleManager: Shutting down and abandoning module MagicLeapIdentity (308)
[2021.03.17-21.40.18:322][107]LogModuleManager: Shutting down and abandoning module MagicLeapSecureStorage (306)
[2021.03.17-21.40.18:322][107]LogModuleManager: Shutting down and abandoning module MagicLeapImageTracker (304)
[2021.03.17-21.40.18:322][107]LogModuleManager: Shutting down and abandoning module MagicLeapHandTracking (302)
[2021.03.17-21.40.18:322][107]LogModuleManager: Shutting down and abandoning module MagicLeapHandMeshing (300)
[2021.03.17-21.40.18:322][107]LogModuleManager: Shutting down and abandoning module MagicLeapEyeTracker (298)
[2021.03.17-21.40.18:322][107]LogModuleManager: Shutting down and abandoning module MagicLeapController (296)
[2021.03.17-21.40.18:322][107]LogSlate: Slate User Destroyed.  User Index 0, Is Virtual User: 0
[2021.03.17-21.40.18:323][107]LogModuleManager: Shutting down and abandoning module MagicLeapARPin (294)
[2021.03.17-21.40.18:323][107]LogModuleManager: Shutting down and abandoning module MagicLeapAR (292)
[2021.03.17-21.40.18:323][107]LogModuleManager: Shutting down and abandoning module AugmentedReality (291)
[2021.03.17-21.40.18:323][107]LogModuleManager: Shutting down and abandoning module GameplayTagsEditor (288)
[2021.03.17-21.40.18:323][107]LogModuleManager: Shutting down and abandoning module FacialAnimationEditor (286)
[2021.03.17-21.40.18:323][107]LogModuleManager: Shutting down and abandoning module FacialAnimation (284)
[2021.03.17-21.40.18:323][107]LogModuleManager: Shutting down and abandoning module DataValidation (282)
[2021.03.17-21.40.18:323][107]LogModuleManager: Shutting down and abandoning module AssetManagerEditor (280)
[2021.03.17-21.40.18:323][107]LogModuleManager: Shutting down and abandoning module LevelEditor (279)
[2021.03.17-21.40.18:323][107]LogModuleManager: Shutting down and abandoning module PixelInspectorModule (278)
[2021.03.17-21.40.18:323][107]LogModuleManager: Shutting down and abandoning module CommonMenuExtensions (276)
[2021.03.17-21.40.18:323][107]LogModuleManager: Shutting down and abandoning module MainFrame (274)
[2021.03.17-21.40.18:323][107]LogModuleManager: Shutting down and abandoning module HotReload (273)
[2021.03.17-21.40.18:324][107]LogModuleManager: Shutting down and abandoning module ContentBrowser (269)
[2021.03.17-21.40.18:324][107]LogModuleManager: Shutting down and abandoning module TreeMap (267)
[2021.03.17-21.40.18:324][107]LogModuleManager: Shutting down and abandoning module AnimationSharing (264)
[2021.03.17-21.40.18:324][107]LogModuleManager: Shutting down and abandoning module LightPropagationVolumeRuntime (262)
[2021.03.17-21.40.18:324][107]LogModuleManager: Shutting down and abandoning module Paper2D (260)
[2021.03.17-21.40.18:324][107]LogModuleManager: Shutting down and abandoning module WindowsMoviePlayer (258)
[2021.03.17-21.40.18:325][107]LogModuleManager: Shutting down and abandoning module WebMMoviePlayer (256)
[2021.03.17-21.40.18:325][107]LogModuleManager: Shutting down and abandoning module NetworkReplayStreaming (254)
[2021.03.17-21.40.18:325][107]LogModuleManager: Shutting down and abandoning module PacketHandler (252)
[2021.03.17-21.40.18:325][107]LogModuleManager: Shutting down and abandoning module ClothingSystemEditor (250)
[2021.03.17-21.40.18:325][107]LogModuleManager: Shutting down and abandoning module ClothingSystemRuntimeNv (248)
[2021.03.17-21.40.18:325][107]LogModuleManager: Shutting down and abandoning module MediaAssets (246)
[2021.03.17-21.40.18:325][107]LogModuleManager: Shutting down and abandoning module Overlay (244)
[2021.03.17-21.40.18:325][107]LogModuleManager: Shutting down and abandoning module OverlayEditor (243)
[2021.03.17-21.40.18:325][107]LogModuleManager: Shutting down and abandoning module VREditor (240)
[2021.03.17-21.40.18:325][107]LogModuleManager: Shutting down and abandoning module StringTableEditor (238)
[2021.03.17-21.40.18:325][107]LogModuleManager: Shutting down and abandoning module GameplayTasksEditor (236)
[2021.03.17-21.40.18:325][107]LogModuleManager: Shutting down and abandoning module BehaviorTreeEditor (234)
[2021.03.17-21.40.18:325][107]LogModuleManager: Shutting down and abandoning module FunctionalTesting (232)
[2021.03.17-21.40.18:325][107]LogModuleManager: Shutting down and abandoning module CollisionAnalyzer (230)
[2021.03.17-21.40.18:325][107]LogModuleManager: Shutting down and abandoning module WorkspaceMenuStructure (229)
[2021.03.17-21.40.18:325][107]LogModuleManager: Shutting down and abandoning module UMG (226)
[2021.03.17-21.40.18:325][107]LogModuleManager: Shutting down and abandoning module UMGEditor (225)
[2021.03.17-21.40.18:325][107]LogModuleManager: Shutting down and abandoning module MessageLog (223)
[2021.03.17-21.40.18:325][107]LogModuleManager: Shutting down and abandoning module SlateReflector (218)
[2021.03.17-21.40.18:325][107]LogModuleManager: Shutting down and abandoning module Slate (216)
[2021.03.17-21.40.18:325][107]LogModuleManager: Shutting down and abandoning module SlateCore (214)
[2021.03.17-21.40.18:325][107]LogModuleManager: Shutting down and abandoning module LandscapeEditorUtilities (212)
[2021.03.17-21.40.18:325][107]LogModuleManager: Shutting down and abandoning module UnrealEd (210)
[2021.03.17-21.40.18:325][107]LogModuleManager: Shutting down and abandoning module MRMesh (208)
[2021.03.17-21.40.18:325][107]LogModuleManager: Shutting down and abandoning module SourceCodeAccess (206)
[2021.03.17-21.40.18:325][107]LogModuleManager: Shutting down and abandoning module HeadMountedDisplay (204)
[2021.03.17-21.40.18:325][107]LogModuleManager: Shutting down and abandoning module XAudio2 (202)
[2021.03.17-21.40.18:325][107]LogModuleManager: Shutting down and abandoning module Networking (200)
[2021.03.17-21.40.18:325][107]LogModuleManager: Shutting down and abandoning module Core (198)
[2021.03.17-21.40.18:325][107]LogModuleManager: Shutting down and abandoning module MovieSceneTools (196)
[2021.03.17-21.40.18:325][107]LogModuleManager: Shutting down and abandoning module CurveEditor (195)
[2021.03.17-21.40.18:325][107]LogModuleManager: Shutting down and abandoning module Sequencer (193)
[2021.03.17-21.40.18:325][107]LogModuleManager: Shutting down and abandoning module EditorStyle (192)
[2021.03.17-21.40.18:326][107]LogModuleManager: Shutting down and abandoning module KismetCompiler (188)
[2021.03.17-21.40.18:326][107]LogModuleManager: Shutting down and abandoning module MeshUtilities (186)
[2021.03.17-21.40.18:326][107]LogModuleManager: Shutting down and abandoning module MeshMergeUtilities (185)
[2021.03.17-21.40.18:326][107]LogModuleManager: Shutting down and abandoning module MeshReductionInterface (184)
[2021.03.17-21.40.18:326][107]LogModuleManager: Shutting down and abandoning module MeshBoneReduction (183)
[2021.03.17-21.40.18:326][107]LogModuleManager: Shutting down and abandoning module SkeletalMeshReduction (181)
[2021.03.17-21.40.18:326][107]LogModuleManager: Shutting down and abandoning module ProxyLODMeshReduction (179)
[2021.03.17-21.40.18:326][107]LogModuleManager: Shutting down and abandoning module QuadricMeshReduction (177)
[2021.03.17-21.40.18:326][107]LogModuleManager: Shutting down and abandoning module MaterialBaking (173)
[2021.03.17-21.40.18:326][107]LogModuleManager: Shutting down and abandoning module NullInstallBundleManager (168)
[2021.03.17-21.40.18:326][107]LogModuleManager: Shutting down and abandoning module DerivedDataCache (166)
[2021.03.17-21.40.18:326][107]LogDerivedDataCache: Shutdown
[2021.03.17-21.40.18:326][107]LogModuleManager: Shutting down and abandoning module XGEController (164)
[2021.03.17-21.40.18:326][107]LogXGEController: Cleaning working directory: C:/Users/Ian Michael Jesu/AppData/Local/Temp/UnrealXGEWorkingDir/
[2021.03.17-21.40.18:326][107]LogModuleManager: Shutting down and abandoning module TargetPlatform (162)
[2021.03.17-21.40.18:327][107]LogModuleManager: Shutting down and abandoning module VulkanShaderFormat (161)
[2021.03.17-21.40.18:327][107]LogModuleManager: Shutting down and abandoning module ShaderFormatVectorVM (159)
[2021.03.17-21.40.18:327][107]LogModuleManager: Shutting down and abandoning module ShaderFormatOpenGL (157)
[2021.03.17-21.40.18:327][107]LogModuleManager: Shutting down and abandoning module ShaderFormatD3D (155)
[2021.03.17-21.40.18:327][107]LogModuleManager: Shutting down and abandoning module MetalShaderFormat (153)
[2021.03.17-21.40.18:327][107]LogModuleManager: Shutting down and abandoning module TextureFormatUncompressed (151)
[2021.03.17-21.40.18:327][107]LogModuleManager: Shutting down and abandoning module TextureFormatPVR (149)
[2021.03.17-21.40.18:327][107]LogModuleManager: Shutting down and abandoning module TextureFormatDXT (147)
[2021.03.17-21.40.18:327][107]LogModuleManager: Shutting down and abandoning module TextureFormatIntelISPCTexComp (145)
[2021.03.17-21.40.18:327][107]LogModuleManager: Shutting down and abandoning module TextureFormatASTC (143)
[2021.03.17-21.40.18:327][107]LogModuleManager: Shutting down and abandoning module ImageWrapper (142)
[2021.03.17-21.40.18:327][107]LogModuleManager: Shutting down and abandoning module TextureFormatAndroid (139)
[2021.03.17-21.40.18:327][107]LogModuleManager: Shutting down and abandoning module AudioFormatOpus (137)
[2021.03.17-21.40.18:327][107]LogModuleManager: Shutting down and abandoning module AudioFormatOgg (135)
[2021.03.17-21.40.18:327][107]LogModuleManager: Shutting down and abandoning module AudioFormatADPCM (133)
[2021.03.17-21.40.18:327][107]LogModuleManager: Shutting down and abandoning module WindowsServerTargetPlatform (131)
[2021.03.17-21.40.18:327][107]LogModuleManager: Shutting down and abandoning module WindowsClientTargetPlatform (129)
[2021.03.17-21.40.18:327][107]LogModuleManager: Shutting down and abandoning module WindowsTargetPlatform (127)
[2021.03.17-21.40.18:327][107]LogModuleManager: Shutting down and abandoning module WindowsNoEditorTargetPlatform (125)
[2021.03.17-21.40.18:327][107]LogModuleManager: Shutting down and abandoning module TVOSTargetPlatform (123)
[2021.03.17-21.40.18:328][107]LogModuleManager: Shutting down and abandoning module LuminTargetPlatform (121)
[2021.03.17-21.40.18:328][107]LogModuleManager: Shutting down and abandoning module LinuxAArch64ServerTargetPlatform (119)
[2021.03.17-21.40.18:328][107]LogModuleManager: Shutting down and abandoning module LinuxAArch64ClientTargetPlatform (117)
[2021.03.17-21.40.18:328][107]LogModuleManager: Shutting down and abandoning module LinuxAArch64NoEditorTargetPlatform (115)
[2021.03.17-21.40.18:328][107]LogModuleManager: Shutting down and abandoning module LinuxServerTargetPlatform (113)
[2021.03.17-21.40.18:328][107]LogModuleManager: Shutting down and abandoning module LinuxClientTargetPlatform (111)
[2021.03.17-21.40.18:328][107]LogModuleManager: Shutting down and abandoning module LinuxNoEditorTargetPlatform (109)
[2021.03.17-21.40.18:328][107]LogModuleManager: Shutting down and abandoning module Messaging (107)
[2021.03.17-21.40.18:328][107]LogModuleManager: Shutting down and abandoning module IOSTargetPlatform (105)
[2021.03.17-21.40.18:329][107]LogModuleManager: Shutting down and abandoning module AndroidTargetPlatform (103)
[2021.03.17-21.40.18:333][107]LogModuleManager: Shutting down and abandoning module AllDesktopTargetPlatform (101)
[2021.03.17-21.40.18:334][107]LogModuleManager: Shutting down and abandoning module InputCore (98)
[2021.03.17-21.40.18:334][107]LogModuleManager: Shutting down and abandoning module Settings (96)
[2021.03.17-21.40.18:334][107]LogModuleManager: Shutting down and abandoning module DirectoryWatcher (94)
[2021.03.17-21.40.18:334][107]LogModuleManager: Shutting down and abandoning module PhysXCooking (92)
[2021.03.17-21.40.18:334][107]LogModuleManager: Shutting down and abandoning module ChaosSolvers (90)
[2021.03.17-21.40.18:334][107]LogModuleManager: Shutting down and abandoning module FieldSystemEngine (89)
[2021.03.17-21.40.18:334][107]LogModuleManager: Shutting down and abandoning module Chaos (86)
[2021.03.17-21.40.18:334][107]LogModuleManager: Shutting down and abandoning module WindowsPlatformFeatures (84)
[2021.03.17-21.40.18:334][107]LogModuleManager: Shutting down and abandoning module GameplayMediaEncoder (83)
[2021.03.17-21.40.18:335][107]LogModuleManager: Shutting down and abandoning module ExampleDeviceProfileSelector (80)
[2021.03.17-21.40.18:335][107]LogModuleManager: Shutting down and abandoning module LauncherChunkInstaller (78)
[2021.03.17-21.40.18:335][107]LogModuleManager: Shutting down and abandoning module OnlineBlueprintSupport (76)
[2021.03.17-21.40.18:335][107]LogModuleManager: Shutting down and abandoning module OnlineSubsystem (72)
[2021.03.17-21.40.18:336][107]LogModuleManager: Shutting down and abandoning module XMPP (67)
[2021.03.17-21.40.18:336][107]LogModuleManager: Shutting down and abandoning module WebSockets (66)
[2021.03.17-21.40.18:361][107]LogModuleManager: Shutting down and abandoning module HTTP (63)
[2021.03.17-21.40.18:361][107]LogHttp: Display: Http module shutting down, but needs to wait on 1 outstanding Http requests:
[2021.03.17-21.40.18:361][107]LogHttp: Display: 	verb=[POST] url=[https://datarouter.ol.epicgames.com/datarouter/api/v1/public/data?SessionID=%7BAA8DD94E-4F5E-93C1-240A-7082F0999E9A%7D&AppID=UEEditor.Rocket.Release&AppVersion=4.24.3-11590370%2B%2B%2BUE4%2BRelease-4.24&UserID=ed47d2cb4b4c4e8a6aa5f0b2df5be27f%7C8e65d541e87b4c429043c967c46858e4%7C4b8d3455-0d03-485d-bd50-2843fd19eacf&AppEnvironment=datacollector-binary&UploadType=eteventstream] refs=[1] status=Processing
[2021.03.17-21.40.18:383][107]LogModuleManager: Shutting down and abandoning module SSL (62)
[2021.03.17-21.40.18:384][107]LogModuleManager: Shutting down and abandoning module WmfMedia (58)
[2021.03.17-21.40.18:385][107]LogModuleManager: Shutting down and abandoning module Media (57)
[2021.03.17-21.40.18:385][107]LogModuleManager: Shutting down and abandoning module MagicLeap (54)
[2021.03.17-21.40.18:385][107]LogModuleManager: Shutting down and abandoning module VariantManagerContent (52)
[2021.03.17-21.40.18:385][107]LogModuleManager: Shutting down and abandoning module DatasmithContent (50)
[2021.03.17-21.40.18:386][107]LogModuleManager: Shutting down and abandoning module AISupportModule (48)
[2021.03.17-21.40.18:386][107]LogModuleManager: Shutting down and abandoning module DesktopPlatform (46)
[2021.03.17-21.40.18:386][107]LogModuleManager: Shutting down and abandoning module PlatformCryptoOpenSSL (44)
[2021.03.17-21.40.18:386][107]LogModuleManager: Shutting down and abandoning module PlatformCryptoTypes (42)
[2021.03.17-21.40.18:386][107]LogModuleManager: Shutting down and abandoning module PlatformCrypto (40)
[2021.03.17-21.40.18:386][107]LogModuleManager: Shutting down and abandoning module AnimationModifiers (38)
[2021.03.17-21.40.18:386][107]LogModuleManager: Shutting down and abandoning module PropertyEditor (37)
[2021.03.17-21.40.18:386][107]LogModuleManager: Shutting down and abandoning module AudioEditor (34)
[2021.03.17-21.40.18:386][107]LogModuleManager: Shutting down and abandoning module TextureCompressor (32)
[2021.03.17-21.40.18:386][107]LogModuleManager: Shutting down and abandoning module RenderCore (30)
[2021.03.17-21.40.18:386][107]LogModuleManager: Shutting down and abandoning module Landscape (28)
[2021.03.17-21.40.18:386][107]LogModuleManager: Shutting down and abandoning module SlateRHIRenderer (26)
[2021.03.17-21.40.18:386][107]LogModuleManager: Shutting down and abandoning module OpenGLDrv (24)
[2021.03.17-21.40.18:386][107]LogModuleManager: Shutting down and abandoning module D3D11RHI (22)
[2021.03.17-21.40.18:386][107]LogModuleManager: Shutting down and abandoning module AnimGraphRuntime (20)
[2021.03.17-21.40.18:386][107]LogModuleManager: Shutting down and abandoning module Renderer (18)
[2021.03.17-21.40.18:386][107]LogModuleManager: Shutting down and abandoning module Engine (16)
[2021.03.17-21.40.18:386][107]LogModuleManager: Shutting down and abandoning module CoreUObject (14)
[2021.03.17-21.40.18:386][107]LogModuleManager: Shutting down and abandoning module NetworkFile (12)
[2021.03.17-21.40.18:386][107]LogModuleManager: Shutting down and abandoning module CookedIterativeFile (10)
[2021.03.17-21.40.18:386][107]LogModuleManager: Shutting down and abandoning module StreamingFile (8)
[2021.03.17-21.40.18:386][107]LogModuleManager: Shutting down and abandoning module SandboxFile (6)
[2021.03.17-21.40.18:386][107]LogModuleManager: Shutting down and abandoning module PakFile (4)
[2021.03.17-21.40.18:386][107]LogModuleManager: Shutting down and abandoning module RSA (3)
[2021.03.17-21.40.18:387][107]LogD3D11RHI: Shutdown
[2021.03.17-21.40.18:387][107]LogD3D11RHI: CleanupD3DDevice
[2021.03.17-21.40.18:399][107]LogExit: Exiting.
[2021.03.17-21.40.18:409][107]Log file closed, 03/17/21 14:40:18
