Log file open, 10/06/20 15:30:59
LogWindows: Failed to load 'aqProf.dll' (GetLastError=126)
LogWindows: File 'aqProf.dll' does not exist
LogWindows: Failed to load 'VtuneApi.dll' (GetLastError=126)
LogWindows: File 'VtuneApi.dll' does not exist
LogWindows: Failed to load 'VtuneApi32e.dll' (GetLastError=126)
LogWindows: File 'VtuneApi32e.dll' does not exist
LogConsoleResponse: Display: Failed to find resolution value strings in scalability ini. Falling back to default.
LogInit: Display: Running engine for game: Phosphorous
LogPlatformFile: Not using cached read wrapper
LogTaskGraph: Started task graph with 5 named threads and 35 total threads with 3 sets of task threads.
LogStats: Stats thread started at 0.079501
LogD3D11RHI: Loaded GFSDK_Aftermath_Lib.x64.dll
LogICUInternationalization: ICU TimeZone Detection - Raw Offset: -8:00, Platform Override: ''
LogPluginManager: Mounting plugin Paper2D
LogPluginManager: Mounting plugin AISupport
LogPluginManager: Mounting plugin LightPropagationVolume
LogPluginManager: Mounting plugin ActorLayerUtilities
LogPluginManager: Mounting plugin AnimationSharing
LogPluginManager: Mounting plugin CLionSourceCodeAccess
LogPluginManager: Mounting plugin CodeLiteSourceCodeAccess
LogPluginManager: Mounting plugin GitSourceControl
LogPluginManager: Mounting plugin KDevelopSourceCodeAccess
LogPluginManager: Mounting plugin NullSourceCodeAccess
LogPluginManager: Mounting plugin PerforceSourceControl
LogPluginManager: Mounting plugin PlasticSourceControl
LogPluginManager: Mounting plugin SubversionSourceControl
LogPluginManager: Mounting plugin UObjectPlugin
LogPluginManager: Mounting plugin VisualStudioCodeSourceCodeAccess
LogPluginManager: Mounting plugin VisualStudioSourceCodeAccess
LogPluginManager: Mounting plugin XCodeSourceCodeAccess
LogPluginManager: Mounting plugin AssetManagerEditor
LogPluginManager: Mounting plugin CryptoKeys
LogPluginManager: Mounting plugin CurveEditorTools
LogPluginManager: Mounting plugin DataValidation
LogPluginManager: Mounting plugin FacialAnimation
LogPluginManager: Mounting plugin GameplayTagsEditor
LogPluginManager: Mounting plugin MacGraphicsSwitching
LogPluginManager: Mounting plugin MaterialAnalyzer
LogPluginManager: Mounting plugin MobileLauncherProfileWizard
LogPluginManager: Mounting plugin PluginBrowser
LogPluginManager: Mounting plugin SpeedTreeImporter
LogPluginManager: Mounting plugin DatasmithContent
LogPluginManager: Mounting plugin VariantManagerContent
LogPluginManager: Mounting plugin AlembicImporter
LogPluginManager: Mounting plugin AutomationUtils
LogPluginManager: Mounting plugin BackChannel
LogPluginManager: Mounting plugin CharacterAI
LogPluginManager: Mounting plugin GeometryCache
LogPluginManager: Mounting plugin PlatformCrypto
LogPluginManager: Mounting plugin ProxyLODPlugin
LogPluginManager: Mounting plugin SkeletalReduction
LogPluginManager: Mounting plugin MagicLeap
LogPluginManager: Mounting plugin MagicLeapMedia
LogPluginManager: Mounting plugin MLSDK
LogPluginManager: Mounting plugin AndroidMedia
LogPluginManager: Mounting plugin AvfMedia
LogPluginManager: Mounting plugin ImgMedia
LogPluginManager: Mounting plugin MediaCompositing
LogPluginManager: Mounting plugin MediaPlayerEditor
LogPluginManager: Mounting plugin WebMMedia
LogPluginManager: Mounting plugin WmfMedia
LogPluginManager: Mounting plugin TcpMessaging
LogPluginManager: Mounting plugin UdpMessaging
LogPluginManager: Mounting plugin ActorSequence
LogPluginManager: Mounting plugin LevelSequenceEditor
LogPluginManager: Mounting plugin MatineeToLevelSequence
LogPluginManager: Mounting plugin NetcodeUnitTest
LogPluginManager: Mounting plugin NUTUnrealEngine4
LogPluginManager: Mounting plugin OnlineSubsystemGooglePlay
LogPluginManager: Mounting plugin OnlineSubsystemIOS
LogPluginManager: Mounting plugin OnlineSubsystem
LogPluginManager: Mounting plugin OnlineSubsystemNull
LogPluginManager: Mounting plugin OnlineSubsystemUtils
LogPluginManager: Mounting plugin LauncherChunkInstaller
LogPluginManager: Mounting plugin AndroidDeviceProfileSelector
LogPluginManager: Mounting plugin AndroidMoviePlayer
LogPluginManager: Mounting plugin AndroidPermission
LogPluginManager: Mounting plugin AppleImageUtils
LogPluginManager: Mounting plugin AppleMoviePlayer
LogPluginManager: Mounting plugin ArchVisCharacter
LogPluginManager: Mounting plugin AssetTags
LogPluginManager: Mounting plugin AudioCapture
LogPluginManager: Mounting plugin CableComponent
LogPluginManager: Mounting plugin CustomMeshComponent
LogPluginManager: Mounting plugin EditableMesh
LogPluginManager: Mounting plugin ExampleDeviceProfileSelector
LogPluginManager: Mounting plugin GoogleCloudMessaging
LogPluginManager: Mounting plugin IOSDeviceProfileSelector
LogPluginManager: Mounting plugin LinuxDeviceProfileSelector
LogPluginManager: Mounting plugin LocationServicesBPLibrary
LogPluginManager: Mounting plugin MobilePatchingUtils
LogPluginManager: Mounting plugin PhysXVehicles
LogPluginManager: Mounting plugin PostSplashScreen
LogPluginManager: Mounting plugin ProceduralMeshComponent
LogPluginManager: Mounting plugin RuntimePhysXCooking
LogPluginManager: Mounting plugin SignificanceManager
LogPluginManager: Mounting plugin WebMMoviePlayer
LogPluginManager: Mounting plugin WindowsMoviePlayer
LogPluginManager: Mounting plugin ScreenshotTools
LogInit: Using libcurl 7.55.1-DEV
LogInit:  - built for x86_64-pc-win32
LogInit:  - supports SSL with OpenSSL/1.1.1
LogInit:  - supports HTTP deflate (compression) using libz 1.2.8
LogInit:  - other features:
LogInit:      CURL_VERSION_SSL
LogInit:      CURL_VERSION_LIBZ
LogInit:      CURL_VERSION_IPV6
LogInit:      CURL_VERSION_ASYNCHDNS
LogInit:      CURL_VERSION_LARGEFILE
LogInit:      CURL_VERSION_IDN
LogInit:  CurlRequestOptions (configurable via config and command line):
LogInit:  - bVerifyPeer = true  - Libcurl will verify peer certificate
LogInit:  - bUseHttpProxy = false  - Libcurl will NOT use HTTP proxy
LogInit:  - bDontReuseConnections = false  - Libcurl will reuse connections
LogInit:  - MaxHostConnections = 16  - Libcurl will limit the number of connections to a host
LogInit:  - LocalHostAddr = Default
LogInit:  - BufferSize = 65536
LogOnline: OSS: Creating online subsystem instance for: NULL
LogInit: WinSock: version 1.1 (2.2), MaxSocks=32767, MaxUdp=65467
LogOnline: OSS: TryLoadSubsystemAndSetDefault: Loaded subsystem for module [NULL]
LogInit: Build: ++UE4+Release-4.24-CL-11590370
LogInit: Engine Version: 4.24.3-11590370+++UE4+Release-4.24
LogInit: Compatible Engine Version: 4.24.0-10570792+++UE4+Release-4.24
LogInit: Net CL: 10570792
LogInit: OS: Windows 10 (Release 2004) (), CPU: Intel(R) Core(TM) i7-8700K CPU @ 3.70GHz, GPU: NVIDIA GeForce GTX 1080 Ti
LogInit: Compiled (64-bit): Feb 24 2020 15:39:18
LogInit: Compiled with Visual C++: 19.16.27032.01
LogInit: Build Configuration: Development
LogInit: Branch Name: ++UE4+Release-4.24
LogInit: Command Line: 
LogInit: Base Directory: D:/APPS/UE_4.24/Engine/Binaries/Win64/
LogInit: Installed Engine Build: 1
LogDevObjectVersion: Number of dev versions registered: 25
LogDevObjectVersion:   Dev-Blueprints (B0D832E4-1F89-4F0D-ACCF-7EB736FD4AA2): 10
LogDevObjectVersion:   Dev-Build (E1C64328-A22C-4D53-A36C-8E866417BD8C): 0
LogDevObjectVersion:   Dev-Core (375EC13C-06E4-48FB-B500-84F0262A717E): 3
LogDevObjectVersion:   Dev-Editor (E4B068ED-F494-42E9-A231-DA0B2E46BB41): 37
LogDevObjectVersion:   Dev-Framework (CFFC743F-43B0-4480-9391-14DF171D2073): 36
LogDevObjectVersion:   Dev-Mobile (B02B49B5-BB20-44E9-A304-32B752E40360): 2
LogDevObjectVersion:   Dev-Networking (A4E4105C-59A1-49B5-A7C5-40C4547EDFEE): 0
LogDevObjectVersion:   Dev-Online (39C831C9-5AE6-47DC-9A44-9C173E1C8E7C): 0
LogDevObjectVersion:   Dev-Physics (78F01B33-EBEA-4F98-B9B4-84EACCB95AA2): 2
LogDevObjectVersion:   Dev-Platform (6631380F-2D4D-43E0-8009-CF276956A95A): 0
LogDevObjectVersion:   Dev-Rendering (12F88B9F-8875-4AFC-A67C-D90C383ABD29): 36
LogDevObjectVersion:   Dev-Sequencer (7B5AE74C-D270-4C10-A958-57980B212A5A): 11
LogDevObjectVersion:   Dev-VR (D7296918-1DD6-4BDD-9DE2-64A83CC13884): 2
LogDevObjectVersion:   Dev-LoadTimes (C2A15278-BFE7-4AFE-6C17-90FF531DF755): 1
LogDevObjectVersion:   Private-Geometry (6EACA3D4-40EC-4CC1-B786-8BED09428FC5): 3
LogDevObjectVersion:   Dev-AnimPhys (29E575DD-E0A3-4627-9D10-D276232CDCEA): 17
LogDevObjectVersion:   Dev-Anim (AF43A65D-7FD3-4947-9873-3E8ED9C1BB05): 2
LogDevObjectVersion:   Dev-ReflectionCapture (6B266CEC-1EC7-4B8F-A30B-E4D90942FC07): 1
LogDevObjectVersion:   Dev-Automation (0DF73D61-A23F-47EA-B727-89E90C41499A): 1
LogDevObjectVersion:   FortniteMain (601D1886-AC64-4F84-AA16-D3DE0DEAC7D6): 31
LogDevObjectVersion:   Dev-Enterprise (9DFFBCD6-494F-0158-E221-12823C92A888): 8
LogDevObjectVersion:   Dev-Niagara (F2AED0AC-9AFE-416F-8664-AA7FFA26D6FC): 1
LogDevObjectVersion:   Dev-Destruction (174F1F0B-B4C6-45A5-B13F-2EE8D0FB917D): 9
LogDevObjectVersion:   Dev-Physics-Ext (35F94A83-E258-406C-A318-09F59610247C): 8
LogDevObjectVersion:   Dev-CineCamera (B2E18506-4273-CFC2-A54E-F4BB758BBA07): 1
LogInit: Presizing for max 25165824 objects, including 0 objects not considered by GC, pre-allocating 0 bytes for permanent pool.
LogInit: Object subsystem initialized
LogConfig: Setting CVar [[con.DebugEarlyDefault:1]]
LogConfig: Setting CVar [[r.setres:1280x720]]
[2020.10.06-22.31.00:122][  0]LogConfig: Setting CVar [[r.VSync:0]]
[2020.10.06-22.31.00:122][  0]LogConfig: Setting CVar [[r.RHICmdBypass:0]]
[2020.10.06-22.31.00:122][  0]LogConfig: Applying CVar settings from Section [/Script/Engine.RendererSettings] File [E:/UNREAL TRIALS/Phosphorous_BP_repo/Phosphorous/Phosphorous/Saved/Config/Windows/Engine.ini]
[2020.10.06-22.31.00:122][  0]LogConfig: Setting CVar [[r.GPUCrashDebugging:0]]
[2020.10.06-22.31.00:122][  0]LogConfig: Applying CVar settings from Section [/Script/Engine.RendererOverrideSettings] File [E:/UNREAL TRIALS/Phosphorous_BP_repo/Phosphorous/Phosphorous/Saved/Config/Windows/Engine.ini]
[2020.10.06-22.31.00:122][  0]LogConfig: Applying CVar settings from Section [/Script/Engine.StreamingSettings] File [E:/UNREAL TRIALS/Phosphorous_BP_repo/Phosphorous/Phosphorous/Saved/Config/Windows/Engine.ini]
[2020.10.06-22.31.00:122][  0]LogConfig: Setting CVar [[s.MinBulkDataSizeForAsyncLoading:131072]]
[2020.10.06-22.31.00:122][  0]LogConfig: Setting CVar [[s.AsyncLoadingThreadEnabled:0]]
[2020.10.06-22.31.00:122][  0]LogConfig: Setting CVar [[s.EventDrivenLoaderEnabled:1]]
[2020.10.06-22.31.00:122][  0]LogConfig: Setting CVar [[s.WarnIfTimeLimitExceeded:0]]
[2020.10.06-22.31.00:122][  0]LogConfig: Setting CVar [[s.TimeLimitExceededMultiplier:1.5]]
[2020.10.06-22.31.00:122][  0]LogConfig: Setting CVar [[s.TimeLimitExceededMinTime:0.005]]
[2020.10.06-22.31.00:122][  0]LogConfig: Setting CVar [[s.UseBackgroundLevelStreaming:1]]
[2020.10.06-22.31.00:122][  0]LogConfig: Setting CVar [[s.PriorityAsyncLoadingExtraTime:15.0]]
[2020.10.06-22.31.00:122][  0]LogConfig: Setting CVar [[s.LevelStreamingActorsUpdateTimeLimit:5.0]]
[2020.10.06-22.31.00:122][  0]LogConfig: Setting CVar [[s.PriorityLevelStreamingActorsUpdateExtraTime:5.0]]
[2020.10.06-22.31.00:122][  0]LogConfig: Setting CVar [[s.LevelStreamingComponentsRegistrationGranularity:10]]
[2020.10.06-22.31.00:122][  0]LogConfig: Setting CVar [[s.UnregisterComponentsTimeLimit:1.0]]
[2020.10.06-22.31.00:122][  0]LogConfig: Setting CVar [[s.LevelStreamingComponentsUnregistrationGranularity:5]]
[2020.10.06-22.31.00:122][  0]LogConfig: Setting CVar [[s.FlushStreamingOnExit:1]]
[2020.10.06-22.31.00:123][  0]LogConfig: Applying CVar settings from Section [/Script/Engine.GarbageCollectionSettings] File [E:/UNREAL TRIALS/Phosphorous_BP_repo/Phosphorous/Phosphorous/Saved/Config/Windows/Engine.ini]
[2020.10.06-22.31.00:123][  0]LogConfig: Setting CVar [[gc.MaxObjectsNotConsideredByGC:1]]
[2020.10.06-22.31.00:123][  0]LogConfig: Setting CVar [[gc.SizeOfPermanentObjectPool:0]]
[2020.10.06-22.31.00:123][  0]LogConfig: Setting CVar [[gc.FlushStreamingOnGC:0]]
[2020.10.06-22.31.00:123][  0]LogConfig: Setting CVar [[gc.NumRetriesBeforeForcingGC:10]]
[2020.10.06-22.31.00:123][  0]LogConfig: Setting CVar [[gc.AllowParallelGC:1]]
[2020.10.06-22.31.00:123][  0]LogConfig: Setting CVar [[gc.TimeBetweenPurgingPendingKillObjects:61.1]]
[2020.10.06-22.31.00:123][  0]LogConfig: Setting CVar [[gc.MaxObjectsInEditor:25165824]]
[2020.10.06-22.31.00:123][  0]LogConfig: Setting CVar [[gc.IncrementalBeginDestroyEnabled:1]]
[2020.10.06-22.31.00:123][  0]LogConfig: Setting CVar [[gc.CreateGCClusters:1]]
[2020.10.06-22.31.00:123][  0]LogConfig: Setting CVar [[gc.MinGCClusterSize:5]]
[2020.10.06-22.31.00:123][  0]LogConfig: Setting CVar [[gc.ActorClusteringEnabled:0]]
[2020.10.06-22.31.00:123][  0]LogConfig: Setting CVar [[gc.BlueprintClusteringEnabled:0]]
[2020.10.06-22.31.00:123][  0]LogConfig: Setting CVar [[gc.UseDisregardForGCOnDedicatedServers:0]]
[2020.10.06-22.31.00:123][  0]LogConfig: Applying CVar settings from Section [/Script/Engine.NetworkSettings] File [E:/UNREAL TRIALS/Phosphorous_BP_repo/Phosphorous/Phosphorous/Saved/Config/Windows/Engine.ini]
[2020.10.06-22.31.00:123][  0]LogConfig: Applying CVar settings from Section [/Script/UnrealEd.CookerSettings] File [E:/UNREAL TRIALS/Phosphorous_BP_repo/Phosphorous/Phosphorous/Saved/Config/Windows/Engine.ini]
[2020.10.06-22.31.00:140][  0]LogConfig: Applying CVar settings from Section [ViewDistanceQuality@3] File [E:/UNREAL TRIALS/Phosphorous_BP_repo/Phosphorous/Phosphorous/Saved/Config/Windows/Scalability.ini]
[2020.10.06-22.31.00:140][  0]LogConfig: Setting CVar [[r.SkeletalMeshLODBias:0]]
[2020.10.06-22.31.00:140][  0]LogConfig: Setting CVar [[r.ViewDistanceScale:1.0]]
[2020.10.06-22.31.00:140][  0]LogConfig: Applying CVar settings from Section [AntiAliasingQuality@3] File [E:/UNREAL TRIALS/Phosphorous_BP_repo/Phosphorous/Phosphorous/Saved/Config/Windows/Scalability.ini]
[2020.10.06-22.31.00:140][  0]LogConfig: Setting CVar [[r.PostProcessAAQuality:4]]
[2020.10.06-22.31.00:140][  0]LogConfig: Applying CVar settings from Section [ShadowQuality@3] File [E:/UNREAL TRIALS/Phosphorous_BP_repo/Phosphorous/Phosphorous/Saved/Config/Windows/Scalability.ini]
[2020.10.06-22.31.00:141][  0]LogConfig: Setting CVar [[r.LightFunctionQuality:1]]
[2020.10.06-22.31.00:141][  0]LogConfig: Setting CVar [[r.ShadowQuality:5]]
[2020.10.06-22.31.00:141][  0]LogConfig: Setting CVar [[r.Shadow.CSM.MaxCascades:10]]
[2020.10.06-22.31.00:141][  0]LogConfig: Setting CVar [[r.Shadow.MaxResolution:2048]]
[2020.10.06-22.31.00:141][  0]LogConfig: Setting CVar [[r.Shadow.MaxCSMResolution:2048]]
[2020.10.06-22.31.00:141][  0]LogConfig: Setting CVar [[r.Shadow.RadiusThreshold:0.01]]
[2020.10.06-22.31.00:141][  0]LogConfig: Setting CVar [[r.Shadow.DistanceScale:1.0]]
[2020.10.06-22.31.00:141][  0]LogConfig: Setting CVar [[r.Shadow.CSM.TransitionScale:1.0]]
[2020.10.06-22.31.00:141][  0]LogConfig: Setting CVar [[r.Shadow.PreShadowResolutionFactor:1.0]]
[2020.10.06-22.31.00:141][  0]LogConfig: Setting CVar [[r.DistanceFieldShadowing:1]]
[2020.10.06-22.31.00:141][  0]LogConfig: Setting CVar [[r.DistanceFieldAO:1]]
[2020.10.06-22.31.00:141][  0]LogConfig: Setting CVar [[r.AOQuality:2]]
[2020.10.06-22.31.00:141][  0]LogConfig: Setting CVar [[r.VolumetricFog:1]]
[2020.10.06-22.31.00:141][  0]LogConfig: Setting CVar [[r.VolumetricFog.GridPixelSize:8]]
[2020.10.06-22.31.00:141][  0]LogConfig: Setting CVar [[r.VolumetricFog.GridSizeZ:128]]
[2020.10.06-22.31.00:141][  0]LogConfig: Setting CVar [[r.VolumetricFog.HistoryMissSupersampleCount:4]]
[2020.10.06-22.31.00:141][  0]LogConfig: Setting CVar [[r.LightMaxDrawDistanceScale:1]]
[2020.10.06-22.31.00:141][  0]LogConfig: Setting CVar [[r.CapsuleShadows:1]]
[2020.10.06-22.31.00:141][  0]LogConfig: Applying CVar settings from Section [PostProcessQuality@3] File [E:/UNREAL TRIALS/Phosphorous_BP_repo/Phosphorous/Phosphorous/Saved/Config/Windows/Scalability.ini]
[2020.10.06-22.31.00:141][  0]LogConfig: Setting CVar [[r.MotionBlurQuality:4]]
[2020.10.06-22.31.00:141][  0]LogConfig: Setting CVar [[r.AmbientOcclusionMipLevelFactor:0.4]]
[2020.10.06-22.31.00:141][  0]LogConfig: Setting CVar [[r.AmbientOcclusionMaxQuality:100]]
[2020.10.06-22.31.00:141][  0]LogConfig: Setting CVar [[r.AmbientOcclusionLevels:-1]]
[2020.10.06-22.31.00:141][  0]LogConfig: Setting CVar [[r.AmbientOcclusionRadiusScale:1.0]]
[2020.10.06-22.31.00:141][  0]LogConfig: Setting CVar [[r.DepthOfFieldQuality:2]]
[2020.10.06-22.31.00:141][  0]LogConfig: Setting CVar [[r.RenderTargetPoolMin:400]]
[2020.10.06-22.31.00:141][  0]LogConfig: Setting CVar [[r.LensFlareQuality:2]]
[2020.10.06-22.31.00:141][  0]LogConfig: Setting CVar [[r.SceneColorFringeQuality:1]]
[2020.10.06-22.31.00:141][  0]LogConfig: Setting CVar [[r.EyeAdaptationQuality:2]]
[2020.10.06-22.31.00:141][  0]LogConfig: Setting CVar [[r.BloomQuality:5]]
[2020.10.06-22.31.00:141][  0]LogConfig: Setting CVar [[r.FastBlurThreshold:100]]
[2020.10.06-22.31.00:141][  0]LogConfig: Setting CVar [[r.Upscale.Quality:3]]
[2020.10.06-22.31.00:141][  0]LogConfig: Setting CVar [[r.Tonemapper.GrainQuantization:1]]
[2020.10.06-22.31.00:141][  0]LogConfig: Setting CVar [[r.LightShaftQuality:1]]
[2020.10.06-22.31.00:141][  0]LogConfig: Setting CVar [[r.Filter.SizeScale:1]]
[2020.10.06-22.31.00:141][  0]LogConfig: Setting CVar [[r.Tonemapper.Quality:5]]
[2020.10.06-22.31.00:141][  0]LogConfig: Setting CVar [[r.DOF.Gather.AccumulatorQuality:1        ; higher gathering accumulator quality]]
[2020.10.06-22.31.00:141][  0]LogConfig: Setting CVar [[r.DOF.Gather.PostfilterMethod:1          ; Median3x3 postfilering method]]
[2020.10.06-22.31.00:141][  0]LogConfig: Setting CVar [[r.DOF.Gather.EnableBokehSettings:0       ; no bokeh simulation when gathering]]
[2020.10.06-22.31.00:141][  0]LogConfig: Setting CVar [[r.DOF.Gather.RingCount:4                 ; medium number of samples when gathering]]
[2020.10.06-22.31.00:141][  0]LogConfig: Setting CVar [[r.DOF.Scatter.ForegroundCompositing:1    ; additive foreground scattering]]
[2020.10.06-22.31.00:141][  0]LogConfig: Setting CVar [[r.DOF.Scatter.BackgroundCompositing:2    ; additive background scattering]]
[2020.10.06-22.31.00:141][  0]LogConfig: Setting CVar [[r.DOF.Scatter.EnableBokehSettings:1      ; bokeh simulation when scattering]]
[2020.10.06-22.31.00:141][  0]LogConfig: Setting CVar [[r.DOF.Scatter.MaxSpriteRatio:0.1         ; only a maximum of 10% of scattered bokeh]]
[2020.10.06-22.31.00:141][  0]LogConfig: Setting CVar [[r.DOF.Recombine.Quality:1                ; cheap slight out of focus]]
[2020.10.06-22.31.00:141][  0]LogConfig: Setting CVar [[r.DOF.Recombine.EnableBokehSettings:0    ; no bokeh simulation on slight out of focus]]
[2020.10.06-22.31.00:141][  0]LogConfig: Setting CVar [[r.DOF.TemporalAAQuality:1                ; more stable temporal accumulation]]
[2020.10.06-22.31.00:142][  0]LogConfig: Setting CVar [[r.DOF.Kernel.MaxForegroundRadius:0.025]]
[2020.10.06-22.31.00:142][  0]LogConfig: Setting CVar [[r.DOF.Kernel.MaxBackgroundRadius:0.025]]
[2020.10.06-22.31.00:142][  0]LogConfig: Applying CVar settings from Section [TextureQuality@3] File [E:/UNREAL TRIALS/Phosphorous_BP_repo/Phosphorous/Phosphorous/Saved/Config/Windows/Scalability.ini]
[2020.10.06-22.31.00:142][  0]LogConfig: Setting CVar [[r.Streaming.MipBias:0]]
[2020.10.06-22.31.00:142][  0]LogConfig: Setting CVar [[r.Streaming.AmortizeCPUToGPUCopy:0]]
[2020.10.06-22.31.00:142][  0]LogConfig: Setting CVar [[r.Streaming.MaxNumTexturesToStreamPerFrame:0]]
[2020.10.06-22.31.00:142][  0]LogConfig: Setting CVar [[r.Streaming.Boost:1]]
[2020.10.06-22.31.00:142][  0]LogConfig: Setting CVar [[r.MaxAnisotropy:8]]
[2020.10.06-22.31.00:142][  0]LogConfig: Setting CVar [[r.VT.MaxAnisotropy:8]]
[2020.10.06-22.31.00:142][  0]LogConfig: Setting CVar [[r.Streaming.LimitPoolSizeToVRAM:0]]
[2020.10.06-22.31.00:142][  0]LogConfig: Setting CVar [[r.Streaming.PoolSize:1000]]
[2020.10.06-22.31.00:142][  0]LogConfig: Setting CVar [[r.Streaming.MaxEffectiveScreenSize:0]]
[2020.10.06-22.31.00:142][  0]LogConfig: Applying CVar settings from Section [EffectsQuality@3] File [E:/UNREAL TRIALS/Phosphorous_BP_repo/Phosphorous/Phosphorous/Saved/Config/Windows/Scalability.ini]
[2020.10.06-22.31.00:142][  0]LogConfig: Setting CVar [[r.TranslucencyLightingVolumeDim:64]]
[2020.10.06-22.31.00:142][  0]LogConfig: Setting CVar [[r.RefractionQuality:2]]
[2020.10.06-22.31.00:142][  0]LogConfig: Setting CVar [[r.SSR.Quality:3]]
[2020.10.06-22.31.00:142][  0]LogConfig: Setting CVar [[r.SSR.HalfResSceneColor:0]]
[2020.10.06-22.31.00:142][  0]LogConfig: Setting CVar [[r.SceneColorFormat:4]]
[2020.10.06-22.31.00:142][  0]LogConfig: Setting CVar [[r.DetailMode:2]]
[2020.10.06-22.31.00:142][  0]LogConfig: Setting CVar [[r.TranslucencyVolumeBlur:1]]
[2020.10.06-22.31.00:142][  0]LogConfig: Setting CVar [[r.MaterialQualityLevel:1 ; High quality]]
[2020.10.06-22.31.00:142][  0]LogConfig: Setting CVar [[r.SSS.Scale:1]]
[2020.10.06-22.31.00:142][  0]LogConfig: Setting CVar [[r.SSS.SampleSet:2]]
[2020.10.06-22.31.00:142][  0]LogConfig: Setting CVar [[r.SSS.Quality:1]]
[2020.10.06-22.31.00:142][  0]LogConfig: Setting CVar [[r.SSS.HalfRes:1]]
[2020.10.06-22.31.00:142][  0]LogConfig: Setting CVar [[r.SSGI.Quality:3]]
[2020.10.06-22.31.00:142][  0]LogConfig: Setting CVar [[r.EmitterSpawnRateScale:1.0]]
[2020.10.06-22.31.00:142][  0]LogConfig: Setting CVar [[r.ParticleLightQuality:2]]
[2020.10.06-22.31.00:142][  0]LogConfig: Setting CVar [[r.SkyAtmosphere.AerialPerspectiveLUT.FastApplyOnOpaque:1 ; Always have FastSkyLUT 1 in this case to avoid wrong sky]]
[2020.10.06-22.31.00:142][  0]LogConfig: Setting CVar [[r.SkyAtmosphere.AerialPerspectiveLUT.SampleCountPerSlice:1]]
[2020.10.06-22.31.00:142][  0]LogConfig: Setting CVar [[r.SkyAtmosphere.AerialPerspectiveLUT.DepthResolution:16.0]]
[2020.10.06-22.31.00:142][  0]LogConfig: Setting CVar [[r.SkyAtmosphere.FastSkyLUT:1]]
[2020.10.06-22.31.00:142][  0]LogConfig: Setting CVar [[r.SkyAtmosphere.FastSkyLUT.SampleCountMin:4.0]]
[2020.10.06-22.31.00:142][  0]LogConfig: Setting CVar [[r.SkyAtmosphere.FastSkyLUT.SampleCountMax:32.0]]
[2020.10.06-22.31.00:142][  0]LogConfig: Setting CVar [[r.SkyAtmosphere.SampleCountMin:4.0]]
[2020.10.06-22.31.00:142][  0]LogConfig: Setting CVar [[r.SkyAtmosphere.SampleCountMax:32.0]]
[2020.10.06-22.31.00:142][  0]LogConfig: Setting CVar [[r.SkyAtmosphere.TransmittanceLUT.UseSmallFormat:0]]
[2020.10.06-22.31.00:142][  0]LogConfig: Setting CVar [[r.SkyAtmosphere.TransmittanceLUT.SampleCount:10.0]]
[2020.10.06-22.31.00:142][  0]LogConfig: Setting CVar [[r.SkyAtmosphere.MultiScatteringLUT.SampleCount:15.0]]
[2020.10.06-22.31.00:142][  0]LogConfig: Applying CVar settings from Section [FoliageQuality@3] File [E:/UNREAL TRIALS/Phosphorous_BP_repo/Phosphorous/Phosphorous/Saved/Config/Windows/Scalability.ini]
[2020.10.06-22.31.00:142][  0]LogConfig: Setting CVar [[foliage.DensityScale:1.0]]
[2020.10.06-22.31.00:142][  0]LogConfig: Setting CVar [[grass.DensityScale:1.0]]
[2020.10.06-22.31.00:142][  0]LogConfig: Applying CVar settings from Section [ShadingQuality@3] File [E:/UNREAL TRIALS/Phosphorous_BP_repo/Phosphorous/Phosphorous/Saved/Config/Windows/Scalability.ini]
[2020.10.06-22.31.00:142][  0]LogConfig: Setting CVar [[r.HairStrands.SkyLighting.SampleCount:16]]
[2020.10.06-22.31.00:142][  0]LogConfig: Setting CVar [[r.HairStrands.SkyLighting.JitterIntegration:0]]
[2020.10.06-22.31.00:142][  0]LogConfig: Setting CVar [[r.HairStrands.SkyAO.SampleCount:16]]
[2020.10.06-22.31.00:142][  0]LogInit: Selected Device Profile: [Windows]
[2020.10.06-22.31.00:142][  0]LogInit: Applying CVar settings loaded from the selected device profile: [Windows]
[2020.10.06-22.31.00:145][  0]LogHAL: Display: Platform has ~ 32 GB [34312470528 / 34359738368 / 32], which maps to Largest [LargestMinGB=32, LargerMinGB=12, DefaultMinGB=8, SmallerMinGB=6, SmallestMinGB=0)
[2020.10.06-22.31.00:145][  0]LogInit: Going up to parent DeviceProfile []
[2020.10.06-22.31.00:145][  0]LogConfig: Applying CVar settings from Section [ViewDistanceQuality@3] File [E:/UNREAL TRIALS/Phosphorous_BP_repo/Phosphorous/Phosphorous/Saved/Config/Windows/Scalability.ini]
[2020.10.06-22.31.00:145][  0]LogConfig: Setting CVar [[r.SkeletalMeshLODBias:0]]
[2020.10.06-22.31.00:145][  0]LogConfig: Setting CVar [[r.ViewDistanceScale:1.0]]
[2020.10.06-22.31.00:145][  0]LogConfig: Applying CVar settings from Section [AntiAliasingQuality@3] File [E:/UNREAL TRIALS/Phosphorous_BP_repo/Phosphorous/Phosphorous/Saved/Config/Windows/Scalability.ini]
[2020.10.06-22.31.00:145][  0]LogConfig: Setting CVar [[r.PostProcessAAQuality:4]]
[2020.10.06-22.31.00:145][  0]LogConfig: Applying CVar settings from Section [ShadowQuality@3] File [E:/UNREAL TRIALS/Phosphorous_BP_repo/Phosphorous/Phosphorous/Saved/Config/Windows/Scalability.ini]
[2020.10.06-22.31.00:145][  0]LogConfig: Setting CVar [[r.LightFunctionQuality:1]]
[2020.10.06-22.31.00:145][  0]LogConfig: Setting CVar [[r.ShadowQuality:5]]
[2020.10.06-22.31.00:145][  0]LogConfig: Setting CVar [[r.Shadow.CSM.MaxCascades:10]]
[2020.10.06-22.31.00:145][  0]LogConfig: Setting CVar [[r.Shadow.MaxResolution:2048]]
[2020.10.06-22.31.00:145][  0]LogConfig: Setting CVar [[r.Shadow.MaxCSMResolution:2048]]
[2020.10.06-22.31.00:145][  0]LogConfig: Setting CVar [[r.Shadow.RadiusThreshold:0.01]]
[2020.10.06-22.31.00:145][  0]LogConfig: Setting CVar [[r.Shadow.DistanceScale:1.0]]
[2020.10.06-22.31.00:145][  0]LogConfig: Setting CVar [[r.Shadow.CSM.TransitionScale:1.0]]
[2020.10.06-22.31.00:145][  0]LogConfig: Setting CVar [[r.Shadow.PreShadowResolutionFactor:1.0]]
[2020.10.06-22.31.00:145][  0]LogConfig: Setting CVar [[r.DistanceFieldShadowing:1]]
[2020.10.06-22.31.00:145][  0]LogConfig: Setting CVar [[r.DistanceFieldAO:1]]
[2020.10.06-22.31.00:145][  0]LogConfig: Setting CVar [[r.AOQuality:2]]
[2020.10.06-22.31.00:145][  0]LogConfig: Setting CVar [[r.VolumetricFog:1]]
[2020.10.06-22.31.00:145][  0]LogConfig: Setting CVar [[r.VolumetricFog.GridPixelSize:8]]
[2020.10.06-22.31.00:145][  0]LogConfig: Setting CVar [[r.VolumetricFog.GridSizeZ:128]]
[2020.10.06-22.31.00:145][  0]LogConfig: Setting CVar [[r.VolumetricFog.HistoryMissSupersampleCount:4]]
[2020.10.06-22.31.00:145][  0]LogConfig: Setting CVar [[r.LightMaxDrawDistanceScale:1]]
[2020.10.06-22.31.00:145][  0]LogConfig: Setting CVar [[r.CapsuleShadows:1]]
[2020.10.06-22.31.00:145][  0]LogConfig: Applying CVar settings from Section [PostProcessQuality@3] File [E:/UNREAL TRIALS/Phosphorous_BP_repo/Phosphorous/Phosphorous/Saved/Config/Windows/Scalability.ini]
[2020.10.06-22.31.00:145][  0]LogConfig: Setting CVar [[r.MotionBlurQuality:4]]
[2020.10.06-22.31.00:145][  0]LogConfig: Setting CVar [[r.AmbientOcclusionMipLevelFactor:0.4]]
[2020.10.06-22.31.00:145][  0]LogConfig: Setting CVar [[r.AmbientOcclusionMaxQuality:100]]
[2020.10.06-22.31.00:145][  0]LogConfig: Setting CVar [[r.AmbientOcclusionLevels:-1]]
[2020.10.06-22.31.00:145][  0]LogConfig: Setting CVar [[r.AmbientOcclusionRadiusScale:1.0]]
[2020.10.06-22.31.00:145][  0]LogConfig: Setting CVar [[r.DepthOfFieldQuality:2]]
[2020.10.06-22.31.00:145][  0]LogConfig: Setting CVar [[r.RenderTargetPoolMin:400]]
[2020.10.06-22.31.00:145][  0]LogConfig: Setting CVar [[r.LensFlareQuality:2]]
[2020.10.06-22.31.00:145][  0]LogConfig: Setting CVar [[r.SceneColorFringeQuality:1]]
[2020.10.06-22.31.00:145][  0]LogConfig: Setting CVar [[r.EyeAdaptationQuality:2]]
[2020.10.06-22.31.00:145][  0]LogConfig: Setting CVar [[r.BloomQuality:5]]
[2020.10.06-22.31.00:145][  0]LogConfig: Setting CVar [[r.FastBlurThreshold:100]]
[2020.10.06-22.31.00:145][  0]LogConfig: Setting CVar [[r.Upscale.Quality:3]]
[2020.10.06-22.31.00:145][  0]LogConfig: Setting CVar [[r.Tonemapper.GrainQuantization:1]]
[2020.10.06-22.31.00:145][  0]LogConfig: Setting CVar [[r.LightShaftQuality:1]]
[2020.10.06-22.31.00:145][  0]LogConfig: Setting CVar [[r.Filter.SizeScale:1]]
[2020.10.06-22.31.00:145][  0]LogConfig: Setting CVar [[r.Tonemapper.Quality:5]]
[2020.10.06-22.31.00:145][  0]LogConfig: Setting CVar [[r.DOF.Gather.AccumulatorQuality:1        ; higher gathering accumulator quality]]
[2020.10.06-22.31.00:145][  0]LogConfig: Setting CVar [[r.DOF.Gather.PostfilterMethod:1          ; Median3x3 postfilering method]]
[2020.10.06-22.31.00:145][  0]LogConfig: Setting CVar [[r.DOF.Gather.EnableBokehSettings:0       ; no bokeh simulation when gathering]]
[2020.10.06-22.31.00:146][  0]LogConfig: Setting CVar [[r.DOF.Gather.RingCount:4                 ; medium number of samples when gathering]]
[2020.10.06-22.31.00:146][  0]LogConfig: Setting CVar [[r.DOF.Scatter.ForegroundCompositing:1    ; additive foreground scattering]]
[2020.10.06-22.31.00:146][  0]LogConfig: Setting CVar [[r.DOF.Scatter.BackgroundCompositing:2    ; additive background scattering]]
[2020.10.06-22.31.00:146][  0]LogConfig: Setting CVar [[r.DOF.Scatter.EnableBokehSettings:1      ; bokeh simulation when scattering]]
[2020.10.06-22.31.00:146][  0]LogConfig: Setting CVar [[r.DOF.Scatter.MaxSpriteRatio:0.1         ; only a maximum of 10% of scattered bokeh]]
[2020.10.06-22.31.00:146][  0]LogConfig: Setting CVar [[r.DOF.Recombine.Quality:1                ; cheap slight out of focus]]
[2020.10.06-22.31.00:146][  0]LogConfig: Setting CVar [[r.DOF.Recombine.EnableBokehSettings:0    ; no bokeh simulation on slight out of focus]]
[2020.10.06-22.31.00:146][  0]LogConfig: Setting CVar [[r.DOF.TemporalAAQuality:1                ; more stable temporal accumulation]]
[2020.10.06-22.31.00:146][  0]LogConfig: Setting CVar [[r.DOF.Kernel.MaxForegroundRadius:0.025]]
[2020.10.06-22.31.00:146][  0]LogConfig: Setting CVar [[r.DOF.Kernel.MaxBackgroundRadius:0.025]]
[2020.10.06-22.31.00:146][  0]LogConfig: Applying CVar settings from Section [TextureQuality@3] File [E:/UNREAL TRIALS/Phosphorous_BP_repo/Phosphorous/Phosphorous/Saved/Config/Windows/Scalability.ini]
[2020.10.06-22.31.00:146][  0]LogConfig: Setting CVar [[r.Streaming.MipBias:0]]
[2020.10.06-22.31.00:146][  0]LogConfig: Setting CVar [[r.Streaming.AmortizeCPUToGPUCopy:0]]
[2020.10.06-22.31.00:146][  0]LogConfig: Setting CVar [[r.Streaming.MaxNumTexturesToStreamPerFrame:0]]
[2020.10.06-22.31.00:146][  0]LogConfig: Setting CVar [[r.Streaming.Boost:1]]
[2020.10.06-22.31.00:146][  0]LogConfig: Setting CVar [[r.MaxAnisotropy:8]]
[2020.10.06-22.31.00:146][  0]LogConfig: Setting CVar [[r.VT.MaxAnisotropy:8]]
[2020.10.06-22.31.00:146][  0]LogConfig: Setting CVar [[r.Streaming.LimitPoolSizeToVRAM:0]]
[2020.10.06-22.31.00:146][  0]LogConfig: Setting CVar [[r.Streaming.PoolSize:1000]]
[2020.10.06-22.31.00:146][  0]LogConfig: Setting CVar [[r.Streaming.MaxEffectiveScreenSize:0]]
[2020.10.06-22.31.00:146][  0]LogConfig: Applying CVar settings from Section [EffectsQuality@3] File [E:/UNREAL TRIALS/Phosphorous_BP_repo/Phosphorous/Phosphorous/Saved/Config/Windows/Scalability.ini]
[2020.10.06-22.31.00:146][  0]LogConfig: Setting CVar [[r.TranslucencyLightingVolumeDim:64]]
[2020.10.06-22.31.00:146][  0]LogConfig: Setting CVar [[r.RefractionQuality:2]]
[2020.10.06-22.31.00:146][  0]LogConfig: Setting CVar [[r.SSR.Quality:3]]
[2020.10.06-22.31.00:146][  0]LogConfig: Setting CVar [[r.SSR.HalfResSceneColor:0]]
[2020.10.06-22.31.00:146][  0]LogConfig: Setting CVar [[r.SceneColorFormat:4]]
[2020.10.06-22.31.00:146][  0]LogConfig: Setting CVar [[r.DetailMode:2]]
[2020.10.06-22.31.00:146][  0]LogConfig: Setting CVar [[r.TranslucencyVolumeBlur:1]]
[2020.10.06-22.31.00:146][  0]LogConfig: Setting CVar [[r.MaterialQualityLevel:1 ; High quality]]
[2020.10.06-22.31.00:146][  0]LogConfig: Setting CVar [[r.SSS.Scale:1]]
[2020.10.06-22.31.00:146][  0]LogConfig: Setting CVar [[r.SSS.SampleSet:2]]
[2020.10.06-22.31.00:146][  0]LogConfig: Setting CVar [[r.SSS.Quality:1]]
[2020.10.06-22.31.00:146][  0]LogConfig: Setting CVar [[r.SSS.HalfRes:1]]
[2020.10.06-22.31.00:146][  0]LogConfig: Setting CVar [[r.SSGI.Quality:3]]
[2020.10.06-22.31.00:146][  0]LogConfig: Setting CVar [[r.EmitterSpawnRateScale:1.0]]
[2020.10.06-22.31.00:146][  0]LogConfig: Setting CVar [[r.ParticleLightQuality:2]]
[2020.10.06-22.31.00:146][  0]LogConfig: Setting CVar [[r.SkyAtmosphere.AerialPerspectiveLUT.FastApplyOnOpaque:1 ; Always have FastSkyLUT 1 in this case to avoid wrong sky]]
[2020.10.06-22.31.00:146][  0]LogConfig: Setting CVar [[r.SkyAtmosphere.AerialPerspectiveLUT.SampleCountPerSlice:1]]
[2020.10.06-22.31.00:146][  0]LogConfig: Setting CVar [[r.SkyAtmosphere.AerialPerspectiveLUT.DepthResolution:16.0]]
[2020.10.06-22.31.00:146][  0]LogConfig: Setting CVar [[r.SkyAtmosphere.FastSkyLUT:1]]
[2020.10.06-22.31.00:146][  0]LogConfig: Setting CVar [[r.SkyAtmosphere.FastSkyLUT.SampleCountMin:4.0]]
[2020.10.06-22.31.00:146][  0]LogConfig: Setting CVar [[r.SkyAtmosphere.FastSkyLUT.SampleCountMax:32.0]]
[2020.10.06-22.31.00:146][  0]LogConfig: Setting CVar [[r.SkyAtmosphere.SampleCountMin:4.0]]
[2020.10.06-22.31.00:146][  0]LogConfig: Setting CVar [[r.SkyAtmosphere.SampleCountMax:32.0]]
[2020.10.06-22.31.00:146][  0]LogConfig: Setting CVar [[r.SkyAtmosphere.TransmittanceLUT.UseSmallFormat:0]]
[2020.10.06-22.31.00:146][  0]LogConfig: Setting CVar [[r.SkyAtmosphere.TransmittanceLUT.SampleCount:10.0]]
[2020.10.06-22.31.00:146][  0]LogConfig: Setting CVar [[r.SkyAtmosphere.MultiScatteringLUT.SampleCount:15.0]]
[2020.10.06-22.31.00:146][  0]LogConfig: Applying CVar settings from Section [FoliageQuality@3] File [E:/UNREAL TRIALS/Phosphorous_BP_repo/Phosphorous/Phosphorous/Saved/Config/Windows/Scalability.ini]
[2020.10.06-22.31.00:146][  0]LogConfig: Setting CVar [[foliage.DensityScale:1.0]]
[2020.10.06-22.31.00:146][  0]LogConfig: Setting CVar [[grass.DensityScale:1.0]]
[2020.10.06-22.31.00:146][  0]LogConfig: Applying CVar settings from Section [ShadingQuality@3] File [E:/UNREAL TRIALS/Phosphorous_BP_repo/Phosphorous/Phosphorous/Saved/Config/Windows/Scalability.ini]
[2020.10.06-22.31.00:146][  0]LogConfig: Setting CVar [[r.HairStrands.SkyLighting.SampleCount:16]]
[2020.10.06-22.31.00:146][  0]LogConfig: Setting CVar [[r.HairStrands.SkyLighting.JitterIntegration:0]]
[2020.10.06-22.31.00:146][  0]LogConfig: Setting CVar [[r.HairStrands.SkyAO.SampleCount:16]]
[2020.10.06-22.31.00:147][  0]LogConfig: Applying CVar settings from Section [Startup] File [../../../Engine/Config/ConsoleVariables.ini]
[2020.10.06-22.31.00:147][  0]LogConfig: Setting CVar [[net.UseAdaptiveNetUpdateFrequency:0]]
[2020.10.06-22.31.00:147][  0]LogConfig: Setting CVar [[p.chaos.AllowCreatePhysxBodies:1]]
[2020.10.06-22.31.00:147][  0]LogConfig: Applying CVar settings from Section [ConsoleVariables] File [E:/UNREAL TRIALS/Phosphorous_BP_repo/Phosphorous/Phosphorous/Saved/Config/Windows/Engine.ini]
[2020.10.06-22.31.00:147][  0]LogInit: Computer: DESKTOP-H5JS6CP
[2020.10.06-22.31.00:147][  0]LogInit: User: IanMichaelJesu
[2020.10.06-22.31.00:147][  0]LogInit: CPU Page size=4096, Cores=6
[2020.10.06-22.31.00:147][  0]LogInit: High frequency timer resolution =10.000000 MHz
[2020.10.06-22.31.00:147][  0]LogMemory: Memory total: Physical=32.0GB (32GB approx)
[2020.10.06-22.31.00:147][  0]LogMemory: Platform Memory Stats for Windows
[2020.10.06-22.31.00:147][  0]LogMemory: Process Physical Memory: 109.34 MB used, 109.34 MB peak
[2020.10.06-22.31.00:147][  0]LogMemory: Process Virtual Memory: 101.39 MB used, 101.39 MB peak
[2020.10.06-22.31.00:147][  0]LogMemory: Physical Memory: 11373.86 MB used,  21349.07 MB free, 32722.92 MB total
[2020.10.06-22.31.00:147][  0]LogMemory: Virtual Memory: 5124.24 MB used,  134212600.00 MB free, 134217728.00 MB total
[2020.10.06-22.31.00:513][  0]LogWindows: WindowsPlatformFeatures enabled
[2020.10.06-22.31.00:560][  0]LogInit: Using OS detected language (en-US).
[2020.10.06-22.31.00:560][  0]LogInit: Using OS detected locale (en-US).
[2020.10.06-22.31.00:561][  0]LogTextLocalizationManager: No specific localization for 'en-US' exists, so the 'en' localization will be used.
[2020.10.06-22.31.00:694][  0]LogInit: Setting process to per monitor DPI aware
[2020.10.06-22.31.00:751][  0]LogSlate: New Slate User Created.  User Index 0, Is Virtual User: 0
[2020.10.06-22.31.00:751][  0]LogSlate: Slate User Registered.  User Index 0, Is Virtual User: 0
[2020.10.06-22.31.01:017][  0]LogD3D11RHI: D3D11 min allowed feature level: 11_0
[2020.10.06-22.31.01:017][  0]LogD3D11RHI: D3D11 max allowed feature level: 11_0
[2020.10.06-22.31.01:017][  0]LogD3D11RHI: D3D11 adapters:
[2020.10.06-22.31.01:097][  0]LogD3D11RHI:    0. 'NVIDIA GeForce GTX 1080 Ti' (Feature Level 11_0)
[2020.10.06-22.31.01:097][  0]LogD3D11RHI:       11127/0/16361 MB DedicatedVideo/DedicatedSystem/SharedSystem, Outputs:4, VendorId:0x10de
[2020.10.06-22.31.01:100][  0]LogD3D11RHI:    1. 'Microsoft Basic Render Driver' (Feature Level 11_0)
[2020.10.06-22.31.01:100][  0]LogD3D11RHI:       0/0/16361 MB DedicatedVideo/DedicatedSystem/SharedSystem, Outputs:0, VendorId:0x1414
[2020.10.06-22.31.01:100][  0]LogD3D11RHI: Chosen D3D11 Adapter: 0
[2020.10.06-22.31.01:107][  0]LogD3D11RHI: Creating new Direct3DDevice
[2020.10.06-22.31.01:107][  0]LogD3D11RHI:     GPU DeviceId: 0x1b06 (for the marketing name, search the web for "GPU Device Id")
[2020.10.06-22.31.01:107][  0]LogWindows: EnumDisplayDevices:
[2020.10.06-22.31.01:108][  0]LogWindows:    0. 'NVIDIA GeForce GTX 1080 Ti' (P:0 D:1)
[2020.10.06-22.31.01:108][  0]LogWindows:    1. 'NVIDIA GeForce GTX 1080 Ti' (P:1 D:1)
[2020.10.06-22.31.01:109][  0]LogWindows:    2. 'NVIDIA GeForce GTX 1080 Ti' (P:0 D:1)
[2020.10.06-22.31.01:109][  0]LogWindows:    3. 'NVIDIA GeForce GTX 1080 Ti' (P:0 D:1)
[2020.10.06-22.31.01:109][  0]LogWindows: DebugString: FoundDriverCount:4 
[2020.10.06-22.31.01:109][  0]LogD3D11RHI:     Adapter Name: NVIDIA GeForce GTX 1080 Ti
[2020.10.06-22.31.01:109][  0]LogD3D11RHI:   Driver Version: 456.55 (internal:27.21.14.5655, unified:456.55)
[2020.10.06-22.31.01:109][  0]LogD3D11RHI:      Driver Date: 9-24-2020
[2020.10.06-22.31.01:109][  0]LogRHI: Texture pool is 7788 MB (70% of 11127 MB)
[2020.10.06-22.31.01:160][  0]LogD3D11RHI: RHI has support for 64 bit atomics
[2020.10.06-22.31.01:160][  0]LogD3D11RHI: Async texture creation enabled
[2020.10.06-22.31.01:181][  0]LogD3D11RHI: GPU Timing Frequency: 1000.000000 (Debug: 2 1)
[2020.10.06-22.31.01:499][  0]LogTargetPlatformManager: Display: Loaded TargetPlatform 'AllDesktop'
[2020.10.06-22.31.01:525][  0]LogTargetPlatformManager: Display: Loaded TargetPlatform 'Android'
[2020.10.06-22.31.01:525][  0]LogTargetPlatformManager: Display: Loaded TargetPlatform 'Android_ASTC'
[2020.10.06-22.31.01:525][  0]LogTargetPlatformManager: Display: Loaded TargetPlatform 'Android_ATC'
[2020.10.06-22.31.01:525][  0]LogTargetPlatformManager: Display: Loaded TargetPlatform 'Android_DXT'
[2020.10.06-22.31.01:525][  0]LogTargetPlatformManager: Display: Loaded TargetPlatform 'Android_ETC1'
[2020.10.06-22.31.01:525][  0]LogTargetPlatformManager: Display: Loaded TargetPlatform 'Android_ETC1a'
[2020.10.06-22.31.01:525][  0]LogTargetPlatformManager: Display: Loaded TargetPlatform 'Android_ETC2'
[2020.10.06-22.31.01:525][  0]LogTargetPlatformManager: Display: Loaded TargetPlatform 'Android_PVRTC'
[2020.10.06-22.31.01:525][  0]LogTargetPlatformManager: Display: Loaded TargetPlatform 'AndroidClient'
[2020.10.06-22.31.01:525][  0]LogTargetPlatformManager: Display: Loaded TargetPlatform 'Android_ASTCClient'
[2020.10.06-22.31.01:525][  0]LogTargetPlatformManager: Display: Loaded TargetPlatform 'Android_ATCClient'
[2020.10.06-22.31.01:525][  0]LogTargetPlatformManager: Display: Loaded TargetPlatform 'Android_DXTClient'
[2020.10.06-22.31.01:525][  0]LogTargetPlatformManager: Display: Loaded TargetPlatform 'Android_ETC1Client'
[2020.10.06-22.31.01:525][  0]LogTargetPlatformManager: Display: Loaded TargetPlatform 'Android_ETC1aClient'
[2020.10.06-22.31.01:525][  0]LogTargetPlatformManager: Display: Loaded TargetPlatform 'Android_ETC2Client'
[2020.10.06-22.31.01:525][  0]LogTargetPlatformManager: Display: Loaded TargetPlatform 'Android_PVRTCClient'
[2020.10.06-22.31.01:525][  0]LogTargetPlatformManager: Display: Loaded TargetPlatform 'Android_Multi'
[2020.10.06-22.31.01:525][  0]LogTargetPlatformManager: Display: Loaded TargetPlatform 'Android_MultiClient'
[2020.10.06-22.31.01:542][  0]LogTargetPlatformManager: Display: Loaded TargetPlatform 'IOSClient'
[2020.10.06-22.31.01:542][  0]LogTargetPlatformManager: Display: Loaded TargetPlatform 'IOS'
[2020.10.06-22.31.01:548][  0]LogTargetPlatformManager: Display: Loaded TargetPlatform 'LinuxNoEditor'
[2020.10.06-22.31.01:556][  0]LogTargetPlatformManager: Display: Loaded TargetPlatform 'LinuxClient'
[2020.10.06-22.31.01:562][  0]LogTargetPlatformManager: Display: Loaded TargetPlatform 'LinuxServer'
[2020.10.06-22.31.01:568][  0]LogTargetPlatformManager: Display: Loaded TargetPlatform 'LinuxAArch64NoEditor'
[2020.10.06-22.31.01:575][  0]LogTargetPlatformManager: Display: Loaded TargetPlatform 'LinuxAArch64Client'
[2020.10.06-22.31.01:581][  0]LogTargetPlatformManager: Display: Loaded TargetPlatform 'LinuxAArch64Server'
[2020.10.06-22.31.01:600][  0]LogTargetPlatformManager: Display: Loaded TargetPlatform 'Lumin'
[2020.10.06-22.31.01:600][  0]LogTargetPlatformManager: Display: Loaded TargetPlatform 'LuminClient'
[2020.10.06-22.31.01:611][  0]LogTargetPlatformManager: Display: Loaded TargetPlatform 'TVOSClient'
[2020.10.06-22.31.01:611][  0]LogTargetPlatformManager: Display: Loaded TargetPlatform 'TVOS'
[2020.10.06-22.31.01:618][  0]LogTargetPlatformManager: Display: Loaded TargetPlatform 'WindowsNoEditor'
[2020.10.06-22.31.01:625][  0]LogTargetPlatformManager: Display: Loaded TargetPlatform 'Windows'
[2020.10.06-22.31.01:631][  0]LogTargetPlatformManager: Display: Loaded TargetPlatform 'WindowsClient'
[2020.10.06-22.31.01:638][  0]LogTargetPlatformManager: Display: Loaded TargetPlatform 'WindowsServer'
[2020.10.06-22.31.01:638][  0]LogTargetPlatformManager: Display: Building Assets For Windows
[2020.10.06-22.31.01:642][  0]LogAudioDebug: Display: Lib vorbis DLL was dynamically loaded.
[2020.10.06-22.31.01:669][  0]LogShaderCompilers: Guid format shader working directory is -4 characters bigger than the processId version (E:/UNREAL TRIALS/Phosphorous_BP_repo/Phosphorous/Phosphorous/Intermediate/Shaders/WorkingDirectory/17212/).
[2020.10.06-22.31.01:669][  0]LogShaderCompilers: Cleaned the shader compiler working directory 'C:/Users/Ian Michael Jesu/AppData/Local/Temp/UnrealShaderWorkingDir/291E3630444A947716BFA9A6131562EC/'.
[2020.10.06-22.31.01:669][  0]LogXGEController: Cleaning working directory: C:/Users/Ian Michael Jesu/AppData/Local/Temp/UnrealXGEWorkingDir/
[2020.10.06-22.31.01:670][  0]LogXGEController: Cannot use XGE Controller as Incredibuild is not installed on this machine.
[2020.10.06-22.31.01:670][  0]LogShaderCompilers: Cannot use XGE Shader Compiler as Incredibuild is not installed on this machine.
[2020.10.06-22.31.01:670][  0]LogShaderCompilers: Display: Using Local Shader Compiler.
[2020.10.06-22.31.02:269][  0]LogDerivedDataCache: Display: Max Cache Size: 512 MB
[2020.10.06-22.31.02:329][  0]LogDerivedDataCache: Loaded boot cache 0.06s 115MB C:/Users/Ian Michael Jesu/AppData/Local/UnrealEngine/4.24/DerivedDataCache/Boot.ddc.
[2020.10.06-22.31.02:329][  0]LogDerivedDataCache: Display: Loaded Boot cache: C:/Users/Ian Michael Jesu/AppData/Local/UnrealEngine/4.24/DerivedDataCache/Boot.ddc
[2020.10.06-22.31.02:329][  0]LogDerivedDataCache: FDerivedDataBackendGraph:  Pak pak cache file E:/UNREAL TRIALS/Phosphorous_BP_repo/Phosphorous/Phosphorous/DerivedDataCache/DDC.ddp not found, will not use a pak cache.
[2020.10.06-22.31.02:329][  0]LogDerivedDataCache: Unable to find inner node Pak for hierarchical cache Hierarchy.
[2020.10.06-22.31.02:329][  0]LogDerivedDataCache: FDerivedDataBackendGraph:  CompressedPak pak cache file E:/UNREAL TRIALS/Phosphorous_BP_repo/Phosphorous/Phosphorous/DerivedDataCache/Compressed.ddp not found, will not use a pak cache.
[2020.10.06-22.31.02:329][  0]LogDerivedDataCache: Unable to find inner node CompressedPak for hierarchical cache Hierarchy.
[2020.10.06-22.31.02:337][  0]LogDerivedDataCache: Display: Pak cache opened for reading ../../../Engine/DerivedDataCache/Compressed.ddp.
[2020.10.06-22.31.02:338][  0]LogDerivedDataCache: FDerivedDataBackendGraph:  EnterprisePak pak cache file ../../../Enterprise/DerivedDataCache/Compressed.ddp not found, will not use a pak cache.
[2020.10.06-22.31.02:338][  0]LogDerivedDataCache: Unable to find inner node EnterprisePak for hierarchical cache Hierarchy.
[2020.10.06-22.31.02:339][  0]LogDerivedDataCache: Using Local data cache path C:/Users/Ian Michael Jesu/AppData/Local/UnrealEngine/Common/DerivedDataCache: Writable
[2020.10.06-22.31.02:339][  0]LogDerivedDataCache: Shared data cache path not found in *engine.ini, will not use an Shared cache.
[2020.10.06-22.31.02:339][  0]LogDerivedDataCache: Unable to find inner node Shared for hierarchical cache Hierarchy.
[2020.10.06-22.31.02:359][  0]LogMaterial: Verifying Global Shaders for PCD3D_SM5
[2020.10.06-22.31.02:361][  0]LogSlate: Using FreeType 2.10.0
[2020.10.06-22.31.02:362][  0]LogSlate: SlateFontServices - WITH_FREETYPE: 1, WITH_HARFBUZZ: 1
[2020.10.06-22.31.02:424][  0]LogAssetRegistry: FAssetRegistry took 0.0020 seconds to start up
[2020.10.06-22.31.02:656][  0]LogInit: Selected Device Profile: [Windows]
[2020.10.06-22.31.02:794][  0]LogMeshReduction: Using QuadricMeshReduction for automatic static mesh reduction
[2020.10.06-22.31.02:794][  0]LogMeshReduction: Using SimplygonMeshReduction for automatic skeletal mesh reduction
[2020.10.06-22.31.02:794][  0]LogMeshReduction: Using ProxyLODMeshReduction for automatic mesh merging
[2020.10.06-22.31.02:794][  0]LogMeshReduction: No distributed automatic mesh merging module available
[2020.10.06-22.31.02:794][  0]LogMeshMerging: No distributed automatic mesh merging module available
[2020.10.06-22.31.02:822][  0]LogNetVersion: Phosphorous 1.0.0, NetCL: 10570792, EngineNetVer: 13, GameNetVer: 0 (Checksum: 1239860017)
[2020.10.06-22.31.03:885][  0]LogPackageLocalizationCache: Processed 8 localized package path(s) for 1 prioritized culture(s) in 0.020074 seconds
[2020.10.06-22.31.03:891][  0]LogUObjectArray: 46098 objects as part of root set at end of initial load.
[2020.10.06-22.31.03:891][  0]LogUObjectAllocator: 8030680 out of 0 bytes used by permanent object pool.
[2020.10.06-22.31.03:891][  0]LogUObjectArray: CloseDisregardForGC: 0/0 objects in disregard for GC pool
[2020.10.06-22.31.04:235][  0]LogTcpMessaging: Initializing TcpMessaging bridge
[2020.10.06-22.31.04:237][  0]LogUdpMessaging: Initializing bridge on interface 0.0.0.0:0 to multicast group 230.0.0.1:6666.
[2020.10.06-22.31.04:282][  0]SourceControl: Source control is disabled
[2020.10.06-22.31.04:283][  0]SourceControl: Source control is disabled
[2020.10.06-22.31.04:284][  0]SourceControl: Source control is disabled
[2020.10.06-22.31.04:285][  0]SourceControl: Source control is disabled
[2020.10.06-22.31.04:286][  0]SourceControl: Source control is disabled
[2020.10.06-22.31.04:365][  0]LogAndroidPermission: UAndroidPermissionCallbackProxy::GetInstance
[2020.10.06-22.31.04:376][  0]LogAudioCaptureCore: Display: No Audio Capture implementations found. Audio input will be silent.
[2020.10.06-22.31.04:376][  0]LogAudioCaptureCore: Display: No Audio Capture implementations found. Audio input will be silent.
[2020.10.06-22.31.04:460][  0]LogEngine: Initializing Engine...
[2020.10.06-22.31.04:461][  0]LogStats: UGameplayTagsManager::InitializeManager -  0.000 s
[2020.10.06-22.31.04:725][  0]LogInit: Initializing FReadOnlyCVARCache
[2020.10.06-22.31.04:731][  0]LogAIModule: Creating AISystem for world Untitled
[2020.10.06-22.31.04:746][  0]LogAudioMixer: Display: Audio Mixer Platform Settings:
[2020.10.06-22.31.04:746][  0]LogAudioMixer: Display: 	Sample Rate:						  48000
[2020.10.06-22.31.04:746][  0]LogAudioMixer: Display: 	Callback Buffer Frame Size Requested: 1024
[2020.10.06-22.31.04:746][  0]LogAudioMixer: Display: 	Callback Buffer Frame Size To Use:	  1024
[2020.10.06-22.31.04:746][  0]LogAudioMixer: Display: 	Number of buffers to queue:			  2
[2020.10.06-22.31.04:746][  0]LogAudioMixer: Display: 	Max Channels (voices):				  32
[2020.10.06-22.31.04:746][  0]LogAudioMixer: Display: 	Number of Async Source Workers:		  0
[2020.10.06-22.31.04:746][  0]LogAudio: Display: AudioDevice MaxSources: 32
[2020.10.06-22.31.04:746][  0]LogAudio: Display: Using built-in audio occlusion.
[2020.10.06-22.31.04:746][  0]LogAudioMixer: Display: Initializing audio mixer.
[2020.10.06-22.31.04:838][  0]LogAudioMixer: Display: Audio Device Output Speaker Info:
[2020.10.06-22.31.04:838][  0]LogAudioMixer: Display: Name: VG248 (NVIDIA High Definition Audio)
[2020.10.06-22.31.04:838][  0]LogAudioMixer: Display: Is Default: Yes
[2020.10.06-22.31.04:838][  0]LogAudioMixer: Display: Sample Rate: 48000
[2020.10.06-22.31.04:838][  0]LogAudioMixer: Display: Channel Count Used: 2
[2020.10.06-22.31.04:838][  0]LogAudioMixer: Display: Device Channel Count: 2
[2020.10.06-22.31.04:838][  0]LogAudioMixer: Display: Channel Order:
[2020.10.06-22.31.04:838][  0]LogAudioMixer: Display: 0: FrontLeft
[2020.10.06-22.31.04:838][  0]LogAudioMixer: Display: 1: FrontRight
[2020.10.06-22.31.04:896][  0]LogAudioMixer: Display: Using Audio Device VG248 (NVIDIA High Definition Audio)
[2020.10.06-22.31.04:900][  0]LogInit: FAudioDevice initialized.
[2020.10.06-22.31.04:900][  0]LogNetVersion: Set ProjectVersion to 1.0.0.0. Version Checksum will be recalculated on next use.
[2020.10.06-22.31.04:989][  0]LogDerivedDataCache: Saved boot cache 0.09s 115MB C:/Users/Ian Michael Jesu/AppData/Local/UnrealEngine/4.24/DerivedDataCache/Boot.ddc.
[2020.10.06-22.31.04:991][  0]LogInit: Texture streaming: Enabled
[2020.10.06-22.31.05:003][  0]LogEngineSessionManager: EngineSessionManager initialized
[2020.10.06-22.31.05:003][  0]LogEngineSessionManager: EngineSessionManager sent abnormal shutdown report. Type=Crashed, SessionId={0A18A0CC-4724-51E3-352C-62984AA11D01}
[2020.10.06-22.31.05:003][  0]LogEditorSessionSummary: Verbose: Initializing EditorSessionSummaryWriter for editor session tracking
[2020.10.06-22.31.05:011][  0]LogEditorSessionSummary: EditorSessionSummaryWriter initialized
[2020.10.06-22.31.05:040][  0]LogInit: Transaction tracking system initialized
[2020.10.06-22.31.05:053][  0]BlueprintLog: New page: Editor Load
[2020.10.06-22.31.05:084][  0]LocalizationService: Localization service is disabled
[2020.10.06-22.31.05:117][  0]LogLinker: Warning: Failed to load '/Game/ThirdPersonBP/ThirdPersonOverview': Can't find file.
[2020.10.06-22.31.05:117][  0]LogLinker: Warning: Failed to load '/Game/ThirdPersonBP/ThirdPersonOverview': Can't find file.
[2020.10.06-22.31.05:117][  0]LogUObjectGlobals: Warning: Failed to find object 'Class /Game/ThirdPersonBP/ThirdPersonOverview.ThirdPersonOverview_C'
[2020.10.06-22.31.05:313][  0]LogFileCache: Scanning file cache for directory 'E:/UNREAL TRIALS/Phosphorous_BP_repo/Phosphorous/Phosphorous/Content/' took 0.00s
[2020.10.06-22.31.05:313][  0]LogCook: Display: Max memory allowance for cook 16384mb min free memory 0mb
[2020.10.06-22.31.05:313][  0]LogCook: Display: Mobile HDR setting 1
[2020.10.06-22.31.05:424][  0]SourceControl: Source control is disabled
[2020.10.06-22.31.05:424][  0]Cmd: MAP LOAD FILE="E:/UNREAL TRIALS/Phosphorous_BP_repo/Phosphorous/Phosphorous/Content/TopDownBP/Maps/TopDownExampleMap.umap" TEMPLATE=0 SHOWPROGRESS=1 FEATURELEVEL=3
[2020.10.06-22.31.05:424][  0]LightingResults: New page: Lighting Build
[2020.10.06-22.31.05:425][  0]LogWorld: UWorld::CleanupWorld for Untitled, bSessionEnded=true, bCleanupResources=true
[2020.10.06-22.31.05:425][  0]LogSlate: InvalidateAllWidgets triggered.  All widgets were invalidated
[2020.10.06-22.31.05:425][  0]MapCheck: New page: Map Check
[2020.10.06-22.31.05:425][  0]LightingResults: New page: Lighting Build
[2020.10.06-22.31.05:451][  0]LogUObjectHash: Compacting FUObjectHashTables data took   1.59ms
[2020.10.06-22.31.05:803][  0]LogAIModule: Creating AISystem for world TopDownExampleMap
[2020.10.06-22.31.05:818][  0]LogEditorServer: Finished looking for orphan Actors (0.000 secs)
[2020.10.06-22.31.05:848][  0]LogUObjectHash: Compacting FUObjectHashTables data took   2.20ms
[2020.10.06-22.31.05:848][  0]Cmd: MAP CHECKDEP NOCLEARLOG
[2020.10.06-22.31.05:849][  0]MapCheck: Map check complete: 0 Error(s), 0 Warning(s), took 0.127ms to complete.
[2020.10.06-22.31.05:849][  0]LogFileHelpers: Loading map 'TopDownExampleMap' took 0.425
[2020.10.06-22.31.06:045][  0]LogSlate: Updating window title bar state: overlay mode, drag disabled, window buttons hidden, title bar hidden
[2020.10.06-22.31.06:050][  0]LogSlate: Updating window title bar state: overlay mode, drag disabled, window buttons hidden, title bar hidden
[2020.10.06-22.31.06:056][  0]LogSlate: Updating window title bar state: overlay mode, drag disabled, window buttons hidden, title bar hidden
[2020.10.06-22.31.06:061][  0]LogSlate: Updating window title bar state: overlay mode, drag disabled, window buttons hidden, title bar hidden
[2020.10.06-22.31.06:068][  0]LogCollectionManager: Loaded 0 collections in 0.000703 seconds
[2020.10.06-22.31.06:078][  0]LogFileCache: Scanning file cache for directory 'E:/UNREAL TRIALS/Phosphorous_BP_repo/Phosphorous/Phosphorous/Saved/Collections/' took 0.00s
[2020.10.06-22.31.06:078][  0]LogFileCache: Scanning file cache for directory 'E:/UNREAL TRIALS/Phosphorous_BP_repo/Phosphorous/Phosphorous/Content/Developers/IanMichaelJesu/Collections/' took 0.00s
[2020.10.06-22.31.06:078][  0]LogFileCache: Scanning file cache for directory 'E:/UNREAL TRIALS/Phosphorous_BP_repo/Phosphorous/Phosphorous/Content/Collections/' took 0.00s
[2020.10.06-22.31.06:078][  0]LogContentBrowser: Native class hierarchy populated in 0.0064 seconds. Added 2997 classes and 701 folders.
[2020.10.06-22.31.06:081][  0]LogContentBrowser: Native class hierarchy updated for 'WidgetCarousel' in 0.0002 seconds. Added 0 classes and 0 folders.
[2020.10.06-22.31.06:167][  0]LogContentBrowser: Native class hierarchy updated for 'AddContentDialog' in 0.0002 seconds. Added 0 classes and 0 folders.
[2020.10.06-22.31.06:173][  0]LogContentBrowser: Native class hierarchy updated for 'SceneOutliner' in 0.0003 seconds. Added 2 classes and 3 folders.
[2020.10.06-22.31.07:069][  0]LogSlate: Took 0.000389 seconds to synchronously load lazily loaded font '../../../Engine/Content/Slate/Fonts/Roboto-Regular.ttf' (155K)
[2020.10.06-22.31.07:071][  0]LogSlate: Took 0.000539 seconds to synchronously load lazily loaded font '../../../Engine/Content/Slate/Fonts/Roboto-Bold.ttf' (160K)
[2020.10.06-22.31.07:076][  0]LogSlate: Took 0.000295 seconds to synchronously load lazily loaded font '../../../Engine/Content/Editor/Slate/Fonts/FontAwesome.ttf' (139K)
[2020.10.06-22.31.07:174][  0]LogRenderer: Reallocating scene render targets to support 1260x692 Format 10 NumSamples 1 (Frame:1).
[2020.10.06-22.31.07:264][  0]LogContentBrowser: Native class hierarchy updated for 'HierarchicalLODOutliner' in 0.0002 seconds. Added 0 classes and 0 folders.
[2020.10.06-22.31.07:264][  0]LogLoad: (Engine Initialization) Total time: 9.32 seconds
[2020.10.06-22.31.07:264][  0]LogLoad: (Engine Initialization) Total Blueprint compile time: 0.00 seconds
[2020.10.06-22.31.07:315][  0]LogAssetRegistry: Asset discovery search completed in 4.8920 seconds
[2020.10.06-22.31.07:317][  0]LogCollectionManager: Fixed up redirectors for 0 collections in 0.000007 seconds (updated 0 objects)
[2020.10.06-22.31.07:320][  0]LogContentStreaming: Texture pool size now 1000 MB
[2020.10.06-22.31.07:348][  0]LogSlate: Took 0.000263 seconds to synchronously load lazily loaded font '../../../Engine/Content/Slate/Fonts/Roboto-Light.ttf' (167K)
[2020.10.06-22.31.08:286][ 82]LogSlate: Took 0.000262 seconds to synchronously load lazily loaded font '../../../Engine/Content/Slate/Fonts/Roboto-Light.ttf' (167K)
[2020.10.06-22.31.17:912][185]LogAssetEditorSubsystem: Opening Asset editor for Blueprint /Game/TopDownBP/MyPlayerController.MyPlayerController
[2020.10.06-22.31.18:060][185]LogContentBrowser: Native class hierarchy updated for 'BlueprintGraph' in 0.0004 seconds. Added 121 classes and 0 folders.
[2020.10.06-22.31.18:738][185]LogSlate: Took 0.000279 seconds to synchronously load lazily loaded font '../../../Engine/Content/Slate/Fonts/Roboto-BoldCondensed.ttf' (158K)
[2020.10.06-22.31.18:774][186]LogSlate: Took 0.000257 seconds to synchronously load lazily loaded font '../../../Engine/Content/Slate/Fonts/Roboto-Italic.ttf' (157K)
[2020.10.06-22.31.27:628][192]LogAssetEditorSubsystem: Opening Asset editor for Blueprint /Game/TopDownBP/Blueprints/TestCharacter.TestCharacter
[2020.10.06-22.31.30:540][461]LogAssetEditorSubsystem: Opening Asset editor for Blueprint /Game/InventorySystem/Inventory_Component.Inventory_Component
[2020.10.06-22.31.46:399][250]LogTemp: Repeating last play command: Selected Viewport
[2020.10.06-22.31.46:416][250]LogBlueprintUserMessages: Early PlayInEditor Detection: Level '/Game/TopDownBP/Maps/TopDownExampleMap.TopDownExampleMap:PersistentLevel' has LevelScriptBlueprint '/Game/TopDownBP/Maps/TopDownExampleMap.TopDownExampleMap:PersistentLevel.TopDownExampleMap' with GeneratedClass '/Game/TopDownBP/Maps/TopDownExampleMap.TopDownExampleMap_C' with ClassGeneratedBy '/Game/TopDownBP/Maps/TopDownExampleMap.TopDownExampleMap:PersistentLevel.TopDownExampleMap'
[2020.10.06-22.31.46:416][250]LogPlayLevel: PlayLevel: No blueprints needed recompiling
[2020.10.06-22.31.46:416][250]PIE: New page: PIE session: TopDownExampleMap (Oct 6, 2020, 8:31:46 AM)
[2020.10.06-22.31.46:417][250]LogOnline: OSS: Creating online subsystem instance for: NULL
[2020.10.06-22.31.46:418][250]LogOnline: OSS: TryLoadSubsystemAndSetDefault: Loaded subsystem for module [NULL]
[2020.10.06-22.31.46:419][250]LogPlayLevel: Creating play world package: /Game/TopDownBP/Maps/UEDPIE_0_TopDownExampleMap
[2020.10.06-22.31.46:432][250]LogPlayLevel: PIE: StaticDuplicateObject took: (0.013660s)
[2020.10.06-22.31.46:434][250]LogAIModule: Creating AISystem for world TopDownExampleMap
[2020.10.06-22.31.46:434][250]LogPlayLevel: PIE: World Init took: (0.001316s)
[2020.10.06-22.31.46:434][250]LogPlayLevel: PIE: Created PIE world by copying editor world from /Game/TopDownBP/Maps/TopDownExampleMap.TopDownExampleMap to /Game/TopDownBP/Maps/UEDPIE_0_TopDownExampleMap.TopDownExampleMap (0.015241s)
[2020.10.06-22.31.46:469][250]LogUObjectHash: Compacting FUObjectHashTables data took   2.50ms
[2020.10.06-22.31.46:470][250]LogAudioMixer: Display: Audio Mixer Platform Settings:
[2020.10.06-22.31.46:470][250]LogAudioMixer: Display: 	Sample Rate:						  48000
[2020.10.06-22.31.46:470][250]LogAudioMixer: Display: 	Callback Buffer Frame Size Requested: 1024
[2020.10.06-22.31.46:471][250]LogAudioMixer: Display: 	Callback Buffer Frame Size To Use:	  1024
[2020.10.06-22.31.46:471][250]LogAudioMixer: Display: 	Number of buffers to queue:			  2
[2020.10.06-22.31.46:471][250]LogAudioMixer: Display: 	Max Channels (voices):				  32
[2020.10.06-22.31.46:471][250]LogAudioMixer: Display: 	Number of Async Source Workers:		  0
[2020.10.06-22.31.46:471][250]LogAudio: Display: AudioDevice MaxSources: 32
[2020.10.06-22.31.46:471][250]LogAudio: Display: Using built-in audio occlusion.
[2020.10.06-22.31.46:471][250]LogAudioMixer: Display: Initializing audio mixer.
[2020.10.06-22.31.46:551][250]LogAudioMixer: Display: Audio Device Output Speaker Info:
[2020.10.06-22.31.46:551][250]LogAudioMixer: Display: Name: VG248 (NVIDIA High Definition Audio)
[2020.10.06-22.31.46:551][250]LogAudioMixer: Display: Is Default: Yes
[2020.10.06-22.31.46:551][250]LogAudioMixer: Display: Sample Rate: 48000
[2020.10.06-22.31.46:551][250]LogAudioMixer: Display: Channel Count Used: 2
[2020.10.06-22.31.46:551][250]LogAudioMixer: Display: Device Channel Count: 2
[2020.10.06-22.31.46:551][250]LogAudioMixer: Display: Channel Order:
[2020.10.06-22.31.46:551][250]LogAudioMixer: Display: 0: FrontLeft
[2020.10.06-22.31.46:551][250]LogAudioMixer: Display: 1: FrontRight
[2020.10.06-22.31.46:567][250]LogAudioMixer: Display: Using Audio Device VG248 (NVIDIA High Definition Audio)
[2020.10.06-22.31.46:568][250]LogInit: FAudioDevice initialized.
[2020.10.06-22.31.46:576][250]LogLoad: Game class is 'TopDownGameMode_C'
[2020.10.06-22.31.46:578][250]LogWorld: Bringing World /Game/TopDownBP/Maps/UEDPIE_0_TopDownExampleMap.TopDownExampleMap up for play (max tick rate 0) at 2020.10.06-15.31.46
[2020.10.06-22.31.46:579][250]LogWorld: Bringing up level for play took: 0.001172
[2020.10.06-22.31.46:579][250]LogOnline: OSS: Creating online subsystem instance for: :Context_6
[2020.10.06-22.31.46:582][250]LogContentBrowser: Native class hierarchy updated for 'MovieSceneCapture' in 0.0003 seconds. Added 20 classes and 0 folders.
[2020.10.06-22.31.46:583][250]PIE: Play in editor start time for /Game/TopDownBP/Maps/UEDPIE_0_TopDownExampleMap 0.501
[2020.10.06-22.31.46:583][250]LogBlueprintUserMessages: Late PlayInEditor Detection: Level '/Game/TopDownBP/Maps/TopDownExampleMap.TopDownExampleMap:PersistentLevel' has LevelScriptBlueprint '/Game/TopDownBP/Maps/TopDownExampleMap.TopDownExampleMap:PersistentLevel.TopDownExampleMap' with GeneratedClass '/Game/TopDownBP/Maps/TopDownExampleMap.TopDownExampleMap_C' with ClassGeneratedBy '/Game/TopDownBP/Maps/TopDownExampleMap.TopDownExampleMap:PersistentLevel.TopDownExampleMap'
[2020.10.06-22.31.48:920][491]LogScript: Warning: Attempted to access index 0 from array Inventory of length 0!
	InventoryWindow_C /Engine/Transient.UnrealEdEngine_0:GI_Inventory_C_0.InventoryWindow_C_0
	Function /Game/OldInventorySystemUI/InventoryWindow.InventoryWindow_C:ExecuteUbergraph_InventoryWindow:00D0
[2020.10.06-22.31.48:920][491]PIE: Error: Blueprint Runtime Error: "Attempted to access index 0 from array Inventory of length 0!". Blueprint:  InventoryWindow Function:  Execute Ubergraph Inventory Window Graph:  EventGraph Node:  Create Widget
[2020.10.06-22.31.48:920][491]LogOutputDevice: Warning: 

Script Stack (5 frames):
InventoryWindow_C.ExecuteUbergraph_InventoryWindow
InventoryWindow_C.Construct
Inventory_Component_C.ToggleInventory
TestCharacter_C.ExecuteUbergraph_TestCharacter
TestCharacter_C.InpActEvt_OpenInvetory_K2Node_InputActionEvent_0

[2020.10.06-22.31.48:921][491]LogWindows: Windows GetLastError: The operation completed successfully. (0)
[2020.10.06-22.31.51:262][491]LogWindows: Error: === Critical error: ===
[2020.10.06-22.31.51:262][491]LogWindows: Error: 
[2020.10.06-22.31.51:262][491]LogWindows: Error: Assertion failed: Src [File:D:/Build/++UE4/Sync/Engine/Source/Runtime/CoreUObject/Private/UObject/Class.cpp] [Line: 2496] 
[2020.10.06-22.31.51:262][491]LogWindows: Error: 
[2020.10.06-22.31.51:262][491]LogWindows: Error: 
[2020.10.06-22.31.51:262][491]LogWindows: Error: 
[2020.10.06-22.31.51:262][491]LogWindows: Error: [Callstack] 0x00007ffbfd383e49 KERNELBASE.dll!UnknownFunction []
[2020.10.06-22.31.51:262][491]LogWindows: Error: [Callstack] 0x00007ffb9b14a7b6 UE4Editor-Core.dll!UnknownFunction []
[2020.10.06-22.31.51:262][491]LogWindows: Error: [Callstack] 0x00007ffb9b14dc58 UE4Editor-Core.dll!UnknownFunction []
[2020.10.06-22.31.51:262][491]LogWindows: Error: [Callstack] 0x00007ffb9af02c7d UE4Editor-Core.dll!UnknownFunction []
[2020.10.06-22.31.51:262][491]LogWindows: Error: [Callstack] 0x00007ffb9ae8fd43 UE4Editor-Core.dll!UnknownFunction []
[2020.10.06-22.31.51:262][491]LogWindows: Error: [Callstack] 0x00007ffb9ae920c0 UE4Editor-Core.dll!UnknownFunction []
[2020.10.06-22.31.51:262][491]LogWindows: Error: [Callstack] 0x00007ffb9a6e0d77 UE4Editor-CoreUObject.dll!UnknownFunction []
[2020.10.06-22.31.51:262][491]LogWindows: Error: [Callstack] 0x00007ffb6e04295a UE4Editor-Engine.dll!UnknownFunction []
[2020.10.06-22.31.51:262][491]LogWindows: Error: [Callstack] 0x00007ffb6d869b16 UE4Editor-Engine.dll!UnknownFunction []
[2020.10.06-22.31.51:262][491]LogWindows: Error: [Callstack] 0x00007ffb9a7042e8 UE4Editor-CoreUObject.dll!UnknownFunction []
[2020.10.06-22.31.51:262][491]LogWindows: Error: [Callstack] 0x00007ffb9a92a62f UE4Editor-CoreUObject.dll!UnknownFunction []
[2020.10.06-22.31.51:262][491]LogWindows: Error: [Callstack] 0x00007ffb9a94ec61 UE4Editor-CoreUObject.dll!UnknownFunction []
[2020.10.06-22.31.51:262][491]LogWindows: Error: [Callstack] 0x00007ffb9a950cd2 UE4Editor-CoreUObject.dll!UnknownFunction []
[2020.10.06-22.31.51:262][491]LogWindows: Error: [Callstack] 0x00007ffb9a91edbb UE4Editor-CoreUObject.dll!UnknownFunction []
[2020.10.06-22.31.51:262][491]LogWindows: Error: [Callstack] 0x00007ffb9a9509ef UE4Editor-CoreUObject.dll!UnknownFunction []
[2020.10.06-22.31.51:262][491]LogWindows: Error: [Callstack] 0x00007ffb9a950cd2 UE4Editor-CoreUObject.dll!UnknownFunction []
[2020.10.06-22.31.51:262][491]LogWindows: Error: [Callstack] 0x00007ffb9a950644 UE4Editor-CoreUObject.dll!UnknownFunction []
[2020.10.06-22.31.51:262][491]LogWindows: Error: [Callstack] 0x00007ffb9a7042e8 UE4Editor-CoreUObject.dll!UnknownFunction []
[2020.10.06-22.31.51:262][491]LogWindows: Error: [Callstack] 0x00007ffb9a950148 UE4Editor-CoreUObject.dll!UnknownFunction []
[2020.10.06-22.31.51:262][491]LogWindows: Error: [Callstack] 0x00007ffb96fdea9e UE4Editor-UMG.dll!UnknownFunction []
[2020.10.06-22.31.51:262][491]LogWindows: Error: [Callstack] 0x00007ffb9703dffb UE4Editor-UMG.dll!UnknownFunction []
[2020.10.06-22.31.51:262][491]LogWindows: Error: [Callstack] 0x00007ffb96f84977 UE4Editor-UMG.dll!UnknownFunction []
[2020.10.06-22.31.51:262][491]LogWindows: Error: [Callstack] 0x00007ffb96ff1c15 UE4Editor-UMG.dll!UnknownFunction []
[2020.10.06-22.31.51:262][491]LogWindows: Error: [Callstack] 0x00007ffb96f7b98c UE4Editor-UMG.dll!UnknownFunction []
[2020.10.06-22.31.51:262][491]LogWindows: Error: [Callstack] 0x00007ffb97050dd9 UE4Editor-UMG.dll!UnknownFunction []
[2020.10.06-22.31.51:262][491]LogWindows: Error: [Callstack] 0x00007ffb9a7042e8 UE4Editor-CoreUObject.dll!UnknownFunction []
[2020.10.06-22.31.51:262][491]LogWindows: Error: [Callstack] 0x00007ffb9a92a62f UE4Editor-CoreUObject.dll!UnknownFunction []
[2020.10.06-22.31.51:262][491]LogWindows: Error: [Callstack] 0x00007ffb9a94ec61 UE4Editor-CoreUObject.dll!UnknownFunction []
[2020.10.06-22.31.51:262][491]LogWindows: Error: [Callstack] 0x00007ffb9a976516 UE4Editor-CoreUObject.dll!UnknownFunction []
[2020.10.06-22.31.51:262][491]LogWindows: Error: [Callstack] 0x00007ffb9a950cd2 UE4Editor-CoreUObject.dll!UnknownFunction []
[2020.10.06-22.31.51:262][491]LogWindows: Error: [Callstack] 0x00007ffb9a91edbb UE4Editor-CoreUObject.dll!UnknownFunction []
[2020.10.06-22.31.51:262][491]LogWindows: Error: [Callstack] 0x00007ffb9a9509ef UE4Editor-CoreUObject.dll!UnknownFunction []
[2020.10.06-22.31.51:262][491]LogWindows: Error: [Callstack] 0x00007ffb9a94ec61 UE4Editor-CoreUObject.dll!UnknownFunction []
[2020.10.06-22.31.51:262][491]LogWindows: Error: [Callstack] 0x00007ffb9a950cd2 UE4Editor-CoreUObject.dll!UnknownFunction []
[2020.10.06-22.31.51:262][491]LogWindows: Error: [Callstack] 0x00007ffb9a91edbb UE4Editor-CoreUObject.dll!UnknownFunction []
[2020.10.06-22.31.51:262][491]LogWindows: Error: [Callstack] 0x00007ffb9a9509ef UE4Editor-CoreUObject.dll!UnknownFunction []
[2020.10.06-22.31.51:262][491]LogWindows: Error: [Callstack] 0x00007ffb9a950cd2 UE4Editor-CoreUObject.dll!UnknownFunction []
[2020.10.06-22.31.51:262][491]LogWindows: Error: [Callstack] 0x00007ffb9a950644 UE4Editor-CoreUObject.dll!UnknownFunction []
[2020.10.06-22.31.51:262][491]LogWindows: Error: [Callstack] 0x00007ffb9a7042e8 UE4Editor-CoreUObject.dll!UnknownFunction []
[2020.10.06-22.31.51:262][491]LogWindows: Error: [Callstack] 0x00007ffb9a950148 UE4Editor-CoreUObject.dll!UnknownFunction []
[2020.10.06-22.31.51:262][491]LogWindows: Error: [Callstack] 0x00007ffb6d827f18 UE4Editor-Engine.dll!UnknownFunction []
[2020.10.06-22.31.51:262][491]LogWindows: Error: [Callstack] 0x00007ffb6ea45250 UE4Editor-Engine.dll!UnknownFunction []
[2020.10.06-22.31.51:263][491]LogWindows: Error: [Callstack] 0x00007ffb6ea6e631 UE4Editor-Engine.dll!UnknownFunction []
[2020.10.06-22.31.51:263][491]LogWindows: Error: [Callstack] 0x00007ffb6e550043 UE4Editor-Engine.dll!UnknownFunction []
[2020.10.06-22.31.51:263][491]LogWindows: Error: [Callstack] 0x00007ffb6e561e3d UE4Editor-Engine.dll!UnknownFunction []
[2020.10.06-22.31.51:263][491]LogWindows: Error: [Callstack] 0x00007ffb6e54dfcb UE4Editor-Engine.dll!UnknownFunction []
[2020.10.06-22.31.51:263][491]LogWindows: Error: [Callstack] 0x00007ffb6e560267 UE4Editor-Engine.dll!UnknownFunction []
[2020.10.06-22.31.51:263][491]LogWindows: Error: [Callstack] 0x00007ffb6d807866 UE4Editor-Engine.dll!UnknownFunction []
[2020.10.06-22.31.51:263][491]LogWindows: Error: [Callstack] 0x00007ffb6e947223 UE4Editor-Engine.dll!UnknownFunction []
[2020.10.06-22.31.51:263][491]LogWindows: Error: [Callstack] 0x00007ffb6e955256 UE4Editor-Engine.dll!UnknownFunction []
[2020.10.06-22.31.51:263][491]LogWindows: Error: [Callstack] 0x00007ffb9acd9ff2 UE4Editor-Core.dll!UnknownFunction []
[2020.10.06-22.31.51:263][491]LogWindows: Error: [Callstack] 0x00007ffb9acda393 UE4Editor-Core.dll!UnknownFunction []
[2020.10.06-22.31.51:263][491]LogWindows: Error: [Callstack] 0x00007ffb9aceaa68 UE4Editor-Core.dll!UnknownFunction []
[2020.10.06-22.31.51:263][491]LogWindows: Error: [Callstack] 0x00007ffb6e9738b0 UE4Editor-Engine.dll!UnknownFunction []
[2020.10.06-22.31.51:263][491]LogWindows: Error: [Callstack] 0x00007ffb6e9797c2 UE4Editor-Engine.dll!UnknownFunction []
[2020.10.06-22.31.51:263][491]LogWindows: Error: [Callstack] 0x00007ffb6e0fa25f UE4Editor-Engine.dll!UnknownFunction []
[2020.10.06-22.31.51:263][491]LogWindows: Error: [Callstack] 0x00007ffb6e105127 UE4Editor-Engine.dll!UnknownFunction []
[2020.10.06-22.31.51:263][491]LogWindows: Error: [Callstack] 0x00007ffb97b6ad60 UE4Editor-UnrealEd.dll!UnknownFunction []
[2020.10.06-22.31.51:263][491]LogWindows: Error: [Callstack] 0x00007ffb983ce476 UE4Editor-UnrealEd.dll!UnknownFunction []
[2020.10.06-22.31.51:263][491]LogWindows: Error: [Callstack] 0x00007ff62d0c7f62 UE4Editor.exe!UnknownFunction []
[2020.10.06-22.31.51:263][491]LogWindows: Error: [Callstack] 0x00007ff62d0dc3ec UE4Editor.exe!UnknownFunction []
[2020.10.06-22.31.51:263][491]LogWindows: Error: [Callstack] 0x00007ff62d0dc4ca UE4Editor.exe!UnknownFunction []
[2020.10.06-22.31.51:263][491]LogWindows: Error: [Callstack] 0x00007ff62d0eceae UE4Editor.exe!UnknownFunction []
[2020.10.06-22.31.51:263][491]LogWindows: Error: [Callstack] 0x00007ff62d0efcbe UE4Editor.exe!UnknownFunction []
[2020.10.06-22.31.51:263][491]LogWindows: Error: [Callstack] 0x00007ffbff2a6fd4 KERNEL32.DLL!UnknownFunction []
[2020.10.06-22.31.51:263][491]LogWindows: Error: [Callstack] 0x00007ffbff79cec1 ntdll.dll!UnknownFunction []
[2020.10.06-22.31.51:263][491]LogWindows: Error: 
[2020.10.06-22.31.51:276][491]LogExit: Executing StaticShutdownAfterError
[2020.10.06-22.31.51:279][491]LogWindows: FPlatformMisc::RequestExit(1)
[2020.10.06-22.31.51:279][491]LogCore: Engine exit requested (reason: Win RequestExit)
[2020.10.06-22.31.51:291][491]Log file closed, 10/06/20 15:31:51
